#
# There is insufficient memory for the Java Runtime Environment to continue.
# Native memory allocation (malloc) failed to allocate 131456 bytes for Chunk::new
# Possible reasons:
#   The system is out of physical RAM or swap space
#   In 32 bit mode, the process size limit was hit
# Possible solutions:
#   Reduce memory load on the system
#   Increase physical memory or swap space
#   Check if swap backing store is full
#   Use 64 bit Java on a 64 bit OS
#   Decrease Java heap size (-Xmx/-Xms)
#   Decrease number of Java threads
#   Decrease Java thread stack sizes (-Xss)
#   Set larger code cache with -XX:ReservedCodeCacheSize=
# This output file may be truncated or incomplete.
#
#  Out of Memory Error (allocation.cpp:390), pid=8700, tid=4180
#
# JRE version: Java(TM) SE Runtime Environment (8.0_45-b15) (build 1.8.0_45-b15)
# Java VM: Java HotSpot(TM) 64-Bit Server VM (25.45-b02 mixed mode windows-amd64 compressed oops)
# Failed to write core dump. Minidumps are not enabled by default on client versions of Windows
#

---------------  T H R E A D  ---------------

Current thread (0x0000000015066000):  JavaThread "C2 CompilerThread1" daemon [_thread_in_native, id=4180, stack(0x0000000016670000,0x0000000016770000)]

Stack: [0x0000000016670000,0x0000000016770000]
Native frames: (J=compiled Java code, j=interpreted, Vv=VM code, C=native code)
V  [jvm.dll+0x32b57a]
V  [jvm.dll+0x279873]
V  [jvm.dll+0x27a509]
V  [jvm.dll+0x271825]
V  [jvm.dll+0xcb9e2]
V  [jvm.dll+0xcbeac]
V  [jvm.dll+0x476ef2]
V  [jvm.dll+0x4b955f]
V  [jvm.dll+0x46b6b5]
V  [jvm.dll+0x46ccbe]
V  [jvm.dll+0x4500f2]
V  [jvm.dll+0xa4352]
V  [jvm.dll+0xa4c8f]
V  [jvm.dll+0x241984]
V  [jvm.dll+0x29853a]
C  [msvcr100.dll+0x21d9f]
C  [msvcr100.dll+0x21e3b]
C  [KERNEL32.DLL+0x13d2]
C  [ntdll.dll+0x154e4]


Current CompileTask:
C2:   4016 1267       4       com.android.dx.ssa.SsaMethod$2::addToUses (48 bytes)


---------------  P R O C E S S  ---------------

Java Threads: ( => current thread )
  0x0000000016af3800 JavaThread "pool-1-thread-4" [_thread_in_Java, id=784, stack(0x0000000017270000,0x0000000017370000)]
  0x0000000016af2000 JavaThread "pool-1-thread-3" [_thread_blocked, id=4124, stack(0x0000000017170000,0x0000000017270000)]
  0x0000000016aed800 JavaThread "pool-1-thread-2" [_thread_in_Java, id=3304, stack(0x0000000017070000,0x0000000017170000)]
  0x0000000016aea000 JavaThread "pool-2-thread-1" [_thread_blocked, id=9088, stack(0x0000000016f70000,0x0000000017070000)]
  0x0000000016ac1000 JavaThread "pool-1-thread-1" [_thread_in_Java, id=5608, stack(0x0000000016e70000,0x0000000016f70000)]
  0x0000000016875800 JavaThread "Service Thread" daemon [_thread_blocked, id=9084, stack(0x0000000016c70000,0x0000000016d70000)]
  0x000000001506c000 JavaThread "C1 CompilerThread2" daemon [_thread_blocked, id=5524, stack(0x0000000016770000,0x0000000016870000)]
=>0x0000000015066000 JavaThread "C2 CompilerThread1" daemon [_thread_in_native, id=4180, stack(0x0000000016670000,0x0000000016770000)]
  0x000000001500c800 JavaThread "C2 CompilerThread0" daemon [_thread_blocked, id=8396, stack(0x0000000016570000,0x0000000016670000)]
  0x000000001500a800 JavaThread "Attach Listener" daemon [_thread_blocked, id=5628, stack(0x0000000016470000,0x0000000016570000)]
  0x0000000015009800 JavaThread "Signal Dispatcher" daemon [_thread_blocked, id=7980, stack(0x0000000016370000,0x0000000016470000)]
  0x0000000002936800 JavaThread "Finalizer" daemon [_thread_blocked, id=2668, stack(0x0000000016270000,0x0000000016370000)]
  0x000000000292e000 JavaThread "Reference Handler" daemon [_thread_blocked, id=7428, stack(0x0000000016170000,0x0000000016270000)]
  0x0000000002841000 JavaThread "main" [_thread_in_vm, id=7264, stack(0x0000000002740000,0x0000000002840000)]

Other Threads:
  0x0000000014fd7000 VMThread [stack: 0x0000000016070000,0x0000000016170000] [id=5548]
  0x0000000016876800 WatcherThread [stack: 0x0000000016d70000,0x0000000016e70000] [id=3488]

VM state:not at safepoint (normal execution)

VM Mutex/Monitor currently owned by a thread: None

Heap:
 PSYoungGen      total 38400K, used 18117K [0x00000000eab00000, 0x00000000ef600000, 0x0000000100000000)
  eden space 33280K, 39% used [0x00000000eab00000,0x00000000eb7b1a78,0x00000000ecb80000)
  from space 5120K, 99% used [0x00000000ecb80000,0x00000000ed07fb60,0x00000000ed080000)
  to   space 5120K, 0% used [0x00000000ef100000,0x00000000ef100000,0x00000000ef600000)
 ParOldGen       total 87552K, used 1551K [0x00000000c0000000, 0x00000000c5580000, 0x00000000eab00000)
  object space 87552K, 1% used [0x00000000c0000000,0x00000000c0183d30,0x00000000c5580000)
 Metaspace       used 5959K, capacity 6896K, committed 7040K, reserved 1056768K
  class space    used 590K, capacity 616K, committed 640K, reserved 1048576K

Card table byte_map: [0x0000000011d00000,0x0000000011f10000] byte_map_base: 0x0000000011700000

Marking Bits: (ParMarkBitMap*) 0x00000000755c4040
 Begin Bits: [0x0000000012470000, 0x0000000013470000)
 End Bits:   [0x0000000013470000, 0x0000000014470000)

Polling page: 0x0000000000ee0000

CodeCache: size=245760Kb used=4904Kb max_used=4937Kb free=240855Kb
 bounds [0x0000000002940000, 0x0000000002e20000, 0x0000000011940000]
 total_blobs=1531 nmethods=1261 adapters=182
 compilation: disabled (not enough contiguous free space left)

Compilation events (10 events):
Event: 3.694 Thread 0x000000001506c000 nmethod 1254 0x0000000002e0c910 code [0x0000000002e0ca60, 0x0000000002e0cb70]
Event: 3.694 Thread 0x000000001506c000 1260       1       com.android.dx.cf.code.LocalVariableList$Item::getSignature (5 bytes)
Event: 3.694 Thread 0x000000001506c000 nmethod 1260 0x0000000002e0c650 code [0x0000000002e0c7a0, 0x0000000002e0c8b0]
Event: 3.697 Thread 0x0000000015066000 nmethod 1217 0x0000000002e105d0 code [0x0000000002e10720, 0x0000000002e10998]
Event: 3.697 Thread 0x0000000015066000 1175       4       com.android.dx.ssa.SsaMethod::forEachInsn (36 bytes)
Event: 3.700 Thread 0x000000001506c000 1266       3       com.android.dx.cf.code.Simulator$SimVisitor::visitNoArgs (2108 bytes)
Event: 3.700 Thread 0x0000000015066000 nmethod 1175 0x0000000002e10c10 code [0x0000000002e10d60, 0x0000000002e10f88]
Event: 3.700 Thread 0x0000000015066000 1227       4       java.util.HashMap::hash (20 bytes)
Event: 3.701 Thread 0x0000000015066000 nmethod 1227 0x0000000002e0ae90 code [0x0000000002e0afe0, 0x0000000002e0b098]
Event: 3.701 Thread 0x0000000015066000 1267       4       com.android.dx.ssa.SsaMethod$2::addToUses (48 bytes)

GC Heap History (2 events):
Event: 3.762 GC heap before
{Heap before GC invocations=1 (full 0):
 PSYoungGen      total 38400K, used 33280K [0x00000000eab00000, 0x00000000ed580000, 0x0000000100000000)
  eden space 33280K, 100% used [0x00000000eab00000,0x00000000ecb80000,0x00000000ecb80000)
  from space 5120K, 0% used [0x00000000ed080000,0x00000000ed080000,0x00000000ed580000)
  to   space 5120K, 0% used [0x00000000ecb80000,0x00000000ecb80000,0x00000000ed080000)
 ParOldGen       total 87552K, used 0K [0x00000000c0000000, 0x00000000c5580000, 0x00000000eab00000)
  object space 87552K, 0% used [0x00000000c0000000,0x00000000c0000000,0x00000000c5580000)
 Metaspace       used 5931K, capacity 6896K, committed 7040K, reserved 1056768K
  class space    used 590K, capacity 616K, committed 640K, reserved 1048576K
Event: 3.831 GC heap after
Heap after GC invocations=1 (full 0):
 PSYoungGen      total 38400K, used 5118K [0x00000000eab00000, 0x00000000ef600000, 0x0000000100000000)
  eden space 33280K, 0% used [0x00000000eab00000,0x00000000eab00000,0x00000000ecb80000)
  from space 5120K, 99% used [0x00000000ecb80000,0x00000000ed07fb60,0x00000000ed080000)
  to   space 5120K, 0% used [0x00000000ef100000,0x00000000ef100000,0x00000000ef600000)
 ParOldGen       total 87552K, used 1551K [0x00000000c0000000, 0x00000000c5580000, 0x00000000eab00000)
  object space 87552K, 1% used [0x00000000c0000000,0x00000000c0183d30,0x00000000c5580000)
 Metaspace       used 5931K, capacity 6896K, committed 7040K, reserved 1056768K
  class space    used 590K, capacity 616K, committed 640K, reserved 1048576K
}

Deoptimization events (10 events):
Event: 3.439 Thread 0x0000000016af2000 Uncommon trap: reason=unstable_if action=reinterpret pc=0x0000000002ce96dc method=com.android.dx.rop.cst.Constant.compareTo(Lcom/android/dx/rop/cst/Constant;)I @ 12
Event: 3.572 Thread 0x0000000016ac1000 Uncommon trap: reason=bimorphic action=maybe_recompile pc=0x0000000002bbe92c method=java.util.HashMap.getNode(ILjava/lang/Object;)Ljava/util/HashMap$Node; @ 126
Event: 3.575 Thread 0x0000000016ac1000 Uncommon trap: reason=unstable_if action=reinterpret pc=0x0000000002d28c6c method=com.android.dx.rop.code.RegisterSpecSet.put(Lcom/android/dx/rop/code/RegisterSpec;)V @ 77
Event: 3.575 Thread 0x0000000016ac1000 Uncommon trap: reason=unstable_if action=reinterpret pc=0x0000000002d2da20 method=com.android.dx.rop.code.RegisterSpecSet.put(Lcom/android/dx/rop/code/RegisterSpec;)V @ 77
Event: 3.576 Thread 0x0000000016ac1000 Uncommon trap: reason=bimorphic action=maybe_recompile pc=0x0000000002bbe92c method=java.util.HashMap.getNode(ILjava/lang/Object;)Ljava/util/HashMap$Node; @ 126
Event: 3.576 Thread 0x0000000016ac1000 Uncommon trap: reason=bimorphic action=maybe_recompile pc=0x0000000002bbe92c method=java.util.HashMap.getNode(ILjava/lang/Object;)Ljava/util/HashMap$Node; @ 126
Event: 3.576 Thread 0x0000000016ac1000 Uncommon trap: reason=bimorphic action=maybe_recompile pc=0x0000000002bbe92c method=java.util.HashMap.getNode(ILjava/lang/Object;)Ljava/util/HashMap$Node; @ 126
Event: 3.576 Thread 0x0000000016ac1000 Uncommon trap: reason=bimorphic action=maybe_recompile pc=0x0000000002b6b9a4 method=java.util.HashMap.getNode(ILjava/lang/Object;)Ljava/util/HashMap$Node; @ 126
Event: 3.651 Thread 0x0000000016af3800 Uncommon trap: reason=null_check action=make_not_entrant pc=0x0000000002c9e324 method=com.android.dx.rop.type.Type.equals(Ljava/lang/Object;)Z @ 8
Event: 3.667 Thread 0x0000000016aed800 Uncommon trap: reason=unstable_if action=reinterpret pc=0x0000000002c7a4f0 method=com.android.dx.rop.code.RegisterSpec.equals(ILcom/android/dx/rop/type/TypeBearer;Lcom/android/dx/rop/code/LocalItem;)Z @ 42

Internal exceptions (3 events):
Event: 0.100 Thread 0x0000000002841000 Exception <a 'java/lang/NoSuchMethodError': Method sun.misc.Unsafe.defineClass(Ljava/lang/String;[BII)Ljava/lang/Class; name or signature does not match> (0x00000000eab0d620) thrown at [C:\re\workspace\8-2-build-windows-amd64-cygwin\jdk8u45\3627\hotspot\srÀmA
Event: 0.100 Thread 0x0000000002841000 Exception <a 'java/lang/NoSuchMethodError': Method sun.misc.Unsafe.prefetchRead(Ljava/lang/Object;J)V name or signature does not match> (0x00000000eab0d8b0) thrown at [C:\re\workspace\8-2-build-windows-amd64-cygwin\jdk8u45\3627\hotspot\src\share\vm\prims\jý†„€4@
Event: 3.651 Thread 0x0000000016af3800 Implicit null exception at 0x0000000002c9e222 to 0x0000000002c9e315

Events (10 events):
Event: 3.580 Executing VM operation: ForceSafepoint
Event: 3.640 Executing VM operation: ForceSafepoint done
Event: 3.651 Thread 0x0000000016af3800 Uncommon trap: trap_request=0xfffffff4 fr.pc=0x0000000002c9e324
Event: 3.651 Thread 0x0000000016af3800 DEOPT PACKING pc=0x0000000002c9e324 sp=0x000000001736e250
Event: 3.651 Thread 0x0000000016af3800 DEOPT UNPACKING pc=0x000000000298582a sp=0x000000001736e1d8 mode 2
Event: 3.667 Thread 0x0000000016aed800 Uncommon trap: trap_request=0xffffff65 fr.pc=0x0000000002c7a4f0
Event: 3.667 Thread 0x0000000016aed800 DEOPT PACKING pc=0x0000000002c7a4f0 sp=0x000000001716ebc0
Event: 3.667 Thread 0x0000000016aed800 DEOPT UNPACKING pc=0x000000000298582a sp=0x000000001716eb48 mode 2
Event: 3.701 Executing VM operation: ParallelGCFailedAllocation
Event: 3.831 Executing VM operation: ParallelGCFailedAllocation done


Dynamic libraries:
0x00007ff6cea30000 - 0x00007ff6cea67000 	C:\Program Files\Java\jdk1.8.0_45\bin\java.exe
0x00007ffeeff40000 - 0x00007ffef00ed000 	C:\Windows\SYSTEM32\ntdll.dll
0x00007ffeefd90000 - 0x00007ffeefece000 	C:\Windows\system32\KERNEL32.DLL
0x00007ffeed480000 - 0x00007ffeed595000 	C:\Windows\system32\KERNELBASE.dll
0x00007ffeebc40000 - 0x00007ffeebcce000 	C:\Windows\system32\apphelp.dll
0x00007ffed2f90000 - 0x00007ffed2fe3000 	C:\Windows\AppPatch\AppPatch64\AcGenral.DLL
0x00007ffeef270000 - 0x00007ffeef31a000 	C:\Windows\system32\msvcrt.dll
0x00007ffeed5a0000 - 0x00007ffeed5ce000 	C:\Windows\system32\SspiCli.dll
0x00007ffeef700000 - 0x00007ffeef754000 	C:\Windows\system32\SHLWAPI.dll
0x00007ffeefb90000 - 0x00007ffeefd07000 	C:\Windows\system32\USER32.dll
0x00007ffeed7a0000 - 0x00007ffeed934000 	C:\Windows\system32\ole32.dll
0x00007ffeed940000 - 0x00007ffeeee69000 	C:\Windows\system32\SHELL32.dll
0x00007ffeec6c0000 - 0x00007ffeec6e1000 	C:\Windows\SYSTEM32\USERENV.dll
0x00007ffeef600000 - 0x00007ffeef6aa000 	C:\Windows\system32\ADVAPI32.dll
0x00007ffedcee0000 - 0x00007ffedcefe000 	C:\Windows\SYSTEM32\MPR.dll
0x00007ffeef130000 - 0x00007ffeef270000 	C:\Windows\system32\RPCRT4.dll
0x00007ffeefd20000 - 0x00007ffeefd79000 	C:\Windows\SYSTEM32\sechost.dll
0x00007ffeef3e0000 - 0x00007ffeef5f1000 	C:\Windows\SYSTEM32\combase.dll
0x00007ffeef830000 - 0x00007ffeef97f000 	C:\Windows\system32\GDI32.dll
0x00007ffeed070000 - 0x00007ffeed085000 	C:\Windows\SYSTEM32\profapi.dll
0x00007ffeeb710000 - 0x00007ffeeb7c2000 	C:\Windows\SYSTEM32\SHCORE.dll
0x00007ffeef6c0000 - 0x00007ffeef6f6000 	C:\Windows\system32\IMM32.DLL
0x00007ffeed640000 - 0x00007ffeed792000 	C:\Windows\system32\MSCTF.dll
0x00007ffee8b90000 - 0x00007ffee8e0b000 	C:\Windows\WinSxS\amd64_microsoft.windows.common-controls_6595b64144ccf1df_6.0.9600.18006_none_623f33d3ecbe86e8\COMCTL32.dll
0x0000000075650000 - 0x0000000075722000 	C:\Program Files\Java\jdk1.8.0_45\jre\bin\msvcr100.dll
0x0000000074dc0000 - 0x0000000075643000 	C:\Program Files\Java\jdk1.8.0_45\jre\bin\server\jvm.dll
0x00007ffed00d0000 - 0x00007ffed00d9000 	C:\Windows\SYSTEM32\WSOCK32.dll
0x00007ffee53c0000 - 0x00007ffee53e2000 	C:\Windows\SYSTEM32\WINMM.dll
0x00007ffee5250000 - 0x00007ffee525a000 	C:\Windows\SYSTEM32\VERSION.dll
0x00007ffeef6b0000 - 0x00007ffeef6b7000 	C:\Windows\system32\PSAPI.DLL
0x00007ffeed5d0000 - 0x00007ffeed62a000 	C:\Windows\system32\WS2_32.dll
0x00007ffee5390000 - 0x00007ffee53ba000 	C:\Windows\SYSTEM32\WINMMBASE.dll
0x00007ffeefd10000 - 0x00007ffeefd19000 	C:\Windows\system32\NSI.dll
0x00007ffeed140000 - 0x00007ffeed18f000 	C:\Windows\SYSTEM32\cfgmgr32.dll
0x00007ffeebe90000 - 0x00007ffeebeb8000 	C:\Windows\SYSTEM32\DEVOBJ.dll
0x0000000074db0000 - 0x0000000074dbf000 	C:\Program Files\Java\jdk1.8.0_45\jre\bin\verify.dll
0x0000000074d80000 - 0x0000000074da9000 	C:\Program Files\Java\jdk1.8.0_45\jre\bin\java.dll
0x0000000074d60000 - 0x0000000074d76000 	C:\Program Files\Java\jdk1.8.0_45\jre\bin\zip.dll
0x00007ffec8a50000 - 0x00007ffec8bd9000 	C:\Windows\SYSTEM32\dbghelp.dll

VM Arguments:
jvm_args: -Djava.awt.headless=true -Xmx1024M -Dfile.encoding=windows-1252 -Duser.country=US -Duser.language=en -Duser.variant 
java_command: com.android.dx.command.Main --dex --num-threads=4 --output D:\capstone\CapstoneHomeSeek\app\build\intermediates\pre-dexed\debug\com.android.support-recyclerview-v7-23.4.0_e81a6b4f297c42863ac333e5e6ccf691f6921b91.jar D:\capstone\CapstoneHomeSeek\app\build\intermediates\exploded-aar\com.android.support\recyclerview-v7\23.4.0\jars\classes.jar
java_class_path (initial): C:\Users\pluckannfeel\AppData\Local\Android\sdk\build-tools\23.0.3\lib\dx.jar
Launcher Type: SUN_STANDARD

Environment Variables:
JAVA_HOME=C:\Program Files (x86)\Java\jdk1.7.0_71
PATH=C:\ProgramData\Oracle\Java\javapath;C:\Windows\system32;C:\Windows;C:\Windows\System32\Wbem;C:\Windows\System32\WindowsPowerShell\v1.0\;C:\Program Files (x86)\Microsoft SQL Server\100\Tools\Binn\;C:\Program Files\Microsoft SQL Server\100\Tools\Binn\;C:\Program Files\Microsoft SQL Server\100\DTS\Binn\;C:\Program Files (x86)\Microsoft SQL Server\100\Tools\Binn\VSShell\Common7\IDE\;C:\Program Files (x86)\Microsoft SQL Server\100\DTS\Binn\;C:\Program Files (x86)\Microsoft SQL Server\90\Tools\binn\;C:\Program Files\nodejs\;C:\Program Files (x86)\GtkSharp\2.12\bin;C:\Program Files (x86)\Skype\Phone\;C:\Users\pluckannfeel\AppData\Roaming\npm
USERNAME=pluckannfeel
OS=Windows_NT
PROCESSOR_IDENTIFIER=Intel64 Family 6 Model 60 Stepping 3, GenuineIntel



---------------  S Y S T E M  ---------------

OS: Windows 8.1 , 64 bit Build 9600 (6.3.9600.17415)

CPU:total 4 (2 cores per cpu, 2 threads per core) family 6 model 60 stepping 3, cmov, cx8, fxsr, mmx, sse, sse2, sse3, ssse3, sse4.1, sse4.2, popcnt, avx, avx2, aes, clmul, erms, lzcnt, ht, tsc, tscinvbit, bmi1, bmi2

Memory: 4k page, physical 8302956k(1086296k free), swap 11448684k(7116k free)

vm_info: Java HotSpot(TM) 64-Bit Server VM (25.45-b02) for windows-amd64 JRE (1.8.0_45-b15), built on Apr 30 2015 12:40:44 by "java_re" with MS VC++ 10.0 (VS2010)

time: Tue Nov 29 13:25:00 2016
elapsed time: 4 seconds (0d 0h 0m 4s)

