#
# There is insufficient memory for the Java Runtime Environment to continue.
# Native memory allocation (malloc) failed to allocate 629136 bytes for Chunk::new
# Possible reasons:
#   The system is out of physical RAM or swap space
#   In 32 bit mode, the process size limit was hit
# Possible solutions:
#   Reduce memory load on the system
#   Increase physical memory or swap space
#   Check if swap backing store is full
#   Use 64 bit Java on a 64 bit OS
#   Decrease Java heap size (-Xmx/-Xms)
#   Decrease number of Java threads
#   Decrease Java thread stack sizes (-Xss)
#   Set larger code cache with -XX:ReservedCodeCacheSize=
# This output file may be truncated or incomplete.
#
#  Out of Memory Error (allocation.cpp:390), pid=9900, tid=9480
#
# JRE version: Java(TM) SE Runtime Environment (8.0_45-b15) (build 1.8.0_45-b15)
# Java VM: Java HotSpot(TM) 64-Bit Server VM (25.45-b02 mixed mode windows-amd64 compressed oops)
# Failed to write core dump. Minidumps are not enabled by default on client versions of Windows
#

---------------  T H R E A D  ---------------

Current thread (0x0000000014c5c000):  JavaThread "C2 CompilerThread0" daemon [_thread_in_native, id=9480, stack(0x00000000161b0000,0x00000000162b0000)]

Stack: [0x00000000161b0000,0x00000000162b0000]
Native frames: (J=compiled Java code, j=interpreted, Vv=VM code, C=native code)
V  [jvm.dll+0x32b57a]


Current CompileTask:
C2:  12394 2100 %     4       com.android.dx.ssa.SsaConverter::placePhiFunctions @ 131 (394 bytes)


---------------  P R O C E S S  ---------------

Java Threads: ( => current thread )
  0x00000000166de000 JavaThread "pool-1-thread-1" [_thread_in_Java, id=10236, stack(0x0000000016ab0000,0x0000000016bb0000)]
  0x00000000163be800 JavaThread "Service Thread" daemon [_thread_blocked, id=9816, stack(0x00000000168b0000,0x00000000169b0000)]
  0x00000000163b8800 JavaThread "C1 CompilerThread2" daemon [_thread_blocked, id=8112, stack(0x00000000167b0000,0x00000000168b0000)]
  0x0000000014cae000 JavaThread "C2 CompilerThread1" daemon [_thread_in_native, id=3948, stack(0x00000000162b0000,0x00000000163b0000)]
=>0x0000000014c5c000 JavaThread "C2 CompilerThread0" daemon [_thread_in_native, id=9480, stack(0x00000000161b0000,0x00000000162b0000)]
  0x0000000014c5a000 JavaThread "Attach Listener" daemon [_thread_blocked, id=9484, stack(0x00000000160b0000,0x00000000161b0000)]
  0x0000000014c59000 JavaThread "Signal Dispatcher" daemon [_thread_blocked, id=9892, stack(0x0000000015fb0000,0x00000000160b0000)]
  0x0000000002586800 JavaThread "Finalizer" daemon [_thread_blocked, id=9644, stack(0x0000000015eb0000,0x0000000015fb0000)]
  0x000000000257e000 JavaThread "Reference Handler" daemon [_thread_blocked, id=10160, stack(0x0000000015db0000,0x0000000015eb0000)]
  0x0000000002491000 JavaThread "main" [_thread_blocked, id=6980, stack(0x0000000002390000,0x0000000002490000)]

Other Threads:
  0x0000000014c27000 VMThread [stack: 0x0000000015cb0000,0x0000000015db0000] [id=6660]
  0x00000000163bf800 WatcherThread [stack: 0x00000000169b0000,0x0000000016ab0000] [id=6748]

VM state:not at safepoint (normal execution)

VM Mutex/Monitor currently owned by a thread: None

Heap:
 PSYoungGen      total 154624K, used 94011K [0x00000000eab00000, 0x00000000feb00000, 0x0000000100000000)
  eden space 132608K, 54% used [0x00000000eab00000,0x00000000ef153a90,0x00000000f2c80000)
  from space 22016K, 99% used [0x00000000f2c80000,0x00000000f41fb238,0x00000000f4200000)
  to   space 31232K, 0% used [0x00000000fcc80000,0x00000000fcc80000,0x00000000feb00000)
 ParOldGen       total 87552K, used 46475K [0x00000000c0000000, 0x00000000c5580000, 0x00000000eab00000)
  object space 87552K, 53% used [0x00000000c0000000,0x00000000c2d62dd8,0x00000000c5580000)
 Metaspace       used 6784K, capacity 7544K, committed 7680K, reserved 1056768K
  class space    used 632K, capacity 688K, committed 768K, reserved 1048576K

Card table byte_map: [0x0000000011950000,0x0000000011b60000] byte_map_base: 0x0000000011350000

Marking Bits: (ParMarkBitMap*) 0x000000006ce94040
 Begin Bits: [0x00000000120c0000, 0x00000000130c0000)
 End Bits:   [0x00000000130c0000, 0x00000000140c0000)

Polling page: 0x0000000000b80000

CodeCache: size=245760Kb used=10749Kb max_used=10753Kb free=235010Kb
 bounds [0x0000000002590000, 0x0000000003020000, 0x0000000011590000]
 total_blobs=2732 nmethods=2462 adapters=182
 compilation: enabled

Compilation events (10 events):
Event: 12.197 Thread 0x0000000014c5c000 nmethod 2153 0x0000000002ffe750 code [0x0000000002ffe880, 0x0000000002ffe958]
Event: 12.197 Thread 0x0000000014c5c000 2222       4       java.util.TreeMap::successor (66 bytes)
Event: 12.198 Thread 0x0000000014c5c000 nmethod 2222 0x0000000002ffe490 code [0x0000000002ffe5c0, 0x0000000002ffe678]
Event: 12.199 Thread 0x0000000014c5c000 2186       4       com.android.dx.ssa.SsaRenamer::setNameForSsaReg (54 bytes)
Event: 12.213 Thread 0x0000000014c5c000 nmethod 2186 0x0000000002fff810 code [0x0000000002fff980, 0x0000000003000098]
Event: 12.213 Thread 0x0000000014c5c000 2183   !   4       com.android.dx.rop.type.Type::intern (319 bytes)
Event: 12.281 Thread 0x0000000014c5c000 nmethod 2183 0x0000000003013d90 code [0x0000000003014040, 0x0000000003016040]
Event: 12.281 Thread 0x0000000014c5c000 2288       4       java.util.HashMap$HashIterator::nextNode (100 bytes)
Event: 12.286 Thread 0x0000000014c5c000 nmethod 2288 0x0000000002fff350 code [0x0000000002fff4a0, 0x0000000002fff6d8]
Event: 12.286 Thread 0x0000000014c5c000 2100 %     4       com.android.dx.ssa.SsaConverter::placePhiFunctions @ 131 (394 bytes)

GC Heap History (10 events):
Event: 6.292 GC heap before
{Heap before GC invocations=3 (full 0):
 PSYoungGen      total 71680K, used 71677K [0x00000000eab00000, 0x00000000ef600000, 0x0000000100000000)
  eden space 66560K, 100% used [0x00000000eab00000,0x00000000eec00000,0x00000000eec00000)
  from space 5120K, 99% used [0x00000000ef100000,0x00000000ef5ff6b0,0x00000000ef600000)
  to   space 5120K, 0% used [0x00000000eec00000,0x00000000eec00000,0x00000000ef100000)
 ParOldGen       total 87552K, used 3370K [0x00000000c0000000, 0x00000000c5580000, 0x00000000eab00000)
  object space 87552K, 3% used [0x00000000c0000000,0x00000000c034a880,0x00000000c5580000)
 Metaspace       used 6233K, capacity 7152K, committed 7296K, reserved 1056768K
  class space    used 593K, capacity 616K, committed 640K, reserved 1048576K
Event: 6.376 GC heap after
Heap after GC invocations=3 (full 0):
 PSYoungGen      total 71680K, used 5103K [0x00000000eab00000, 0x00000000ef600000, 0x0000000100000000)
  eden space 66560K, 0% used [0x00000000eab00000,0x00000000eab00000,0x00000000eec00000)
  from space 5120K, 99% used [0x00000000eec00000,0x00000000ef0fbe00,0x00000000ef100000)
  to   space 5120K, 0% used [0x00000000ef100000,0x00000000ef100000,0x00000000ef600000)
 ParOldGen       total 87552K, used 13221K [0x00000000c0000000, 0x00000000c5580000, 0x00000000eab00000)
  object space 87552K, 15% used [0x00000000c0000000,0x00000000c0ce97a8,0x00000000c5580000)
 Metaspace       used 6233K, capacity 7152K, committed 7296K, reserved 1056768K
  class space    used 593K, capacity 616K, committed 640K, reserved 1048576K
}
Event: 6.908 GC heap before
{Heap before GC invocations=4 (full 0):
 PSYoungGen      total 71680K, used 71663K [0x00000000eab00000, 0x00000000ef600000, 0x0000000100000000)
  eden space 66560K, 100% used [0x00000000eab00000,0x00000000eec00000,0x00000000eec00000)
  from space 5120K, 99% used [0x00000000eec00000,0x00000000ef0fbe00,0x00000000ef100000)
  to   space 5120K, 0% used [0x00000000ef100000,0x00000000ef100000,0x00000000ef600000)
 ParOldGen       total 87552K, used 13221K [0x00000000c0000000, 0x00000000c5580000, 0x00000000eab00000)
  object space 87552K, 15% used [0x00000000c0000000,0x00000000c0ce97a8,0x00000000c5580000)
 Metaspace       used 6299K, capacity 7152K, committed 7296K, reserved 1056768K
  class space    used 593K, capacity 616K, committed 640K, reserved 1048576K
Event: 6.966 GC heap after
Heap after GC invocations=4 (full 0):
 PSYoungGen      total 71680K, used 5103K [0x00000000eab00000, 0x00000000ef600000, 0x0000000100000000)
  eden space 66560K, 0% used [0x00000000eab00000,0x00000000eab00000,0x00000000eec00000)
  from space 5120K, 99% used [0x00000000ef100000,0x00000000ef5fbe00,0x00000000ef600000)
  to   space 5120K, 0% used [0x00000000eec00000,0x00000000eec00000,0x00000000ef100000)
 ParOldGen       total 87552K, used 23542K [0x00000000c0000000, 0x00000000c5580000, 0x00000000eab00000)
  object space 87552K, 26% used [0x00000000c0000000,0x00000000c16fd988,0x00000000c5580000)
 Metaspace       used 6299K, capacity 7152K, committed 7296K, reserved 1056768K
  class space    used 593K, capacity 616K, committed 640K, reserved 1048576K
}
Event: 7.345 GC heap before
{Heap before GC invocations=5 (full 0):
 PSYoungGen      total 71680K, used 71663K [0x00000000eab00000, 0x00000000ef600000, 0x0000000100000000)
  eden space 66560K, 100% used [0x00000000eab00000,0x00000000eec00000,0x00000000eec00000)
  from space 5120K, 99% used [0x00000000ef100000,0x00000000ef5fbe00,0x00000000ef600000)
  to   space 5120K, 0% used [0x00000000eec00000,0x00000000eec00000,0x00000000ef100000)
 ParOldGen       total 87552K, used 23542K [0x00000000c0000000, 0x00000000c5580000, 0x00000000eab00000)
  object space 87552K, 26% used [0x00000000c0000000,0x00000000c16fd988,0x00000000c5580000)
 Metaspace       used 6332K, capacity 7216K, committed 7296K, reserved 1056768K
  class space    used 593K, capacity 616K, committed 640K, reserved 1048576K
Event: 7.397 GC heap after
Heap after GC invocations=5 (full 0):
 PSYoungGen      total 71680K, used 5103K [0x00000000eab00000, 0x00000000f5700000, 0x0000000100000000)
  eden space 66560K, 0% used [0x00000000eab00000,0x00000000eab00000,0x00000000eec00000)
  from space 5120K, 99% used [0x00000000eec00000,0x00000000ef0fbe10,0x00000000ef100000)
  to   space 21504K, 0% used [0x00000000f4200000,0x00000000f4200000,0x00000000f5700000)
 ParOldGen       total 87552K, used 34522K [0x00000000c0000000, 0x00000000c5580000, 0x00000000eab00000)
  object space 87552K, 39% used [0x00000000c0000000,0x00000000c21b69a8,0x00000000c5580000)
 Metaspace       used 6332K, capacity 7216K, committed 7296K, reserved 1056768K
  class space    used 593K, capacity 616K, committed 640K, reserved 1048576K
}
Event: 7.721 GC heap before
{Heap before GC invocations=6 (full 0):
 PSYoungGen      total 71680K, used 71663K [0x00000000eab00000, 0x00000000f5700000, 0x0000000100000000)
  eden space 66560K, 100% used [0x00000000eab00000,0x00000000eec00000,0x00000000eec00000)
  from space 5120K, 99% used [0x00000000eec00000,0x00000000ef0fbe10,0x00000000ef100000)
  to   space 21504K, 0% used [0x00000000f4200000,0x00000000f4200000,0x00000000f5700000)
 ParOldGen       total 87552K, used 34522K [0x00000000c0000000, 0x00000000c5580000, 0x00000000eab00000)
  object space 87552K, 39% used [0x00000000c0000000,0x00000000c21b69a8,0x00000000c5580000)
 Metaspace       used 6461K, capacity 7256K, committed 7424K, reserved 1056768K
  class space    used 613K, capacity 656K, committed 768K, reserved 1048576K
Event: 7.783 GC heap after
Heap after GC invocations=6 (full 0):
 PSYoungGen      total 154112K, used 15331K [0x00000000eab00000, 0x00000000f5800000, 0x0000000100000000)
  eden space 132608K, 0% used [0x00000000eab00000,0x00000000eab00000,0x00000000f2c80000)
  from space 21504K, 71% used [0x00000000f4200000,0x00000000f50f8c68,0x00000000f5700000)
  to   space 22016K, 0% used [0x00000000f2c80000,0x00000000f2c80000,0x00000000f4200000)
 ParOldGen       total 87552K, used 34530K [0x00000000c0000000, 0x00000000c5580000, 0x00000000eab00000)
  object space 87552K, 39% used [0x00000000c0000000,0x00000000c21b89a8,0x00000000c5580000)
 Metaspace       used 6461K, capacity 7256K, committed 7424K, reserved 1056768K
  class space    used 613K, capacity 656K, committed 768K, reserved 1048576K
}
Event: 8.322 GC heap before
{Heap before GC invocations=7 (full 0):
 PSYoungGen      total 154112K, used 147939K [0x00000000eab00000, 0x00000000f5800000, 0x0000000100000000)
  eden space 132608K, 100% used [0x00000000eab00000,0x00000000f2c80000,0x00000000f2c80000)
  from space 21504K, 71% used [0x00000000f4200000,0x00000000f50f8c68,0x00000000f5700000)
  to   space 22016K, 0% used [0x00000000f2c80000,0x00000000f2c80000,0x00000000f4200000)
 ParOldGen       total 87552K, used 34530K [0x00000000c0000000, 0x00000000c5580000, 0x00000000eab00000)
  object space 87552K, 39% used [0x00000000c0000000,0x00000000c21b89a8,0x00000000c5580000)
 Metaspace       used 6471K, capacity 7256K, committed 7424K, reserved 1056768K
  class space    used 613K, capacity 656K, committed 768K, reserved 1048576K
Event: 8.450 GC heap after
Heap after GC invocations=7 (full 0):
 PSYoungGen      total 154624K, used 21996K [0x00000000eab00000, 0x00000000feb00000, 0x0000000100000000)
  eden space 132608K, 0% used [0x00000000eab00000,0x00000000eab00000,0x00000000f2c80000)
  from space 22016K, 99% used [0x00000000f2c80000,0x00000000f41fb238,0x00000000f4200000)
  to   space 31232K, 0% used [0x00000000fcc80000,0x00000000fcc80000,0x00000000feb00000)
 ParOldGen       total 87552K, used 46475K [0x00000000c0000000, 0x00000000c5580000, 0x00000000eab00000)
  object space 87552K, 53% used [0x00000000c0000000,0x00000000c2d62dd8,0x00000000c5580000)
 Metaspace       used 6471K, capacity 7256K, committed 7424K, reserved 1056768K
  class space    used 613K, capacity 656K, committed 768K, reserved 1048576K
}

Deoptimization events (10 events):
Event: 8.530 Thread 0x0000000002491000 Uncommon trap: reason=unstable_if action=reinterpret pc=0x0000000002cad9d0 method=java.util.HashMap.resize()[Ljava/util/HashMap$Node; @ 206
Event: 8.739 Thread 0x00000000166de000 Uncommon trap: reason=class_check action=maybe_recompile pc=0x0000000002ab4058 method=java.util.Arrays.hashCode([Ljava/lang/Object;)I @ 43
Event: 8.739 Thread 0x00000000166de000 Uncommon trap: reason=class_check action=maybe_recompile pc=0x0000000002ab4058 method=java.util.Arrays.hashCode([Ljava/lang/Object;)I @ 43
Event: 8.740 Thread 0x00000000166de000 Uncommon trap: reason=class_check action=maybe_recompile pc=0x0000000002ab4058 method=java.util.Arrays.hashCode([Ljava/lang/Object;)I @ 43
Event: 8.740 Thread 0x00000000166de000 Uncommon trap: reason=class_check action=maybe_recompile pc=0x0000000002ab4058 method=java.util.Arrays.hashCode([Ljava/lang/Object;)I @ 43
Event: 8.740 Thread 0x00000000166de000 Uncommon trap: reason=class_check action=maybe_recompile pc=0x0000000002ab4638 method=java.util.Arrays.hashCode([Ljava/lang/Object;)I @ 43
Event: 9.515 Thread 0x00000000166de000 Uncommon trap: reason=speculate_class_check action=maybe_recompile pc=0x000000000296347c method=com.android.dx.util.FixedSizeList.equals(Ljava/lang/Object;)Z @ 25
Event: 9.515 Thread 0x00000000166de000 Uncommon trap: reason=speculate_class_check action=maybe_recompile pc=0x000000000296347c method=com.android.dx.util.FixedSizeList.equals(Ljava/lang/Object;)Z @ 25
Event: 9.515 Thread 0x00000000166de000 Uncommon trap: reason=speculate_class_check action=maybe_recompile pc=0x000000000296347c method=com.android.dx.util.FixedSizeList.equals(Ljava/lang/Object;)Z @ 25
Event: 9.520 Thread 0x00000000166de000 Uncommon trap: reason=speculate_class_check action=maybe_recompile pc=0x000000000296347c method=com.android.dx.util.FixedSizeList.equals(Ljava/lang/Object;)Z @ 25

Internal exceptions (8 events):
Event: 0.040 Thread 0x0000000002491000 Exception <a 'java/lang/NoSuchMethodError': Method sun.misc.Unsafe.defineClass(Ljava/lang/String;[BII)Ljava/lang/Class; name or signature does not match> (0x00000000eab0d538) thrown at [C:\re\workspace\8-2-build-windows-amd64-cygwin\jdk8u45\3627\hotspot\srÅéÈg¤?
Event: 0.040 Thread 0x0000000002491000 Exception <a 'java/lang/NoSuchMethodError': Method sun.misc.Unsafe.prefetchRead(Ljava/lang/Object;J)V name or signature does not match> (0x00000000eab0d7c8) thrown at [C:\re\workspace\8-2-build-windows-amd64-cygwin\jdk8u45\3627\hotspot\src\share\vm\prims\jãydÌ÷@
Event: 2.496 Thread 0x0000000016649800 Implicit null exception at 0x00000000028f5ce2 to 0x00000000028f5de5
Event: 4.035 Thread 0x00000000166de000 Implicit null exception at 0x0000000002bb2a15 to 0x0000000002bb5575
Event: 7.058 Thread 0x0000000002491000 Implicit null exception at 0x0000000002c82356 to 0x0000000002c839c9
Event: 7.468 Thread 0x00000000166db800 Exception <a 'java/lang/ArrayIndexOutOfBoundsException': 18> (0x00000000ebd41160) thrown at [C:\re\workspace\8-2-build-windows-amd64-cygwin\jdk8u45\3627\hotspot\src\share\vm\interpreter\interpreterRuntime.cpp, line 366]
Event: 7.468 Thread 0x00000000166db800 Exception <a 'java/lang/ArrayIndexOutOfBoundsException': 145> (0x00000000ebd42c30) thrown at [C:\re\workspace\8-2-build-windows-amd64-cygwin\jdk8u45\3627\hotspot\src\share\vm\interpreter\interpreterRuntime.cpp, line 366]
Event: 7.469 Thread 0x00000000166db800 Exception <a 'java/lang/ArrayIndexOutOfBoundsException'> (0x00000000ebd43e68) thrown at [C:\re\workspace\8-2-build-windows-amd64-cygwin\jdk8u45\3627\hotspot\src\share\vm\runtime\sharedRuntime.cpp, line 605]

Events (10 events):
Event: 9.795 Thread 0x00000000166de000 DEOPT PACKING pc=0x0000000002f2a68d sp=0x0000000016bae8a0
Event: 9.795 Thread 0x00000000166de000 DEOPT UNPACKING pc=0x00000000025d787f sp=0x0000000016bae5f0 mode 0
Event: 9.798 Thread 0x00000000166de000 DEOPT PACKING pc=0x0000000002f254d1 sp=0x0000000016bae810
Event: 9.798 Thread 0x00000000166de000 DEOPT UNPACKING pc=0x00000000025d787f sp=0x0000000016bae588 mode 0
Event: 10.504 Thread 0x00000000166de000 DEOPT PACKING pc=0x0000000002f5a421 sp=0x0000000016bae7b0
Event: 10.504 Thread 0x00000000166de000 DEOPT UNPACKING pc=0x00000000025d787f sp=0x0000000016bae5b8 mode 0
Event: 10.506 Thread 0x00000000166de000 DEOPT PACKING pc=0x0000000002ee9b80 sp=0x0000000016bae700
Event: 10.506 Thread 0x00000000166de000 DEOPT UNPACKING pc=0x00000000025d787f sp=0x0000000016bae428 mode 0
Event: 10.520 Thread 0x00000000166de000 DEOPT PACKING pc=0x0000000002f2f5e2 sp=0x0000000016bae690
Event: 10.520 Thread 0x00000000166de000 DEOPT UNPACKING pc=0x00000000025d787f sp=0x0000000016bae410 mode 0


Dynamic libraries:
0x00007ff672b50000 - 0x00007ff672b87000 	C:\Program Files\Java\jdk1.8.0_45\bin\java.exe
0x00007fff3a030000 - 0x00007fff3a1dd000 	C:\Windows\SYSTEM32\ntdll.dll
0x00007fff38050000 - 0x00007fff3818e000 	C:\Windows\system32\KERNEL32.DLL
0x00007fff37230000 - 0x00007fff37345000 	C:\Windows\system32\KERNELBASE.dll
0x00007fff35d40000 - 0x00007fff35dce000 	C:\Windows\system32\apphelp.dll
0x00007fff18470000 - 0x00007fff184c3000 	C:\Windows\AppPatch\AppPatch64\AcGenral.DLL
0x00007fff39cc0000 - 0x00007fff39d6a000 	C:\Windows\system32\msvcrt.dll
0x00007fff37690000 - 0x00007fff376be000 	C:\Windows\system32\SspiCli.dll
0x00007fff37f20000 - 0x00007fff37f74000 	C:\Windows\system32\SHLWAPI.dll
0x00007fff37da0000 - 0x00007fff37f17000 	C:\Windows\system32\USER32.dll
0x00007fff37c00000 - 0x00007fff37d94000 	C:\Windows\system32\ole32.dll
0x00007fff38790000 - 0x00007fff39cb9000 	C:\Windows\system32\SHELL32.dll
0x00007fff367b0000 - 0x00007fff367d1000 	C:\Windows\SYSTEM32\USERENV.dll
0x00007fff38410000 - 0x00007fff384ba000 	C:\Windows\system32\ADVAPI32.dll
0x00007fff2de10000 - 0x00007fff2de2e000 	C:\Windows\SYSTEM32\MPR.dll
0x00007fff39d70000 - 0x00007fff39eb0000 	C:\Windows\system32\RPCRT4.dll
0x00007fff39ef0000 - 0x00007fff39f49000 	C:\Windows\SYSTEM32\sechost.dll
0x00007fff376c0000 - 0x00007fff378d1000 	C:\Windows\SYSTEM32\combase.dll
0x00007fff384e0000 - 0x00007fff3862f000 	C:\Windows\system32\GDI32.dll
0x00007fff37160000 - 0x00007fff37175000 	C:\Windows\SYSTEM32\profapi.dll
0x00007fff35700000 - 0x00007fff357b2000 	C:\Windows\SYSTEM32\SHCORE.dll
0x00007fff39eb0000 - 0x00007fff39ee6000 	C:\Windows\system32\IMM32.DLL
0x00007fff38630000 - 0x00007fff38782000 	C:\Windows\system32\MSCTF.dll
0x00007fff34670000 - 0x00007fff348eb000 	C:\Windows\WinSxS\amd64_microsoft.windows.common-controls_6595b64144ccf1df_6.0.9600.18006_none_623f33d3ecbe86e8\COMCTL32.dll
0x0000000071ee0000 - 0x0000000071fb2000 	C:\Program Files\Java\jdk1.8.0_45\jre\bin\msvcr100.dll
0x000000006c690000 - 0x000000006cf13000 	C:\Program Files\Java\jdk1.8.0_45\jre\bin\server\jvm.dll
0x00007fff2fb40000 - 0x00007fff2fb49000 	C:\Windows\SYSTEM32\WSOCK32.dll
0x00007fff2d2e0000 - 0x00007fff2d302000 	C:\Windows\SYSTEM32\WINMM.dll
0x00007fff2cde0000 - 0x00007fff2cdea000 	C:\Windows\SYSTEM32\VERSION.dll
0x00007fff378e0000 - 0x00007fff378e7000 	C:\Windows\system32\PSAPI.DLL
0x00007fff383a0000 - 0x00007fff383fa000 	C:\Windows\system32\WS2_32.dll
0x00007fff2d2b0000 - 0x00007fff2d2da000 	C:\Windows\SYSTEM32\WINMMBASE.dll
0x00007fff384c0000 - 0x00007fff384c9000 	C:\Windows\system32\NSI.dll
0x00007fff373b0000 - 0x00007fff373ff000 	C:\Windows\SYSTEM32\cfgmgr32.dll
0x00007fff35f90000 - 0x00007fff35fb8000 	C:\Windows\SYSTEM32\DEVOBJ.dll
0x0000000072c10000 - 0x0000000072c1f000 	C:\Program Files\Java\jdk1.8.0_45\jre\bin\verify.dll
0x0000000071eb0000 - 0x0000000071ed9000 	C:\Program Files\Java\jdk1.8.0_45\jre\bin\java.dll
0x0000000071e90000 - 0x0000000071ea6000 	C:\Program Files\Java\jdk1.8.0_45\jre\bin\zip.dll
0x00007fff2f2c0000 - 0x00007fff2f449000 	C:\Windows\SYSTEM32\dbghelp.dll

VM Arguments:
jvm_args: -Djava.awt.headless=true -Xmx1024M -Dfile.encoding=windows-1252 -Duser.country=US -Duser.language=en -Duser.variant 
java_command: com.android.dx.command.Main --dex --force-jumbo --num-threads=4 --multi-dex --output D:\android app development\CapstoneHomeSeek\app\build\intermediates\transforms\dex\debug\folders\1000\10\com.android.support-support-v4-23.4.0_a3ab4fe8d02e8df6971aa99ce09f04f1a0782575 D:\android app development\CapstoneHomeSeek\app\build\intermediates\exploded-aar\com.android.support\support-v4\23.4.0\jars\classes.jar
java_class_path (initial): C:\Users\pluckannfeel\AppData\Local\Android\sdk\build-tools\23.0.3\lib\dx.jar
Launcher Type: SUN_STANDARD

Environment Variables:
JAVA_HOME=C:\Program Files (x86)\Java\jdk1.7.0_71
PATH=C:\ProgramData\Oracle\Java\javapath;C:\Windows\system32;C:\Windows;C:\Windows\System32\Wbem;C:\Windows\System32\WindowsPowerShell\v1.0\;C:\Program Files (x86)\Microsoft SQL Server\100\Tools\Binn\;C:\Program Files\Microsoft SQL Server\100\Tools\Binn\;C:\Program Files\Microsoft SQL Server\100\DTS\Binn\;C:\Program Files (x86)\Microsoft SQL Server\100\Tools\Binn\VSShell\Common7\IDE\;C:\Program Files (x86)\Microsoft SQL Server\100\DTS\Binn\;C:\Program Files (x86)\Microsoft SQL Server\90\Tools\binn\;C:\Program Files\nodejs\;C:\Program Files (x86)\GtkSharp\2.12\bin;C:\Program Files (x86)\Skype\Phone\;C:\Users\pluckannfeel\AppData\Roaming\npm
USERNAME=pluckannfeel
OS=Windows_NT
PROCESSOR_IDENTIFIER=Intel64 Family 6 Model 60 Stepping 3, GenuineIntel



---------------  S Y S T E M  ---------------

OS: Windows 8.1 , 64 bit Build 9600 (6.3.9600.17415)

CPU:total 4 (2 cores per cpu, 2 threads per core) family 6 model 60 stepping 3, cmov, cx8, fxsr, mmx, sse, sse2, sse3, ssse3, sse4.1, sse4.2, popcnt, avx, avx2, aes, clmul, erms, lzcnt, ht, tsc, tscinvbit, bmi1, bmi2

Memory: 4k page, physical 8302956k(536064k free), swap 11448684k(5068k free)

vm_info: Java HotSpot(TM) 64-Bit Server VM (25.45-b02) for windows-amd64 JRE (1.8.0_45-b15), built on Apr 30 2015 12:40:44 by "java_re" with MS VC++ 10.0 (VS2010)

time: Thu Nov 17 06:28:02 2016
elapsed time: 12 seconds (0d 0h 0m 12s)

