#
# There is insufficient memory for the Java Runtime Environment to continue.
# Native memory allocation (malloc) failed to allocate 32784 bytes for Chunk::new
# Possible reasons:
#   The system is out of physical RAM or swap space
#   In 32 bit mode, the process size limit was hit
# Possible solutions:
#   Reduce memory load on the system
#   Increase physical memory or swap space
#   Check if swap backing store is full
#   Use 64 bit Java on a 64 bit OS
#   Decrease Java heap size (-Xmx/-Xms)
#   Decrease number of Java threads
#   Decrease Java thread stack sizes (-Xss)
#   Set larger code cache with -XX:ReservedCodeCacheSize=
# This output file may be truncated or incomplete.
#
#  Out of Memory Error (allocation.cpp:390), pid=4440, tid=6500
#
# JRE version: Java(TM) SE Runtime Environment (8.0_45-b15) (build 1.8.0_45-b15)
# Java VM: Java HotSpot(TM) 64-Bit Server VM (25.45-b02 mixed mode windows-amd64 compressed oops)
# Failed to write core dump. Minidumps are not enabled by default on client versions of Windows
#

---------------  T H R E A D  ---------------

Current thread (0x0000000015080000):  JavaThread "C2 CompilerThread1" daemon [_thread_in_native, id=6500, stack(0x00000000166e0000,0x00000000167e0000)]

Stack: [0x00000000166e0000,0x00000000167e0000]
Native frames: (J=compiled Java code, j=interpreted, Vv=VM code, C=native code)
V  [jvm.dll+0x32b57a]
V  [jvm.dll+0x279873]
V  [jvm.dll+0x27a509]
V  [jvm.dll+0x271825]
V  [jvm.dll+0xcb9e2]
V  [jvm.dll+0xcbeac]
V  [jvm.dll+0xcc204]
V  [jvm.dll+0x4ea280]
V  [jvm.dll+0x4b9806]
V  [jvm.dll+0x46b92f]
V  [jvm.dll+0x46ccbe]
V  [jvm.dll+0x4500f2]
V  [jvm.dll+0xa4352]
V  [jvm.dll+0xa4c8f]
V  [jvm.dll+0x241984]
V  [jvm.dll+0x29853a]
C  [msvcr100.dll+0x21d9f]
C  [msvcr100.dll+0x21e3b]
C  [KERNEL32.DLL+0x13d2]
C  [ntdll.dll+0x154e4]


Current CompileTask:
C2:   3434  785   !   4       com.android.dx.rop.code.RegisterSpec::intern (70 bytes)


---------------  P R O C E S S  ---------------

Java Threads: ( => current thread )
  0x0000000016b97800 JavaThread "pool-2-thread-4" [_thread_blocked, id=7252, stack(0x00000000172e0000,0x00000000173e0000)]
  0x0000000016b46000 JavaThread "pool-2-thread-3" [_thread_blocked, id=4112, stack(0x00000000171e0000,0x00000000172e0000)]
  0x0000000016a57000 JavaThread "pool-2-thread-2" [_thread_blocked, id=8356, stack(0x00000000170e0000,0x00000000171e0000)]
  0x0000000016a52800 JavaThread "pool-3-thread-1" [_thread_blocked, id=8844, stack(0x0000000016fe0000,0x00000000170e0000)]
  0x0000000016a51800 JavaThread "pool-2-thread-1" [_thread_blocked, id=7788, stack(0x0000000016ee0000,0x0000000016fe0000)]
  0x00000000150d8800 JavaThread "Service Thread" daemon [_thread_blocked, id=6612, stack(0x0000000016ce0000,0x0000000016de0000)]
  0x00000000150d0800 JavaThread "C1 CompilerThread2" daemon [_thread_blocked, id=8380, stack(0x00000000167e0000,0x00000000168e0000)]
=>0x0000000015080000 JavaThread "C2 CompilerThread1" daemon [_thread_in_native, id=6500, stack(0x00000000166e0000,0x00000000167e0000)]
  0x000000001507c800 JavaThread "C2 CompilerThread0" daemon [_thread_blocked, id=3852, stack(0x00000000165e0000,0x00000000166e0000)]
  0x000000001507a800 JavaThread "Attach Listener" daemon [_thread_blocked, id=8936, stack(0x00000000164e0000,0x00000000165e0000)]
  0x0000000015079800 JavaThread "Signal Dispatcher" daemon [_thread_blocked, id=6092, stack(0x00000000163e0000,0x00000000164e0000)]
  0x00000000028e1800 JavaThread "Finalizer" daemon [_thread_blocked, id=6972, stack(0x00000000162e0000,0x00000000163e0000)]
  0x00000000028de800 JavaThread "Reference Handler" daemon [_thread_blocked, id=7316, stack(0x00000000161e0000,0x00000000162e0000)]
  0x00000000027f1000 JavaThread "main" [_thread_in_native, id=496, stack(0x0000000000fa0000,0x00000000010a0000)]

Other Threads:
  0x0000000015046800 VMThread [stack: 0x00000000160e0000,0x00000000161e0000] [id=7404]
  0x00000000150d9000 WatcherThread [stack: 0x0000000016de0000,0x0000000016ee0000] [id=9124]

VM state:not at safepoint (normal execution)

VM Mutex/Monitor currently owned by a thread: None

Heap:
 PSYoungGen      total 38400K, used 14035K [0x00000000eab00000, 0x00000000ed580000, 0x0000000100000000)
  eden space 33280K, 42% used [0x00000000eab00000,0x00000000eb8b4d10,0x00000000ecb80000)
  from space 5120K, 0% used [0x00000000ed080000,0x00000000ed080000,0x00000000ed580000)
  to   space 5120K, 0% used [0x00000000ecb80000,0x00000000ecb80000,0x00000000ed080000)
 ParOldGen       total 87552K, used 0K [0x00000000c0000000, 0x00000000c5580000, 0x00000000eab00000)
  object space 87552K, 0% used [0x00000000c0000000,0x00000000c0000000,0x00000000c5580000)
 Metaspace       used 5613K, capacity 6704K, committed 6784K, reserved 1056768K
  class space    used 578K, capacity 616K, committed 640K, reserved 1048576K

Card table byte_map: [0x0000000011ed0000,0x00000000120e0000] byte_map_base: 0x00000000118d0000

Marking Bits: (ParMarkBitMap*) 0x0000000051dc4040
 Begin Bits: [0x00000000124e0000, 0x00000000134e0000)
 End Bits:   [0x00000000134e0000, 0x00000000144e0000)

Polling page: 0x0000000000e00000

CodeCache: size=245760Kb used=3372Kb max_used=3372Kb free=242387Kb
 bounds [0x0000000002b10000, 0x0000000002e60000, 0x0000000011b10000]
 total_blobs=1076 nmethods=808 adapters=181
 compilation: enabled

Compilation events (10 events):
Event: 3.119 Thread 0x00000000150d0800 nmethod 787 0x0000000002e44dd0 code [0x0000000002e44fc0, 0x0000000002e45908]
Event: 3.119 Thread 0x00000000150d0800  782   !   3       com.android.dx.cf.code.ExecutionStack::push (102 bytes)
Event: 3.120 Thread 0x000000001507c800  795       4       com.android.dx.rop.type.Type::equals (31 bytes)
Event: 3.121 Thread 0x00000000150d0800 nmethod 782 0x0000000002e45cd0 code [0x0000000002e45f40, 0x0000000002e47028]
Event: 3.121 Thread 0x00000000150d0800  791       3       com.android.dx.ssa.back.FirstFitLocalCombiningAllocator::getParameterIndexForReg (55 bytes)
Event: 3.121 Thread 0x000000001507c800 nmethod 795 0x0000000002e3f5d0 code [0x0000000002e3f720, 0x0000000002e3f8b8]
Event: 3.121 Thread 0x00000000150d0800 nmethod 791 0x0000000002e49990 code [0x0000000002e49b40, 0x0000000002e4a428]
Event: 3.121 Thread 0x00000000150d0800  796   !   3       com.android.dx.ssa.LocalVariableInfo::setStarts (40 bytes)
Event: 3.122 Thread 0x00000000150d0800 nmethod 796 0x0000000002e48dd0 code [0x0000000002e48fa0, 0x0000000002e49628]
Event: 3.122 Thread 0x00000000150d0800  797       3       com.android.dx.ssa.SsaRenamer$1::visitBlock (16 bytes)

GC Heap History (0 events):
No events

Deoptimization events (1 events):
Event: 2.428 Thread 0x0000000016b46000 Uncommon trap: reason=unstable_if action=reinterpret pc=0x0000000002d243a0 method=java.util.HashMap.getNode(ILjava/lang/Object;)Ljava/util/HashMap$Node; @ 129

Internal exceptions (2 events):
Event: 0.279 Thread 0x00000000027f1000 Exception <a 'java/lang/NoSuchMethodError': Method sun.misc.Unsafe.defineClass(Ljava/lang/String;[BII)Ljava/lang/Class; name or signature does not match> (0x00000000eab0d490) thrown at [C:\re\workspace\8-2-build-windows-amd64-cygwin\jdk8u45\3627\hotspot\srñwæyàÑ?
Event: 0.279 Thread 0x00000000027f1000 Exception <a 'java/lang/NoSuchMethodError': Method sun.misc.Unsafe.prefetchRead(Ljava/lang/Object;J)V name or signature does not match> (0x00000000eab0d720) thrown at [C:\re\workspace\8-2-build-windows-amd64-cygwin\jdk8u45\3627\hotspot\src\share\vm\prims\j

Events (10 events):
Event: 2.410 loading class com/android/dx/dex/file/MethodIdItem done
Event: 2.411 loading class com/android/dx/cf/code/SwitchList
Event: 2.411 loading class com/android/dx/cf/code/SwitchList done
Event: 2.422 loading class com/android/dx/ssa/back/FirstFitLocalCombiningAllocator$Multiset
Event: 2.422 loading class com/android/dx/ssa/back/FirstFitLocalCombiningAllocator$Multiset done
Event: 2.424 loading class java/util/DualPivotQuicksort
Event: 2.424 loading class java/util/DualPivotQuicksort done
Event: 2.428 Thread 0x0000000016b46000 Uncommon trap: trap_request=0xffffff65 fr.pc=0x0000000002d243a0
Event: 2.428 Thread 0x0000000016b46000 DEOPT PACKING pc=0x0000000002d243a0 sp=0x00000000172de9d0
Event: 2.428 Thread 0x0000000016b46000 DEOPT UNPACKING pc=0x0000000002b5582a sp=0x00000000172de948 mode 2


Dynamic libraries:
0x00007ff775360000 - 0x00007ff775397000 	C:\Program Files\Java\jdk1.8.0_45\bin\java.exe
0x00007ff9ebcb0000 - 0x00007ff9ebe5d000 	C:\Windows\SYSTEM32\ntdll.dll
0x00007ff9eac90000 - 0x00007ff9eadce000 	C:\Windows\system32\KERNEL32.DLL
0x00007ff9e9220000 - 0x00007ff9e9335000 	C:\Windows\system32\KERNELBASE.dll
0x00007ff9e79b0000 - 0x00007ff9e7a3e000 	C:\Windows\system32\apphelp.dll
0x00007ff9d7f90000 - 0x00007ff9d7fe3000 	C:\Windows\AppPatch\AppPatch64\AcGenral.DLL
0x00007ff9eb8a0000 - 0x00007ff9eb94a000 	C:\Windows\system32\msvcrt.dll
0x00007ff9e91f0000 - 0x00007ff9e921e000 	C:\Windows\system32\SspiCli.dll
0x00007ff9eab70000 - 0x00007ff9eabc4000 	C:\Windows\system32\SHLWAPI.dll
0x00007ff9eb380000 - 0x00007ff9eb4f7000 	C:\Windows\system32\USER32.dll
0x00007ff9eb620000 - 0x00007ff9eb7b4000 	C:\Windows\system32\ole32.dll
0x00007ff9e9350000 - 0x00007ff9ea879000 	C:\Windows\system32\SHELL32.dll
0x00007ff9e8430000 - 0x00007ff9e8451000 	C:\Windows\SYSTEM32\USERENV.dll
0x00007ff9ebb30000 - 0x00007ff9ebbda000 	C:\Windows\system32\ADVAPI32.dll
0x00007ff9e1120000 - 0x00007ff9e113e000 	C:\Windows\SYSTEM32\MPR.dll
0x00007ff9ea880000 - 0x00007ff9ea9c0000 	C:\Windows\system32\RPCRT4.dll
0x00007ff9ebbf0000 - 0x00007ff9ebc49000 	C:\Windows\SYSTEM32\sechost.dll
0x00007ff9eaf90000 - 0x00007ff9eb1a1000 	C:\Windows\SYSTEM32\combase.dll
0x00007ff9ea9c0000 - 0x00007ff9eab0f000 	C:\Windows\system32\GDI32.dll
0x00007ff9e8de0000 - 0x00007ff9e8df5000 	C:\Windows\SYSTEM32\profapi.dll
0x00007ff9e7040000 - 0x00007ff9e70f2000 	C:\Windows\SYSTEM32\SHCORE.dll
0x00007ff9eb500000 - 0x00007ff9eb536000 	C:\Windows\system32\IMM32.DLL
0x00007ff9eb1b0000 - 0x00007ff9eb302000 	C:\Windows\system32\MSCTF.dll
0x00007ff9e65a0000 - 0x00007ff9e681b000 	C:\Windows\WinSxS\amd64_microsoft.windows.common-controls_6595b64144ccf1df_6.0.9600.18006_none_623f33d3ecbe86e8\COMCTL32.dll
0x0000000051e50000 - 0x0000000051f22000 	C:\Program Files\Java\jdk1.8.0_45\jre\bin\msvcr100.dll
0x00000000515c0000 - 0x0000000051e43000 	C:\Program Files\Java\jdk1.8.0_45\jre\bin\server\jvm.dll
0x00007ff9e1110000 - 0x00007ff9e1119000 	C:\Windows\SYSTEM32\WSOCK32.dll
0x00007ff9e0510000 - 0x00007ff9e0532000 	C:\Windows\SYSTEM32\WINMM.dll
0x00007ff9de9c0000 - 0x00007ff9de9ca000 	C:\Windows\SYSTEM32\VERSION.dll
0x00007ff9e9340000 - 0x00007ff9e9347000 	C:\Windows\system32\PSAPI.DLL
0x00007ff9eab10000 - 0x00007ff9eab6a000 	C:\Windows\system32\WS2_32.dll
0x00007ff9e04e0000 - 0x00007ff9e050a000 	C:\Windows\SYSTEM32\WINMMBASE.dll
0x00007ff9eadd0000 - 0x00007ff9eadd9000 	C:\Windows\system32\NSI.dll
0x00007ff9e8eb0000 - 0x00007ff9e8eff000 	C:\Windows\SYSTEM32\cfgmgr32.dll
0x00007ff9e7ad0000 - 0x00007ff9e7af8000 	C:\Windows\SYSTEM32\DEVOBJ.dll
0x00000000515b0000 - 0x00000000515bf000 	C:\Program Files\Java\jdk1.8.0_45\jre\bin\verify.dll
0x0000000051580000 - 0x00000000515a9000 	C:\Program Files\Java\jdk1.8.0_45\jre\bin\java.dll
0x0000000051560000 - 0x0000000051576000 	C:\Program Files\Java\jdk1.8.0_45\jre\bin\zip.dll
0x00007ff9e0a40000 - 0x00007ff9e0bc9000 	C:\Windows\SYSTEM32\dbghelp.dll

VM Arguments:
jvm_args: -Djava.awt.headless=true -Xmx1024M -Dfile.encoding=windows-1252 -Duser.country=US -Duser.language=en -Duser.variant 
java_command: com.android.dx.command.Main --dex --force-jumbo --num-threads=4 --multi-dex --output D:\android app development\CapstoneHomeSeek\app\build\intermediates\transforms\dex\debug\folders\1000\5\slice_2 D:\android app development\CapstoneHomeSeek\app\build\intermediates\transforms\instantRunSlicer\debug\folders\1\5\slice_2
java_class_path (initial): C:\Users\pluckannfeel\AppData\Local\Android\sdk\build-tools\23.0.3\lib\dx.jar
Launcher Type: SUN_STANDARD

Environment Variables:
JAVA_HOME=C:\Program Files (x86)\Java\jdk1.7.0_71
PATH=C:\ProgramData\Oracle\Java\javapath;C:\Windows\system32;C:\Windows;C:\Windows\System32\Wbem;C:\Windows\System32\WindowsPowerShell\v1.0\;C:\Program Files (x86)\Microsoft SQL Server\100\Tools\Binn\;C:\Program Files\Microsoft SQL Server\100\Tools\Binn\;C:\Program Files\Microsoft SQL Server\100\DTS\Binn\;C:\Program Files (x86)\Microsoft SQL Server\100\Tools\Binn\VSShell\Common7\IDE\;C:\Program Files (x86)\Microsoft SQL Server\100\DTS\Binn\;C:\Program Files (x86)\Microsoft SQL Server\90\Tools\binn\;C:\Program Files\nodejs\;C:\Program Files (x86)\GtkSharp\2.12\bin;C:\Program Files (x86)\Skype\Phone\;C:\Users\pluckannfeel\AppData\Roaming\npm
USERNAME=pluckannfeel
OS=Windows_NT
PROCESSOR_IDENTIFIER=Intel64 Family 6 Model 60 Stepping 3, GenuineIntel



---------------  S Y S T E M  ---------------

OS: Windows 8.1 , 64 bit Build 9600 (6.3.9600.17415)

CPU:total 4 (2 cores per cpu, 2 threads per core) family 6 model 60 stepping 3, cmov, cx8, fxsr, mmx, sse, sse2, sse3, ssse3, sse4.1, sse4.2, popcnt, avx, avx2, aes, clmul, erms, lzcnt, ht, tsc, tscinvbit, bmi1, bmi2

Memory: 4k page, physical 8302956k(457548k free), swap 11448684k(848k free)

vm_info: Java HotSpot(TM) 64-Bit Server VM (25.45-b02) for windows-amd64 JRE (1.8.0_45-b15), built on Apr 30 2015 12:40:44 by "java_re" with MS VC++ 10.0 (VS2010)

time: Sat Nov 19 12:13:43 2016
elapsed time: 3 seconds (0d 0h 0m 3s)

