#
# There is insufficient memory for the Java Runtime Environment to continue.
# Native memory allocation (malloc) failed to allocate 804816 bytes for Chunk::new
# Possible reasons:
#   The system is out of physical RAM or swap space
#   In 32 bit mode, the process size limit was hit
# Possible solutions:
#   Reduce memory load on the system
#   Increase physical memory or swap space
#   Check if swap backing store is full
#   Use 64 bit Java on a 64 bit OS
#   Decrease Java heap size (-Xmx/-Xms)
#   Decrease number of Java threads
#   Decrease Java thread stack sizes (-Xss)
#   Set larger code cache with -XX:ReservedCodeCacheSize=
# This output file may be truncated or incomplete.
#
#  Out of Memory Error (allocation.cpp:390), pid=2640, tid=8308
#
# JRE version: Java(TM) SE Runtime Environment (8.0_45-b15) (build 1.8.0_45-b15)
# Java VM: Java HotSpot(TM) 64-Bit Server VM (25.45-b02 mixed mode windows-amd64 compressed oops)
# Failed to write core dump. Minidumps are not enabled by default on client versions of Windows
#

---------------  T H R E A D  ---------------

Current thread (0x000000001454c000):  JavaThread "C2 CompilerThread0" daemon [_thread_in_native, id=8308, stack(0x0000000015aa0000,0x0000000015ba0000)]

Stack: [0x0000000015aa0000,0x0000000015ba0000]
Native frames: (J=compiled Java code, j=interpreted, Vv=VM code, C=native code)
V  [jvm.dll+0x32b57a]
V  [jvm.dll+0x279873]
V  [jvm.dll+0x27a509]
V  [jvm.dll+0x271825]
V  [jvm.dll+0xcb9e2]
V  [jvm.dll+0xcbeac]
V  [jvm.dll+0x476ef2]
V  [jvm.dll+0x4b955f]
V  [jvm.dll+0x46bf81]
V  [jvm.dll+0x46ccbe]
V  [jvm.dll+0x4500f2]
V  [jvm.dll+0xa4352]
V  [jvm.dll+0xa4c8f]
V  [jvm.dll+0x241984]
V  [jvm.dll+0x29853a]
C  [msvcr100.dll+0x21d9f]
C  [msvcr100.dll+0x21e3b]
C  [KERNEL32.DLL+0x13d2]
C  [ntdll.dll+0x154e4]


Current CompileTask:
C2:   3960 1485       4       com.android.dx.ssa.LocalVariableExtractor::processBlock (383 bytes)


---------------  P R O C E S S  ---------------

Java Threads: ( => current thread )
  0x0000000015fe9800 JavaThread "pool-1-thread-4" [_thread_in_Java, id=6072, stack(0x00000000167a0000,0x00000000168a0000)]
  0x0000000015fe9000 JavaThread "pool-1-thread-3" [_thread_in_Java, id=2736, stack(0x00000000166a0000,0x00000000167a0000)]
  0x000000001602d800 JavaThread "pool-1-thread-2" [_thread_in_Java, id=6284, stack(0x00000000165a0000,0x00000000166a0000)]
  0x000000001602d000 JavaThread "pool-2-thread-1" [_thread_blocked, id=304, stack(0x00000000164a0000,0x00000000165a0000)]
  0x000000001602c000 JavaThread "pool-1-thread-1" [_thread_in_Java, id=7268, stack(0x00000000163a0000,0x00000000164a0000)]
  0x0000000014597000 JavaThread "Service Thread" daemon [_thread_blocked, id=6032, stack(0x00000000161a0000,0x00000000162a0000)]
  0x0000000014557000 JavaThread "C1 CompilerThread2" daemon [_thread_blocked, id=8048, stack(0x0000000015ca0000,0x0000000015da0000)]
  0x0000000014550800 JavaThread "C2 CompilerThread1" daemon [_thread_in_vm, id=1380, stack(0x0000000015ba0000,0x0000000015ca0000)]
=>0x000000001454c000 JavaThread "C2 CompilerThread0" daemon [_thread_in_native, id=8308, stack(0x0000000015aa0000,0x0000000015ba0000)]
  0x000000001454a000 JavaThread "Attach Listener" daemon [_thread_blocked, id=6744, stack(0x00000000159a0000,0x0000000015aa0000)]
  0x0000000014549000 JavaThread "Signal Dispatcher" daemon [_thread_blocked, id=1096, stack(0x00000000158a0000,0x00000000159a0000)]
  0x0000000001e76800 JavaThread "Finalizer" daemon [_thread_blocked, id=4968, stack(0x00000000157a0000,0x00000000158a0000)]
  0x0000000001e6e000 JavaThread "Reference Handler" daemon [_thread_blocked, id=8932, stack(0x00000000156a0000,0x00000000157a0000)]
  0x0000000001d81000 JavaThread "main" [_thread_in_Java, id=7228, stack(0x0000000001c30000,0x0000000001d30000)]

Other Threads:
  0x0000000014517000 VMThread [stack: 0x00000000155a0000,0x00000000156a0000] [id=5512]
  0x0000000014598000 WatcherThread [stack: 0x00000000162a0000,0x00000000163a0000] [id=7408]

VM state:not at safepoint (normal execution)

VM Mutex/Monitor currently owned by a thread: None

Heap:
 PSYoungGen      total 71680K, used 30705K [0x00000000eab00000, 0x00000000ef600000, 0x0000000100000000)
  eden space 66560K, 38% used [0x00000000eab00000,0x00000000ec3ffc50,0x00000000eec00000)
  from space 5120K, 99% used [0x00000000ef100000,0x00000000ef5fc970,0x00000000ef600000)
  to   space 5120K, 0% used [0x00000000eec00000,0x00000000eec00000,0x00000000ef100000)
 ParOldGen       total 87552K, used 6346K [0x00000000c0000000, 0x00000000c5580000, 0x00000000eab00000)
  object space 87552K, 7% used [0x00000000c0000000,0x00000000c0632b48,0x00000000c5580000)
 Metaspace       used 6120K, capacity 7024K, committed 7296K, reserved 1056768K
  class space    used 588K, capacity 616K, committed 640K, reserved 1048576K

Card table byte_map: [0x0000000011240000,0x0000000011450000] byte_map_base: 0x0000000010c40000

Marking Bits: (ParMarkBitMap*) 0x00000000755c4040
 Begin Bits: [0x00000000119b0000, 0x00000000129b0000)
 End Bits:   [0x00000000129b0000, 0x00000000139b0000)

Polling page: 0x0000000000440000

CodeCache: size=245760Kb used=6383Kb max_used=6396Kb free=239376Kb
 bounds [0x0000000001e80000, 0x00000000024d0000, 0x0000000010e80000]
 total_blobs=1835 nmethods=1566 adapters=182
 compilation: enabled

Compilation events (10 events):
Event: 3.929 Thread 0x0000000014557000 1578       1       com.android.dx.rop.code.ThrowingInsn::getCatches (5 bytes)
Event: 3.929 Thread 0x0000000014557000 nmethod 1578 0x00000000024ba190 code [0x00000000024ba2e0, 0x00000000024ba3f0]
Event: 3.937 Thread 0x0000000014557000 1579       2       com.android.dx.rop.code.ThrowingInsn::accept (8 bytes)
Event: 3.937 Thread 0x0000000014557000 nmethod 1579 0x00000000024ba450 code [0x00000000024ba5c0, 0x00000000024ba748]
Event: 3.939 Thread 0x0000000014557000 1580       2       java.util.BitSet::set (18 bytes)
Event: 3.939 Thread 0x0000000014557000 nmethod 1580 0x00000000024ba7d0 code [0x00000000024ba940, 0x00000000024baad8]
Event: 3.939 Thread 0x0000000014557000 1581       2       com.android.dx.ssa.SsaBasicBlock::insertNewSuccessor (228 bytes)
Event: 3.940 Thread 0x0000000014557000 nmethod 1581 0x00000000024bab90 code [0x00000000024bae20, 0x00000000024bb628]
Event: 3.943 Thread 0x0000000014557000 1582       1       java.util.HashMap$Node::getKey (5 bytes)
Event: 3.943 Thread 0x0000000014557000 nmethod 1582 0x00000000024bbe10 code [0x00000000024bbf60, 0x00000000024bc070]

GC Heap History (4 events):
Event: 3.018 GC heap before
{Heap before GC invocations=1 (full 0):
 PSYoungGen      total 38400K, used 33280K [0x00000000eab00000, 0x00000000ed580000, 0x0000000100000000)
  eden space 33280K, 100% used [0x00000000eab00000,0x00000000ecb80000,0x00000000ecb80000)
  from space 5120K, 0% used [0x00000000ed080000,0x00000000ed080000,0x00000000ed580000)
  to   space 5120K, 0% used [0x00000000ecb80000,0x00000000ecb80000,0x00000000ed080000)
 ParOldGen       total 87552K, used 0K [0x00000000c0000000, 0x00000000c5580000, 0x00000000eab00000)
  object space 87552K, 0% used [0x00000000c0000000,0x00000000c0000000,0x00000000c5580000)
 Metaspace       used 6000K, capacity 6960K, committed 7040K, reserved 1056768K
  class space    used 588K, capacity 616K, committed 640K, reserved 1048576K
Event: 3.187 GC heap after
Heap after GC invocations=1 (full 0):
 PSYoungGen      total 38400K, used 5111K [0x00000000eab00000, 0x00000000ef600000, 0x0000000100000000)
  eden space 33280K, 0% used [0x00000000eab00000,0x00000000eab00000,0x00000000ecb80000)
  from space 5120K, 99% used [0x00000000ecb80000,0x00000000ed07dc88,0x00000000ed080000)
  to   space 5120K, 0% used [0x00000000ef100000,0x00000000ef100000,0x00000000ef600000)
 ParOldGen       total 87552K, used 2124K [0x00000000c0000000, 0x00000000c5580000, 0x00000000eab00000)
  object space 87552K, 2% used [0x00000000c0000000,0x00000000c02130c0,0x00000000c5580000)
 Metaspace       used 6000K, capacity 6960K, committed 7040K, reserved 1056768K
  class space    used 588K, capacity 616K, committed 640K, reserved 1048576K
}
Event: 3.772 GC heap before
{Heap before GC invocations=2 (full 0):
 PSYoungGen      total 38400K, used 38391K [0x00000000eab00000, 0x00000000ef600000, 0x0000000100000000)
  eden space 33280K, 100% used [0x00000000eab00000,0x00000000ecb80000,0x00000000ecb80000)
  from space 5120K, 99% used [0x00000000ecb80000,0x00000000ed07dc88,0x00000000ed080000)
  to   space 5120K, 0% used [0x00000000ef100000,0x00000000ef100000,0x00000000ef600000)
 ParOldGen       total 87552K, used 2124K [0x00000000c0000000, 0x00000000c5580000, 0x00000000eab00000)
  object space 87552K, 2% used [0x00000000c0000000,0x00000000c02130c0,0x00000000c5580000)
 Metaspace       used 6098K, capacity 7024K, committed 7296K, reserved 1056768K
  class space    used 588K, capacity 616K, committed 640K, reserved 1048576K
Event: 3.830 GC heap after
Heap after GC invocations=2 (full 0):
 PSYoungGen      total 71680K, used 5106K [0x00000000eab00000, 0x00000000ef600000, 0x0000000100000000)
  eden space 66560K, 0% used [0x00000000eab00000,0x00000000eab00000,0x00000000eec00000)
  from space 5120K, 99% used [0x00000000ef100000,0x00000000ef5fc970,0x00000000ef600000)
  to   space 5120K, 0% used [0x00000000eec00000,0x00000000eec00000,0x00000000ef100000)
 ParOldGen       total 87552K, used 6346K [0x00000000c0000000, 0x00000000c5580000, 0x00000000eab00000)
  object space 87552K, 7% used [0x00000000c0000000,0x00000000c0632b48,0x00000000c5580000)
 Metaspace       used 6098K, capacity 7024K, committed 7296K, reserved 1056768K
  class space    used 588K, capacity 616K, committed 640K, reserved 1048576K
}

Deoptimization events (10 events):
Event: 2.313 Thread 0x000000001602c000 Uncommon trap: reason=unstable_if action=reinterpret pc=0x00000000022f3100 method=com.android.dx.rop.code.RegisterSpecSet.put(Lcom/android/dx/rop/code/RegisterSpec;)V @ 77
Event: 2.680 Thread 0x000000001602d800 Uncommon trap: reason=unstable_if action=reinterpret pc=0x0000000002118eb4 method=java.util.BitSet.ensureCapacity(I)V @ 6
Event: 3.253 Thread 0x0000000015fe9800 Uncommon trap: reason=unstable_if action=reinterpret pc=0x000000000226b678 method=com.android.dx.rop.code.RegisterSpec.equals(ILcom/android/dx/rop/type/TypeBearer;Lcom/android/dx/rop/code/LocalItem;)Z @ 16
Event: 3.296 Thread 0x0000000001d81000 Uncommon trap: reason=unstable_if action=reinterpret pc=0x000000000239c858 method=com.android.dx.rop.type.Type.isReference()Z @ 6
Event: 3.300 Thread 0x0000000015fe9000 Uncommon trap: reason=bimorphic action=maybe_recompile pc=0x00000000023be0f8 method=java.util.HashMap.putVal(ILjava/lang/Object;Ljava/lang/Object;ZZ)Ljava/lang/Object; @ 91
Event: 3.300 Thread 0x0000000015fe9000 Uncommon trap: reason=bimorphic action=maybe_recompile pc=0x00000000023be0f8 method=java.util.HashMap.putVal(ILjava/lang/Object;Ljava/lang/Object;ZZ)Ljava/lang/Object; @ 91
Event: 3.301 Thread 0x0000000015fe9000 Uncommon trap: reason=unstable_if action=reinterpret pc=0x00000000023bdbdc method=java.util.HashMap.putVal(ILjava/lang/Object;Ljava/lang/Object;ZZ)Ljava/lang/Object; @ 193
Event: 3.301 Thread 0x0000000015fe9000 Uncommon trap: reason=bimorphic action=maybe_recompile pc=0x00000000022f71f4 method=java.util.HashMap.getNode(ILjava/lang/Object;)Ljava/util/HashMap$Node; @ 126
Event: 3.301 Thread 0x0000000015fe9000 Uncommon trap: reason=bimorphic action=maybe_recompile pc=0x00000000022f71f4 method=java.util.HashMap.getNode(ILjava/lang/Object;)Ljava/util/HashMap$Node; @ 126
Event: 3.887 Thread 0x0000000001d81000 Uncommon trap: reason=unstable_if action=reinterpret pc=0x00000000022f4e1c method=com.android.dx.ssa.SsaMethod.updateOneDefinition(Lcom/android/dx/ssa/SsaInsn;Lcom/android/dx/rop/code/RegisterSpec;)V @ 4

Internal exceptions (3 events):
Event: 0.092 Thread 0x0000000001d81000 Exception <a 'java/lang/NoSuchMethodError': Method sun.misc.Unsafe.defineClass(Ljava/lang/String;[BII)Ljava/lang/Class; name or signature does not match> (0x00000000eab0d4b0) thrown at [C:\re\workspace\8-2-build-windows-amd64-cygwin\jdk8u45\3627\hotspot\sr[(ÎÀT¬·?
Event: 0.092 Thread 0x0000000001d81000 Exception <a 'java/lang/NoSuchMethodError': Method sun.misc.Unsafe.prefetchRead(Ljava/lang/Object;J)V name or signature does not match> (0x00000000eab0d740) thrown at [C:\re\workspace\8-2-build-windows-amd64-cygwin\jdk8u45\3627\hotspot\src\share\vm\prims\j?¬³LÂ@
Event: 2.126 Thread 0x0000000015fe9800 Implicit null exception at 0x00000000021d3395 to 0x00000000021d4be5

Events (10 events):
Event: 3.301 Thread 0x0000000015fe9000 Uncommon trap: trap_request=0xffffffc6 fr.pc=0x00000000022f71f4
Event: 3.301 Thread 0x0000000015fe9000 DEOPT PACKING pc=0x00000000022f71f4 sp=0x000000001679e8d0
Event: 3.301 Thread 0x0000000015fe9000 DEOPT UNPACKING pc=0x0000000001ec582a sp=0x000000001679e850 mode 2
Event: 3.638 Executing VM operation: ParallelGCFailedAllocation
Event: 3.830 Executing VM operation: ParallelGCFailedAllocation done
Event: 3.886 loading class com/android/dx/rop/code/RegOps
Event: 3.886 loading class com/android/dx/rop/code/RegOps done
Event: 3.887 Thread 0x0000000001d81000 Uncommon trap: trap_request=0xffffff65 fr.pc=0x00000000022f4e1c
Event: 3.887 Thread 0x0000000001d81000 DEOPT PACKING pc=0x00000000022f4e1c sp=0x0000000001d2df60
Event: 3.887 Thread 0x0000000001d81000 DEOPT UNPACKING pc=0x0000000001ec582a sp=0x0000000001d2df08 mode 2


Dynamic libraries:
0x00007ff6cea30000 - 0x00007ff6cea67000 	C:\Program Files\Java\jdk1.8.0_45\bin\java.exe
0x00007ffeeff40000 - 0x00007ffef00ed000 	C:\Windows\SYSTEM32\ntdll.dll
0x00007ffeefd90000 - 0x00007ffeefece000 	C:\Windows\system32\KERNEL32.DLL
0x00007ffeed480000 - 0x00007ffeed595000 	C:\Windows\system32\KERNELBASE.dll
0x00007ffeebc40000 - 0x00007ffeebcce000 	C:\Windows\system32\apphelp.dll
0x00007ffed2f90000 - 0x00007ffed2fe3000 	C:\Windows\AppPatch\AppPatch64\AcGenral.DLL
0x00007ffeef270000 - 0x00007ffeef31a000 	C:\Windows\system32\msvcrt.dll
0x00007ffeed5a0000 - 0x00007ffeed5ce000 	C:\Windows\system32\SspiCli.dll
0x00007ffeef700000 - 0x00007ffeef754000 	C:\Windows\system32\SHLWAPI.dll
0x00007ffeefb90000 - 0x00007ffeefd07000 	C:\Windows\system32\USER32.dll
0x00007ffeed7a0000 - 0x00007ffeed934000 	C:\Windows\system32\ole32.dll
0x00007ffeed940000 - 0x00007ffeeee69000 	C:\Windows\system32\SHELL32.dll
0x00007ffeec6c0000 - 0x00007ffeec6e1000 	C:\Windows\SYSTEM32\USERENV.dll
0x00007ffeef600000 - 0x00007ffeef6aa000 	C:\Windows\system32\ADVAPI32.dll
0x00007ffedcee0000 - 0x00007ffedcefe000 	C:\Windows\SYSTEM32\MPR.dll
0x00007ffeef130000 - 0x00007ffeef270000 	C:\Windows\system32\RPCRT4.dll
0x00007ffeefd20000 - 0x00007ffeefd79000 	C:\Windows\SYSTEM32\sechost.dll
0x00007ffeef3e0000 - 0x00007ffeef5f1000 	C:\Windows\SYSTEM32\combase.dll
0x00007ffeef830000 - 0x00007ffeef97f000 	C:\Windows\system32\GDI32.dll
0x00007ffeed070000 - 0x00007ffeed085000 	C:\Windows\SYSTEM32\profapi.dll
0x00007ffeeb710000 - 0x00007ffeeb7c2000 	C:\Windows\SYSTEM32\SHCORE.dll
0x00007ffeef6c0000 - 0x00007ffeef6f6000 	C:\Windows\system32\IMM32.DLL
0x00007ffeed640000 - 0x00007ffeed792000 	C:\Windows\system32\MSCTF.dll
0x00007ffee8b90000 - 0x00007ffee8e0b000 	C:\Windows\WinSxS\amd64_microsoft.windows.common-controls_6595b64144ccf1df_6.0.9600.18006_none_623f33d3ecbe86e8\COMCTL32.dll
0x0000000075650000 - 0x0000000075722000 	C:\Program Files\Java\jdk1.8.0_45\jre\bin\msvcr100.dll
0x0000000074dc0000 - 0x0000000075643000 	C:\Program Files\Java\jdk1.8.0_45\jre\bin\server\jvm.dll
0x00007ffed00d0000 - 0x00007ffed00d9000 	C:\Windows\SYSTEM32\WSOCK32.dll
0x00007ffee53c0000 - 0x00007ffee53e2000 	C:\Windows\SYSTEM32\WINMM.dll
0x00007ffee5250000 - 0x00007ffee525a000 	C:\Windows\SYSTEM32\VERSION.dll
0x00007ffeef6b0000 - 0x00007ffeef6b7000 	C:\Windows\system32\PSAPI.DLL
0x00007ffeed5d0000 - 0x00007ffeed62a000 	C:\Windows\system32\WS2_32.dll
0x00007ffee5390000 - 0x00007ffee53ba000 	C:\Windows\SYSTEM32\WINMMBASE.dll
0x00007ffeefd10000 - 0x00007ffeefd19000 	C:\Windows\system32\NSI.dll
0x00007ffeed140000 - 0x00007ffeed18f000 	C:\Windows\SYSTEM32\cfgmgr32.dll
0x00007ffeebe90000 - 0x00007ffeebeb8000 	C:\Windows\SYSTEM32\DEVOBJ.dll
0x0000000074db0000 - 0x0000000074dbf000 	C:\Program Files\Java\jdk1.8.0_45\jre\bin\verify.dll
0x0000000074d80000 - 0x0000000074da9000 	C:\Program Files\Java\jdk1.8.0_45\jre\bin\java.dll
0x0000000074d60000 - 0x0000000074d76000 	C:\Program Files\Java\jdk1.8.0_45\jre\bin\zip.dll
0x00007ffec8a50000 - 0x00007ffec8bd9000 	C:\Windows\SYSTEM32\dbghelp.dll

VM Arguments:
jvm_args: -Djava.awt.headless=true -Xmx1024M -Dfile.encoding=windows-1252 -Duser.country=US -Duser.language=en -Duser.variant 
java_command: com.android.dx.command.Main --dex --num-threads=4 --output D:\capstone\CapstoneHomeSeek\app\build\intermediates\pre-dexed\debug\com.google.android.gms-play-services-plus-8.4.0_ec0e27b66eafdf09c736d0c42abd8b76994a8cf6.jar D:\capstone\CapstoneHomeSeek\app\build\intermediates\exploded-aar\com.google.android.gms\play-services-plus\8.4.0\jars\classes.jar
java_class_path (initial): C:\Users\pluckannfeel\AppData\Local\Android\sdk\build-tools\23.0.3\lib\dx.jar
Launcher Type: SUN_STANDARD

Environment Variables:
JAVA_HOME=C:\Program Files (x86)\Java\jdk1.7.0_71
PATH=C:\ProgramData\Oracle\Java\javapath;C:\Windows\system32;C:\Windows;C:\Windows\System32\Wbem;C:\Windows\System32\WindowsPowerShell\v1.0\;C:\Program Files (x86)\Microsoft SQL Server\100\Tools\Binn\;C:\Program Files\Microsoft SQL Server\100\Tools\Binn\;C:\Program Files\Microsoft SQL Server\100\DTS\Binn\;C:\Program Files (x86)\Microsoft SQL Server\100\Tools\Binn\VSShell\Common7\IDE\;C:\Program Files (x86)\Microsoft SQL Server\100\DTS\Binn\;C:\Program Files (x86)\Microsoft SQL Server\90\Tools\binn\;C:\Program Files\nodejs\;C:\Program Files (x86)\GtkSharp\2.12\bin;C:\Program Files (x86)\Skype\Phone\;C:\Users\pluckannfeel\AppData\Roaming\npm
USERNAME=pluckannfeel
OS=Windows_NT
PROCESSOR_IDENTIFIER=Intel64 Family 6 Model 60 Stepping 3, GenuineIntel



---------------  S Y S T E M  ---------------

OS: Windows 8.1 , 64 bit Build 9600 (6.3.9600.17415)

CPU:total 4 (2 cores per cpu, 2 threads per core) family 6 model 60 stepping 3, cmov, cx8, fxsr, mmx, sse, sse2, sse3, ssse3, sse4.1, sse4.2, popcnt, avx, avx2, aes, clmul, erms, lzcnt, ht, tsc, tscinvbit, bmi1, bmi2

Memory: 4k page, physical 8302956k(1088560k free), swap 11448684k(5108k free)

vm_info: Java HotSpot(TM) 64-Bit Server VM (25.45-b02) for windows-amd64 JRE (1.8.0_45-b15), built on Apr 30 2015 12:40:44 by "java_re" with MS VC++ 10.0 (VS2010)

time: Tue Nov 29 13:25:00 2016
elapsed time: 3 seconds (0d 0h 0m 3s)

