#
# There is insufficient memory for the Java Runtime Environment to continue.
# Native memory allocation (malloc) failed to allocate 890976 bytes for Chunk::new
# Possible reasons:
#   The system is out of physical RAM or swap space
#   In 32 bit mode, the process size limit was hit
# Possible solutions:
#   Reduce memory load on the system
#   Increase physical memory or swap space
#   Check if swap backing store is full
#   Use 64 bit Java on a 64 bit OS
#   Decrease Java heap size (-Xmx/-Xms)
#   Decrease number of Java threads
#   Decrease Java thread stack sizes (-Xss)
#   Set larger code cache with -XX:ReservedCodeCacheSize=
# This output file may be truncated or incomplete.
#
#  Out of Memory Error (allocation.cpp:390), pid=2400, tid=6964
#
# JRE version: Java(TM) SE Runtime Environment (8.0_45-b15) (build 1.8.0_45-b15)
# Java VM: Java HotSpot(TM) 64-Bit Server VM (25.45-b02 mixed mode windows-amd64 compressed oops)
# Failed to write core dump. Minidumps are not enabled by default on client versions of Windows
#

---------------  T H R E A D  ---------------

Current thread (0x00000000147c6000):  JavaThread "C2 CompilerThread1" daemon [_thread_in_native, id=6964, stack(0x0000000015de0000,0x0000000015ee0000)]

Stack: [0x0000000015de0000,0x0000000015ee0000]
Native frames: (J=compiled Java code, j=interpreted, Vv=VM code, C=native code)
V  [jvm.dll+0x32b57a]


Current CompileTask:
C2:   2721 1252       4       com.android.dx.ssa.SCCP::simulateStmt (481 bytes)


---------------  P R O C E S S  ---------------

Java Threads: ( => current thread )
  0x00000000162a7000 JavaThread "pool-1-thread-4" [_thread_blocked, id=6588, stack(0x00000000169e0000,0x0000000016ae0000)]
  0x00000000162a6000 JavaThread "pool-1-thread-3" [_thread_blocked, id=4332, stack(0x00000000168e0000,0x00000000169e0000)]
  0x00000000162c3800 JavaThread "pool-1-thread-2" [_thread_blocked, id=4540, stack(0x00000000167e0000,0x00000000168e0000)]
  0x00000000162c2800 JavaThread "pool-2-thread-1" [_thread_blocked, id=148, stack(0x00000000166e0000,0x00000000167e0000)]
  0x00000000162c1800 JavaThread "pool-1-thread-1" [_thread_in_Java, id=9032, stack(0x00000000165e0000,0x00000000166e0000)]
  0x0000000015fe5800 JavaThread "Service Thread" daemon [_thread_blocked, id=6644, stack(0x00000000163e0000,0x00000000164e0000)]
  0x00000000147cc000 JavaThread "C1 CompilerThread2" daemon [_thread_blocked, id=8928, stack(0x0000000015ee0000,0x0000000015fe0000)]
=>0x00000000147c6000 JavaThread "C2 CompilerThread1" daemon [_thread_in_native, id=6964, stack(0x0000000015de0000,0x0000000015ee0000)]
  0x000000001476c800 JavaThread "C2 CompilerThread0" daemon [_thread_in_native, id=6108, stack(0x0000000015ce0000,0x0000000015de0000)]
  0x000000001476a800 JavaThread "Attach Listener" daemon [_thread_blocked, id=8112, stack(0x0000000015be0000,0x0000000015ce0000)]
  0x0000000014769800 JavaThread "Signal Dispatcher" daemon [_thread_blocked, id=6916, stack(0x0000000015ae0000,0x0000000015be0000)]
  0x0000000002096800 JavaThread "Finalizer" daemon [_thread_blocked, id=6028, stack(0x00000000159e0000,0x0000000015ae0000)]
  0x000000000208e000 JavaThread "Reference Handler" daemon [_thread_blocked, id=4796, stack(0x00000000158e0000,0x00000000159e0000)]
  0x0000000001fa1000 JavaThread "main" [_thread_blocked, id=3096, stack(0x0000000001e20000,0x0000000001f20000)]

Other Threads:
  0x0000000014737000 VMThread [stack: 0x00000000157e0000,0x00000000158e0000] [id=7124]
  0x0000000015fe6800 WatcherThread [stack: 0x00000000164e0000,0x00000000165e0000] [id=5624]

VM state:not at safepoint (normal execution)

VM Mutex/Monitor currently owned by a thread: None

Heap:
 PSYoungGen      total 71680K, used 12079K [0x00000000eab00000, 0x00000000ef600000, 0x0000000100000000)
  eden space 66560K, 10% used [0x00000000eab00000,0x00000000eb1d12f0,0x00000000eec00000)
  from space 5120K, 99% used [0x00000000ef100000,0x00000000ef5faab8,0x00000000ef600000)
  to   space 5120K, 0% used [0x00000000eec00000,0x00000000eec00000,0x00000000ef100000)
 ParOldGen       total 87552K, used 5650K [0x00000000c0000000, 0x00000000c5580000, 0x00000000eab00000)
  object space 87552K, 6% used [0x00000000c0000000,0x00000000c0584ab0,0x00000000c5580000)
 Metaspace       used 6059K, capacity 7024K, committed 7296K, reserved 1056768K
  class space    used 589K, capacity 616K, committed 640K, reserved 1048576K

Card table byte_map: [0x0000000011460000,0x0000000011670000] byte_map_base: 0x0000000010e60000

Marking Bits: (ParMarkBitMap*) 0x00000000755c4040
 Begin Bits: [0x0000000011bd0000, 0x0000000012bd0000)
 End Bits:   [0x0000000012bd0000, 0x0000000013bd0000)

Polling page: 0x0000000000470000

CodeCache: size=245760Kb used=5555Kb max_used=5555Kb free=240204Kb
 bounds [0x00000000020a0000, 0x0000000002610000, 0x00000000110a0000]
 total_blobs=1688 nmethods=1418 adapters=182
 compilation: disabled (not enough contiguous free space left)

Compilation events (10 events):
Event: 2.363 Thread 0x00000000147cc000 nmethod 1304 0x00000000025a5910 code [0x00000000025a5ae0, 0x00000000025a6358]
Event: 2.363 Thread 0x00000000147cc000 1303       3       com.android.dx.ssa.SsaMethod::onInsnsChanged (16 bytes)
Event: 2.363 Thread 0x00000000147cc000 nmethod 1303 0x00000000025a6850 code [0x00000000025a69a0, 0x00000000025a6b30]
Event: 2.363 Thread 0x00000000147cc000 1302       3       java.util.Collections$UnmodifiableList::get (11 bytes)
Event: 2.363 Thread 0x00000000147cc000 nmethod 1302 0x00000000025a6bd0 code [0x00000000025a6d40, 0x00000000025a6f68]
Event: 2.363 Thread 0x00000000147cc000 1305       3       com.android.dx.rop.code.BasicBlockList$RegCountVisitor::visitThrowingInsn (6 bytes)
Event: 2.363 Thread 0x00000000147cc000 nmethod 1305 0x00000000025a7010 code [0x00000000025a7180, 0x00000000025a7308]
Event: 2.363 Thread 0x00000000147cc000 1306       1       com.android.dx.rop.code.Insn$BaseVisitor::visitThrowingCstInsn (1 bytes)
Event: 2.363 Thread 0x00000000147cc000 nmethod 1306 0x00000000025a7390 code [0x00000000025a74e0, 0x00000000025a75f0]
Event: 2.363 Thread 0x00000000147cc000 1307       3       com.android.dx.dex.code.SimpleInsn::<init> (8 bytes)

GC Heap History (2 events):
Event: 1.826 GC heap before
{Heap before GC invocations=1 (full 0):
 PSYoungGen      total 38400K, used 33280K [0x00000000eab00000, 0x00000000ed580000, 0x0000000100000000)
  eden space 33280K, 100% used [0x00000000eab00000,0x00000000ecb80000,0x00000000ecb80000)
  from space 5120K, 0% used [0x00000000ed080000,0x00000000ed080000,0x00000000ed580000)
  to   space 5120K, 0% used [0x00000000ecb80000,0x00000000ecb80000,0x00000000ed080000)
 ParOldGen       total 87552K, used 0K [0x00000000c0000000, 0x00000000c5580000, 0x00000000eab00000)
  object space 87552K, 0% used [0x00000000c0000000,0x00000000c0000000,0x00000000c5580000)
 Metaspace       used 5924K, capacity 6896K, committed 7040K, reserved 1056768K
  class space    used 587K, capacity 616K, committed 640K, reserved 1048576K
Event: 2.263 GC heap after
Heap after GC invocations=1 (full 0):
 PSYoungGen      total 38400K, used 5109K [0x00000000eab00000, 0x00000000ef600000, 0x0000000100000000)
  eden space 33280K, 0% used [0x00000000eab00000,0x00000000eab00000,0x00000000ecb80000)
  from space 5120K, 99% used [0x00000000ecb80000,0x00000000ed07d680,0x00000000ed080000)
  to   space 5120K, 0% used [0x00000000ef100000,0x00000000ef100000,0x00000000ef600000)
 ParOldGen       total 87552K, used 1195K [0x00000000c0000000, 0x00000000c5580000, 0x00000000eab00000)
  object space 87552K, 1% used [0x00000000c0000000,0x00000000c012ad48,0x00000000c5580000)
 Metaspace       used 5924K, capacity 6896K, committed 7040K, reserved 1056768K
  class space    used 587K, capacity 616K, committed 640K, reserved 1048576K
}

Deoptimization events (8 events):
Event: 1.078 Thread 0x00000000162a7000 Uncommon trap: reason=unstable_if action=reinterpret pc=0x000000000232f594 method=java.util.HashMap.getNode(ILjava/lang/Object;)Ljava/util/HashMap$Node; @ 129
Event: 1.228 Thread 0x00000000162c3800 Uncommon trap: reason=class_check action=maybe_recompile pc=0x00000000023a0638 method=com.android.dx.ssa.NormalSsaInsn.accept(Lcom/android/dx/ssa/SsaInsn$Visitor;)V @ 9
Event: 1.228 Thread 0x00000000162c3800 Uncommon trap: reason=class_check action=maybe_recompile pc=0x000000000232cef0 method=com.android.dx.ssa.NormalSsaInsn.accept(Lcom/android/dx/ssa/SsaInsn$Visitor;)V @ 9
Event: 1.228 Thread 0x00000000162c3800 Uncommon trap: reason=class_check action=maybe_recompile pc=0x000000000232cef0 method=com.android.dx.ssa.NormalSsaInsn.accept(Lcom/android/dx/ssa/SsaInsn$Visitor;)V @ 9
Event: 1.441 Thread 0x00000000162c3800 Uncommon trap: reason=class_check action=maybe_recompile pc=0x00000000023a0638 method=com.android.dx.ssa.NormalSsaInsn.accept(Lcom/android/dx/ssa/SsaInsn$Visitor;)V @ 9
Event: 1.441 Thread 0x00000000162c3800 Uncommon trap: reason=class_check action=maybe_recompile pc=0x000000000232cef0 method=com.android.dx.ssa.NormalSsaInsn.accept(Lcom/android/dx/ssa/SsaInsn$Visitor;)V @ 9
Event: 1.576 Thread 0x00000000162a6000 Uncommon trap: reason=unstable_if action=reinterpret pc=0x0000000002446cdc method=com.android.dx.rop.code.RegisterSpecSet.put(Lcom/android/dx/rop/code/RegisterSpec;)V @ 77
Event: 1.586 Thread 0x00000000162c3800 Uncommon trap: reason=unstable_if action=reinterpret pc=0x000000000249fa3c method=com.android.dx.util.IntList.binarysearch(I)I @ 105

Internal exceptions (2 events):
Event: 0.036 Thread 0x0000000001fa1000 Exception <a 'java/lang/NoSuchMethodError': Method sun.misc.Unsafe.defineClass(Ljava/lang/String;[BII)Ljava/lang/Class; name or signature does not match> (0x00000000eab0d640) thrown at [C:\re\workspace\8-2-build-windows-amd64-cygwin\jdk8u45\3627\hotspot\srV“XÇÇŽ¢?
Event: 0.036 Thread 0x0000000001fa1000 Exception <a 'java/lang/NoSuchMethodError': Method sun.misc.Unsafe.prefetchRead(Ljava/lang/Object;J)V name or signature does not match> (0x00000000eab0d8d0) thrown at [C:\re\workspace\8-2-build-windows-amd64-cygwin\jdk8u45\3627\hotspot\src\share\vm\prims\j

Events (10 events):
Event: 1.576 Thread 0x00000000162a6000 DEOPT UNPACKING pc=0x00000000020e582a sp=0x00000000169ded10 mode 2
Event: 1.581 Executing VM operation: ForceSafepoint
Event: 1.582 Executing VM operation: ForceSafepoint done
Event: 1.586 Thread 0x00000000162c3800 Uncommon trap: trap_request=0xffffff65 fr.pc=0x000000000249fa3c
Event: 1.586 Thread 0x00000000162c3800 DEOPT PACKING pc=0x000000000249fa3c sp=0x00000000168de7f0
Event: 1.586 Thread 0x00000000162c3800 DEOPT UNPACKING pc=0x00000000020e582a sp=0x00000000168de768 mode 2
Event: 1.622 Executing VM operation: ParallelGCFailedAllocation
Event: 2.263 Executing VM operation: ParallelGCFailedAllocation done
Event: 2.352 loading class com/android/dx/cf/code/BytecodeArray$ConstantParserVisitor
Event: 2.352 loading class com/android/dx/cf/code/BytecodeArray$ConstantParserVisitor done


Dynamic libraries:
0x00007ff6cea30000 - 0x00007ff6cea67000 	C:\Program Files\Java\jdk1.8.0_45\bin\java.exe
0x00007ffeeff40000 - 0x00007ffef00ed000 	C:\Windows\SYSTEM32\ntdll.dll
0x00007ffeefd90000 - 0x00007ffeefece000 	C:\Windows\system32\KERNEL32.DLL
0x00007ffeed480000 - 0x00007ffeed595000 	C:\Windows\system32\KERNELBASE.dll
0x00007ffeebc40000 - 0x00007ffeebcce000 	C:\Windows\system32\apphelp.dll
0x00007ffed2f90000 - 0x00007ffed2fe3000 	C:\Windows\AppPatch\AppPatch64\AcGenral.DLL
0x00007ffeef270000 - 0x00007ffeef31a000 	C:\Windows\system32\msvcrt.dll
0x00007ffeed5a0000 - 0x00007ffeed5ce000 	C:\Windows\system32\SspiCli.dll
0x00007ffeef700000 - 0x00007ffeef754000 	C:\Windows\system32\SHLWAPI.dll
0x00007ffeefb90000 - 0x00007ffeefd07000 	C:\Windows\system32\USER32.dll
0x00007ffeed7a0000 - 0x00007ffeed934000 	C:\Windows\system32\ole32.dll
0x00007ffeed940000 - 0x00007ffeeee69000 	C:\Windows\system32\SHELL32.dll
0x00007ffeec6c0000 - 0x00007ffeec6e1000 	C:\Windows\SYSTEM32\USERENV.dll
0x00007ffeef600000 - 0x00007ffeef6aa000 	C:\Windows\system32\ADVAPI32.dll
0x00007ffedcee0000 - 0x00007ffedcefe000 	C:\Windows\SYSTEM32\MPR.dll
0x00007ffeef130000 - 0x00007ffeef270000 	C:\Windows\system32\RPCRT4.dll
0x00007ffeefd20000 - 0x00007ffeefd79000 	C:\Windows\SYSTEM32\sechost.dll
0x00007ffeef3e0000 - 0x00007ffeef5f1000 	C:\Windows\SYSTEM32\combase.dll
0x00007ffeef830000 - 0x00007ffeef97f000 	C:\Windows\system32\GDI32.dll
0x00007ffeed070000 - 0x00007ffeed085000 	C:\Windows\SYSTEM32\profapi.dll
0x00007ffeeb710000 - 0x00007ffeeb7c2000 	C:\Windows\SYSTEM32\SHCORE.dll
0x00007ffeef6c0000 - 0x00007ffeef6f6000 	C:\Windows\system32\IMM32.DLL
0x00007ffeed640000 - 0x00007ffeed792000 	C:\Windows\system32\MSCTF.dll
0x00007ffee8b90000 - 0x00007ffee8e0b000 	C:\Windows\WinSxS\amd64_microsoft.windows.common-controls_6595b64144ccf1df_6.0.9600.18006_none_623f33d3ecbe86e8\COMCTL32.dll
0x0000000075650000 - 0x0000000075722000 	C:\Program Files\Java\jdk1.8.0_45\jre\bin\msvcr100.dll
0x0000000074dc0000 - 0x0000000075643000 	C:\Program Files\Java\jdk1.8.0_45\jre\bin\server\jvm.dll
0x00007ffed00d0000 - 0x00007ffed00d9000 	C:\Windows\SYSTEM32\WSOCK32.dll
0x00007ffee53c0000 - 0x00007ffee53e2000 	C:\Windows\SYSTEM32\WINMM.dll
0x00007ffee5250000 - 0x00007ffee525a000 	C:\Windows\SYSTEM32\VERSION.dll
0x00007ffeef6b0000 - 0x00007ffeef6b7000 	C:\Windows\system32\PSAPI.DLL
0x00007ffeed5d0000 - 0x00007ffeed62a000 	C:\Windows\system32\WS2_32.dll
0x00007ffee5390000 - 0x00007ffee53ba000 	C:\Windows\SYSTEM32\WINMMBASE.dll
0x00007ffeefd10000 - 0x00007ffeefd19000 	C:\Windows\system32\NSI.dll
0x00007ffeed140000 - 0x00007ffeed18f000 	C:\Windows\SYSTEM32\cfgmgr32.dll
0x00007ffeebe90000 - 0x00007ffeebeb8000 	C:\Windows\SYSTEM32\DEVOBJ.dll
0x0000000074db0000 - 0x0000000074dbf000 	C:\Program Files\Java\jdk1.8.0_45\jre\bin\verify.dll
0x0000000074d80000 - 0x0000000074da9000 	C:\Program Files\Java\jdk1.8.0_45\jre\bin\java.dll
0x0000000074d60000 - 0x0000000074d76000 	C:\Program Files\Java\jdk1.8.0_45\jre\bin\zip.dll
0x00007ffec8a50000 - 0x00007ffec8bd9000 	C:\Windows\SYSTEM32\dbghelp.dll

VM Arguments:
jvm_args: -Djava.awt.headless=true -Xmx1024M -Dfile.encoding=windows-1252 -Duser.country=US -Duser.language=en -Duser.variant 
java_command: com.android.dx.command.Main --dex --num-threads=4 --output D:\capstone\CapstoneHomeSeek\app\build\intermediates\pre-dexed\debug\com.google.android.gms-play-services-wearable-8.4.0_77328173f99a167e9f4e1a51b5fc5b4956e93b59.jar D:\capstone\CapstoneHomeSeek\app\build\intermediates\exploded-aar\com.google.android.gms\play-services-wearable\8.4.0\jars\classes.jar
java_class_path (initial): C:\Users\pluckannfeel\AppData\Local\Android\sdk\build-tools\23.0.3\lib\dx.jar
Launcher Type: SUN_STANDARD

Environment Variables:
JAVA_HOME=C:\Program Files (x86)\Java\jdk1.7.0_71
PATH=C:\ProgramData\Oracle\Java\javapath;C:\Windows\system32;C:\Windows;C:\Windows\System32\Wbem;C:\Windows\System32\WindowsPowerShell\v1.0\;C:\Program Files (x86)\Microsoft SQL Server\100\Tools\Binn\;C:\Program Files\Microsoft SQL Server\100\Tools\Binn\;C:\Program Files\Microsoft SQL Server\100\DTS\Binn\;C:\Program Files (x86)\Microsoft SQL Server\100\Tools\Binn\VSShell\Common7\IDE\;C:\Program Files (x86)\Microsoft SQL Server\100\DTS\Binn\;C:\Program Files (x86)\Microsoft SQL Server\90\Tools\binn\;C:\Program Files\nodejs\;C:\Program Files (x86)\GtkSharp\2.12\bin;C:\Program Files (x86)\Skype\Phone\;C:\Users\pluckannfeel\AppData\Roaming\npm
USERNAME=pluckannfeel
OS=Windows_NT
PROCESSOR_IDENTIFIER=Intel64 Family 6 Model 60 Stepping 3, GenuineIntel



---------------  S Y S T E M  ---------------

OS: Windows 8.1 , 64 bit Build 9600 (6.3.9600.17415)

CPU:total 4 (2 cores per cpu, 2 threads per core) family 6 model 60 stepping 3, cmov, cx8, fxsr, mmx, sse, sse2, sse3, ssse3, sse4.1, sse4.2, popcnt, avx, avx2, aes, clmul, erms, lzcnt, ht, tsc, tscinvbit, bmi1, bmi2

Memory: 4k page, physical 8302956k(1084252k free), swap 11448684k(4960k free)

vm_info: Java HotSpot(TM) 64-Bit Server VM (25.45-b02) for windows-amd64 JRE (1.8.0_45-b15), built on Apr 30 2015 12:40:44 by "java_re" with MS VC++ 10.0 (VS2010)

time: Tue Nov 29 13:24:05 2016
elapsed time: 2 seconds (0d 0h 0m 2s)

