#
# There is insufficient memory for the Java Runtime Environment to continue.
# Native memory allocation (malloc) failed to allocate 65552 bytes for Chunk::new
# Possible reasons:
#   The system is out of physical RAM or swap space
#   In 32 bit mode, the process size limit was hit
# Possible solutions:
#   Reduce memory load on the system
#   Increase physical memory or swap space
#   Check if swap backing store is full
#   Use 64 bit Java on a 64 bit OS
#   Decrease Java heap size (-Xmx/-Xms)
#   Decrease number of Java threads
#   Decrease Java thread stack sizes (-Xss)
#   Set larger code cache with -XX:ReservedCodeCacheSize=
# This output file may be truncated or incomplete.
#
#  Out of Memory Error (allocation.cpp:390), pid=8172, tid=3980
#
# JRE version: Java(TM) SE Runtime Environment (8.0_45-b15) (build 1.8.0_45-b15)
# Java VM: Java HotSpot(TM) 64-Bit Server VM (25.45-b02 mixed mode windows-amd64 compressed oops)
# Failed to write core dump. Minidumps are not enabled by default on client versions of Windows
#

---------------  T H R E A D  ---------------

Current thread (0x00000000148a2000):  JavaThread "C2 CompilerThread1" daemon [_thread_in_native, id=3980, stack(0x0000000015ef0000,0x0000000015ff0000)]

Stack: [0x0000000015ef0000,0x0000000015ff0000]
Native frames: (J=compiled Java code, j=interpreted, Vv=VM code, C=native code)
V  [jvm.dll+0x32b57a]


Current CompileTask:
C2:   7008 1469       4       com.android.dx.ssa.LocalVariableExtractor::processBlock (383 bytes)


---------------  P R O C E S S  ---------------

Java Threads: ( => current thread )
  0x00000000163d6800 JavaThread "pool-1-thread-4" [_thread_in_Java, id=8300, stack(0x0000000016af0000,0x0000000016bf0000)]
  0x00000000163cf800 JavaThread "pool-1-thread-3" [_thread_blocked, id=3940, stack(0x00000000169f0000,0x0000000016af0000)]
  0x00000000163ce800 JavaThread "pool-1-thread-2" [_thread_blocked, id=2820, stack(0x00000000168f0000,0x00000000169f0000)]
  0x00000000163cc000 JavaThread "pool-2-thread-1" [_thread_blocked, id=8284, stack(0x00000000167f0000,0x00000000168f0000)]
  0x00000000163c5000 JavaThread "pool-1-thread-1" [_thread_blocked, id=3476, stack(0x00000000166f0000,0x00000000167f0000)]
  0x000000001610f000 JavaThread "Service Thread" daemon [_thread_blocked, id=8336, stack(0x00000000164f0000,0x00000000165f0000)]
  0x00000000148f2800 JavaThread "C1 CompilerThread2" daemon [_thread_in_native, id=7840, stack(0x0000000015ff0000,0x00000000160f0000)]
=>0x00000000148a2000 JavaThread "C2 CompilerThread1" daemon [_thread_in_native, id=3980, stack(0x0000000015ef0000,0x0000000015ff0000)]
  0x000000001489f000 JavaThread "C2 CompilerThread0" daemon [_thread_in_native, id=3460, stack(0x0000000015df0000,0x0000000015ef0000)]
  0x000000001489d800 JavaThread "Attach Listener" daemon [_thread_blocked, id=4760, stack(0x0000000015cf0000,0x0000000015df0000)]
  0x000000001489c800 JavaThread "Signal Dispatcher" daemon [_thread_blocked, id=7072, stack(0x0000000015bf0000,0x0000000015cf0000)]
  0x00000000021c3800 JavaThread "Finalizer" daemon [_thread_blocked, id=5488, stack(0x0000000015af0000,0x0000000015bf0000)]
  0x00000000021c0000 JavaThread "Reference Handler" daemon [_thread_blocked, id=7552, stack(0x00000000159f0000,0x0000000015af0000)]
  0x00000000020d1000 JavaThread "main" [_thread_in_vm, id=5748, stack(0x0000000001f50000,0x0000000002050000)]

Other Threads:
  0x0000000014868000 VMThread [stack: 0x00000000158f0000,0x00000000159f0000] [id=5892]
  0x000000001610f800 WatcherThread [stack: 0x00000000165f0000,0x00000000166f0000] [id=7772]

VM state:not at safepoint (normal execution)

VM Mutex/Monitor currently owned by a thread: None

Heap:
 PSYoungGen      total 38400K, used 12252K [0x00000000eab00000, 0x00000000ed580000, 0x0000000100000000)
  eden space 33280K, 21% used [0x00000000eab00000,0x00000000eb1ff2f0,0x00000000ecb80000)
  from space 5120K, 99% used [0x00000000ecb80000,0x00000000ed078040,0x00000000ed080000)
  to   space 5120K, 0% used [0x00000000ed080000,0x00000000ed080000,0x00000000ed580000)
 ParOldGen       total 87552K, used 1103K [0x00000000c0000000, 0x00000000c5580000, 0x00000000eab00000)
  object space 87552K, 1% used [0x00000000c0000000,0x00000000c0113fc0,0x00000000c5580000)
 Metaspace       used 6073K, capacity 7024K, committed 7296K, reserved 1056768K
  class space    used 585K, capacity 616K, committed 640K, reserved 1048576K

Card table byte_map: [0x0000000011590000,0x00000000117a0000] byte_map_base: 0x0000000010f90000

Marking Bits: (ParMarkBitMap*) 0x00000000755c4040
 Begin Bits: [0x0000000011d00000, 0x0000000012d00000)
 End Bits:   [0x0000000012d00000, 0x0000000013d00000)

Polling page: 0x0000000000640000

CodeCache: size=245760Kb used=5845Kb max_used=5845Kb free=239914Kb
 bounds [0x00000000021d0000, 0x0000000002790000, 0x00000000111d0000]
 total_blobs=1738 nmethods=1469 adapters=182
 compilation: enabled

Compilation events (10 events):
Event: 6.930 Thread 0x00000000148f2800 1468       3       com.android.dx.dex.code.DalvCode::<init> (68 bytes)
Event: 6.930 Thread 0x00000000148f2800 nmethod 1468 0x00000000027822d0 code [0x0000000002782460, 0x0000000002782878]
Event: 6.931 Thread 0x00000000148a2000 1469       4       com.android.dx.ssa.LocalVariableExtractor::processBlock (383 bytes)
Event: 6.952 Thread 0x00000000148f2800 1470       3       com.android.dx.cf.code.RopperMachine::updateReturnOp (115 bytes)
Event: 6.953 Thread 0x00000000148f2800 nmethod 1470 0x0000000002782a10 code [0x0000000002782ca0, 0x0000000002783ed8]
Event: 6.955 Thread 0x000000001489f000 1471       4       com.android.dx.ssa.LiteralOpUpgrader::tryReplacingWithConstant (161 bytes)
Event: 6.955 Thread 0x00000000148f2800 1473       3       com.android.dx.dex.file.ClassDefItem::addVirtualMethod (9 bytes)
Event: 6.956 Thread 0x00000000148f2800 nmethod 1473 0x0000000002784710 code [0x00000000027848c0, 0x0000000002784f78]
Event: 6.957 Thread 0x00000000148f2800 1475       3       com.android.dx.rop.cst.CstKnownNull::equals (5 bytes)
Event: 6.957 Thread 0x00000000148f2800 nmethod 1475 0x0000000002785350 code [0x00000000027854a0, 0x00000000027856f0]

GC Heap History (2 events):
Event: 6.270 GC heap before
{Heap before GC invocations=1 (full 0):
 PSYoungGen      total 38400K, used 33280K [0x00000000eab00000, 0x00000000ed580000, 0x0000000100000000)
  eden space 33280K, 100% used [0x00000000eab00000,0x00000000ecb80000,0x00000000ecb80000)
  from space 5120K, 0% used [0x00000000ed080000,0x00000000ed080000,0x00000000ed580000)
  to   space 5120K, 0% used [0x00000000ecb80000,0x00000000ecb80000,0x00000000ed080000)
 ParOldGen       total 87552K, used 0K [0x00000000c0000000, 0x00000000c5580000, 0x00000000eab00000)
  object space 87552K, 0% used [0x00000000c0000000,0x00000000c0000000,0x00000000c5580000)
 Metaspace       used 6003K, capacity 6960K, committed 7040K, reserved 1056768K
  class space    used 585K, capacity 616K, committed 640K, reserved 1048576K
Event: 6.370 GC heap after
Heap after GC invocations=1 (full 0):
 PSYoungGen      total 38400K, used 5088K [0x00000000eab00000, 0x00000000ed580000, 0x0000000100000000)
  eden space 33280K, 0% used [0x00000000eab00000,0x00000000eab00000,0x00000000ecb80000)
  from space 5120K, 99% used [0x00000000ecb80000,0x00000000ed078040,0x00000000ed080000)
  to   space 5120K, 0% used [0x00000000ed080000,0x00000000ed080000,0x00000000ed580000)
 ParOldGen       total 87552K, used 1103K [0x00000000c0000000, 0x00000000c5580000, 0x00000000eab00000)
  object space 87552K, 1% used [0x00000000c0000000,0x00000000c0113fc0,0x00000000c5580000)
 Metaspace       used 6003K, capacity 6960K, committed 7040K, reserved 1056768K
  class space    used 585K, capacity 616K, committed 640K, reserved 1048576K
}

Deoptimization events (2 events):
Event: 3.461 Thread 0x00000000163cf800 Uncommon trap: reason=unstable_if action=reinterpret pc=0x00000000023ef9f0 method=java.util.BitSet.nextSetBit(I)I @ 87
Event: 4.352 Thread 0x00000000020d1000 Uncommon trap: reason=unstable_if action=reinterpret pc=0x0000000002593d40 method=com.android.dx.rop.code.RegisterSpecSet.put(Lcom/android/dx/rop/code/RegisterSpec;)V @ 77

Internal exceptions (2 events):
Event: 0.066 Thread 0x00000000020d1000 Exception <a 'java/lang/NoSuchMethodError': Method sun.misc.Unsafe.defineClass(Ljava/lang/String;[BII)Ljava/lang/Class; name or signature does not match> (0x00000000eab0d4b8) thrown at [C:\re\workspace\8-2-build-windows-amd64-cygwin\jdk8u45\3627\hotspot\sr;$ØFÙ°?
Event: 0.066 Thread 0x00000000020d1000 Exception <a 'java/lang/NoSuchMethodError': Method sun.misc.Unsafe.prefetchRead(Ljava/lang/Object;J)V name or signature does not match> (0x00000000eab0d748) thrown at [C:\re\workspace\8-2-build-windows-amd64-cygwin\jdk8u45\3627\hotspot\src\share\vm\prims\j

Events (10 events):
Event: 3.816 Executing VM operation: ForceSafepoint done
Event: 4.205 Executing VM operation: EnableBiasedLocking
Event: 4.261 Executing VM operation: EnableBiasedLocking done
Event: 4.323 loading class com/android/dx/cf/attrib/AttLocalVariableTypeTable
Event: 4.323 loading class com/android/dx/cf/attrib/AttLocalVariableTypeTable done
Event: 4.352 Thread 0x00000000020d1000 Uncommon trap: trap_request=0xffffff65 fr.pc=0x0000000002593d40
Event: 4.352 Thread 0x00000000020d1000 DEOPT PACKING pc=0x0000000002593d40 sp=0x000000000204e320
Event: 4.352 Thread 0x00000000020d1000 DEOPT UNPACKING pc=0x000000000221582a sp=0x000000000204e240 mode 2
Event: 6.249 Executing VM operation: ParallelGCFailedAllocation
Event: 6.370 Executing VM operation: ParallelGCFailedAllocation done


Dynamic libraries:
0x00007ff6cea30000 - 0x00007ff6cea67000 	C:\Program Files\Java\jdk1.8.0_45\bin\java.exe
0x00007ffeeff40000 - 0x00007ffef00ed000 	C:\Windows\SYSTEM32\ntdll.dll
0x00007ffeefd90000 - 0x00007ffeefece000 	C:\Windows\system32\KERNEL32.DLL
0x00007ffeed480000 - 0x00007ffeed595000 	C:\Windows\system32\KERNELBASE.dll
0x00007ffeebc40000 - 0x00007ffeebcce000 	C:\Windows\system32\apphelp.dll
0x00007ffed2f90000 - 0x00007ffed2fe3000 	C:\Windows\AppPatch\AppPatch64\AcGenral.DLL
0x00007ffeef270000 - 0x00007ffeef31a000 	C:\Windows\system32\msvcrt.dll
0x00007ffeed5a0000 - 0x00007ffeed5ce000 	C:\Windows\system32\SspiCli.dll
0x00007ffeef700000 - 0x00007ffeef754000 	C:\Windows\system32\SHLWAPI.dll
0x00007ffeefb90000 - 0x00007ffeefd07000 	C:\Windows\system32\USER32.dll
0x00007ffeed7a0000 - 0x00007ffeed934000 	C:\Windows\system32\ole32.dll
0x00007ffeed940000 - 0x00007ffeeee69000 	C:\Windows\system32\SHELL32.dll
0x00007ffeec6c0000 - 0x00007ffeec6e1000 	C:\Windows\SYSTEM32\USERENV.dll
0x00007ffeef600000 - 0x00007ffeef6aa000 	C:\Windows\system32\ADVAPI32.dll
0x00007ffedcee0000 - 0x00007ffedcefe000 	C:\Windows\SYSTEM32\MPR.dll
0x00007ffeef130000 - 0x00007ffeef270000 	C:\Windows\system32\RPCRT4.dll
0x00007ffeefd20000 - 0x00007ffeefd79000 	C:\Windows\SYSTEM32\sechost.dll
0x00007ffeef3e0000 - 0x00007ffeef5f1000 	C:\Windows\SYSTEM32\combase.dll
0x00007ffeef830000 - 0x00007ffeef97f000 	C:\Windows\system32\GDI32.dll
0x00007ffeed070000 - 0x00007ffeed085000 	C:\Windows\SYSTEM32\profapi.dll
0x00007ffeeb710000 - 0x00007ffeeb7c2000 	C:\Windows\SYSTEM32\SHCORE.dll
0x00007ffeef6c0000 - 0x00007ffeef6f6000 	C:\Windows\system32\IMM32.DLL
0x00007ffeed640000 - 0x00007ffeed792000 	C:\Windows\system32\MSCTF.dll
0x00007ffee8b90000 - 0x00007ffee8e0b000 	C:\Windows\WinSxS\amd64_microsoft.windows.common-controls_6595b64144ccf1df_6.0.9600.18006_none_623f33d3ecbe86e8\COMCTL32.dll
0x0000000075650000 - 0x0000000075722000 	C:\Program Files\Java\jdk1.8.0_45\jre\bin\msvcr100.dll
0x0000000074dc0000 - 0x0000000075643000 	C:\Program Files\Java\jdk1.8.0_45\jre\bin\server\jvm.dll
0x00007ffed00d0000 - 0x00007ffed00d9000 	C:\Windows\SYSTEM32\WSOCK32.dll
0x00007ffee53c0000 - 0x00007ffee53e2000 	C:\Windows\SYSTEM32\WINMM.dll
0x00007ffee5250000 - 0x00007ffee525a000 	C:\Windows\SYSTEM32\VERSION.dll
0x00007ffeef6b0000 - 0x00007ffeef6b7000 	C:\Windows\system32\PSAPI.DLL
0x00007ffeed5d0000 - 0x00007ffeed62a000 	C:\Windows\system32\WS2_32.dll
0x00007ffee5390000 - 0x00007ffee53ba000 	C:\Windows\SYSTEM32\WINMMBASE.dll
0x00007ffeefd10000 - 0x00007ffeefd19000 	C:\Windows\system32\NSI.dll
0x00007ffeed140000 - 0x00007ffeed18f000 	C:\Windows\SYSTEM32\cfgmgr32.dll
0x00007ffeebe90000 - 0x00007ffeebeb8000 	C:\Windows\SYSTEM32\DEVOBJ.dll
0x0000000074db0000 - 0x0000000074dbf000 	C:\Program Files\Java\jdk1.8.0_45\jre\bin\verify.dll
0x0000000074d80000 - 0x0000000074da9000 	C:\Program Files\Java\jdk1.8.0_45\jre\bin\java.dll
0x0000000074d60000 - 0x0000000074d76000 	C:\Program Files\Java\jdk1.8.0_45\jre\bin\zip.dll

VM Arguments:
jvm_args: -Djava.awt.headless=true -Xmx1024M -Dfile.encoding=windows-1252 -Duser.country=US -Duser.language=en -Duser.variant 
java_command: com.android.dx.command.Main --dex --num-threads=4 --output D:\capstone\CapstoneHomeSeek\app\build\intermediates\pre-dexed\debug\com.google.android.gms-play-services-nearby-8.4.0_9c23fe06c65ec9ec17e95cec21fe9e479dcf33ca.jar D:\capstone\CapstoneHomeSeek\app\build\intermediates\exploded-aar\com.google.android.gms\play-services-nearby\8.4.0\jars\classes.jar
java_class_path (initial): C:\Users\pluckannfeel\AppData\Local\Android\sdk\build-tools\23.0.3\lib\dx.jar
Launcher Type: SUN_STANDARD

Environment Variables:
JAVA_HOME=C:\Program Files (x86)\Java\jdk1.7.0_71
PATH=C:\ProgramData\Oracle\Java\javapath;C:\Windows\system32;C:\Windows;C:\Windows\System32\Wbem;C:\Windows\System32\WindowsPowerShell\v1.0\;C:\Program Files (x86)\Microsoft SQL Server\100\Tools\Binn\;C:\Program Files\Microsoft SQL Server\100\Tools\Binn\;C:\Program Files\Microsoft SQL Server\100\DTS\Binn\;C:\Program Files (x86)\Microsoft SQL Server\100\Tools\Binn\VSShell\Common7\IDE\;C:\Program Files (x86)\Microsoft SQL Server\100\DTS\Binn\;C:\Program Files (x86)\Microsoft SQL Server\90\Tools\binn\;C:\Program Files\nodejs\;C:\Program Files (x86)\GtkSharp\2.12\bin;C:\Program Files (x86)\Skype\Phone\;C:\Users\pluckannfeel\AppData\Roaming\npm
USERNAME=pluckannfeel
OS=Windows_NT
PROCESSOR_IDENTIFIER=Intel64 Family 6 Model 60 Stepping 3, GenuineIntel



---------------  S Y S T E M  ---------------

OS: Windows 8.1 , 64 bit Build 9600 (6.3.9600.17415)

CPU:total 4 (2 cores per cpu, 2 threads per core) family 6 model 60 stepping 3, cmov, cx8, fxsr, mmx, sse, sse2, sse3, ssse3, sse4.1, sse4.2, popcnt, avx, avx2, aes, clmul, erms, lzcnt, ht, tsc, tscinvbit, bmi1, bmi2

Memory: 4k page, physical 8302956k(1138112k free), swap 11448684k(5032k free)

vm_info: Java HotSpot(TM) 64-Bit Server VM (25.45-b02) for windows-amd64 JRE (1.8.0_45-b15), built on Apr 30 2015 12:40:44 by "java_re" with MS VC++ 10.0 (VS2010)

time: Tue Nov 29 13:24:36 2016
elapsed time: 7 seconds (0d 0h 0m 7s)

