#
# There is insufficient memory for the Java Runtime Environment to continue.
# Native memory allocation (malloc) failed to allocate 1856096 bytes for Chunk::new
# Possible reasons:
#   The system is out of physical RAM or swap space
#   In 32 bit mode, the process size limit was hit
# Possible solutions:
#   Reduce memory load on the system
#   Increase physical memory or swap space
#   Check if swap backing store is full
#   Use 64 bit Java on a 64 bit OS
#   Decrease Java heap size (-Xmx/-Xms)
#   Decrease number of Java threads
#   Decrease Java thread stack sizes (-Xss)
#   Set larger code cache with -XX:ReservedCodeCacheSize=
# This output file may be truncated or incomplete.
#
#  Out of Memory Error (allocation.cpp:390), pid=6680, tid=9388
#
# JRE version: Java(TM) SE Runtime Environment (8.0_45-b15) (build 1.8.0_45-b15)
# Java VM: Java HotSpot(TM) 64-Bit Server VM (25.45-b02 mixed mode windows-amd64 compressed oops)
# Failed to write core dump. Minidumps are not enabled by default on client versions of Windows
#

---------------  T H R E A D  ---------------

Current thread (0x00000000149aa000):  JavaThread "C2 CompilerThread1" daemon [_thread_in_native, id=9388, stack(0x0000000016010000,0x0000000016110000)]

Stack: [0x0000000016010000,0x0000000016110000]
Native frames: (J=compiled Java code, j=interpreted, Vv=VM code, C=native code)
V  [jvm.dll+0x32b57a]
V  [jvm.dll+0x279873]
V  [jvm.dll+0x27a509]
V  [jvm.dll+0x271825]
V  [jvm.dll+0xcb9e2]
V  [jvm.dll+0xcbeac]
V  [jvm.dll+0x476ef2]
V  [jvm.dll+0x4b955f]
V  [jvm.dll+0x46bf81]
V  [jvm.dll+0x46ccbe]
V  [jvm.dll+0x4500f2]
V  [jvm.dll+0xa4352]
V  [jvm.dll+0xa4c8f]
V  [jvm.dll+0x241984]
V  [jvm.dll+0x29853a]
C  [msvcr100.dll+0x21d9f]
C  [msvcr100.dll+0x21e3b]
C  [KERNEL32.DLL+0x13d2]
C  [ntdll.dll+0x154e4]


Current CompileTask:
C2:   4315 1591   !   4       com.android.dx.cf.cst.ConstantPoolParser::parse0 (731 bytes)


---------------  P R O C E S S  ---------------

Java Threads: ( => current thread )
  0x00000000163ce000 JavaThread "pool-2-thread-4" [_thread_in_Java, id=4860, stack(0x00000000183e0000,0x00000000184e0000)]
  0x00000000163cd000 JavaThread "pool-2-thread-3" [_thread_in_vm, id=9436, stack(0x00000000182e0000,0x00000000183e0000)]
  0x00000000163cc000 JavaThread "pool-2-thread-2" [_thread_blocked, id=9432, stack(0x00000000181e0000,0x00000000182e0000)]
  0x0000000016371800 JavaThread "pool-3-thread-1" [_thread_blocked, id=5568, stack(0x00000000180e0000,0x00000000181e0000)]
  0x0000000017010800 JavaThread "pool-2-thread-1" [_thread_blocked, id=9424, stack(0x0000000017fe0000,0x00000000180e0000)]
  0x0000000014a0e000 JavaThread "Service Thread" daemon [_thread_blocked, id=9332, stack(0x0000000016610000,0x0000000016710000)]
  0x00000000149b4800 JavaThread "C1 CompilerThread2" daemon [_thread_blocked, id=9392, stack(0x0000000016510000,0x0000000016610000)]
=>0x00000000149aa000 JavaThread "C2 CompilerThread1" daemon [_thread_in_native, id=9388, stack(0x0000000016010000,0x0000000016110000)]
  0x00000000149b8800 JavaThread "C2 CompilerThread0" daemon [_thread_in_native, id=9348, stack(0x0000000015f10000,0x0000000016010000)]
  0x00000000149b6800 JavaThread "Attach Listener" daemon [_thread_blocked, id=9352, stack(0x0000000015e10000,0x0000000015f10000)]
  0x00000000149b5800 JavaThread "Signal Dispatcher" daemon [_thread_blocked, id=9372, stack(0x0000000015d10000,0x0000000015e10000)]
  0x00000000022d1000 JavaThread "Finalizer" daemon [_thread_blocked, id=9296, stack(0x0000000015c10000,0x0000000015d10000)]
  0x00000000022ce000 JavaThread "Reference Handler" daemon [_thread_blocked, id=3780, stack(0x0000000015b10000,0x0000000015c10000)]
  0x00000000021e1000 JavaThread "main" [_thread_in_Java, id=9328, stack(0x00000000020e0000,0x00000000021e0000)]

Other Threads:
  0x0000000014977000 VMThread [stack: 0x0000000015a10000,0x0000000015b10000] [id=2520]
  0x000000001611b000 WatcherThread [stack: 0x0000000016710000,0x0000000016810000] [id=4936]

VM state:not at safepoint (normal execution)

VM Mutex/Monitor currently owned by a thread:  ([mutex/lock_event])
[0x0000000001ffdaf0] MethodData_lock - owner thread: 0x00000000163cd000

Heap:
 PSYoungGen      total 71680K, used 16491K [0x00000000eab00000, 0x00000000ef600000, 0x0000000100000000)
  eden space 66560K, 17% used [0x00000000eab00000,0x00000000eb621228,0x00000000eec00000)
  from space 5120K, 99% used [0x00000000ef100000,0x00000000ef5f9c98,0x00000000ef600000)
  to   space 5120K, 0% used [0x00000000eec00000,0x00000000eec00000,0x00000000ef100000)
 ParOldGen       total 87552K, used 1741K [0x00000000c0000000, 0x00000000c5580000, 0x00000000eab00000)
  object space 87552K, 1% used [0x00000000c0000000,0x00000000c01b3558,0x00000000c5580000)
 Metaspace       used 6168K, capacity 7088K, committed 7296K, reserved 1056768K
  class space    used 591K, capacity 616K, committed 640K, reserved 1048576K

Card table byte_map: [0x00000000116a0000,0x00000000118b0000] byte_map_base: 0x00000000110a0000

Marking Bits: (ParMarkBitMap*) 0x000000006ce94040
 Begin Bits: [0x0000000011e10000, 0x0000000012e10000)
 End Bits:   [0x0000000012e10000, 0x0000000013e10000)

Polling page: 0x00000000006b0000

CodeCache: size=245760Kb used=6702Kb max_used=6702Kb free=239057Kb
 bounds [0x00000000022e0000, 0x0000000002980000, 0x00000000112e0000]
 total_blobs=1897 nmethods=1628 adapters=182
 compilation: enabled

Compilation events (10 events):
Event: 4.192 Thread 0x00000000149b4800 nmethod 1632 0x000000000296d690 code [0x000000000296d8e0, 0x000000000296e668]
Event: 4.192 Thread 0x00000000149b4800 1633       3       com.android.dx.cf.iface.StdFieldList::get (9 bytes)
Event: 4.193 Thread 0x00000000149b4800 nmethod 1633 0x000000000296ec10 code [0x000000000296ed80, 0x000000000296f088]
Event: 4.193 Thread 0x00000000149b4800 1634       3       com.android.dx.dex.file.EncodedField::<init> (25 bytes)
Event: 4.193 Thread 0x00000000149b4800 nmethod 1634 0x000000000296f150 code [0x000000000296f2e0, 0x000000000296f608]
Event: 4.193 Thread 0x00000000149b4800 1635       3       com.android.dx.ssa.Optimizer::optimize (16 bytes)
Event: 4.194 Thread 0x00000000149b4800 nmethod 1635 0x000000000296f750 code [0x000000000296f8e0, 0x000000000296fbe8]
Event: 4.194 Thread 0x00000000149b4800 1636       3       java.util.EnumSet::getUniverse (10 bytes)
Event: 4.194 Thread 0x00000000149b4800 nmethod 1636 0x000000000296fd90 code [0x000000000296ff20, 0x0000000002970308]
Event: 4.197 Thread 0x00000000149b4800 1637       3       java.util.concurrent.locks.AbstractQueuedSynchronizer::acquire (27 bytes)

GC Heap History (4 events):
Event: 1.167 GC heap before
{Heap before GC invocations=1 (full 0):
 PSYoungGen      total 38400K, used 33280K [0x00000000eab00000, 0x00000000ed580000, 0x0000000100000000)
  eden space 33280K, 100% used [0x00000000eab00000,0x00000000ecb80000,0x00000000ecb80000)
  from space 5120K, 0% used [0x00000000ed080000,0x00000000ed080000,0x00000000ed580000)
  to   space 5120K, 0% used [0x00000000ecb80000,0x00000000ecb80000,0x00000000ed080000)
 ParOldGen       total 87552K, used 0K [0x00000000c0000000, 0x00000000c5580000, 0x00000000eab00000)
  object space 87552K, 0% used [0x00000000c0000000,0x00000000c0000000,0x00000000c5580000)
 Metaspace       used 5580K, capacity 6576K, committed 6784K, reserved 1056768K
  class space    used 583K, capacity 616K, committed 640K, reserved 1048576K
Event: 1.438 GC heap after
Heap after GC invocations=1 (full 0):
 PSYoungGen      total 38400K, used 3638K [0x00000000eab00000, 0x00000000ef600000, 0x0000000100000000)
  eden space 33280K, 0% used [0x00000000eab00000,0x00000000eab00000,0x00000000ecb80000)
  from space 5120K, 71% used [0x00000000ecb80000,0x00000000ecf0d960,0x00000000ed080000)
  to   space 5120K, 0% used [0x00000000ef100000,0x00000000ef100000,0x00000000ef600000)
 ParOldGen       total 87552K, used 8K [0x00000000c0000000, 0x00000000c5580000, 0x00000000eab00000)
  object space 87552K, 0% used [0x00000000c0000000,0x00000000c0002000,0x00000000c5580000)
 Metaspace       used 5580K, capacity 6576K, committed 6784K, reserved 1056768K
  class space    used 583K, capacity 616K, committed 640K, reserved 1048576K
}
Event: 3.563 GC heap before
{Heap before GC invocations=2 (full 0):
 PSYoungGen      total 38400K, used 36918K [0x00000000eab00000, 0x00000000ef600000, 0x0000000100000000)
  eden space 33280K, 100% used [0x00000000eab00000,0x00000000ecb80000,0x00000000ecb80000)
  from space 5120K, 71% used [0x00000000ecb80000,0x00000000ecf0d960,0x00000000ed080000)
  to   space 5120K, 0% used [0x00000000ef100000,0x00000000ef100000,0x00000000ef600000)
 ParOldGen       total 87552K, used 8K [0x00000000c0000000, 0x00000000c5580000, 0x00000000eab00000)
  object space 87552K, 0% used [0x00000000c0000000,0x00000000c0002000,0x00000000c5580000)
 Metaspace       used 6143K, capacity 7088K, committed 7296K, reserved 1056768K
  class space    used 591K, capacity 616K, committed 640K, reserved 1048576K
Event: 4.000 GC heap after
Heap after GC invocations=2 (full 0):
 PSYoungGen      total 71680K, used 5095K [0x00000000eab00000, 0x00000000ef600000, 0x0000000100000000)
  eden space 66560K, 0% used [0x00000000eab00000,0x00000000eab00000,0x00000000eec00000)
  from space 5120K, 99% used [0x00000000ef100000,0x00000000ef5f9c98,0x00000000ef600000)
  to   space 5120K, 0% used [0x00000000eec00000,0x00000000eec00000,0x00000000ef100000)
 ParOldGen       total 87552K, used 1741K [0x00000000c0000000, 0x00000000c5580000, 0x00000000eab00000)
  object space 87552K, 1% used [0x00000000c0000000,0x00000000c01b3558,0x00000000c5580000)
 Metaspace       used 6143K, capacity 7088K, committed 7296K, reserved 1056768K
  class space    used 591K, capacity 616K, committed 640K, reserved 1048576K
}

Deoptimization events (10 events):
Event: 2.468 Thread 0x0000000017010800 Uncommon trap: reason=class_check action=maybe_recompile pc=0x000000000274741c method=com.android.dx.ssa.NormalSsaInsn.accept(Lcom/android/dx/ssa/SsaInsn$Visitor;)V @ 9
Event: 2.470 Thread 0x0000000017010800 Uncommon trap: reason=class_check action=maybe_recompile pc=0x00000000025e04d4 method=com.android.dx.ssa.NormalSsaInsn.accept(Lcom/android/dx/ssa/SsaInsn$Visitor;)V @ 9
Event: 2.733 Thread 0x00000000163cc000 Uncommon trap: reason=class_check action=maybe_recompile pc=0x00000000027d26f8 method=com.android.dx.cf.code.BytecodeArray.parseInstruction(ILcom/android/dx/cf/code/BytecodeArray$Visitor;)I @ 2062
Event: 2.733 Thread 0x00000000163cc000 Uncommon trap: reason=class_check action=maybe_recompile pc=0x00000000027d26f8 method=com.android.dx.cf.code.BytecodeArray.parseInstruction(ILcom/android/dx/cf/code/BytecodeArray$Visitor;)I @ 2062
Event: 2.766 Thread 0x00000000163ce000 Uncommon trap: reason=class_check action=maybe_recompile pc=0x00000000027d26f8 method=com.android.dx.cf.code.BytecodeArray.parseInstruction(ILcom/android/dx/cf/code/BytecodeArray$Visitor;)I @ 2062
Event: 2.805 Thread 0x00000000163cd000 Uncommon trap: reason=unstable_if action=reinterpret pc=0x00000000026cf75c method=com.android.dx.rop.code.RegisterSpecSet.<init>(I)V @ 2
Event: 3.322 Thread 0x00000000163cc000 Uncommon trap: reason=class_check action=maybe_recompile pc=0x00000000027d26f8 method=com.android.dx.cf.code.BytecodeArray.parseInstruction(ILcom/android/dx/cf/code/BytecodeArray$Visitor;)I @ 2062
Event: 3.328 Thread 0x0000000017010800 Uncommon trap: reason=unstable_if action=reinterpret pc=0x00000000028972b8 method=com.android.dx.ssa.SCCP.simulateStmt(Lcom/android/dx/ssa/SsaInsn;)V @ 53
Event: 4.153 Thread 0x00000000163ce000 Uncommon trap: reason=unstable_if action=reinterpret pc=0x000000000293958c method=com.android.dx.rop.code.RegisterSpecSet.put(Lcom/android/dx/rop/code/RegisterSpec;)V @ 77
Event: 4.165 Thread 0x00000000163ce000 Uncommon trap: reason=unstable_if action=reinterpret pc=0x00000000028a11c4 method=java.util.BitSet.clone()Ljava/lang/Object; @ 4

Internal exceptions (3 events):
Event: 0.054 Thread 0x00000000021e1000 Exception <a 'java/lang/NoSuchMethodError': Method sun.misc.Unsafe.defineClass(Ljava/lang/String;[BII)Ljava/lang/Class; name or signature does not match> (0x00000000eab0d560) thrown at [C:\re\workspace\8-2-build-windows-amd64-cygwin\jdk8u45\3627\hotspot\srÕfü
Event: 0.054 Thread 0x00000000021e1000 Exception <a 'java/lang/NoSuchMethodError': Method sun.misc.Unsafe.prefetchRead(Ljava/lang/Object;J)V name or signature does not match> (0x00000000eab0d7f0) thrown at [C:\re\workspace\8-2-build-windows-amd64-cygwin\jdk8u45\3627\hotspot\src\share\vm\prims\jÃ+—0Ò@
Event: 2.391 Thread 0x0000000017010800 Implicit null exception at 0x00000000025e52a2 to 0x00000000025e5395

Events (10 events):
Event: 3.563 Executing VM operation: ParallelGCFailedAllocation
Event: 4.000 Executing VM operation: ParallelGCFailedAllocation done
Event: 4.153 Thread 0x00000000163ce000 Uncommon trap: trap_request=0xffffff65 fr.pc=0x000000000293958c
Event: 4.153 Thread 0x00000000163ce000 DEOPT PACKING pc=0x000000000293958c sp=0x00000000184de870
Event: 4.153 Thread 0x00000000163ce000 DEOPT UNPACKING pc=0x000000000232582a sp=0x00000000184de7f8 mode 2
Event: 4.165 Thread 0x00000000163ce000 Uncommon trap: trap_request=0xffffff65 fr.pc=0x00000000028a11c4
Event: 4.165 Thread 0x00000000163ce000 DEOPT PACKING pc=0x00000000028a11c4 sp=0x00000000184de740
Event: 4.165 Thread 0x00000000163ce000 DEOPT UNPACKING pc=0x000000000232582a sp=0x00000000184de708 mode 2
Event: 4.165 Executing VM operation: EnableBiasedLocking
Event: 4.166 Executing VM operation: EnableBiasedLocking done


Dynamic libraries:
0x00007ff672b50000 - 0x00007ff672b87000 	C:\Program Files\Java\jdk1.8.0_45\bin\java.exe
0x00007fff3a030000 - 0x00007fff3a1dd000 	C:\Windows\SYSTEM32\ntdll.dll
0x00007fff38050000 - 0x00007fff3818e000 	C:\Windows\system32\KERNEL32.DLL
0x00007fff37230000 - 0x00007fff37345000 	C:\Windows\system32\KERNELBASE.dll
0x00007fff35d40000 - 0x00007fff35dce000 	C:\Windows\system32\apphelp.dll
0x00007fff18470000 - 0x00007fff184c3000 	C:\Windows\AppPatch\AppPatch64\AcGenral.DLL
0x00007fff39cc0000 - 0x00007fff39d6a000 	C:\Windows\system32\msvcrt.dll
0x00007fff37690000 - 0x00007fff376be000 	C:\Windows\system32\SspiCli.dll
0x00007fff37f20000 - 0x00007fff37f74000 	C:\Windows\system32\SHLWAPI.dll
0x00007fff37da0000 - 0x00007fff37f17000 	C:\Windows\system32\USER32.dll
0x00007fff37c00000 - 0x00007fff37d94000 	C:\Windows\system32\ole32.dll
0x00007fff38790000 - 0x00007fff39cb9000 	C:\Windows\system32\SHELL32.dll
0x00007fff367b0000 - 0x00007fff367d1000 	C:\Windows\SYSTEM32\USERENV.dll
0x00007fff38410000 - 0x00007fff384ba000 	C:\Windows\system32\ADVAPI32.dll
0x00007fff2de10000 - 0x00007fff2de2e000 	C:\Windows\SYSTEM32\MPR.dll
0x00007fff39d70000 - 0x00007fff39eb0000 	C:\Windows\system32\RPCRT4.dll
0x00007fff39ef0000 - 0x00007fff39f49000 	C:\Windows\SYSTEM32\sechost.dll
0x00007fff376c0000 - 0x00007fff378d1000 	C:\Windows\SYSTEM32\combase.dll
0x00007fff384e0000 - 0x00007fff3862f000 	C:\Windows\system32\GDI32.dll
0x00007fff37160000 - 0x00007fff37175000 	C:\Windows\SYSTEM32\profapi.dll
0x00007fff35700000 - 0x00007fff357b2000 	C:\Windows\SYSTEM32\SHCORE.dll
0x00007fff39eb0000 - 0x00007fff39ee6000 	C:\Windows\system32\IMM32.DLL
0x00007fff38630000 - 0x00007fff38782000 	C:\Windows\system32\MSCTF.dll
0x00007fff34670000 - 0x00007fff348eb000 	C:\Windows\WinSxS\amd64_microsoft.windows.common-controls_6595b64144ccf1df_6.0.9600.18006_none_623f33d3ecbe86e8\COMCTL32.dll
0x0000000071ee0000 - 0x0000000071fb2000 	C:\Program Files\Java\jdk1.8.0_45\jre\bin\msvcr100.dll
0x000000006c690000 - 0x000000006cf13000 	C:\Program Files\Java\jdk1.8.0_45\jre\bin\server\jvm.dll
0x00007fff2fb40000 - 0x00007fff2fb49000 	C:\Windows\SYSTEM32\WSOCK32.dll
0x00007fff2d2e0000 - 0x00007fff2d302000 	C:\Windows\SYSTEM32\WINMM.dll
0x00007fff2cde0000 - 0x00007fff2cdea000 	C:\Windows\SYSTEM32\VERSION.dll
0x00007fff378e0000 - 0x00007fff378e7000 	C:\Windows\system32\PSAPI.DLL
0x00007fff383a0000 - 0x00007fff383fa000 	C:\Windows\system32\WS2_32.dll
0x00007fff2d2b0000 - 0x00007fff2d2da000 	C:\Windows\SYSTEM32\WINMMBASE.dll
0x00007fff384c0000 - 0x00007fff384c9000 	C:\Windows\system32\NSI.dll
0x00007fff373b0000 - 0x00007fff373ff000 	C:\Windows\SYSTEM32\cfgmgr32.dll
0x00007fff35f90000 - 0x00007fff35fb8000 	C:\Windows\SYSTEM32\DEVOBJ.dll
0x0000000072c10000 - 0x0000000072c1f000 	C:\Program Files\Java\jdk1.8.0_45\jre\bin\verify.dll
0x0000000071eb0000 - 0x0000000071ed9000 	C:\Program Files\Java\jdk1.8.0_45\jre\bin\java.dll
0x0000000071e90000 - 0x0000000071ea6000 	C:\Program Files\Java\jdk1.8.0_45\jre\bin\zip.dll
0x00007fff2f2c0000 - 0x00007fff2f449000 	C:\Windows\SYSTEM32\dbghelp.dll

VM Arguments:
jvm_args: -Djava.awt.headless=true -Xmx1024M -Dfile.encoding=windows-1252 -Duser.country=US -Duser.language=en -Duser.variant 
java_command: com.android.dx.command.Main --dex --force-jumbo --num-threads=4 --multi-dex --output D:\android app development\CapstoneHomeSeek\app\build\intermediates\transforms\dex\debug\folders\1000\10\com.google.android.gms-play-services-ads-8.4.0_13ad2aded9915a24b6d10f8cfa50def071109451 D:\android app development\CapstoneHomeSeek\app\build\intermediates\exploded-aar\com.google.android.gms\play-services-ads\8.4.0\jars\classes.jar
java_class_path (initial): C:\Users\pluckannfeel\AppData\Local\Android\sdk\build-tools\23.0.3\lib\dx.jar
Launcher Type: SUN_STANDARD

Environment Variables:
JAVA_HOME=C:\Program Files (x86)\Java\jdk1.7.0_71
PATH=C:\ProgramData\Oracle\Java\javapath;C:\Windows\system32;C:\Windows;C:\Windows\System32\Wbem;C:\Windows\System32\WindowsPowerShell\v1.0\;C:\Program Files (x86)\Microsoft SQL Server\100\Tools\Binn\;C:\Program Files\Microsoft SQL Server\100\Tools\Binn\;C:\Program Files\Microsoft SQL Server\100\DTS\Binn\;C:\Program Files (x86)\Microsoft SQL Server\100\Tools\Binn\VSShell\Common7\IDE\;C:\Program Files (x86)\Microsoft SQL Server\100\DTS\Binn\;C:\Program Files (x86)\Microsoft SQL Server\90\Tools\binn\;C:\Program Files\nodejs\;C:\Program Files (x86)\GtkSharp\2.12\bin;C:\Program Files (x86)\Skype\Phone\;C:\Users\pluckannfeel\AppData\Roaming\npm
USERNAME=pluckannfeel
OS=Windows_NT
PROCESSOR_IDENTIFIER=Intel64 Family 6 Model 60 Stepping 3, GenuineIntel



---------------  S Y S T E M  ---------------

OS: Windows 8.1 , 64 bit Build 9600 (6.3.9600.17415)

CPU:total 4 (2 cores per cpu, 2 threads per core) family 6 model 60 stepping 3, cmov, cx8, fxsr, mmx, sse, sse2, sse3, ssse3, sse4.1, sse4.2, popcnt, avx, avx2, aes, clmul, erms, lzcnt, ht, tsc, tscinvbit, bmi1, bmi2

Memory: 4k page, physical 8302956k(683056k free), swap 11448684k(5784k free)

vm_info: Java HotSpot(TM) 64-Bit Server VM (25.45-b02) for windows-amd64 JRE (1.8.0_45-b15), built on Apr 30 2015 12:40:44 by "java_re" with MS VC++ 10.0 (VS2010)

time: Thu Nov 17 06:26:50 2016
elapsed time: 4 seconds (0d 0h 0m 4s)

