#
# There is insufficient memory for the Java Runtime Environment to continue.
# Native memory allocation (malloc) failed to allocate 1048576 bytes for AllocateHeap
# Possible reasons:
#   The system is out of physical RAM or swap space
#   In 32 bit mode, the process size limit was hit
# Possible solutions:
#   Reduce memory load on the system
#   Increase physical memory or swap space
#   Check if swap backing store is full
#   Use 64 bit Java on a 64 bit OS
#   Decrease Java heap size (-Xmx/-Xms)
#   Decrease number of Java threads
#   Decrease Java thread stack sizes (-Xss)
#   Set larger code cache with -XX:ReservedCodeCacheSize=
# This output file may be truncated or incomplete.
#
#  Out of Memory Error (memory/allocation.inline.hpp:61), pid=7300, tid=5648
#
# JRE version:  (8.0_45-b15) (build )
# Java VM: Java HotSpot(TM) 64-Bit Server VM (25.45-b02 mixed mode windows-amd64 compressed oops)
# Failed to write core dump. Minidumps are not enabled by default on client versions of Windows
#

---------------  T H R E A D  ---------------

Current thread (0x0000000001ec1000):  JavaThread "Unknown thread" [_thread_in_vm, id=5648, stack(0x0000000000660000,0x0000000000760000)]

Stack: [0x0000000000660000,0x0000000000760000]
Native frames: (J=compiled Java code, j=interpreted, Vv=VM code, C=native code)
V  [jvm.dll+0x32b57a]
V  [jvm.dll+0x279873]
V  [jvm.dll+0x27a509]
V  [jvm.dll+0x271825]
V  [jvm.dll+0x1606]
V  [jvm.dll+0x270892]
V  [jvm.dll+0x3eee4a]
V  [jvm.dll+0x3ea7a7]
V  [jvm.dll+0xf2cf2]
V  [jvm.dll+0x20f0c9]
V  [jvm.dll+0x240e0a]
V  [+0x15ba41]
C  [+0x216e]
C  [+0xcce7]
C  [+0xcd7b]
C  [+0x13d2]
C  [+0x154e4]


---------------  P R O C E S S  ---------------

Java Threads: ( => current thread )

Other Threads:

=>0x0000000001ec1000 (exited) JavaThread "Unknown thread" [_thread_in_vm, id=5648, stack(0x0000000000660000,0x0000000000760000)]

VM state:not at safepoint (normal execution)

VM Mutex/Monitor currently owned by a thread: None

Heap:
 PSYoungGen      total 38400K, used 665K [0x00000000eab00000, 0x00000000ed580000, 0x0000000100000000)
  eden space 33280K, 2% used [0x00000000eab00000,0x00000000eaba6670,0x00000000ecb80000)
  from space 5120K, 0% used [0x00000000ed080000,0x00000000ed080000,0x00000000ed580000)
  to   space 5120K, 0% used [0x00000000ecb80000,0x00000000ecb80000,0x00000000ed080000)
 ParOldGen       total 87552K, used 0K [0x00000000c0000000, 0x00000000c5580000, 0x00000000eab00000)
  object space 87552K, 0% used [0x00000000c0000000,0x00000000c0000000,0x00000000c5580000)
 Metaspace       used 766K, capacity 4480K, committed 4480K, reserved 1056768K
  class space    used 75K, capacity 384K, committed 384K, reserved 1048576K

Card table byte_map: [0x0000000011470000,0x0000000011680000] byte_map_base: 0x0000000010e70000

Marking Bits: (ParMarkBitMap*) 0x0000000051dc4040
 Begin Bits: [0x0000000011be0000, 0x0000000012be0000)
 End Bits:   [0x0000000012be0000, 0x0000000013be0000)

Polling page: 0x0000000000760000

CodeCache: size=245760Kb used=328Kb max_used=328Kb free=245431Kb
 bounds [0x00000000020b0000, 0x0000000002320000, 0x00000000110b0000]
 total_blobs=57 nmethods=0 adapters=37
 compilation: enabled

Compilation events (0 events):
No events

GC Heap History (0 events):
No events

Deoptimization events (0 events):
No events

Internal exceptions (0 events):
No events

Events (10 events):
Event: 0.064 loading class java/lang/Short
Event: 0.064 loading class java/lang/Short done
Event: 0.064 loading class java/lang/Integer
Event: 0.064 loading class java/lang/Integer done
Event: 0.064 loading class java/lang/Long
Event: 0.065 loading class java/lang/Long done
Event: 0.067 loading class java/lang/NullPointerException
Event: 0.067 loading class java/lang/NullPointerException done
Event: 0.067 loading class java/lang/ArithmeticException
Event: 0.067 loading class java/lang/ArithmeticException done


Dynamic libraries:
0x00007ff775360000 - 0x00007ff775397000 	
0x00007ff9ebcb0000 - 0x00007ff9ebe5d000 	
0x00007ff9eac90000 - 0x00007ff9eadce000 	
0x00007ff9e9220000 - 0x00007ff9e9335000 	
0x00007ff9e79b0000 - 0x00007ff9e7a3e000 	
0x00007ff9d7f90000 - 0x00007ff9d7fe3000 	
0x00007ff9eb8a0000 - 0x00007ff9eb94a000 	
0x00007ff9e91f0000 - 0x00007ff9e921e000 	
0x00007ff9eab70000 - 0x00007ff9eabc4000 	
0x00007ff9eb380000 - 0x00007ff9eb4f7000 	
0x00007ff9eb620000 - 0x00007ff9eb7b4000 	
0x00007ff9e9350000 - 0x00007ff9ea879000 	
0x00007ff9e8430000 - 0x00007ff9e8451000 	
0x00007ff9ebb30000 - 0x00007ff9ebbda000 	
0x00007ff9e1120000 - 0x00007ff9e113e000 	
0x00007ff9ea880000 - 0x00007ff9ea9c0000 	
0x00007ff9ebbf0000 - 0x00007ff9ebc49000 	
0x00007ff9eaf90000 - 0x00007ff9eb1a1000 	
0x00007ff9ea9c0000 - 0x00007ff9eab0f000 	
0x00007ff9e8de0000 - 0x00007ff9e8df5000 	
0x00007ff9e7040000 - 0x00007ff9e70f2000 	
0x00007ff9eb500000 - 0x00007ff9eb536000 	
0x00007ff9eb1b0000 - 0x00007ff9eb302000 	
0x00007ff9e65a0000 - 0x00007ff9e681b000 	
0x0000000051e50000 - 0x0000000051f22000 	
0x00000000515c0000 - 0x0000000051e43000 	
0x00007ff9e1110000 - 0x00007ff9e1119000 	
0x00007ff9e0510000 - 0x00007ff9e0532000 	
0x00007ff9de9c0000 - 0x00007ff9de9ca000 	
0x00007ff9e9340000 - 0x00007ff9e9347000 	
0x00007ff9eab10000 - 0x00007ff9eab6a000 	
0x00007ff9e04e0000 - 0x00007ff9e050a000 	
0x00007ff9eadd0000 - 0x00007ff9eadd9000 	
0x00007ff9e8eb0000 - 0x00007ff9e8eff000 	
0x00007ff9e7ad0000 - 0x00007ff9e7af8000 	
0x00000000515b0000 - 0x00000000515bf000 	
0x0000000051580000 - 0x00000000515a9000 	
0x0000000051560000 - 0x0000000051576000 	
0x00007ff9e0a40000 - 0x00007ff9e0bc9000 	

VM Arguments:
jvm_args: -Djava.awt.headless=true -Xmx1024M -Dfile.encoding=windows-1252 -Duser.country=US -Duser.language=en -Duser.variant 
java_command: com.android.dx.command.Main --dex --force-jumbo --num-threads=4 --multi-dex --output D:\android app development\CapstoneHomeSeek\app\build\intermediates\transforms\dex\debug\folders\1000\10\com.google.android.gms-play-services-vision-8.4.0_ca015a68be0ef2032ea92d7f2dc1ec257d74698b D:\android app development\CapstoneHomeSeek\app\build\intermediates\exploded-aar\com.google.android.gms\play-services-vision\8.4.0\jars\classes.jar
java_class_path (initial): C:\Users\pluckannfeel\AppData\Local\Android\sdk\build-tools\23.0.3\lib\dx.jar
Launcher Type: SUN_STANDARD

Environment Variables:



---------------  S Y S T E M  ---------------

OS: Windows 8.1 , 64 bit Build 9600 (6.3.9600.17415)

CPU:total 4 (2 cores per cpu, 2 threads per core) family 6 model 60 stepping 3, cmov, cx8, fxsr, mmx, sse, sse2, sse3, ssse3, sse4.1, sse4.2, popcnt, avx, avx2, aes, clmul, erms, lzcnt, ht, tsc, tscinvbit, bmi1, bmi2

Memory: 4k page, physical 8302956k(648860k free), swap 11448684k(5020k free)

vm_info: Java HotSpot(TM) 64-Bit Server VM (25.45-b02) for windows-amd64 JRE (1.8.0_45-b15), built on Apr 30 2015 12:40:44 by "java_re" with MS VC++ 10.0 (VS2010)

time: Sat Nov 19 12:13:31 2016
elapsed time: 0 seconds (0d 0h 0m 0s)

