#
# There is insufficient memory for the Java Runtime Environment to continue.
# Native memory allocation (malloc) failed to allocate 204032 bytes for Chunk::new
# Possible reasons:
#   The system is out of physical RAM or swap space
#   In 32 bit mode, the process size limit was hit
# Possible solutions:
#   Reduce memory load on the system
#   Increase physical memory or swap space
#   Check if swap backing store is full
#   Use 64 bit Java on a 64 bit OS
#   Decrease Java heap size (-Xmx/-Xms)
#   Decrease number of Java threads
#   Decrease Java thread stack sizes (-Xss)
#   Set larger code cache with -XX:ReservedCodeCacheSize=
# This output file may be truncated or incomplete.
#
#  Out of Memory Error (allocation.cpp:390), pid=7492, tid=8840
#
# JRE version: Java(TM) SE Runtime Environment (8.0_45-b15) (build 1.8.0_45-b15)
# Java VM: Java HotSpot(TM) 64-Bit Server VM (25.45-b02 mixed mode windows-amd64 compressed oops)
# Failed to write core dump. Minidumps are not enabled by default on client versions of Windows
#

---------------  T H R E A D  ---------------

Current thread (0x0000000014cae800):  JavaThread "C2 CompilerThread1" daemon [_thread_in_native, id=8840, stack(0x0000000016300000,0x0000000016400000)]

Stack: [0x0000000016300000,0x0000000016400000]
Native frames: (J=compiled Java code, j=interpreted, Vv=VM code, C=native code)
V  [jvm.dll+0x32b57a]


Current CompileTask:
C2:  25830 2656       4       com.android.dx.dex.cf.CfTranslator::translate0 (259 bytes)


---------------  P R O C E S S  ---------------

Java Threads: ( => current thread )
  0x0000000016fce000 JavaThread "pool-2-thread-4" [_thread_in_Java, id=8664, stack(0x00000000186d0000,0x00000000187d0000)]
  0x0000000016fcd000 JavaThread "pool-2-thread-3" [_thread_in_Java, id=8720, stack(0x00000000185d0000,0x00000000186d0000)]
  0x0000000016fcc800 JavaThread "pool-2-thread-2" [_thread_in_Java, id=7240, stack(0x00000000184d0000,0x00000000185d0000)]
  0x000000001721e000 JavaThread "pool-3-thread-1" [_thread_blocked, id=8288, stack(0x00000000183d0000,0x00000000184d0000)]
  0x00000000172fe800 JavaThread "pool-2-thread-1" [_thread_blocked, id=8604, stack(0x00000000182d0000,0x00000000183d0000)]
  0x0000000016505800 JavaThread "Service Thread" daemon [_thread_blocked, id=7380, stack(0x0000000016900000,0x0000000016a00000)]
  0x0000000014d0c800 JavaThread "C1 CompilerThread2" daemon [_thread_blocked, id=5868, stack(0x0000000016400000,0x0000000016500000)]
=>0x0000000014cae800 JavaThread "C2 CompilerThread1" daemon [_thread_in_native, id=8840, stack(0x0000000016300000,0x0000000016400000)]
  0x0000000014cab000 JavaThread "C2 CompilerThread0" daemon [_thread_in_native, id=4460, stack(0x0000000016200000,0x0000000016300000)]
  0x0000000014ca9800 JavaThread "Attach Listener" daemon [_thread_blocked, id=8608, stack(0x0000000016100000,0x0000000016200000)]
  0x0000000014ca8000 JavaThread "Signal Dispatcher" daemon [_thread_blocked, id=4860, stack(0x0000000016000000,0x0000000016100000)]
  0x00000000025d7000 JavaThread "Finalizer" daemon [_thread_blocked, id=5944, stack(0x0000000015f00000,0x0000000016000000)]
  0x00000000025ce000 JavaThread "Reference Handler" daemon [_thread_blocked, id=7636, stack(0x0000000015e00000,0x0000000015f00000)]
  0x00000000024e1000 JavaThread "main" [_thread_blocked, id=4124, stack(0x0000000002350000,0x0000000002450000)]

Other Threads:
  0x0000000014c77000 VMThread [stack: 0x0000000015d00000,0x0000000015e00000] [id=9012]
  0x0000000016506800 WatcherThread [stack: 0x0000000016a00000,0x0000000016b00000] [id=8504]

VM state:not at safepoint (normal execution)

VM Mutex/Monitor currently owned by a thread: None

Heap:
 PSYoungGen      total 232960K, used 142118K [0x00000000eab00000, 0x0000000100000000, 0x0000000100000000)
  eden space 116736K, 55% used [0x00000000eab00000,0x00000000eeac6668,0x00000000f1d00000)
  from space 116224K, 66% used [0x00000000f1d00000,0x00000000f6803308,0x00000000f8e80000)
  to   space 116224K, 0% used [0x00000000f8e80000,0x00000000f8e80000,0x0000000100000000)
 ParOldGen       total 433152K, used 236764K [0x00000000c0000000, 0x00000000da700000, 0x00000000eab00000)
  object space 433152K, 54% used [0x00000000c0000000,0x00000000ce737330,0x00000000da700000)
 Metaspace       used 6471K, capacity 7256K, committed 7424K, reserved 1056768K
  class space    used 615K, capacity 656K, committed 768K, reserved 1048576K

Card table byte_map: [0x00000000119a0000,0x0000000011bb0000] byte_map_base: 0x00000000113a0000

Marking Bits: (ParMarkBitMap*) 0x000000005abc4040
 Begin Bits: [0x0000000012110000, 0x0000000013110000)
 End Bits:   [0x0000000013110000, 0x0000000014110000)

Polling page: 0x00000000009a0000

CodeCache: size=245760Kb used=10447Kb max_used=11354Kb free=235312Kb
 bounds [0x00000000025e0000, 0x0000000003130000, 0x00000000115e0000]
 total_blobs=2300 nmethods=2030 adapters=182
 compilation: enabled

Compilation events (10 events):
Event: 25.274 Thread 0x0000000014d0c800 2681       1       com.android.dx.cf.code.Ropper$ExceptionHandlerSetup::getLabel (5 bytes)
Event: 25.274 Thread 0x0000000014d0c800 nmethod 2681 0x0000000002addb90 code [0x0000000002addce0, 0x0000000002adddf0]
Event: 25.277 Thread 0x0000000014d0c800 2682       1       com.android.dx.cf.code.RopperMachine::returns (5 bytes)
Event: 25.277 Thread 0x0000000014d0c800 nmethod 2682 0x00000000030b3a10 code [0x00000000030b3b60, 0x00000000030b3c70]
Event: 25.280 Thread 0x0000000014d0c800 2683       3       com.android.dx.ssa.PhiTypeResolver::run (179 bytes)
Event: 25.281 Thread 0x0000000014d0c800 nmethod 2683 0x0000000002c80950 code [0x0000000002c80be0, 0x0000000002c81d28]
Event: 25.283 Thread 0x0000000014d0c800 2684       3       com.android.dx.ssa.InterferenceRegisterMapper::areAnyPinned (81 bytes)
Event: 25.284 Thread 0x0000000014d0c800 nmethod 2684 0x0000000002814610 code [0x0000000002814800, 0x0000000002815458]
Event: 25.284 Thread 0x0000000014d0c800 2685       2       com.android.dx.rop.code.Rop::<init> (15 bytes)
Event: 25.284 Thread 0x0000000014d0c800 nmethod 2685 0x000000000285fd90 code [0x000000000285ff00, 0x0000000002860088]

GC Heap History (10 events):
Event: 22.624 GC heap before
{Heap before GC invocations=12 (full 2):
 PSYoungGen      total 251904K, used 251877K [0x00000000eab00000, 0x0000000100000000, 0x0000000100000000)
  eden space 154624K, 100% used [0x00000000eab00000,0x00000000f4200000,0x00000000f4200000)
  from space 97280K, 99% used [0x00000000f4200000,0x00000000fa0f96a0,0x00000000fa100000)
  to   space 97280K, 0% used [0x00000000fa100000,0x00000000fa100000,0x0000000100000000)
 ParOldGen       total 287232K, used 196975K [0x00000000c0000000, 0x00000000d1880000, 0x00000000eab00000)
  object space 287232K, 68% used [0x00000000c0000000,0x00000000cc05bc38,0x00000000d1880000)
 Metaspace       used 6464K, capacity 7256K, committed 7424K, reserved 1056768K
  class space    used 615K, capacity 656K, committed 768K, reserved 1048576K
Event: 22.785 GC heap after
Heap after GC invocations=12 (full 2):
 PSYoungGen      total 214016K, used 97258K [0x00000000eab00000, 0x0000000100000000, 0x0000000100000000)
  eden space 116736K, 0% used [0x00000000eab00000,0x00000000eab00000,0x00000000f1d00000)
  from space 97280K, 99% used [0x00000000fa100000,0x00000000ffffa8a0,0x0000000100000000)
  to   space 116224K, 0% used [0x00000000f1d00000,0x00000000f1d00000,0x00000000f8e80000)
 ParOldGen       total 287232K, used 277382K [0x00000000c0000000, 0x00000000d1880000, 0x00000000eab00000)
  object space 287232K, 96% used [0x00000000c0000000,0x00000000d0ee1ae0,0x00000000d1880000)
 Metaspace       used 6464K, capacity 7256K, committed 7424K, reserved 1056768K
  class space    used 615K, capacity 656K, committed 768K, reserved 1048576K
}
Event: 22.785 GC heap before
{Heap before GC invocations=13 (full 3):
 PSYoungGen      total 214016K, used 97258K [0x00000000eab00000, 0x0000000100000000, 0x0000000100000000)
  eden space 116736K, 0% used [0x00000000eab00000,0x00000000eab00000,0x00000000f1d00000)
  from space 97280K, 99% used [0x00000000fa100000,0x00000000ffffa8a0,0x0000000100000000)
  to   space 116224K, 0% used [0x00000000f1d00000,0x00000000f1d00000,0x00000000f8e80000)
 ParOldGen       total 287232K, used 277382K [0x00000000c0000000, 0x00000000d1880000, 0x00000000eab00000)
  object space 287232K, 96% used [0x00000000c0000000,0x00000000d0ee1ae0,0x00000000d1880000)
 Metaspace       used 6464K, capacity 7256K, committed 7424K, reserved 1056768K
  class space    used 615K, capacity 656K, committed 768K, reserved 1048576K
Event: 23.404 GC heap after
Heap after GC invocations=13 (full 3):
 PSYoungGen      total 214016K, used 0K [0x00000000eab00000, 0x0000000100000000, 0x0000000100000000)
  eden space 116736K, 0% used [0x00000000eab00000,0x00000000eab00000,0x00000000f1d00000)
  from space 97280K, 0% used [0x00000000fa100000,0x00000000fa100000,0x0000000100000000)
  to   space 116224K, 0% used [0x00000000f1d00000,0x00000000f1d00000,0x00000000f8e80000)
 ParOldGen       total 433152K, used 236764K [0x00000000c0000000, 0x00000000da700000, 0x00000000eab00000)
  object space 433152K, 54% used [0x00000000c0000000,0x00000000ce737330,0x00000000da700000)
 Metaspace       used 6464K, capacity 7256K, committed 7424K, reserved 1056768K
  class space    used 615K, capacity 656K, committed 768K, reserved 1048576K
}
Event: 23.839 GC heap before
{Heap before GC invocations=14 (full 3):
 PSYoungGen      total 214016K, used 116736K [0x00000000eab00000, 0x0000000100000000, 0x0000000100000000)
  eden space 116736K, 100% used [0x00000000eab00000,0x00000000f1d00000,0x00000000f1d00000)
  from space 97280K, 0% used [0x00000000fa100000,0x00000000fa100000,0x0000000100000000)
  to   space 116224K, 0% used [0x00000000f1d00000,0x00000000f1d00000,0x00000000f8e80000)
 ParOldGen       total 433152K, used 236764K [0x00000000c0000000, 0x00000000da700000, 0x00000000eab00000)
  object space 433152K, 54% used [0x00000000c0000000,0x00000000ce737330,0x00000000da700000)
 Metaspace       used 6466K, capacity 7256K, committed 7424K, reserved 1056768K
  class space    used 615K, capacity 656K, committed 768K, reserved 1048576K
Event: 23.895 GC heap after
Heap after GC invocations=14 (full 3):
 PSYoungGen      total 232960K, used 21745K [0x00000000eab00000, 0x0000000100000000, 0x0000000100000000)
  eden space 116736K, 0% used [0x00000000eab00000,0x00000000eab00000,0x00000000f1d00000)
  from space 116224K, 18% used [0x00000000f1d00000,0x00000000f323c628,0x00000000f8e80000)
  to   space 116224K, 0% used [0x00000000f8e80000,0x00000000f8e80000,0x0000000100000000)
 ParOldGen       total 433152K, used 236764K [0x00000000c0000000, 0x00000000da700000, 0x00000000eab00000)
  object space 433152K, 54% used [0x00000000c0000000,0x00000000ce737330,0x00000000da700000)
 Metaspace       used 6466K, capacity 7256K, committed 7424K, reserved 1056768K
  class space    used 615K, capacity 656K, committed 768K, reserved 1048576K
}
Event: 24.119 GC heap before
{Heap before GC invocations=15 (full 3):
 PSYoungGen      total 232960K, used 138481K [0x00000000eab00000, 0x0000000100000000, 0x0000000100000000)
  eden space 116736K, 100% used [0x00000000eab00000,0x00000000f1d00000,0x00000000f1d00000)
  from space 116224K, 18% used [0x00000000f1d00000,0x00000000f323c628,0x00000000f8e80000)
  to   space 116224K, 0% used [0x00000000f8e80000,0x00000000f8e80000,0x0000000100000000)
 ParOldGen       total 433152K, used 236764K [0x00000000c0000000, 0x00000000da700000, 0x00000000eab00000)
  object space 433152K, 54% used [0x00000000c0000000,0x00000000ce737330,0x00000000da700000)
 Metaspace       used 6467K, capacity 7256K, committed 7424K, reserved 1056768K
  class space    used 615K, capacity 656K, committed 768K, reserved 1048576K
Event: 24.179 GC heap after
Heap after GC invocations=15 (full 3):
 PSYoungGen      total 232960K, used 38842K [0x00000000eab00000, 0x0000000100000000, 0x0000000100000000)
  eden space 116736K, 0% used [0x00000000eab00000,0x00000000eab00000,0x00000000f1d00000)
  from space 116224K, 33% used [0x00000000f8e80000,0x00000000fb46ea88,0x0000000100000000)
  to   space 116224K, 0% used [0x00000000f1d00000,0x00000000f1d00000,0x00000000f8e80000)
 ParOldGen       total 433152K, used 236764K [0x00000000c0000000, 0x00000000da700000, 0x00000000eab00000)
  object space 433152K, 54% used [0x00000000c0000000,0x00000000ce737330,0x00000000da700000)
 Metaspace       used 6467K, capacity 7256K, committed 7424K, reserved 1056768K
  class space    used 615K, capacity 656K, committed 768K, reserved 1048576K
}
Event: 24.799 GC heap before
{Heap before GC invocations=16 (full 3):
 PSYoungGen      total 232960K, used 155578K [0x00000000eab00000, 0x0000000100000000, 0x0000000100000000)
  eden space 116736K, 100% used [0x00000000eab00000,0x00000000f1d00000,0x00000000f1d00000)
  from space 116224K, 33% used [0x00000000f8e80000,0x00000000fb46ea88,0x0000000100000000)
  to   space 116224K, 0% used [0x00000000f1d00000,0x00000000f1d00000,0x00000000f8e80000)
 ParOldGen       total 433152K, used 236764K [0x00000000c0000000, 0x00000000da700000, 0x00000000eab00000)
  object space 433152K, 54% used [0x00000000c0000000,0x00000000ce737330,0x00000000da700000)
 Metaspace       used 6470K, capacity 7256K, committed 7424K, reserved 1056768K
  class space    used 615K, capacity 656K, committed 768K, reserved 1048576K
Event: 24.952 GC heap after
Heap after GC invocations=16 (full 3):
 PSYoungGen      total 232960K, used 76812K [0x00000000eab00000, 0x0000000100000000, 0x0000000100000000)
  eden space 116736K, 0% used [0x00000000eab00000,0x00000000eab00000,0x00000000f1d00000)
  from space 116224K, 66% used [0x00000000f1d00000,0x00000000f6803308,0x00000000f8e80000)
  to   space 116224K, 0% used [0x00000000f8e80000,0x00000000f8e80000,0x0000000100000000)
 ParOldGen       total 433152K, used 236764K [0x00000000c0000000, 0x00000000da700000, 0x00000000eab00000)
  object space 433152K, 54% used [0x00000000c0000000,0x00000000ce737330,0x00000000da700000)
 Metaspace       used 6470K, capacity 7256K, committed 7424K, reserved 1056768K
  class space    used 615K, capacity 656K, committed 768K, reserved 1048576K
}

Deoptimization events (10 events):
Event: 24.643 Thread 0x00000000024e1000 Uncommon trap: reason=bimorphic action=maybe_recompile pc=0x0000000002b66170 method=com.android.dx.cf.code.BytecodeArray.parseInstruction(ILcom/android/dx/cf/code/BytecodeArray$Visitor;)I @ 1501
Event: 24.644 Thread 0x00000000024e1000 Uncommon trap: reason=bimorphic action=maybe_recompile pc=0x0000000002b6972c method=com.android.dx.cf.code.BytecodeArray.parseInstruction(ILcom/android/dx/cf/code/BytecodeArray$Visitor;)I @ 2554
Event: 24.644 Thread 0x00000000024e1000 Uncommon trap: reason=bimorphic action=maybe_recompile pc=0x0000000002b6972c method=com.android.dx.cf.code.BytecodeArray.parseInstruction(ILcom/android/dx/cf/code/BytecodeArray$Visitor;)I @ 2554
Event: 24.964 Thread 0x00000000172fe800 Uncommon trap: reason=unstable_if action=reinterpret pc=0x0000000002e01ee4 method=com.android.dx.cf.code.RopperMachine.run(Lcom/android/dx/cf/code/Frame;II)V @ 1148
Event: 25.077 Thread 0x00000000024e1000 Uncommon trap: reason=class_check action=maybe_recompile pc=0x0000000002e6d5c8 method=com.android.dx.cf.code.Ropper.processBlock(Lcom/android/dx/cf/code/ByteBlock;Lcom/android/dx/cf/code/Frame;[I)V @ 711
Event: 25.077 Thread 0x00000000024e1000 Uncommon trap: reason=class_check action=maybe_recompile pc=0x0000000002e6d5c8 method=com.android.dx.cf.code.Ropper.processBlock(Lcom/android/dx/cf/code/ByteBlock;Lcom/android/dx/cf/code/Frame;[I)V @ 711
Event: 25.077 Thread 0x00000000024e1000 Uncommon trap: reason=class_check action=maybe_recompile pc=0x0000000002e6d5c8 method=com.android.dx.cf.code.Ropper.processBlock(Lcom/android/dx/cf/code/ByteBlock;Lcom/android/dx/cf/code/Frame;[I)V @ 711
Event: 25.078 Thread 0x00000000024e1000 Uncommon trap: reason=class_check action=maybe_recompile pc=0x0000000002e6d5c8 method=com.android.dx.cf.code.Ropper.processBlock(Lcom/android/dx/cf/code/ByteBlock;Lcom/android/dx/cf/code/Frame;[I)V @ 711
Event: 25.271 Thread 0x00000000024e1000 Uncommon trap: reason=unstable_if action=reinterpret pc=0x00000000030d3c00 method=com.android.dx.ssa.SCCP.simulateStmt(Lcom/android/dx/ssa/SsaInsn;)V @ 59
Event: 25.280 Thread 0x00000000172fe800 Uncommon trap: reason=unstable_if action=reinterpret pc=0x0000000002bea350 method=com.android.dx.ssa.PhiTypeResolver.equalsHandlesNulls(Lcom/android/dx/rop/code/LocalItem;Lcom/android/dx/rop/code/LocalItem;)Z @ 2

Internal exceptions (6 events):
Event: 2.521 Thread 0x00000000024e1000 Exception <a 'java/lang/NoSuchMethodError': Method sun.misc.Unsafe.defineClass(Ljava/lang/String;[BII)Ljava/lang/Class; name or signature does not match> (0x00000000eab0d358) thrown at [C:\re\workspace\8-2-build-windows-amd64-cygwin\jdk8u45\3627\hotspot\srôÈm_²+@
Event: 2.521 Thread 0x00000000024e1000 Exception <a 'java/lang/NoSuchMethodError': Method sun.misc.Unsafe.prefetchRead(Ljava/lang/Object;J)V name or signature does not match> (0x00000000eab0d5e8) thrown at [C:\re\workspace\8-2-build-windows-amd64-cygwin\jdk8u45\3627\hotspot\src\share\vm\prims\jéh¯='@
Event: 5.038 Thread 0x00000000024e1000 Implicit null exception at 0x00000000028b8d62 to 0x00000000028b8e55
Event: 6.406 Thread 0x00000000172fe800 Exception <a 'java/lang/ArrayIndexOutOfBoundsException': 18> (0x00000000ee7e9668) thrown at [C:\re\workspace\8-2-build-windows-amd64-cygwin\jdk8u45\3627\hotspot\src\share\vm\interpreter\interpreterRuntime.cpp, line 366]
Event: 6.406 Thread 0x00000000172fe800 Exception <a 'java/lang/ArrayIndexOutOfBoundsException': 145> (0x00000000ee7eb138) thrown at [C:\re\workspace\8-2-build-windows-amd64-cygwin\jdk8u45\3627\hotspot\src\share\vm\interpreter\interpreterRuntime.cpp, line 366]
Event: 6.410 Thread 0x00000000172fe800 Exception <a 'java/lang/ArrayIndexOutOfBoundsException'> (0x00000000ee7ec370) thrown at [C:\re\workspace\8-2-build-windows-amd64-cygwin\jdk8u45\3627\hotspot\src\share\vm\runtime\sharedRuntime.cpp, line 605]

Events (10 events):
Event: 25.078 Thread 0x00000000024e1000 DEOPT PACKING pc=0x0000000002e6d5c8 sp=0x000000000244e700
Event: 25.078 Thread 0x00000000024e1000 DEOPT UNPACKING pc=0x000000000262582a sp=0x000000000244e760 mode 2
Event: 25.271 Thread 0x00000000024e1000 Uncommon trap: trap_request=0xffffff65 fr.pc=0x00000000030d3c00
Event: 25.271 Thread 0x00000000024e1000 DEOPT PACKING pc=0x00000000030d3c00 sp=0x000000000244e690
Event: 25.271 Thread 0x00000000024e1000 DEOPT UNPACKING pc=0x000000000262582a sp=0x000000000244e608 mode 2
Event: 25.280 Thread 0x00000000172fe800 Uncommon trap: trap_request=0xffffff65 fr.pc=0x0000000002bea350
Event: 25.280 Thread 0x00000000172fe800 DEOPT PACKING pc=0x0000000002bea350 sp=0x00000000183ce880
Event: 25.280 Thread 0x00000000172fe800 DEOPT UNPACKING pc=0x000000000262582a sp=0x00000000183ce748 mode 2
Event: 25.287 Thread 0x00000000172fe800 DEOPT PACKING pc=0x0000000002d9c02e sp=0x00000000183ce6b0
Event: 25.287 Thread 0x00000000172fe800 DEOPT UNPACKING pc=0x000000000262787f sp=0x00000000183ce4f0 mode 0


Dynamic libraries:
0x00007ff7e9420000 - 0x00007ff7e9457000 	C:\Program Files\Java\jdk1.8.0_45\bin\java.exe
0x00007ffe48a00000 - 0x00007ffe48bad000 	C:\Windows\SYSTEM32\ntdll.dll
0x00007ffe47ea0000 - 0x00007ffe47fde000 	C:\Windows\system32\KERNEL32.DLL
0x00007ffe45c80000 - 0x00007ffe45d95000 	C:\Windows\system32\KERNELBASE.dll
0x00007ffe44700000 - 0x00007ffe4478e000 	C:\Windows\system32\apphelp.dll
0x00007ffe28990000 - 0x00007ffe289e3000 	C:\Windows\AppPatch\AppPatch64\AcGenral.DLL
0x00007ffe47fe0000 - 0x00007ffe4808a000 	C:\Windows\system32\msvcrt.dll
0x00007ffe45c50000 - 0x00007ffe45c7e000 	C:\Windows\system32\SspiCli.dll
0x00007ffe48380000 - 0x00007ffe483d4000 	C:\Windows\system32\SHLWAPI.dll
0x00007ffe487d0000 - 0x00007ffe48947000 	C:\Windows\system32\USER32.dll
0x00007ffe484b0000 - 0x00007ffe48644000 	C:\Windows\system32\ole32.dll
0x00007ffe46240000 - 0x00007ffe47769000 	C:\Windows\system32\SHELL32.dll
0x00007ffe45130000 - 0x00007ffe45151000 	C:\Windows\SYSTEM32\USERENV.dll
0x00007ffe48950000 - 0x00007ffe489fa000 	C:\Windows\system32\ADVAPI32.dll
0x00007ffe3bd00000 - 0x00007ffe3bd1e000 	C:\Windows\SYSTEM32\MPR.dll
0x00007ffe46100000 - 0x00007ffe46240000 	C:\Windows\system32\RPCRT4.dll
0x00007ffe47840000 - 0x00007ffe47899000 	C:\Windows\SYSTEM32\sechost.dll
0x00007ffe48160000 - 0x00007ffe48371000 	C:\Windows\SYSTEM32\combase.dll
0x00007ffe47c80000 - 0x00007ffe47dcf000 	C:\Windows\system32\GDI32.dll
0x00007ffe45b30000 - 0x00007ffe45b45000 	C:\Windows\SYSTEM32\profapi.dll
0x00007ffe43eb0000 - 0x00007ffe43f62000 	C:\Windows\SYSTEM32\SHCORE.dll
0x00007ffe47a90000 - 0x00007ffe47ac6000 	C:\Windows\system32\IMM32.DLL
0x00007ffe48670000 - 0x00007ffe487c2000 	C:\Windows\system32\MSCTF.dll
0x00007ffe43590000 - 0x00007ffe4380b000 	C:\Windows\WinSxS\amd64_microsoft.windows.common-controls_6595b64144ccf1df_6.0.9600.18006_none_623f33d3ecbe86e8\COMCTL32.dll
0x000000005ac50000 - 0x000000005ad22000 	C:\Program Files\Java\jdk1.8.0_45\jre\bin\msvcr100.dll
0x000000005a3c0000 - 0x000000005ac43000 	C:\Program Files\Java\jdk1.8.0_45\jre\bin\server\jvm.dll
0x00007ffe3e600000 - 0x00007ffe3e609000 	C:\Windows\SYSTEM32\WSOCK32.dll
0x00007ffe3d470000 - 0x00007ffe3d492000 	C:\Windows\SYSTEM32\WINMM.dll
0x00007ffe3b790000 - 0x00007ffe3b79a000 	C:\Windows\SYSTEM32\VERSION.dll
0x00007ffe48150000 - 0x00007ffe48157000 	C:\Windows\system32\PSAPI.DLL
0x00007ffe47e40000 - 0x00007ffe47e9a000 	C:\Windows\system32\WS2_32.dll
0x00007ffe3d440000 - 0x00007ffe3d46a000 	C:\Windows\SYSTEM32\WINMMBASE.dll
0x00007ffe484a0000 - 0x00007ffe484a9000 	C:\Windows\system32\NSI.dll
0x00007ffe45c00000 - 0x00007ffe45c4f000 	C:\Windows\SYSTEM32\cfgmgr32.dll
0x00007ffe44950000 - 0x00007ffe44978000 	C:\Windows\SYSTEM32\DEVOBJ.dll
0x000000005a3b0000 - 0x000000005a3bf000 	C:\Program Files\Java\jdk1.8.0_45\jre\bin\verify.dll
0x000000005a380000 - 0x000000005a3a9000 	C:\Program Files\Java\jdk1.8.0_45\jre\bin\java.dll
0x000000005a360000 - 0x000000005a376000 	C:\Program Files\Java\jdk1.8.0_45\jre\bin\zip.dll

VM Arguments:
jvm_args: -Djava.awt.headless=true -Xmx1024M -Dfile.encoding=windows-1252 -Duser.country=US -Duser.language=en -Duser.variant 
java_command: com.android.dx.command.Main --dex --force-jumbo --num-threads=4 --multi-dex --output D:\android app development\CapstoneHomeSeek\app\build\intermediates\transforms\dex\debug\folders\1000\10\com.google.android.gms-play-services-ads-8.4.0_13ad2aded9915a24b6d10f8cfa50def071109451 D:\android app development\CapstoneHomeSeek\app\build\intermediates\exploded-aar\com.google.android.gms\play-services-ads\8.4.0\jars\classes.jar
java_class_path (initial): C:\Users\pluckannfeel\AppData\Local\Android\sdk\build-tools\23.0.3\lib\dx.jar
Launcher Type: SUN_STANDARD

Environment Variables:
JAVA_HOME=C:\Program Files (x86)\Java\jdk1.7.0_71
PATH=C:\ProgramData\Oracle\Java\javapath;C:\Windows\system32;C:\Windows;C:\Windows\System32\Wbem;C:\Windows\System32\WindowsPowerShell\v1.0\;C:\Program Files (x86)\Microsoft SQL Server\100\Tools\Binn\;C:\Program Files\Microsoft SQL Server\100\Tools\Binn\;C:\Program Files\Microsoft SQL Server\100\DTS\Binn\;C:\Program Files (x86)\Microsoft SQL Server\100\Tools\Binn\VSShell\Common7\IDE\;C:\Program Files (x86)\Microsoft SQL Server\100\DTS\Binn\;C:\Program Files (x86)\Microsoft SQL Server\90\Tools\binn\;C:\Program Files\nodejs\;C:\Program Files (x86)\GtkSharp\2.12\bin;C:\Program Files (x86)\Skype\Phone\;C:\Users\pluckannfeel\AppData\Roaming\npm
USERNAME=pluckannfeel
OS=Windows_NT
PROCESSOR_IDENTIFIER=Intel64 Family 6 Model 60 Stepping 3, GenuineIntel



---------------  S Y S T E M  ---------------

OS: Windows 8.1 , 64 bit Build 9600 (6.3.9600.17415)

CPU:total 4 (2 cores per cpu, 2 threads per core) family 6 model 60 stepping 3, cmov, cx8, fxsr, mmx, sse, sse2, sse3, ssse3, sse4.1, sse4.2, popcnt, avx, avx2, aes, clmul, erms, lzcnt, ht, tsc, tscinvbit, bmi1, bmi2

Memory: 4k page, physical 8302956k(809268k free), swap 11448684k(5088k free)

vm_info: Java HotSpot(TM) 64-Bit Server VM (25.45-b02) for windows-amd64 JRE (1.8.0_45-b15), built on Apr 30 2015 12:40:44 by "java_re" with MS VC++ 10.0 (VS2010)

time: Thu Nov 17 13:51:48 2016
elapsed time: 25 seconds (0d 0h 0m 25s)

