#
# There is insufficient memory for the Java Runtime Environment to continue.
# Native memory allocation (malloc) failed to allocate 595216 bytes for Chunk::new
# Possible reasons:
#   The system is out of physical RAM or swap space
#   In 32 bit mode, the process size limit was hit
# Possible solutions:
#   Reduce memory load on the system
#   Increase physical memory or swap space
#   Check if swap backing store is full
#   Use 64 bit Java on a 64 bit OS
#   Decrease Java heap size (-Xmx/-Xms)
#   Decrease number of Java threads
#   Decrease Java thread stack sizes (-Xss)
#   Set larger code cache with -XX:ReservedCodeCacheSize=
# This output file may be truncated or incomplete.
#
#  Out of Memory Error (allocation.cpp:390), pid=6188, tid=8288
#
# JRE version: Java(TM) SE Runtime Environment (8.0_45-b15) (build 1.8.0_45-b15)
# Java VM: Java HotSpot(TM) 64-Bit Server VM (25.45-b02 mixed mode windows-amd64 compressed oops)
# Failed to write core dump. Minidumps are not enabled by default on client versions of Windows
#

---------------  T H R E A D  ---------------

Current thread (0x0000000014b6d800):  JavaThread "C2 CompilerThread0" daemon [_thread_in_native, id=8288, stack(0x00000000160d0000,0x00000000161d0000)]

Stack: [0x00000000160d0000,0x00000000161d0000]
Native frames: (J=compiled Java code, j=interpreted, Vv=VM code, C=native code)
V  [jvm.dll+0x32b57a]
V  [jvm.dll+0x279873]
V  [jvm.dll+0x27a509]
V  [jvm.dll+0x271825]
V  [jvm.dll+0xcb9e2]
V  [jvm.dll+0xcbeac]
V  [jvm.dll+0x49298c]
V  [jvm.dll+0x45f8ca]
V  [jvm.dll+0x46a73b]
V  [jvm.dll+0x46cd52]
V  [jvm.dll+0x4500f2]
V  [jvm.dll+0xa4352]
V  [jvm.dll+0xa4c8f]
V  [jvm.dll+0x241984]
V  [jvm.dll+0x29853a]
C  [msvcr100.dll+0x21d9f]
C  [msvcr100.dll+0x21e3b]
C  [KERNEL32.DLL+0x13d2]
C  [ntdll.dll+0x154e4]


Current CompileTask:
C2:  16669 2123       4       com.android.dx.ssa.SCCP::simulatePhiBlock (50 bytes)


---------------  P R O C E S S  ---------------

Java Threads: ( => current thread )
  0x0000000016640800 JavaThread "pool-1-thread-4" [_thread_blocked, id=5596, stack(0x0000000016dd0000,0x0000000016ed0000)]
  0x000000001662c000 JavaThread "pool-1-thread-3" [_thread_in_Java, id=3792, stack(0x0000000016cd0000,0x0000000016dd0000)]
  0x0000000016597000 JavaThread "pool-1-thread-2" [_thread_in_Java, id=8376, stack(0x0000000016bd0000,0x0000000016cd0000)]
  0x0000000016594000 JavaThread "pool-2-thread-1" [_thread_blocked, id=8144, stack(0x0000000016ad0000,0x0000000016bd0000)]
  0x0000000016593800 JavaThread "pool-1-thread-1" [_thread_in_Java, id=8088, stack(0x00000000169d0000,0x0000000016ad0000)]
  0x00000000163d5800 JavaThread "Service Thread" daemon [_thread_blocked, id=8676, stack(0x00000000167d0000,0x00000000168d0000)]
  0x0000000014bcd000 JavaThread "C1 CompilerThread2" daemon [_thread_blocked, id=7436, stack(0x00000000162d0000,0x00000000163d0000)]
  0x0000000014bca000 JavaThread "C2 CompilerThread1" daemon [_thread_in_native, id=1132, stack(0x00000000161d0000,0x00000000162d0000)]
=>0x0000000014b6d800 JavaThread "C2 CompilerThread0" daemon [_thread_in_native, id=8288, stack(0x00000000160d0000,0x00000000161d0000)]
  0x0000000014b6b800 JavaThread "Attach Listener" daemon [_thread_blocked, id=8284, stack(0x0000000015fd0000,0x00000000160d0000)]
  0x0000000014b6a000 JavaThread "Signal Dispatcher" daemon [_thread_blocked, id=4056, stack(0x0000000015ed0000,0x0000000015fd0000)]
  0x0000000002496000 JavaThread "Finalizer" daemon [_thread_blocked, id=5332, stack(0x0000000015dd0000,0x0000000015ed0000)]
  0x000000000248d000 JavaThread "Reference Handler" daemon [_thread_blocked, id=4124, stack(0x0000000015cd0000,0x0000000015dd0000)]
  0x00000000023a1000 JavaThread "main" [_thread_in_Java, id=9024, stack(0x0000000002230000,0x0000000002330000)]

Other Threads:
  0x0000000014b37800 VMThread [stack: 0x0000000015bd0000,0x0000000015cd0000] [id=8012]
  0x00000000163d7000 WatcherThread [stack: 0x00000000168d0000,0x00000000169d0000] [id=7484]

VM state:not at safepoint (normal execution)

VM Mutex/Monitor currently owned by a thread: None

Heap:
 PSYoungGen      total 71680K, used 58690K [0x00000000eab00000, 0x00000000f3700000, 0x0000000100000000)
  eden space 66560K, 80% used [0x00000000eab00000,0x00000000edf55548,0x00000000eec00000)
  from space 5120K, 99% used [0x00000000ef100000,0x00000000ef5fb4e0,0x00000000ef600000)
  to   space 5120K, 0% used [0x00000000eec00000,0x00000000eec00000,0x00000000ef100000)
 ParOldGen       total 87552K, used 29595K [0x00000000c0000000, 0x00000000c5580000, 0x00000000eab00000)
  object space 87552K, 33% used [0x00000000c0000000,0x00000000c1ce6f48,0x00000000c5580000)
 Metaspace       used 6215K, capacity 7152K, committed 7296K, reserved 1056768K
  class space    used 587K, capacity 616K, committed 640K, reserved 1048576K

Card table byte_map: [0x0000000011860000,0x0000000011a70000] byte_map_base: 0x0000000011260000

Marking Bits: (ParMarkBitMap*) 0x0000000051dc4040
 Begin Bits: [0x0000000011fd0000, 0x0000000012fd0000)
 End Bits:   [0x0000000012fd0000, 0x0000000013fd0000)

Polling page: 0x0000000002330000

CodeCache: size=245760Kb used=10324Kb max_used=10338Kb free=235435Kb
 bounds [0x00000000024a0000, 0x0000000002ed0000, 0x00000000114a0000]
 total_blobs=2452 nmethods=2182 adapters=182
 compilation: enabled

Compilation events (10 events):
Event: 16.593 Thread 0x0000000014bca000 nmethod 2145 0x0000000002eb2a90 code [0x0000000002eb2da0, 0x0000000002eb5218]
Event: 16.594 Thread 0x0000000014bca000 2189       4       com.android.dx.ssa.SsaBasicBlock::forEachInsn (37 bytes)
Event: 16.595 Thread 0x0000000014bcd000 2193       3       com.android.dx.ssa.DeadCodeRemover$NoSideEffectVisitor::visitPhiInsn (22 bytes)
Event: 16.596 Thread 0x0000000014bcd000 nmethod 2193 0x0000000002eb1b50 code [0x0000000002eb1d00, 0x0000000002eb2448]
Event: 16.597 Thread 0x0000000014bcd000 2194       3       com.android.dx.ssa.PhiTypeResolver::run (179 bytes)
Event: 16.599 Thread 0x0000000014bcd000 nmethod 2194 0x0000000002eaff50 code [0x0000000002eb01e0, 0x0000000002eb1348]
Event: 16.624 Thread 0x0000000014bcd000 2196       3       com.android.dx.ssa.back.LivenessAnalyzer::constructInterferenceGraph (47 bytes)
Event: 16.625 Thread 0x0000000014bcd000 nmethod 2196 0x0000000002eaf790 code [0x0000000002eaf940, 0x0000000002eafd78]
Event: 16.625 Thread 0x0000000014bcd000 2195       3       com.android.dx.dex.code.RopTranslator$LocalVariableAwareTranslationVisitor::visitPlainCstInsn (11 bytes)
Event: 16.626 Thread 0x0000000014bcd000 nmethod 2195 0x0000000002eae390 code [0x0000000002eae5a0, 0x0000000002eaf0f8]

GC Heap History (8 events):
Event: 2.948 GC heap before
{Heap before GC invocations=1 (full 0):
 PSYoungGen      total 38400K, used 33280K [0x00000000eab00000, 0x00000000ed580000, 0x0000000100000000)
  eden space 33280K, 100% used [0x00000000eab00000,0x00000000ecb80000,0x00000000ecb80000)
  from space 5120K, 0% used [0x00000000ed080000,0x00000000ed080000,0x00000000ed580000)
  to   space 5120K, 0% used [0x00000000ecb80000,0x00000000ecb80000,0x00000000ed080000)
 ParOldGen       total 87552K, used 0K [0x00000000c0000000, 0x00000000c5580000, 0x00000000eab00000)
  object space 87552K, 0% used [0x00000000c0000000,0x00000000c0000000,0x00000000c5580000)
 Metaspace       used 5779K, capacity 6832K, committed 7040K, reserved 1056768K
  class space    used 579K, capacity 616K, committed 640K, reserved 1048576K
Event: 3.738 GC heap after
Heap after GC invocations=1 (full 0):
 PSYoungGen      total 38400K, used 5089K [0x00000000eab00000, 0x00000000ef600000, 0x0000000100000000)
  eden space 33280K, 0% used [0x00000000eab00000,0x00000000eab00000,0x00000000ecb80000)
  from space 5120K, 99% used [0x00000000ecb80000,0x00000000ed0784b8,0x00000000ed080000)
  to   space 5120K, 0% used [0x00000000ef100000,0x00000000ef100000,0x00000000ef600000)
 ParOldGen       total 87552K, used 1786K [0x00000000c0000000, 0x00000000c5580000, 0x00000000eab00000)
  object space 87552K, 2% used [0x00000000c0000000,0x00000000c01bea28,0x00000000c5580000)
 Metaspace       used 5779K, capacity 6832K, committed 7040K, reserved 1056768K
  class space    used 579K, capacity 616K, committed 640K, reserved 1048576K
}
Event: 7.440 GC heap before
{Heap before GC invocations=2 (full 0):
 PSYoungGen      total 38400K, used 38369K [0x00000000eab00000, 0x00000000ef600000, 0x0000000100000000)
  eden space 33280K, 100% used [0x00000000eab00000,0x00000000ecb80000,0x00000000ecb80000)
  from space 5120K, 99% used [0x00000000ecb80000,0x00000000ed0784b8,0x00000000ed080000)
  to   space 5120K, 0% used [0x00000000ef100000,0x00000000ef100000,0x00000000ef600000)
 ParOldGen       total 87552K, used 1786K [0x00000000c0000000, 0x00000000c5580000, 0x00000000eab00000)
  object space 87552K, 2% used [0x00000000c0000000,0x00000000c01bea28,0x00000000c5580000)
 Metaspace       used 5937K, capacity 6960K, committed 7040K, reserved 1056768K
  class space    used 580K, capacity 616K, committed 640K, reserved 1048576K
Event: 7.917 GC heap after
Heap after GC invocations=2 (full 0):
 PSYoungGen      total 71680K, used 5105K [0x00000000eab00000, 0x00000000ef600000, 0x0000000100000000)
  eden space 66560K, 0% used [0x00000000eab00000,0x00000000eab00000,0x00000000eec00000)
  from space 5120K, 99% used [0x00000000ef100000,0x00000000ef5fc708,0x00000000ef600000)
  to   space 5120K, 0% used [0x00000000eec00000,0x00000000eec00000,0x00000000ef100000)
 ParOldGen       total 87552K, used 7120K [0x00000000c0000000, 0x00000000c5580000, 0x00000000eab00000)
  object space 87552K, 8% used [0x00000000c0000000,0x00000000c06f4270,0x00000000c5580000)
 Metaspace       used 5937K, capacity 6960K, committed 7040K, reserved 1056768K
  class space    used 580K, capacity 616K, committed 640K, reserved 1048576K
}
Event: 12.661 GC heap before
{Heap before GC invocations=3 (full 0):
 PSYoungGen      total 71680K, used 71665K [0x00000000eab00000, 0x00000000ef600000, 0x0000000100000000)
  eden space 66560K, 100% used [0x00000000eab00000,0x00000000eec00000,0x00000000eec00000)
  from space 5120K, 99% used [0x00000000ef100000,0x00000000ef5fc708,0x00000000ef600000)
  to   space 5120K, 0% used [0x00000000eec00000,0x00000000eec00000,0x00000000ef100000)
 ParOldGen       total 87552K, used 7120K [0x00000000c0000000, 0x00000000c5580000, 0x00000000eab00000)
  object space 87552K, 8% used [0x00000000c0000000,0x00000000c06f4270,0x00000000c5580000)
 Metaspace       used 6077K, capacity 7024K, committed 7296K, reserved 1056768K
  class space    used 580K, capacity 616K, committed 640K, reserved 1048576K
Event: 13.955 GC heap after
Heap after GC invocations=3 (full 0):
 PSYoungGen      total 71680K, used 5116K [0x00000000eab00000, 0x00000000ef600000, 0x0000000100000000)
  eden space 66560K, 0% used [0x00000000eab00000,0x00000000eab00000,0x00000000eec00000)
  from space 5120K, 99% used [0x00000000eec00000,0x00000000ef0ff1c8,0x00000000ef100000)
  to   space 5120K, 0% used [0x00000000ef100000,0x00000000ef100000,0x00000000ef600000)
 ParOldGen       total 87552K, used 18176K [0x00000000c0000000, 0x00000000c5580000, 0x00000000eab00000)
  object space 87552K, 20% used [0x00000000c0000000,0x00000000c11c02c8,0x00000000c5580000)
 Metaspace       used 6077K, capacity 7024K, committed 7296K, reserved 1056768K
  class space    used 580K, capacity 616K, committed 640K, reserved 1048576K
}
Event: 15.254 GC heap before
{Heap before GC invocations=4 (full 0):
 PSYoungGen      total 71680K, used 71676K [0x00000000eab00000, 0x00000000ef600000, 0x0000000100000000)
  eden space 66560K, 100% used [0x00000000eab00000,0x00000000eec00000,0x00000000eec00000)
  from space 5120K, 99% used [0x00000000eec00000,0x00000000ef0ff1c8,0x00000000ef100000)
  to   space 5120K, 0% used [0x00000000ef100000,0x00000000ef100000,0x00000000ef600000)
 ParOldGen       total 87552K, used 18176K [0x00000000c0000000, 0x00000000c5580000, 0x00000000eab00000)
  object space 87552K, 20% used [0x00000000c0000000,0x00000000c11c02c8,0x00000000c5580000)
 Metaspace       used 6142K, capacity 7088K, committed 7296K, reserved 1056768K
  class space    used 580K, capacity 616K, committed 640K, reserved 1048576K
Event: 15.687 GC heap after
Heap after GC invocations=4 (full 0):
 PSYoungGen      total 71680K, used 5101K [0x00000000eab00000, 0x00000000f3700000, 0x0000000100000000)
  eden space 66560K, 0% used [0x00000000eab00000,0x00000000eab00000,0x00000000eec00000)
  from space 5120K, 99% used [0x00000000ef100000,0x00000000ef5fb4e0,0x00000000ef600000)
  to   space 5120K, 0% used [0x00000000eec00000,0x00000000eec00000,0x00000000ef100000)
 ParOldGen       total 87552K, used 29595K [0x00000000c0000000, 0x00000000c5580000, 0x00000000eab00000)
  object space 87552K, 33% used [0x00000000c0000000,0x00000000c1ce6f48,0x00000000c5580000)
 Metaspace       used 6142K, capacity 7088K, committed 7296K, reserved 1056768K
  class space    used 580K, capacity 616K, committed 640K, reserved 1048576K
}

Deoptimization events (10 events):
Event: 16.571 Thread 0x0000000016640800 Uncommon trap: reason=unstable_if action=reinterpret pc=0x0000000002cf30d4 method=com.android.dx.ssa.SsaConverter.nodeNeedsUniquePredecessor(Lcom/android/dx/ssa/SsaBasicBlock;)Z @ 23
Event: 16.571 Thread 0x0000000016640800 Uncommon trap: reason=unstable_if action=reinterpret pc=0x0000000002ced6d0 method=com.android.dx.rop.code.LocalItem.compareHandlesNulls(Lcom/android/dx/rop/cst/CstString;Lcom/android/dx/rop/cst/CstString;)I @ 2
Event: 16.572 Thread 0x0000000016640800 Uncommon trap: reason=null_check action=make_not_entrant pc=0x0000000002e8741c method=com.android.dx.ssa.SsaRenamer.getLocalForNewReg(I)Lcom/android/dx/rop/code/LocalItem; @ 19
Event: 16.573 Thread 0x0000000016640800 Uncommon trap: reason=unstable_if action=reinterpret pc=0x0000000002e7f280 method=com.android.dx.ssa.SCCP.simulateStmt(Lcom/android/dx/ssa/SsaInsn;)V @ 469
Event: 16.573 Thread 0x0000000016640800 Uncommon trap: reason=unstable_if action=reinterpret pc=0x0000000002cd7e10 method=com.android.dx.ssa.SsaInsn.getLocalAssignment()Lcom/android/dx/rop/code/RegisterSpec; @ 14
Event: 16.573 Thread 0x0000000016640800 Uncommon trap: reason=unstable_if action=reinterpret pc=0x0000000002cee05c method=com.android.dx.ssa.SsaInsn.getLocalAssignment()Lcom/android/dx/rop/code/RegisterSpec; @ 14
Event: 16.573 Thread 0x0000000016640800 Uncommon trap: reason=unstable_if action=reinterpret pc=0x0000000002ba30bc method=com.android.dx.ssa.SsaInsn.getLocalAssignment()Lcom/android/dx/rop/code/RegisterSpec; @ 14
Event: 16.576 Thread 0x0000000016640800 Uncommon trap: reason=unstable_if action=reinterpret pc=0x0000000002c85720 method=com.android.dx.ssa.PhiTypeResolver.run()V @ 146
Event: 16.576 Thread 0x0000000016640800 Uncommon trap: reason=unstable_if action=reinterpret pc=0x0000000002cf1044 method=com.android.dx.ssa.back.LivenessAnalyzer.coInterferePhis(Lcom/android/dx/ssa/SsaMethod;Lcom/android/dx/ssa/back/InterferenceGraph;)V @ 66
Event: 16.576 Thread 0x0000000016640800 Uncommon trap: reason=unstable_if action=reinterpret pc=0x0000000002ccb4ec method=com.android.dx.dex.code.RopTranslator.getRegs(Lcom/android/dx/rop/code/Insn;Lcom/android/dx/rop/code/RegisterSpec;)Lcom/android/dx/rop/code/RegisterSpecList; @ 12

Internal exceptions (4 events):
Event: 0.091 Thread 0x00000000023a1000 Exception <a 'java/lang/NoSuchMethodError': Method sun.misc.Unsafe.defineClass(Ljava/lang/String;[BII)Ljava/lang/Class; name or signature does not match> (0x00000000eab0d408) thrown at [C:\re\workspace\8-2-build-windows-amd64-cygwin\jdk8u45\3627\hotspot\sräfèNB·?
Event: 0.091 Thread 0x00000000023a1000 Exception <a 'java/lang/NoSuchMethodError': Method sun.misc.Unsafe.prefetchRead(Ljava/lang/Object;J)V name or signature does not match> (0x00000000eab0d698) thrown at [C:\re\workspace\8-2-build-windows-amd64-cygwin\jdk8u45\3627\hotspot\src\share\vm\prims\jN¾þiþ/@
Event: 15.997 Thread 0x0000000016593800 Implicit null exception at 0x0000000002789e22 to 0x0000000002789f25
Event: 16.572 Thread 0x0000000016640800 Implicit null exception at 0x0000000002e86618 to 0x0000000002e873d1

Events (10 events):
Event: 16.576 Thread 0x0000000016640800 DEOPT PACKING pc=0x0000000002c85720 sp=0x0000000016ece950
Event: 16.576 Thread 0x0000000016640800 DEOPT UNPACKING pc=0x00000000024e582a sp=0x0000000016ece8f0 mode 2
Event: 16.576 Thread 0x0000000016640800 Uncommon trap: trap_request=0xffffff65 fr.pc=0x0000000002cf1044
Event: 16.576 Thread 0x0000000016640800 DEOPT PACKING pc=0x0000000002cf1044 sp=0x0000000016ecea10
Event: 16.576 Thread 0x0000000016640800 DEOPT UNPACKING pc=0x00000000024e582a sp=0x0000000016ece990 mode 2
Event: 16.576 Thread 0x0000000016640800 Uncommon trap: trap_request=0xffffff65 fr.pc=0x0000000002ccb4ec
Event: 16.576 Thread 0x0000000016640800 DEOPT PACKING pc=0x0000000002ccb4ec sp=0x0000000016ece830
Event: 16.576 Thread 0x0000000016640800 DEOPT UNPACKING pc=0x00000000024e582a sp=0x0000000016ece690 mode 2
Event: 16.604 Thread 0x00000000023a1000 DEOPT PACKING pc=0x0000000002b266cb sp=0x000000000232e170
Event: 16.604 Thread 0x00000000023a1000 DEOPT UNPACKING pc=0x00000000024e787f sp=0x000000000232df80 mode 0


Dynamic libraries:
0x00007ff775360000 - 0x00007ff775397000 	C:\Program Files\Java\jdk1.8.0_45\bin\java.exe
0x00007ff9ebcb0000 - 0x00007ff9ebe5d000 	C:\Windows\SYSTEM32\ntdll.dll
0x00007ff9eac90000 - 0x00007ff9eadce000 	C:\Windows\system32\KERNEL32.DLL
0x00007ff9e9220000 - 0x00007ff9e9335000 	C:\Windows\system32\KERNELBASE.dll
0x00007ff9e79b0000 - 0x00007ff9e7a3e000 	C:\Windows\system32\apphelp.dll
0x00007ff9cb9b0000 - 0x00007ff9cba03000 	C:\Windows\AppPatch\AppPatch64\AcGenral.DLL
0x00007ff9eb8a0000 - 0x00007ff9eb94a000 	C:\Windows\system32\msvcrt.dll
0x00007ff9e91f0000 - 0x00007ff9e921e000 	C:\Windows\system32\SspiCli.dll
0x00007ff9eab70000 - 0x00007ff9eabc4000 	C:\Windows\system32\SHLWAPI.dll
0x00007ff9eb380000 - 0x00007ff9eb4f7000 	C:\Windows\system32\USER32.dll
0x00007ff9eb620000 - 0x00007ff9eb7b4000 	C:\Windows\system32\ole32.dll
0x00007ff9e9350000 - 0x00007ff9ea879000 	C:\Windows\system32\SHELL32.dll
0x00007ff9e8430000 - 0x00007ff9e8451000 	C:\Windows\SYSTEM32\USERENV.dll
0x00007ff9ebb30000 - 0x00007ff9ebbda000 	C:\Windows\system32\ADVAPI32.dll
0x00007ff9e1120000 - 0x00007ff9e113e000 	C:\Windows\SYSTEM32\MPR.dll
0x00007ff9ea880000 - 0x00007ff9ea9c0000 	C:\Windows\system32\RPCRT4.dll
0x00007ff9ebbf0000 - 0x00007ff9ebc49000 	C:\Windows\SYSTEM32\sechost.dll
0x00007ff9eaf90000 - 0x00007ff9eb1a1000 	C:\Windows\SYSTEM32\combase.dll
0x00007ff9ea9c0000 - 0x00007ff9eab0f000 	C:\Windows\system32\GDI32.dll
0x00007ff9e8de0000 - 0x00007ff9e8df5000 	C:\Windows\SYSTEM32\profapi.dll
0x00007ff9e7040000 - 0x00007ff9e70f2000 	C:\Windows\SYSTEM32\SHCORE.dll
0x00007ff9eb500000 - 0x00007ff9eb536000 	C:\Windows\system32\IMM32.DLL
0x00007ff9eb1b0000 - 0x00007ff9eb302000 	C:\Windows\system32\MSCTF.dll
0x00007ff9e65a0000 - 0x00007ff9e681b000 	C:\Windows\WinSxS\amd64_microsoft.windows.common-controls_6595b64144ccf1df_6.0.9600.18006_none_623f33d3ecbe86e8\COMCTL32.dll
0x0000000051e50000 - 0x0000000051f22000 	C:\Program Files\Java\jdk1.8.0_45\jre\bin\msvcr100.dll
0x00000000515c0000 - 0x0000000051e43000 	C:\Program Files\Java\jdk1.8.0_45\jre\bin\server\jvm.dll
0x00007ff9e1110000 - 0x00007ff9e1119000 	C:\Windows\SYSTEM32\WSOCK32.dll
0x00007ff9e0510000 - 0x00007ff9e0532000 	C:\Windows\SYSTEM32\WINMM.dll
0x00007ff9de9c0000 - 0x00007ff9de9ca000 	C:\Windows\SYSTEM32\VERSION.dll
0x00007ff9e9340000 - 0x00007ff9e9347000 	C:\Windows\system32\PSAPI.DLL
0x00007ff9eab10000 - 0x00007ff9eab6a000 	C:\Windows\system32\WS2_32.dll
0x00007ff9e04e0000 - 0x00007ff9e050a000 	C:\Windows\SYSTEM32\WINMMBASE.dll
0x00007ff9eadd0000 - 0x00007ff9eadd9000 	C:\Windows\system32\NSI.dll
0x00007ff9e8eb0000 - 0x00007ff9e8eff000 	C:\Windows\SYSTEM32\cfgmgr32.dll
0x00007ff9e7ad0000 - 0x00007ff9e7af8000 	C:\Windows\SYSTEM32\DEVOBJ.dll
0x00000000515b0000 - 0x00000000515bf000 	C:\Program Files\Java\jdk1.8.0_45\jre\bin\verify.dll
0x0000000051580000 - 0x00000000515a9000 	C:\Program Files\Java\jdk1.8.0_45\jre\bin\java.dll
0x0000000051560000 - 0x0000000051576000 	C:\Program Files\Java\jdk1.8.0_45\jre\bin\zip.dll
0x00007ff9e0a40000 - 0x00007ff9e0bc9000 	C:\Windows\SYSTEM32\dbghelp.dll

VM Arguments:
jvm_args: -Djava.awt.headless=true -Xmx1024M -Dfile.encoding=windows-1252 -Duser.country=US -Duser.language=en -Duser.variant 
java_command: com.android.dx.command.Main --dex --force-jumbo --num-threads=4 --output D:\android app development\CapstoneHomeSeek\app\build\intermediates\pre-dexed\debug\main_7217575f5e830c780a3ec4eabcdfc7778d68a0bb.jar D:\android app development\CapstoneHomeSeek\app\build\intermediates\transforms\instantRun\debug\folders\1\5\main
java_class_path (initial): C:\Users\pluckannfeel\AppData\Local\Android\sdk\build-tools\23.0.3\lib\dx.jar
Launcher Type: SUN_STANDARD

Environment Variables:
JAVA_HOME=C:\Program Files (x86)\Java\jdk1.7.0_71
PATH=C:\ProgramData\Oracle\Java\javapath;C:\Windows\system32;C:\Windows;C:\Windows\System32\Wbem;C:\Windows\System32\WindowsPowerShell\v1.0\;C:\Program Files (x86)\Microsoft SQL Server\100\Tools\Binn\;C:\Program Files\Microsoft SQL Server\100\Tools\Binn\;C:\Program Files\Microsoft SQL Server\100\DTS\Binn\;C:\Program Files (x86)\Microsoft SQL Server\100\Tools\Binn\VSShell\Common7\IDE\;C:\Program Files (x86)\Microsoft SQL Server\100\DTS\Binn\;C:\Program Files (x86)\Microsoft SQL Server\90\Tools\binn\;C:\Program Files\nodejs\;C:\Program Files (x86)\GtkSharp\2.12\bin;C:\Program Files (x86)\Skype\Phone\;C:\Users\pluckannfeel\AppData\Roaming\npm
USERNAME=pluckannfeel
OS=Windows_NT
PROCESSOR_IDENTIFIER=Intel64 Family 6 Model 60 Stepping 3, GenuineIntel



---------------  S Y S T E M  ---------------

OS: Windows 8.1 , 64 bit Build 9600 (6.3.9600.17415)

CPU:total 4 (2 cores per cpu, 2 threads per core) family 6 model 60 stepping 3, cmov, cx8, fxsr, mmx, sse, sse2, sse3, ssse3, sse4.1, sse4.2, popcnt, avx, avx2, aes, clmul, erms, lzcnt, ht, tsc, tscinvbit, bmi1, bmi2

Memory: 4k page, physical 8302956k(448044k free), swap 11448684k(5328k free)

vm_info: Java HotSpot(TM) 64-Bit Server VM (25.45-b02) for windows-amd64 JRE (1.8.0_45-b15), built on Apr 30 2015 12:40:44 by "java_re" with MS VC++ 10.0 (VS2010)

time: Sat Nov 19 10:37:44 2016
elapsed time: 16 seconds (0d 0h 0m 16s)

