#
# There is insufficient memory for the Java Runtime Environment to continue.
# Native memory allocation (malloc) failed to allocate 164176 bytes for Chunk::new
# Possible reasons:
#   The system is out of physical RAM or swap space
#   In 32 bit mode, the process size limit was hit
# Possible solutions:
#   Reduce memory load on the system
#   Increase physical memory or swap space
#   Check if swap backing store is full
#   Use 64 bit Java on a 64 bit OS
#   Decrease Java heap size (-Xmx/-Xms)
#   Decrease number of Java threads
#   Decrease Java thread stack sizes (-Xss)
#   Set larger code cache with -XX:ReservedCodeCacheSize=
# This output file may be truncated or incomplete.
#
#  Out of Memory Error (allocation.cpp:390), pid=4400, tid=4408
#
# JRE version: Java(TM) SE Runtime Environment (8.0_45-b15) (build 1.8.0_45-b15)
# Java VM: Java HotSpot(TM) 64-Bit Server VM (25.45-b02 mixed mode windows-amd64 compressed oops)
# Failed to write core dump. Minidumps are not enabled by default on client versions of Windows
#

---------------  T H R E A D  ---------------

Current thread (0x000000001510b000):  JavaThread "C2 CompilerThread0" daemon [_thread_in_native, id=4408, stack(0x0000000016680000,0x0000000016780000)]

Stack: [0x0000000016680000,0x0000000016780000]
Native frames: (J=compiled Java code, j=interpreted, Vv=VM code, C=native code)
V  [jvm.dll+0x32b57a]
V  [jvm.dll+0x279873]
V  [jvm.dll+0x27a509]
V  [jvm.dll+0x271825]
V  [jvm.dll+0xcb9e2]
V  [jvm.dll+0xcbeac]
V  [jvm.dll+0x49298c]
V  [jvm.dll+0x45f6ff]
V  [jvm.dll+0x46a73b]
V  [jvm.dll+0x46cd52]
V  [jvm.dll+0x4500f2]
V  [jvm.dll+0xa4352]
V  [jvm.dll+0xa4c8f]
V  [jvm.dll+0x241984]
V  [jvm.dll+0x29853a]
C  [msvcr100.dll+0x21d9f]
C  [msvcr100.dll+0x21e3b]
C  [KERNEL32.DLL+0x13d2]
C  [ntdll.dll+0x154e4]


Current CompileTask:
C2:  38359 2645 %     4       com.android.dx.dex.cf.CfTranslator::translate0 @ 141 (259 bytes)


---------------  P R O C E S S  ---------------

Java Threads: ( => current thread )
  0x0000000002941000 JavaThread "DestroyJavaVM" [_thread_blocked, id=8792, stack(0x0000000002820000,0x0000000002920000)]
  0x0000000016986800 JavaThread "Service Thread" daemon [_thread_blocked, id=8360, stack(0x0000000016d80000,0x0000000016e80000)]
  0x000000001516c000 JavaThread "C1 CompilerThread2" daemon [_thread_blocked, id=7192, stack(0x0000000016880000,0x0000000016980000)]
  0x0000000015166000 JavaThread "C2 CompilerThread1" daemon [_thread_in_native, id=8600, stack(0x0000000016780000,0x0000000016880000)]
=>0x000000001510b000 JavaThread "C2 CompilerThread0" daemon [_thread_in_native, id=4408, stack(0x0000000016680000,0x0000000016780000)]
  0x0000000015109000 JavaThread "Attach Listener" daemon [_thread_blocked, id=6204, stack(0x0000000016580000,0x0000000016680000)]
  0x0000000015108000 JavaThread "Signal Dispatcher" daemon [_thread_blocked, id=8844, stack(0x0000000016480000,0x0000000016580000)]
  0x0000000002a36000 JavaThread "Finalizer" daemon [_thread_blocked, id=3068, stack(0x0000000016380000,0x0000000016480000)]
  0x0000000002a2d000 JavaThread "Reference Handler" daemon [_thread_blocked, id=7680, stack(0x0000000016280000,0x0000000016380000)]

Other Threads:
  0x00000000150d7800 VMThread [stack: 0x0000000016180000,0x0000000016280000] [id=2496]
  0x0000000016987800 WatcherThread [stack: 0x0000000016e80000,0x0000000016f80000] [id=836]

VM state:not at safepoint (normal execution)

VM Mutex/Monitor currently owned by a thread: None

Heap:
 PSYoungGen      total 295424K, used 37195K [0x00000000eab00000, 0x00000000ff000000, 0x0000000100000000)
  eden space 262144K, 10% used [0x00000000eab00000,0x00000000ec563418,0x00000000fab00000)
  from space 33280K, 30% used [0x00000000fab00000,0x00000000fb4ef968,0x00000000fcb80000)
  to   space 29184K, 0% used [0x00000000fcb80000,0x00000000fcb80000,0x00000000fe800000)
 ParOldGen       total 87552K, used 87452K [0x00000000c0000000, 0x00000000c5580000, 0x00000000eab00000)
  object space 87552K, 99% used [0x00000000c0000000,0x00000000c5567338,0x00000000c5580000)
 Metaspace       used 7338K, capacity 7864K, committed 8192K, reserved 1056768K
  class space    used 670K, capacity 688K, committed 768K, reserved 1048576K

Card table byte_map: [0x0000000011e00000,0x0000000012010000] byte_map_base: 0x0000000011800000

Marking Bits: (ParMarkBitMap*) 0x000000005abc4040
 Begin Bits: [0x0000000012570000, 0x0000000013570000)
 End Bits:   [0x0000000013570000, 0x0000000014570000)

Polling page: 0x00000000027b0000

CodeCache: size=245760Kb used=11726Kb max_used=11726Kb free=234033Kb
 bounds [0x0000000002a40000, 0x00000000035c0000, 0x0000000011a40000]
 total_blobs=2784 nmethods=2505 adapters=191
 compilation: enabled

Compilation events (10 events):
Event: 24.336 Thread 0x000000001516c000 2648       3       java.util.TreeMap$KeyIterator::next (8 bytes)
Event: 24.337 Thread 0x000000001516c000 nmethod 2648 0x0000000002e2fed0 code [0x0000000002e30040, 0x0000000002e30248]
Event: 24.337 Thread 0x000000001516c000 2650       3       com.android.dx.dex.file.ClassDefItem::getInterfaces (19 bytes)
Event: 24.337 Thread 0x000000001516c000 nmethod 2650 0x0000000002ec27d0 code [0x0000000002ec2940, 0x0000000002ec2b90]
Event: 24.337 Thread 0x000000001516c000 2651       3       com.android.dx.dex.file.IndexedItem::setIndex (24 bytes)
Event: 24.337 Thread 0x000000001516c000 nmethod 2651 0x0000000002ee4910 code [0x0000000002ee4a80, 0x0000000002ee4cc8]
Event: 24.337 Thread 0x000000001516c000 2652       3       com.android.dx.dex.file.EncodedField::compareTo (9 bytes)
Event: 24.337 Thread 0x000000001516c000 nmethod 2652 0x00000000032df5d0 code [0x00000000032df740, 0x00000000032dfb28]
Event: 24.337 Thread 0x000000001516c000 2653       3       com.android.dx.dex.file.EncodedField::compareTo (12 bytes)
Event: 24.338 Thread 0x000000001516c000 nmethod 2653 0x0000000002c9f090 code [0x0000000002c9f240, 0x0000000002c9f9f8]

GC Heap History (10 events):
Event: 10.493 GC heap before
{Heap before GC invocations=4 (full 0):
 PSYoungGen      total 71680K, used 71665K [0x00000000eab00000, 0x00000000f3700000, 0x0000000100000000)
  eden space 66560K, 100% used [0x00000000eab00000,0x00000000eec00000,0x00000000eec00000)
  from space 5120K, 99% used [0x00000000eec00000,0x00000000ef0fc6e8,0x00000000ef100000)
  to   space 5120K, 0% used [0x00000000f3200000,0x00000000f3200000,0x00000000f3700000)
 ParOldGen       total 87552K, used 18289K [0x00000000c0000000, 0x00000000c5580000, 0x00000000eab00000)
  object space 87552K, 20% used [0x00000000c0000000,0x00000000c11dc670,0x00000000c5580000)
 Metaspace       used 6235K, capacity 7088K, committed 7296K, reserved 1056768K
  class space    used 580K, capacity 616K, committed 640K, reserved 1048576K
Event: 10.603 GC heap after
Heap after GC invocations=4 (full 0):
 PSYoungGen      total 138240K, used 5111K [0x00000000eab00000, 0x00000000f3700000, 0x0000000100000000)
  eden space 133120K, 0% used [0x00000000eab00000,0x00000000eab00000,0x00000000f2d00000)
  from space 5120K, 99% used [0x00000000f3200000,0x00000000f36fdfc8,0x00000000f3700000)
  to   space 5120K, 0% used [0x00000000f2d00000,0x00000000f2d00000,0x00000000f3200000)
 ParOldGen       total 87552K, used 29737K [0x00000000c0000000, 0x00000000c5580000, 0x00000000eab00000)
  object space 87552K, 33% used [0x00000000c0000000,0x00000000c1d0a6c8,0x00000000c5580000)
 Metaspace       used 6235K, capacity 7088K, committed 7296K, reserved 1056768K
  class space    used 580K, capacity 616K, committed 640K, reserved 1048576K
}
Event: 12.559 GC heap before
{Heap before GC invocations=5 (full 0):
 PSYoungGen      total 138240K, used 138231K [0x00000000eab00000, 0x00000000f3700000, 0x0000000100000000)
  eden space 133120K, 100% used [0x00000000eab00000,0x00000000f2d00000,0x00000000f2d00000)
  from space 5120K, 99% used [0x00000000f3200000,0x00000000f36fdfc8,0x00000000f3700000)
  to   space 5120K, 0% used [0x00000000f2d00000,0x00000000f2d00000,0x00000000f3200000)
 ParOldGen       total 87552K, used 29737K [0x00000000c0000000, 0x00000000c5580000, 0x00000000eab00000)
  object space 87552K, 33% used [0x00000000c0000000,0x00000000c1d0a6c8,0x00000000c5580000)
 Metaspace       used 6293K, capacity 7152K, committed 7296K, reserved 1056768K
  class space    used 587K, capacity 616K, committed 640K, reserved 1048576K
Event: 12.742 GC heap after
Heap after GC invocations=5 (full 0):
 PSYoungGen      total 138240K, used 5113K [0x00000000eab00000, 0x00000000fe800000, 0x0000000100000000)
  eden space 133120K, 0% used [0x00000000eab00000,0x00000000eab00000,0x00000000f2d00000)
  from space 5120K, 99% used [0x00000000f2d00000,0x00000000f31fe740,0x00000000f3200000)
  to   space 29184K, 0% used [0x00000000fcb80000,0x00000000fcb80000,0x00000000fe800000)
 ParOldGen       total 87552K, used 52010K [0x00000000c0000000, 0x00000000c5580000, 0x00000000eab00000)
  object space 87552K, 59% used [0x00000000c0000000,0x00000000c32ca940,0x00000000c5580000)
 Metaspace       used 6293K, capacity 7152K, committed 7296K, reserved 1056768K
  class space    used 587K, capacity 616K, committed 640K, reserved 1048576K
}
Event: 14.064 GC heap before
{Heap before GC invocations=6 (full 0):
 PSYoungGen      total 138240K, used 138233K [0x00000000eab00000, 0x00000000fe800000, 0x0000000100000000)
  eden space 133120K, 100% used [0x00000000eab00000,0x00000000f2d00000,0x00000000f2d00000)
  from space 5120K, 99% used [0x00000000f2d00000,0x00000000f31fe740,0x00000000f3200000)
  to   space 29184K, 0% used [0x00000000fcb80000,0x00000000fcb80000,0x00000000fe800000)
 ParOldGen       total 87552K, used 52010K [0x00000000c0000000, 0x00000000c5580000, 0x00000000eab00000)
  object space 87552K, 59% used [0x00000000c0000000,0x00000000c32ca940,0x00000000c5580000)
 Metaspace       used 6334K, capacity 7152K, committed 7296K, reserved 1056768K
  class space    used 590K, capacity 616K, committed 640K, reserved 1048576K
Event: 14.160 GC heap after
Heap after GC invocations=6 (full 0):
 PSYoungGen      total 291328K, used 26041K [0x00000000eab00000, 0x00000000ff000000, 0x0000000100000000)
  eden space 262144K, 0% used [0x00000000eab00000,0x00000000eab00000,0x00000000fab00000)
  from space 29184K, 89% used [0x00000000fcb80000,0x00000000fe4ee618,0x00000000fe800000)
  to   space 33280K, 0% used [0x00000000fab00000,0x00000000fab00000,0x00000000fcb80000)
 ParOldGen       total 87552K, used 52018K [0x00000000c0000000, 0x00000000c5580000, 0x00000000eab00000)
  object space 87552K, 59% used [0x00000000c0000000,0x00000000c32cc940,0x00000000c5580000)
 Metaspace       used 6334K, capacity 7152K, committed 7296K, reserved 1056768K
  class space    used 590K, capacity 616K, committed 640K, reserved 1048576K
}
Event: 19.541 GC heap before
{Heap before GC invocations=7 (full 0):
 PSYoungGen      total 291328K, used 288185K [0x00000000eab00000, 0x00000000ff000000, 0x0000000100000000)
  eden space 262144K, 100% used [0x00000000eab00000,0x00000000fab00000,0x00000000fab00000)
  from space 29184K, 89% used [0x00000000fcb80000,0x00000000fe4ee618,0x00000000fe800000)
  to   space 33280K, 0% used [0x00000000fab00000,0x00000000fab00000,0x00000000fcb80000)
 ParOldGen       total 87552K, used 52018K [0x00000000c0000000, 0x00000000c5580000, 0x00000000eab00000)
  object space 87552K, 59% used [0x00000000c0000000,0x00000000c32cc940,0x00000000c5580000)
 Metaspace       used 6369K, capacity 7216K, committed 7296K, reserved 1056768K
  class space    used 593K, capacity 616K, committed 640K, reserved 1048576K
Event: 20.617 GC heap after
Heap after GC invocations=7 (full 0):
 PSYoungGen      total 295424K, used 33270K [0x00000000eab00000, 0x00000000ff000000, 0x0000000100000000)
  eden space 262144K, 0% used [0x00000000eab00000,0x00000000eab00000,0x00000000fab00000)
  from space 33280K, 99% used [0x00000000fab00000,0x00000000fcb7dbf8,0x00000000fcb80000)
  to   space 29184K, 0% used [0x00000000fcb80000,0x00000000fcb80000,0x00000000fe800000)
 ParOldGen       total 87552K, used 75829K [0x00000000c0000000, 0x00000000c5580000, 0x00000000eab00000)
  object space 87552K, 86% used [0x00000000c0000000,0x00000000c4a0d708,0x00000000c5580000)
 Metaspace       used 6369K, capacity 7216K, committed 7296K, reserved 1056768K
  class space    used 593K, capacity 616K, committed 640K, reserved 1048576K
}
Event: 20.617 GC heap before
{Heap before GC invocations=8 (full 1):
 PSYoungGen      total 295424K, used 33270K [0x00000000eab00000, 0x00000000ff000000, 0x0000000100000000)
  eden space 262144K, 0% used [0x00000000eab00000,0x00000000eab00000,0x00000000fab00000)
  from space 33280K, 99% used [0x00000000fab00000,0x00000000fcb7dbf8,0x00000000fcb80000)
  to   space 29184K, 0% used [0x00000000fcb80000,0x00000000fcb80000,0x00000000fe800000)
 ParOldGen       total 87552K, used 75829K [0x00000000c0000000, 0x00000000c5580000, 0x00000000eab00000)
  object space 87552K, 86% used [0x00000000c0000000,0x00000000c4a0d708,0x00000000c5580000)
 Metaspace       used 6369K, capacity 7216K, committed 7296K, reserved 1056768K
  class space    used 593K, capacity 616K, committed 640K, reserved 1048576K
Event: 24.311 GC heap after
Heap after GC invocations=8 (full 1):
 PSYoungGen      total 295424K, used 10174K [0x00000000eab00000, 0x00000000ff000000, 0x0000000100000000)
  eden space 262144K, 0% used [0x00000000eab00000,0x00000000eab00000,0x00000000fab00000)
  from space 33280K, 30% used [0x00000000fab00000,0x00000000fb4ef968,0x00000000fcb80000)
  to   space 29184K, 0% used [0x00000000fcb80000,0x00000000fcb80000,0x00000000fe800000)
 ParOldGen       total 87552K, used 87452K [0x00000000c0000000, 0x00000000c5580000, 0x00000000eab00000)
  object space 87552K, 99% used [0x00000000c0000000,0x00000000c5567338,0x00000000c5580000)
 Metaspace       used 6369K, capacity 7216K, committed 7296K, reserved 1056768K
  class space    used 593K, capacity 616K, committed 640K, reserved 1048576K
}

Deoptimization events (10 events):
Event: 14.931 Thread 0x0000000016bcb000 Uncommon trap: reason=class_check action=maybe_recompile pc=0x000000000342ddc8 method=com.android.dx.ssa.SCCP.setLatticeValueTo(IILcom/android/dx/rop/cst/Constant;)Z @ 43
Event: 14.932 Thread 0x0000000016bcb000 Uncommon trap: reason=bimorphic action=maybe_recompile pc=0x00000000032b34e0 method=com.android.dx.rop.code.Rops.opConst(Lcom/android/dx/rop/type/TypeBearer;)Lcom/android/dx/rop/code/Rop; @ 17
Event: 14.932 Thread 0x0000000016bcb000 Uncommon trap: reason=bimorphic action=maybe_recompile pc=0x00000000032b34e0 method=com.android.dx.rop.code.Rops.opConst(Lcom/android/dx/rop/type/TypeBearer;)Lcom/android/dx/rop/code/Rop; @ 17
Event: 15.244 Thread 0x0000000016aea000 Uncommon trap: reason=bimorphic action=maybe_recompile pc=0x0000000002edbf48 method=java.util.HashMap.putVal(ILjava/lang/Object;Ljava/lang/Object;ZZ)Ljava/lang/Object; @ 91
Event: 15.254 Thread 0x0000000016aea000 Uncommon trap: reason=unstable_if action=reinterpret pc=0x0000000002e9e4e8 method=com.android.dx.ssa.InterferenceRegisterMapper.interferes(III)Z @ 69
Event: 24.336 Thread 0x0000000002941000 Uncommon trap: reason=class_check action=maybe_recompile pc=0x0000000002ee0908 method=java.util.Arrays.hashCode([Ljava/lang/Object;)I @ 43
Event: 24.336 Thread 0x0000000002941000 Uncommon trap: reason=class_check action=maybe_recompile pc=0x0000000002ee0908 method=java.util.Arrays.hashCode([Ljava/lang/Object;)I @ 43
Event: 24.337 Thread 0x0000000002941000 Uncommon trap: reason=class_check action=maybe_recompile pc=0x0000000002ee0908 method=java.util.Arrays.hashCode([Ljava/lang/Object;)I @ 43
Event: 24.337 Thread 0x0000000002941000 Uncommon trap: reason=class_check action=maybe_recompile pc=0x0000000002ee0908 method=java.util.Arrays.hashCode([Ljava/lang/Object;)I @ 43
Event: 24.337 Thread 0x0000000002941000 Uncommon trap: reason=class_check action=maybe_recompile pc=0x0000000002ed10a8 method=java.util.Arrays.hashCode([Ljava/lang/Object;)I @ 43

Internal exceptions (3 events):
Event: 0.251 Thread 0x0000000002941000 Exception <a 'java/lang/NoSuchMethodError': Method sun.misc.Unsafe.defineClass(Ljava/lang/String;[BII)Ljava/lang/Class; name or signature does not match> (0x00000000eab0d490) thrown at [C:\re\workspace\8-2-build-windows-amd64-cygwin\jdk8u45\3627\hotspot\srì`ênk–?
Event: 0.251 Thread 0x0000000002941000 Exception <a 'java/lang/NoSuchMethodError': Method sun.misc.Unsafe.prefetchRead(Ljava/lang/Object;J)V name or signature does not match> (0x00000000eab0d720) thrown at [C:\re\workspace\8-2-build-windows-amd64-cygwin\jdk8u45\3627\hotspot\src\share\vm\prims\jÀó∏%@
Event: 10.860 Thread 0x0000000016aea000 Implicit null exception at 0x0000000002dc6e22 to 0x0000000002dc6f25

Events (10 events):
Event: 24.336 Thread 0x0000000002941000 DEOPT UNPACKING pc=0x0000000002a8582a sp=0x000000000291ef50 mode 2
Event: 24.337 Thread 0x0000000002941000 Uncommon trap: trap_request=0xffffffde fr.pc=0x0000000002ee0908
Event: 24.337 Thread 0x0000000002941000 DEOPT PACKING pc=0x0000000002ee0908 sp=0x000000000291f050
Event: 24.337 Thread 0x0000000002941000 DEOPT UNPACKING pc=0x0000000002a8582a sp=0x000000000291ef80 mode 2
Event: 24.337 Thread 0x0000000002941000 Uncommon trap: trap_request=0xffffffde fr.pc=0x0000000002ee0908
Event: 24.337 Thread 0x0000000002941000 DEOPT PACKING pc=0x0000000002ee0908 sp=0x000000000291f020
Event: 24.337 Thread 0x0000000002941000 DEOPT UNPACKING pc=0x0000000002a8582a sp=0x000000000291ef50 mode 2
Event: 24.337 Thread 0x0000000002941000 Uncommon trap: trap_request=0xffffffde fr.pc=0x0000000002ed10a8
Event: 24.337 Thread 0x0000000002941000 DEOPT PACKING pc=0x0000000002ed10a8 sp=0x000000000291eff0
Event: 24.337 Thread 0x0000000002941000 DEOPT UNPACKING pc=0x0000000002a8582a sp=0x000000000291ef78 mode 2


Dynamic libraries:
0x00007ff7e9420000 - 0x00007ff7e9457000 	C:\Program Files\Java\jdk1.8.0_45\bin\java.exe
0x00007ffe48a00000 - 0x00007ffe48bad000 	C:\Windows\SYSTEM32\ntdll.dll
0x00007ffe47ea0000 - 0x00007ffe47fde000 	C:\Windows\system32\KERNEL32.DLL
0x00007ffe45c80000 - 0x00007ffe45d95000 	C:\Windows\system32\KERNELBASE.dll
0x00007ffe44700000 - 0x00007ffe4478e000 	C:\Windows\system32\apphelp.dll
0x00007ffe28990000 - 0x00007ffe289e3000 	C:\Windows\AppPatch\AppPatch64\AcGenral.DLL
0x00007ffe47fe0000 - 0x00007ffe4808a000 	C:\Windows\system32\msvcrt.dll
0x00007ffe45c50000 - 0x00007ffe45c7e000 	C:\Windows\system32\SspiCli.dll
0x00007ffe48380000 - 0x00007ffe483d4000 	C:\Windows\system32\SHLWAPI.dll
0x00007ffe487d0000 - 0x00007ffe48947000 	C:\Windows\system32\USER32.dll
0x00007ffe484b0000 - 0x00007ffe48644000 	C:\Windows\system32\ole32.dll
0x00007ffe46240000 - 0x00007ffe47769000 	C:\Windows\system32\SHELL32.dll
0x00007ffe45130000 - 0x00007ffe45151000 	C:\Windows\SYSTEM32\USERENV.dll
0x00007ffe48950000 - 0x00007ffe489fa000 	C:\Windows\system32\ADVAPI32.dll
0x00007ffe3bd00000 - 0x00007ffe3bd1e000 	C:\Windows\SYSTEM32\MPR.dll
0x00007ffe46100000 - 0x00007ffe46240000 	C:\Windows\system32\RPCRT4.dll
0x00007ffe47840000 - 0x00007ffe47899000 	C:\Windows\SYSTEM32\sechost.dll
0x00007ffe48160000 - 0x00007ffe48371000 	C:\Windows\SYSTEM32\combase.dll
0x00007ffe47c80000 - 0x00007ffe47dcf000 	C:\Windows\system32\GDI32.dll
0x00007ffe45b30000 - 0x00007ffe45b45000 	C:\Windows\SYSTEM32\profapi.dll
0x00007ffe43eb0000 - 0x00007ffe43f62000 	C:\Windows\SYSTEM32\SHCORE.dll
0x00007ffe47a90000 - 0x00007ffe47ac6000 	C:\Windows\system32\IMM32.DLL
0x00007ffe48670000 - 0x00007ffe487c2000 	C:\Windows\system32\MSCTF.dll
0x00007ffe43590000 - 0x00007ffe4380b000 	C:\Windows\WinSxS\amd64_microsoft.windows.common-controls_6595b64144ccf1df_6.0.9600.18006_none_623f33d3ecbe86e8\COMCTL32.dll
0x000000005ac50000 - 0x000000005ad22000 	C:\Program Files\Java\jdk1.8.0_45\jre\bin\msvcr100.dll
0x000000005a3c0000 - 0x000000005ac43000 	C:\Program Files\Java\jdk1.8.0_45\jre\bin\server\jvm.dll
0x00007ffe3e600000 - 0x00007ffe3e609000 	C:\Windows\SYSTEM32\WSOCK32.dll
0x00007ffe3d470000 - 0x00007ffe3d492000 	C:\Windows\SYSTEM32\WINMM.dll
0x00007ffe3b790000 - 0x00007ffe3b79a000 	C:\Windows\SYSTEM32\VERSION.dll
0x00007ffe48150000 - 0x00007ffe48157000 	C:\Windows\system32\PSAPI.DLL
0x00007ffe47e40000 - 0x00007ffe47e9a000 	C:\Windows\system32\WS2_32.dll
0x00007ffe3d440000 - 0x00007ffe3d46a000 	C:\Windows\SYSTEM32\WINMMBASE.dll
0x00007ffe484a0000 - 0x00007ffe484a9000 	C:\Windows\system32\NSI.dll
0x00007ffe45c00000 - 0x00007ffe45c4f000 	C:\Windows\SYSTEM32\cfgmgr32.dll
0x00007ffe44950000 - 0x00007ffe44978000 	C:\Windows\SYSTEM32\DEVOBJ.dll
0x000000005a3b0000 - 0x000000005a3bf000 	C:\Program Files\Java\jdk1.8.0_45\jre\bin\verify.dll
0x000000005a380000 - 0x000000005a3a9000 	C:\Program Files\Java\jdk1.8.0_45\jre\bin\java.dll
0x000000005a360000 - 0x000000005a376000 	C:\Program Files\Java\jdk1.8.0_45\jre\bin\zip.dll
0x00007ffe3e730000 - 0x00007ffe3e8b9000 	C:\Windows\SYSTEM32\dbghelp.dll

VM Arguments:
jvm_args: -Djava.awt.headless=true -Xmx1024M -Dfile.encoding=windows-1252 -Duser.country=US -Duser.language=en -Duser.variant 
java_command: com.android.dx.command.Main --dex --force-jumbo --num-threads=4 --output D:\android app development\CapstoneHomeSeek\app\build\intermediates\pre-dexed\debug\main_7217575f5e830c780a3ec4eabcdfc7778d68a0bb.jar D:\android app development\CapstoneHomeSeek\app\build\intermediates\transforms\instantRun\debug\folders\1\5\main
java_class_path (initial): C:\Users\pluckannfeel\AppData\Local\Android\sdk\build-tools\23.0.3\lib\dx.jar
Launcher Type: SUN_STANDARD

Environment Variables:
JAVA_HOME=C:\Program Files (x86)\Java\jdk1.7.0_71
PATH=C:\ProgramData\Oracle\Java\javapath;C:\Windows\system32;C:\Windows;C:\Windows\System32\Wbem;C:\Windows\System32\WindowsPowerShell\v1.0\;C:\Program Files (x86)\Microsoft SQL Server\100\Tools\Binn\;C:\Program Files\Microsoft SQL Server\100\Tools\Binn\;C:\Program Files\Microsoft SQL Server\100\DTS\Binn\;C:\Program Files (x86)\Microsoft SQL Server\100\Tools\Binn\VSShell\Common7\IDE\;C:\Program Files (x86)\Microsoft SQL Server\100\DTS\Binn\;C:\Program Files (x86)\Microsoft SQL Server\90\Tools\binn\;C:\Program Files\nodejs\;C:\Program Files (x86)\GtkSharp\2.12\bin;C:\Program Files (x86)\Skype\Phone\;C:\Users\pluckannfeel\AppData\Roaming\npm
USERNAME=pluckannfeel
OS=Windows_NT
PROCESSOR_IDENTIFIER=Intel64 Family 6 Model 60 Stepping 3, GenuineIntel



---------------  S Y S T E M  ---------------

OS: Windows 8.1 , 64 bit Build 9600 (6.3.9600.17415)

CPU:total 4 (2 cores per cpu, 2 threads per core) family 6 model 60 stepping 3, cmov, cx8, fxsr, mmx, sse, sse2, sse3, ssse3, sse4.1, sse4.2, popcnt, avx, avx2, aes, clmul, erms, lzcnt, ht, tsc, tscinvbit, bmi1, bmi2

Memory: 4k page, physical 8302956k(602100k free), swap 11448684k(259224k free)

vm_info: Java HotSpot(TM) 64-Bit Server VM (25.45-b02) for windows-amd64 JRE (1.8.0_45-b15), built on Apr 30 2015 12:40:44 by "java_re" with MS VC++ 10.0 (VS2010)

time: Thu Nov 17 13:12:49 2016
elapsed time: 38 seconds (0d 0h 0m 38s)

