#
# There is insufficient memory for the Java Runtime Environment to continue.
# Native memory allocation (malloc) failed to allocate 1818576 bytes for Chunk::new
# Possible reasons:
#   The system is out of physical RAM or swap space
#   In 32 bit mode, the process size limit was hit
# Possible solutions:
#   Reduce memory load on the system
#   Increase physical memory or swap space
#   Check if swap backing store is full
#   Use 64 bit Java on a 64 bit OS
#   Decrease Java heap size (-Xmx/-Xms)
#   Decrease number of Java threads
#   Decrease Java thread stack sizes (-Xss)
#   Set larger code cache with -XX:ReservedCodeCacheSize=
# This output file may be truncated or incomplete.
#
#  Out of Memory Error (allocation.cpp:390), pid=7032, tid=7940
#
# JRE version: Java(TM) SE Runtime Environment (8.0_45-b15) (build 1.8.0_45-b15)
# Java VM: Java HotSpot(TM) 64-Bit Server VM (25.45-b02 mixed mode windows-amd64 compressed oops)
# Failed to write core dump. Minidumps are not enabled by default on client versions of Windows
#

---------------  T H R E A D  ---------------

Current thread (0x0000000014bf0800):  JavaThread "C2 CompilerThread1" daemon [_thread_in_native, id=7940, stack(0x0000000016260000,0x0000000016360000)]

Stack: [0x0000000016260000,0x0000000016360000]
Native frames: (J=compiled Java code, j=interpreted, Vv=VM code, C=native code)
V  [jvm.dll+0x32b57a]
V  [jvm.dll+0x279873]
V  [jvm.dll+0x27a509]
V  [jvm.dll+0x271825]
V  [jvm.dll+0xcb9e2]
V  [jvm.dll+0xcbeac]
V  [jvm.dll+0x464342]
V  [jvm.dll+0x4db685]
V  [jvm.dll+0x4dc287]
V  [jvm.dll+0x46a551]
V  [jvm.dll+0x46cd52]
V  [jvm.dll+0x4500f2]
V  [jvm.dll+0xa4352]
V  [jvm.dll+0xa4c8f]
V  [jvm.dll+0x241984]
V  [jvm.dll+0x29853a]
C  [msvcr100.dll+0x21d9f]
C  [msvcr100.dll+0x21e3b]
C  [KERNEL32.DLL+0x13d2]
C  [ntdll.dll+0x154e4]


Current CompileTask:
C2:   3393 1538       4       com.android.dx.cf.code.Simulator$SimVisitor::visitConstant (332 bytes)


---------------  P R O C E S S  ---------------

Java Threads: ( => current thread )
  0x00000000166c2800 JavaThread "pool-2-thread-4" [_thread_in_Java, id=464, stack(0x0000000016e60000,0x0000000016f60000)]
  0x00000000166b9000 JavaThread "pool-3-thread-1" [_thread_blocked, id=8328, stack(0x0000000016b60000,0x0000000016c60000)]
  0x0000000014c4e000 JavaThread "Service Thread" daemon [_thread_blocked, id=7964, stack(0x0000000016860000,0x0000000016960000)]
  0x0000000014bf7000 JavaThread "C1 CompilerThread2" daemon [_thread_blocked, id=6100, stack(0x0000000016360000,0x0000000016460000)]
=>0x0000000014bf0800 JavaThread "C2 CompilerThread1" daemon [_thread_in_native, id=7940, stack(0x0000000016260000,0x0000000016360000)]
  0x0000000014beb000 JavaThread "C2 CompilerThread0" daemon [_thread_in_native, id=1504, stack(0x0000000016160000,0x0000000016260000)]
  0x0000000014be9000 JavaThread "Attach Listener" daemon [_thread_blocked, id=4532, stack(0x0000000016060000,0x0000000016160000)]
  0x0000000014be8000 JavaThread "Signal Dispatcher" daemon [_thread_blocked, id=3212, stack(0x0000000015f60000,0x0000000016060000)]
  0x0000000002426800 JavaThread "Finalizer" daemon [_thread_blocked, id=7488, stack(0x0000000015e60000,0x0000000015f60000)]
  0x000000000241e000 JavaThread "Reference Handler" daemon [_thread_blocked, id=5752, stack(0x0000000015d60000,0x0000000015e60000)]
  0x0000000002331000 JavaThread "main" [_thread_blocked, id=8744, stack(0x00000000021e0000,0x00000000022e0000)]

Other Threads:
  0x0000000014bb7000 VMThread [stack: 0x0000000015c60000,0x0000000015d60000] [id=8556]
  0x0000000016487000 WatcherThread [stack: 0x0000000016960000,0x0000000016a60000] [id=7820]

VM state:not at safepoint (normal execution)

VM Mutex/Monitor currently owned by a thread: None

Heap:
 PSYoungGen      total 71680K, used 43455K [0x00000000eab00000, 0x00000000ef600000, 0x0000000100000000)
  eden space 66560K, 57% used [0x00000000eab00000,0x00000000ed074920,0x00000000eec00000)
  from space 5120K, 99% used [0x00000000ef100000,0x00000000ef5fb2f0,0x00000000ef600000)
  to   space 5120K, 0% used [0x00000000eec00000,0x00000000eec00000,0x00000000ef100000)
 ParOldGen       total 87552K, used 6596K [0x00000000c0000000, 0x00000000c5580000, 0x00000000eab00000)
  object space 87552K, 7% used [0x00000000c0000000,0x00000000c06713b0,0x00000000c5580000)
 Metaspace       used 6155K, capacity 7088K, committed 7296K, reserved 1056768K
  class space    used 589K, capacity 616K, committed 640K, reserved 1048576K

Card table byte_map: [0x00000000118e0000,0x0000000011af0000] byte_map_base: 0x00000000112e0000

Marking Bits: (ParMarkBitMap*) 0x0000000051dc4040
 Begin Bits: [0x0000000012050000, 0x0000000013050000)
 End Bits:   [0x0000000013050000, 0x0000000014050000)

Polling page: 0x0000000000a50000

CodeCache: size=245760Kb used=6728Kb max_used=6741Kb free=239031Kb
 bounds [0x0000000002520000, 0x0000000002bc0000, 0x0000000011520000]
 total_blobs=1901 nmethods=1632 adapters=182
 compilation: enabled

Compilation events (10 events):
Event: 3.313 Thread 0x0000000014beb000 nmethod 1647 0x0000000002bb1510 code [0x0000000002bb1680, 0x0000000002bb18f8]
Event: 3.313 Thread 0x0000000014beb000 1547       4       java.util.HashMap::resize (359 bytes)
Event: 3.324 Thread 0x0000000014beb000 nmethod 1547 0x0000000002bb5e50 code [0x0000000002bb5fe0, 0x0000000002bb6558]
Event: 3.324 Thread 0x0000000014beb000 1563       4       com.android.dx.util.IntList::indexOf (16 bytes)
Event: 3.327 Thread 0x0000000014beb000 nmethod 1563 0x0000000002bb9490 code [0x0000000002bb95e0, 0x0000000002bb9798]
Event: 3.328 Thread 0x0000000014beb000 1552       4       com.android.dx.ssa.NormalSsaInsn::toRopInsn (19 bytes)
Event: 3.328 Thread 0x0000000014beb000 nmethod 1552 0x0000000002bb43d0 code [0x0000000002bb4520, 0x0000000002bb45b8]
Event: 3.328 Thread 0x0000000014beb000 1553       4       com.android.dx.rop.code.Rop::hashCode (54 bytes)
Event: 3.344 Thread 0x0000000014beb000 nmethod 1553 0x0000000002bb4f50 code [0x0000000002bb50c0, 0x0000000002bb57b8]
Event: 3.344 Thread 0x0000000014beb000 1651       4       com.android.dx.dex.code.RopToDop::dopFor (792 bytes)

GC Heap History (4 events):
Event: 2.218 GC heap before
{Heap before GC invocations=1 (full 0):
 PSYoungGen      total 38400K, used 33280K [0x00000000eab00000, 0x00000000ed580000, 0x0000000100000000)
  eden space 33280K, 100% used [0x00000000eab00000,0x00000000ecb80000,0x00000000ecb80000)
  from space 5120K, 0% used [0x00000000ed080000,0x00000000ed080000,0x00000000ed580000)
  to   space 5120K, 0% used [0x00000000ecb80000,0x00000000ecb80000,0x00000000ed080000)
 ParOldGen       total 87552K, used 0K [0x00000000c0000000, 0x00000000c5580000, 0x00000000eab00000)
  object space 87552K, 0% used [0x00000000c0000000,0x00000000c0000000,0x00000000c5580000)
 Metaspace       used 6010K, capacity 6960K, committed 7040K, reserved 1056768K
  class space    used 587K, capacity 616K, committed 640K, reserved 1048576K
Event: 2.286 GC heap after
Heap after GC invocations=1 (full 0):
 PSYoungGen      total 38400K, used 5104K [0x00000000eab00000, 0x00000000ef600000, 0x0000000100000000)
  eden space 33280K, 0% used [0x00000000eab00000,0x00000000eab00000,0x00000000ecb80000)
  from space 5120K, 99% used [0x00000000ecb80000,0x00000000ed07c130,0x00000000ed080000)
  to   space 5120K, 0% used [0x00000000ef100000,0x00000000ef100000,0x00000000ef600000)
 ParOldGen       total 87552K, used 1721K [0x00000000c0000000, 0x00000000c5580000, 0x00000000eab00000)
  object space 87552K, 1% used [0x00000000c0000000,0x00000000c01ae660,0x00000000c5580000)
 Metaspace       used 6010K, capacity 6960K, committed 7040K, reserved 1056768K
  class space    used 587K, capacity 616K, committed 640K, reserved 1048576K
}
Event: 2.804 GC heap before
{Heap before GC invocations=2 (full 0):
 PSYoungGen      total 38400K, used 38384K [0x00000000eab00000, 0x00000000ef600000, 0x0000000100000000)
  eden space 33280K, 100% used [0x00000000eab00000,0x00000000ecb80000,0x00000000ecb80000)
  from space 5120K, 99% used [0x00000000ecb80000,0x00000000ed07c130,0x00000000ed080000)
  to   space 5120K, 0% used [0x00000000ef100000,0x00000000ef100000,0x00000000ef600000)
 ParOldGen       total 87552K, used 1721K [0x00000000c0000000, 0x00000000c5580000, 0x00000000eab00000)
  object space 87552K, 1% used [0x00000000c0000000,0x00000000c01ae660,0x00000000c5580000)
 Metaspace       used 6109K, capacity 7088K, committed 7296K, reserved 1056768K
  class space    used 587K, capacity 616K, committed 640K, reserved 1048576K
Event: 2.819 GC heap after
Heap after GC invocations=2 (full 0):
 PSYoungGen      total 71680K, used 5100K [0x00000000eab00000, 0x00000000ef600000, 0x0000000100000000)
  eden space 66560K, 0% used [0x00000000eab00000,0x00000000eab00000,0x00000000eec00000)
  from space 5120K, 99% used [0x00000000ef100000,0x00000000ef5fb2f0,0x00000000ef600000)
  to   space 5120K, 0% used [0x00000000eec00000,0x00000000eec00000,0x00000000ef100000)
 ParOldGen       total 87552K, used 6596K [0x00000000c0000000, 0x00000000c5580000, 0x00000000eab00000)
  object space 87552K, 7% used [0x00000000c0000000,0x00000000c06713b0,0x00000000c5580000)
 Metaspace       used 6109K, capacity 7088K, committed 7296K, reserved 1056768K
  class space    used 587K, capacity 616K, committed 640K, reserved 1048576K
}

Deoptimization events (10 events):
Event: 2.324 Thread 0x00000000166c2800 Uncommon trap: reason=bimorphic action=maybe_recompile pc=0x00000000029b1eb4 method=java.util.HashMap.getNode(ILjava/lang/Object;)Ljava/util/HashMap$Node; @ 126
Event: 2.333 Thread 0x00000000166b8000 Uncommon trap: reason=unstable_if action=reinterpret pc=0x0000000002880874 method=com.android.dx.rop.code.RegisterSpec.equals(ILcom/android/dx/rop/type/TypeBearer;Lcom/android/dx/rop/code/LocalItem;)Z @ 16
Event: 2.834 Thread 0x0000000002331000 Uncommon trap: reason=unloaded action=reinterpret pc=0x0000000002ac3a88 method=com.android.dx.ssa.LiteralOpUpgrader$1.visitNonMoveInsn(Lcom/android/dx/ssa/NormalSsaInsn;)V @ 72
Event: 2.834 Thread 0x0000000002331000 Uncommon trap: reason=unstable_if action=reinterpret pc=0x00000000028e1b9c method=com.android.dx.ssa.SsaMethod.updateOneDefinition(Lcom/android/dx/ssa/SsaInsn;Lcom/android/dx/rop/code/RegisterSpec;)V @ 4
Event: 3.229 Thread 0x00000000166c2800 Uncommon trap: reason=bimorphic action=maybe_recompile pc=0x0000000002b55710 method=com.android.dx.cf.code.OneLocalsArray.set(ILcom/android/dx/rop/type/TypeBearer;)V @ 85
Event: 3.229 Thread 0x00000000166c2800 Uncommon trap: reason=class_check action=maybe_recompile pc=0x0000000002a744a8 method=com.android.dx.ssa.SCCP.simulateBranch(Lcom/android/dx/ssa/SsaInsn;)V @ 145
Event: 3.251 Thread 0x00000000166c2800 Uncommon trap: reason=unstable_if action=reinterpret pc=0x00000000029882bc method=com.android.dx.util.IntList.binarysearch(I)I @ 105
Event: 3.251 Thread 0x00000000166c2800 Uncommon trap: reason=null_check action=make_not_entrant pc=0x000000000291e264 method=com.android.dx.rop.type.Type.equals(Ljava/lang/Object;)Z @ 8
Event: 3.251 Thread 0x00000000166c2800 Uncommon trap: reason=unstable_if action=reinterpret pc=0x0000000002b585d8 method=com.android.dx.cf.code.Merger.mergeType(Lcom/android/dx/rop/type/TypeBearer;Lcom/android/dx/rop/type/TypeBearer;)Lcom/android/dx/rop/type/TypeBearer; @ 15
Event: 3.251 Thread 0x00000000166c2800 Uncommon trap: reason=unstable_if action=reinterpret pc=0x0000000002ba9e34 method=com.android.dx.ssa.SsaBasicBlock.newFromRop(Lcom/android/dx/rop/code/RopMethod;ILcom/android/dx/ssa/SsaMethod;)Lcom/android/dx/ssa/SsaBasicBlock; @ 164

Internal exceptions (5 events):
Event: 0.101 Thread 0x0000000002331000 Exception <a 'java/lang/NoSuchMethodError': Method sun.misc.Unsafe.defineClass(Ljava/lang/String;[BII)Ljava/lang/Class; name or signature does not match> (0x00000000eab0d560) thrown at [C:\re\workspace\8-2-build-windows-amd64-cygwin\jdk8u45\3627\hotspot\sr• ¶Tú¹?
Event: 0.101 Thread 0x0000000002331000 Exception <a 'java/lang/NoSuchMethodError': Method sun.misc.Unsafe.prefetchRead(Ljava/lang/Object;J)V name or signature does not match> (0x00000000eab0d7f0) thrown at [C:\re\workspace\8-2-build-windows-amd64-cygwin\jdk8u45\3627\hotspot\src\share\vm\prims\jÂ…Ïë
ì?
Event: 0.876 Thread 0x00000000166c1000 Implicit null exception at 0x00000000028028cb to 0x00000000028043f9
Event: 3.251 Thread 0x00000000166c2800 Implicit null exception at 0x000000000291e162 to 0x000000000291e255
Event: 3.251 Thread 0x00000000166c2800 Implicit null exception at 0x0000000002b583f8 to 0x0000000002b585cd

Events (10 events):
Event: 3.251 Thread 0x00000000166c2800 Uncommon trap: trap_request=0xffffff65 fr.pc=0x0000000002ba9e34
Event: 3.251 Thread 0x00000000166c2800 DEOPT PACKING pc=0x0000000002ba9e34 sp=0x0000000016f5e980
Event: 3.251 Thread 0x00000000166c2800 DEOPT UNPACKING pc=0x000000000256582a sp=0x0000000016f5e978 mode 2
Event: 3.263 loading class java/util/HashMap$KeySet
Event: 3.264 loading class java/util/HashMap$KeySet done
Event: 3.264 loading class java/util/HashMap$KeyIterator
Event: 3.264 loading class java/util/HashMap$KeyIterator done
Event: 3.267 Thread 0x00000000166c1800 Thread exited: 0x00000000166c1800
Event: 3.271 Thread 0x00000000166c1000 Thread exited: 0x00000000166c1000
Event: 3.272 Thread 0x00000000166b8000 Thread exited: 0x00000000166b8000


Dynamic libraries:
0x00007ff775360000 - 0x00007ff775397000 	C:\Program Files\Java\jdk1.8.0_45\bin\java.exe
0x00007ff9ebcb0000 - 0x00007ff9ebe5d000 	C:\Windows\SYSTEM32\ntdll.dll
0x00007ff9eac90000 - 0x00007ff9eadce000 	C:\Windows\system32\KERNEL32.DLL
0x00007ff9e9220000 - 0x00007ff9e9335000 	C:\Windows\system32\KERNELBASE.dll
0x00007ff9e79b0000 - 0x00007ff9e7a3e000 	C:\Windows\system32\apphelp.dll
0x00007ff9d7f90000 - 0x00007ff9d7fe3000 	C:\Windows\AppPatch\AppPatch64\AcGenral.DLL
0x00007ff9eb8a0000 - 0x00007ff9eb94a000 	C:\Windows\system32\msvcrt.dll
0x00007ff9e91f0000 - 0x00007ff9e921e000 	C:\Windows\system32\SspiCli.dll
0x00007ff9eab70000 - 0x00007ff9eabc4000 	C:\Windows\system32\SHLWAPI.dll
0x00007ff9eb380000 - 0x00007ff9eb4f7000 	C:\Windows\system32\USER32.dll
0x00007ff9eb620000 - 0x00007ff9eb7b4000 	C:\Windows\system32\ole32.dll
0x00007ff9e9350000 - 0x00007ff9ea879000 	C:\Windows\system32\SHELL32.dll
0x00007ff9e8430000 - 0x00007ff9e8451000 	C:\Windows\SYSTEM32\USERENV.dll
0x00007ff9ebb30000 - 0x00007ff9ebbda000 	C:\Windows\system32\ADVAPI32.dll
0x00007ff9e1120000 - 0x00007ff9e113e000 	C:\Windows\SYSTEM32\MPR.dll
0x00007ff9ea880000 - 0x00007ff9ea9c0000 	C:\Windows\system32\RPCRT4.dll
0x00007ff9ebbf0000 - 0x00007ff9ebc49000 	C:\Windows\SYSTEM32\sechost.dll
0x00007ff9eaf90000 - 0x00007ff9eb1a1000 	C:\Windows\SYSTEM32\combase.dll
0x00007ff9ea9c0000 - 0x00007ff9eab0f000 	C:\Windows\system32\GDI32.dll
0x00007ff9e8de0000 - 0x00007ff9e8df5000 	C:\Windows\SYSTEM32\profapi.dll
0x00007ff9e7040000 - 0x00007ff9e70f2000 	C:\Windows\SYSTEM32\SHCORE.dll
0x00007ff9eb500000 - 0x00007ff9eb536000 	C:\Windows\system32\IMM32.DLL
0x00007ff9eb1b0000 - 0x00007ff9eb302000 	C:\Windows\system32\MSCTF.dll
0x00007ff9e65a0000 - 0x00007ff9e681b000 	C:\Windows\WinSxS\amd64_microsoft.windows.common-controls_6595b64144ccf1df_6.0.9600.18006_none_623f33d3ecbe86e8\COMCTL32.dll
0x0000000051e50000 - 0x0000000051f22000 	C:\Program Files\Java\jdk1.8.0_45\jre\bin\msvcr100.dll
0x00000000515c0000 - 0x0000000051e43000 	C:\Program Files\Java\jdk1.8.0_45\jre\bin\server\jvm.dll
0x00007ff9e1110000 - 0x00007ff9e1119000 	C:\Windows\SYSTEM32\WSOCK32.dll
0x00007ff9e0510000 - 0x00007ff9e0532000 	C:\Windows\SYSTEM32\WINMM.dll
0x00007ff9de9c0000 - 0x00007ff9de9ca000 	C:\Windows\SYSTEM32\VERSION.dll
0x00007ff9e9340000 - 0x00007ff9e9347000 	C:\Windows\system32\PSAPI.DLL
0x00007ff9eab10000 - 0x00007ff9eab6a000 	C:\Windows\system32\WS2_32.dll
0x00007ff9e04e0000 - 0x00007ff9e050a000 	C:\Windows\SYSTEM32\WINMMBASE.dll
0x00007ff9eadd0000 - 0x00007ff9eadd9000 	C:\Windows\system32\NSI.dll
0x00007ff9e8eb0000 - 0x00007ff9e8eff000 	C:\Windows\SYSTEM32\cfgmgr32.dll
0x00007ff9e7ad0000 - 0x00007ff9e7af8000 	C:\Windows\SYSTEM32\DEVOBJ.dll
0x00000000515b0000 - 0x00000000515bf000 	C:\Program Files\Java\jdk1.8.0_45\jre\bin\verify.dll
0x0000000051580000 - 0x00000000515a9000 	C:\Program Files\Java\jdk1.8.0_45\jre\bin\java.dll
0x0000000051560000 - 0x0000000051576000 	C:\Program Files\Java\jdk1.8.0_45\jre\bin\zip.dll
0x00007ff9e0a40000 - 0x00007ff9e0bc9000 	C:\Windows\SYSTEM32\dbghelp.dll

VM Arguments:
jvm_args: -Djava.awt.headless=true -Xmx1024M -Dfile.encoding=windows-1252 -Duser.country=US -Duser.language=en -Duser.variant 
java_command: com.android.dx.command.Main --dex --force-jumbo --num-threads=4 --multi-dex --output D:\android app development\CapstoneHomeSeek\app\build\intermediates\transforms\dex\debug\folders\1000\10\com.google.android.gms-play-services-plus-8.4.0_a7332d99e997cb048a07b624f4616de400485001 D:\android app development\CapstoneHomeSeek\app\build\intermediates\exploded-aar\com.google.android.gms\play-services-plus\8.4.0\jars\classes.jar
java_class_path (initial): C:\Users\pluckannfeel\AppData\Local\Android\sdk\build-tools\23.0.3\lib\dx.jar
Launcher Type: SUN_STANDARD

Environment Variables:
JAVA_HOME=C:\Program Files (x86)\Java\jdk1.7.0_71
PATH=C:\ProgramData\Oracle\Java\javapath;C:\Windows\system32;C:\Windows;C:\Windows\System32\Wbem;C:\Windows\System32\WindowsPowerShell\v1.0\;C:\Program Files (x86)\Microsoft SQL Server\100\Tools\Binn\;C:\Program Files\Microsoft SQL Server\100\Tools\Binn\;C:\Program Files\Microsoft SQL Server\100\DTS\Binn\;C:\Program Files (x86)\Microsoft SQL Server\100\Tools\Binn\VSShell\Common7\IDE\;C:\Program Files (x86)\Microsoft SQL Server\100\DTS\Binn\;C:\Program Files (x86)\Microsoft SQL Server\90\Tools\binn\;C:\Program Files\nodejs\;C:\Program Files (x86)\GtkSharp\2.12\bin;C:\Program Files (x86)\Skype\Phone\;C:\Users\pluckannfeel\AppData\Roaming\npm
USERNAME=pluckannfeel
OS=Windows_NT
PROCESSOR_IDENTIFIER=Intel64 Family 6 Model 60 Stepping 3, GenuineIntel



---------------  S Y S T E M  ---------------

OS: Windows 8.1 , 64 bit Build 9600 (6.3.9600.17415)

CPU:total 4 (2 cores per cpu, 2 threads per core) family 6 model 60 stepping 3, cmov, cx8, fxsr, mmx, sse, sse2, sse3, ssse3, sse4.1, sse4.2, popcnt, avx, avx2, aes, clmul, erms, lzcnt, ht, tsc, tscinvbit, bmi1, bmi2

Memory: 4k page, physical 8302956k(451588k free), swap 11448684k(5904k free)

vm_info: Java HotSpot(TM) 64-Bit Server VM (25.45-b02) for windows-amd64 JRE (1.8.0_45-b15), built on Apr 30 2015 12:40:44 by "java_re" with MS VC++ 10.0 (VS2010)

time: Sat Nov 19 12:13:54 2016
elapsed time: 3 seconds (0d 0h 0m 3s)

