#
# There is insufficient memory for the Java Runtime Environment to continue.
# Native memory allocation (malloc) failed to allocate 1105456 bytes for Chunk::new
# Possible reasons:
#   The system is out of physical RAM or swap space
#   In 32 bit mode, the process size limit was hit
# Possible solutions:
#   Reduce memory load on the system
#   Increase physical memory or swap space
#   Check if swap backing store is full
#   Use 64 bit Java on a 64 bit OS
#   Decrease Java heap size (-Xmx/-Xms)
#   Decrease number of Java threads
#   Decrease Java thread stack sizes (-Xss)
#   Set larger code cache with -XX:ReservedCodeCacheSize=
# This output file may be truncated or incomplete.
#
#  Out of Memory Error (allocation.cpp:390), pid=10156, tid=6964
#
# JRE version: Java(TM) SE Runtime Environment (8.0_45-b15) (build 1.8.0_45-b15)
# Java VM: Java HotSpot(TM) 64-Bit Server VM (25.45-b02 mixed mode windows-amd64 compressed oops)
# Failed to write core dump. Minidumps are not enabled by default on client versions of Windows
#

---------------  T H R E A D  ---------------

Current thread (0x00000000148ac000):  JavaThread "C2 CompilerThread0" daemon [_thread_in_native, id=6964, stack(0x0000000015e20000,0x0000000015f20000)]

Stack: [0x0000000015e20000,0x0000000015f20000]
Native frames: (J=compiled Java code, j=interpreted, Vv=VM code, C=native code)
V  [jvm.dll+0x32b57a]


Current CompileTask:
C2:  11581 1935       4       com.android.dx.rop.code.Rops::ropFor (771 bytes)


---------------  P R O C E S S  ---------------

Java Threads: ( => current thread )
  0x00000000163b3000 JavaThread "pool-1-thread-1" [_thread_in_Java, id=9412, stack(0x0000000016820000,0x0000000016920000)]
  0x0000000016126800 JavaThread "Service Thread" daemon [_thread_blocked, id=9128, stack(0x0000000016520000,0x0000000016620000)]
  0x000000001490c000 JavaThread "C1 CompilerThread2" daemon [_thread_blocked, id=7584, stack(0x0000000016020000,0x0000000016120000)]
  0x0000000014906000 JavaThread "C2 CompilerThread1" daemon [_thread_in_native, id=9380, stack(0x0000000015f20000,0x0000000016020000)]
=>0x00000000148ac000 JavaThread "C2 CompilerThread0" daemon [_thread_in_native, id=6964, stack(0x0000000015e20000,0x0000000015f20000)]
  0x00000000148aa000 JavaThread "Attach Listener" daemon [_thread_blocked, id=5632, stack(0x0000000015d20000,0x0000000015e20000)]
  0x00000000148a9000 JavaThread "Signal Dispatcher" daemon [_thread_blocked, id=32, stack(0x0000000015c20000,0x0000000015d20000)]
  0x00000000021d6800 JavaThread "Finalizer" daemon [_thread_blocked, id=3772, stack(0x0000000015b20000,0x0000000015c20000)]
  0x00000000021ce000 JavaThread "Reference Handler" daemon [_thread_blocked, id=9316, stack(0x0000000015a20000,0x0000000015b20000)]
  0x00000000020e1000 JavaThread "main" [_thread_blocked, id=2064, stack(0x0000000001fe0000,0x00000000020e0000)]

Other Threads:
  0x0000000014877000 VMThread [stack: 0x0000000015920000,0x0000000015a20000] [id=7972]
  0x0000000016127800 WatcherThread [stack: 0x0000000016620000,0x0000000016720000] [id=9424]

VM state:not at safepoint (normal execution)

VM Mutex/Monitor currently owned by a thread: None

Heap:
 PSYoungGen      total 146944K, used 98971K [0x00000000eab00000, 0x00000000f5000000, 0x0000000100000000)
  eden space 131072K, 63% used [0x00000000eab00000,0x00000000efc92960,0x00000000f2b00000)
  from space 15872K, 97% used [0x00000000f3c80000,0x00000000f4b94608,0x00000000f4c00000)
  to   space 17920K, 0% used [0x00000000f2b00000,0x00000000f2b00000,0x00000000f3c80000)
 ParOldGen       total 87552K, used 24018K [0x00000000c0000000, 0x00000000c5580000, 0x00000000eab00000)
  object space 87552K, 27% used [0x00000000c0000000,0x00000000c1774948,0x00000000c5580000)
 Metaspace       used 6754K, capacity 7544K, committed 7680K, reserved 1056768K
  class space    used 632K, capacity 688K, committed 768K, reserved 1048576K

Card table byte_map: [0x00000000115a0000,0x00000000117b0000] byte_map_base: 0x0000000010fa0000

Marking Bits: (ParMarkBitMap*) 0x000000006ce94040
 Begin Bits: [0x0000000011d10000, 0x0000000012d10000)
 End Bits:   [0x0000000012d10000, 0x0000000013d10000)

Polling page: 0x0000000001ef0000

CodeCache: size=245760Kb used=9181Kb max_used=9195Kb free=236578Kb
 bounds [0x00000000021e0000, 0x0000000002af0000, 0x00000000111e0000]
 total_blobs=2556 nmethods=2286 adapters=182
 compilation: enabled

Compilation events (10 events):
Event: 11.474 Thread 0x0000000014906000 nmethod 2300 0x0000000002a9a0d0 code [0x0000000002a9a220, 0x0000000002a9a2f8]
Event: 11.474 Thread 0x0000000014906000 2269       4       com.android.dx.rop.code.SourcePosition::equals (46 bytes)
Event: 11.475 Thread 0x0000000014906000 nmethod 2269 0x0000000002a92c10 code [0x0000000002a92d60, 0x0000000002a92e18]
Event: 11.475 Thread 0x0000000014906000 1778       4       com.android.dx.ssa.LocalVariableInfo::mergeStarts (59 bytes)
Event: 11.548 Thread 0x0000000014906000 nmethod 1778 0x0000000002ace390 code [0x0000000002ace560, 0x0000000002acf568]
Event: 11.549 Thread 0x0000000014906000 1396   !   4       com.android.dx.rop.cst.StdConstantPool::get (24 bytes)
Event: 11.549 Thread 0x0000000014906000 nmethod 1396 0x0000000002a93b50 code [0x0000000002a93c80, 0x0000000002a93d38]
Event: 11.549 Thread 0x0000000014906000 2181       4       java.util.TreeMap::get (19 bytes)
Event: 11.552 Thread 0x0000000014906000 nmethod 2181 0x0000000002ab3c50 code [0x0000000002ab3da0, 0x0000000002ab3ef8]
Event: 11.552 Thread 0x0000000014906000 1961       4       com.android.dx.ssa.back.SsaToRop::convertBasicBlock (126 bytes)

GC Heap History (10 events):
Event: 7.353 GC heap before
{Heap before GC invocations=2 (full 0):
 PSYoungGen      total 38400K, used 38369K [0x00000000eab00000, 0x00000000ed580000, 0x0000000100000000)
  eden space 33280K, 100% used [0x00000000eab00000,0x00000000ecb80000,0x00000000ecb80000)
  from space 5120K, 99% used [0x00000000ecb80000,0x00000000ed0787b0,0x00000000ed080000)
  to   space 5120K, 0% used [0x00000000ed080000,0x00000000ed080000,0x00000000ed580000)
 ParOldGen       total 87552K, used 691K [0x00000000c0000000, 0x00000000c5580000, 0x00000000eab00000)
  object space 87552K, 0% used [0x00000000c0000000,0x00000000c00acd00,0x00000000c5580000)
 Metaspace       used 6137K, capacity 7088K, committed 7296K, reserved 1056768K
  class space    used 592K, capacity 616K, committed 640K, reserved 1048576K
Event: 7.396 GC heap after
Heap after GC invocations=2 (full 0):
 PSYoungGen      total 38400K, used 5101K [0x00000000eab00000, 0x00000000ef600000, 0x0000000100000000)
  eden space 33280K, 0% used [0x00000000eab00000,0x00000000eab00000,0x00000000ecb80000)
  from space 5120K, 99% used [0x00000000ed080000,0x00000000ed57b7a0,0x00000000ed580000)
  to   space 5120K, 0% used [0x00000000ecb80000,0x00000000ecb80000,0x00000000ed080000)
 ParOldGen       total 87552K, used 4669K [0x00000000c0000000, 0x00000000c5580000, 0x00000000eab00000)
  object space 87552K, 5% used [0x00000000c0000000,0x00000000c048f410,0x00000000c5580000)
 Metaspace       used 6137K, capacity 7088K, committed 7296K, reserved 1056768K
  class space    used 592K, capacity 616K, committed 640K, reserved 1048576K
}
Event: 7.631 GC heap before
{Heap before GC invocations=3 (full 0):
 PSYoungGen      total 38400K, used 38381K [0x00000000eab00000, 0x00000000ef600000, 0x0000000100000000)
  eden space 33280K, 100% used [0x00000000eab00000,0x00000000ecb80000,0x00000000ecb80000)
  from space 5120K, 99% used [0x00000000ed080000,0x00000000ed57b7a0,0x00000000ed580000)
  to   space 5120K, 0% used [0x00000000ecb80000,0x00000000ecb80000,0x00000000ed080000)
 ParOldGen       total 87552K, used 4669K [0x00000000c0000000, 0x00000000c5580000, 0x00000000eab00000)
  object space 87552K, 5% used [0x00000000c0000000,0x00000000c048f410,0x00000000c5580000)
 Metaspace       used 6222K, capacity 7152K, committed 7296K, reserved 1056768K
  class space    used 593K, capacity 616K, committed 640K, reserved 1048576K
Event: 7.654 GC heap after
Heap after GC invocations=3 (full 0):
 PSYoungGen      total 38400K, used 5092K [0x00000000eab00000, 0x00000000ef600000, 0x0000000100000000)
  eden space 33280K, 0% used [0x00000000eab00000,0x00000000eab00000,0x00000000ecb80000)
  from space 5120K, 99% used [0x00000000ecb80000,0x00000000ed0793e8,0x00000000ed080000)
  to   space 5120K, 0% used [0x00000000ef100000,0x00000000ef100000,0x00000000ef600000)
 ParOldGen       total 87552K, used 9860K [0x00000000c0000000, 0x00000000c5580000, 0x00000000eab00000)
  object space 87552K, 11% used [0x00000000c0000000,0x00000000c09a11c8,0x00000000c5580000)
 Metaspace       used 6222K, capacity 7152K, committed 7296K, reserved 1056768K
  class space    used 593K, capacity 616K, committed 640K, reserved 1048576K
}
Event: 7.860 GC heap before
{Heap before GC invocations=4 (full 0):
 PSYoungGen      total 38400K, used 38372K [0x00000000eab00000, 0x00000000ef600000, 0x0000000100000000)
  eden space 33280K, 100% used [0x00000000eab00000,0x00000000ecb80000,0x00000000ecb80000)
  from space 5120K, 99% used [0x00000000ecb80000,0x00000000ed0793e8,0x00000000ed080000)
  to   space 5120K, 0% used [0x00000000ef100000,0x00000000ef100000,0x00000000ef600000)
 ParOldGen       total 87552K, used 9860K [0x00000000c0000000, 0x00000000c5580000, 0x00000000eab00000)
  object space 87552K, 11% used [0x00000000c0000000,0x00000000c09a11c8,0x00000000c5580000)
 Metaspace       used 6239K, capacity 7152K, committed 7296K, reserved 1056768K
  class space    used 593K, capacity 616K, committed 640K, reserved 1048576K
Event: 7.897 GC heap after
Heap after GC invocations=4 (full 0):
 PSYoungGen      total 71680K, used 5088K [0x00000000eab00000, 0x00000000ef600000, 0x0000000100000000)
  eden space 66560K, 0% used [0x00000000eab00000,0x00000000eab00000,0x00000000eec00000)
  from space 5120K, 99% used [0x00000000ef100000,0x00000000ef5f80f8,0x00000000ef600000)
  to   space 5120K, 0% used [0x00000000eec00000,0x00000000eec00000,0x00000000ef100000)
 ParOldGen       total 87552K, used 15052K [0x00000000c0000000, 0x00000000c5580000, 0x00000000eab00000)
  object space 87552K, 17% used [0x00000000c0000000,0x00000000c0eb32b8,0x00000000c5580000)
 Metaspace       used 6239K, capacity 7152K, committed 7296K, reserved 1056768K
  class space    used 593K, capacity 616K, committed 640K, reserved 1048576K
}
Event: 8.450 GC heap before
{Heap before GC invocations=5 (full 0):
 PSYoungGen      total 71680K, used 71648K [0x00000000eab00000, 0x00000000ef600000, 0x0000000100000000)
  eden space 66560K, 100% used [0x00000000eab00000,0x00000000eec00000,0x00000000eec00000)
  from space 5120K, 99% used [0x00000000ef100000,0x00000000ef5f80f8,0x00000000ef600000)
  to   space 5120K, 0% used [0x00000000eec00000,0x00000000eec00000,0x00000000ef100000)
 ParOldGen       total 87552K, used 15052K [0x00000000c0000000, 0x00000000c5580000, 0x00000000eab00000)
  object space 87552K, 17% used [0x00000000c0000000,0x00000000c0eb32b8,0x00000000c5580000)
 Metaspace       used 6358K, capacity 7192K, committed 7424K, reserved 1056768K
  class space    used 613K, capacity 656K, committed 768K, reserved 1048576K
Event: 8.493 GC heap after
Heap after GC invocations=5 (full 0):
 PSYoungGen      total 71680K, used 5117K [0x00000000eab00000, 0x00000000f4c00000, 0x0000000100000000)
  eden space 66560K, 0% used [0x00000000eab00000,0x00000000eab00000,0x00000000eec00000)
  from space 5120K, 99% used [0x00000000eec00000,0x00000000ef0ff490,0x00000000ef100000)
  to   space 15872K, 0% used [0x00000000f3c80000,0x00000000f3c80000,0x00000000f4c00000)
 ParOldGen       total 87552K, used 24018K [0x00000000c0000000, 0x00000000c5580000, 0x00000000eab00000)
  object space 87552K, 27% used [0x00000000c0000000,0x00000000c1774948,0x00000000c5580000)
 Metaspace       used 6358K, capacity 7192K, committed 7424K, reserved 1056768K
  class space    used 613K, capacity 656K, committed 768K, reserved 1048576K
}
Event: 8.936 GC heap before
{Heap before GC invocations=6 (full 0):
 PSYoungGen      total 71680K, used 71677K [0x00000000eab00000, 0x00000000f4c00000, 0x0000000100000000)
  eden space 66560K, 100% used [0x00000000eab00000,0x00000000eec00000,0x00000000eec00000)
  from space 5120K, 99% used [0x00000000eec00000,0x00000000ef0ff490,0x00000000ef100000)
  to   space 15872K, 0% used [0x00000000f3c80000,0x00000000f3c80000,0x00000000f4c00000)
 ParOldGen       total 87552K, used 24018K [0x00000000c0000000, 0x00000000c5580000, 0x00000000eab00000)
  object space 87552K, 27% used [0x00000000c0000000,0x00000000c1774948,0x00000000c5580000)
 Metaspace       used 6418K, capacity 7256K, committed 7424K, reserved 1056768K
  class space    used 613K, capacity 656K, committed 768K, reserved 1048576K
Event: 9.042 GC heap after
Heap after GC invocations=6 (full 0):
 PSYoungGen      total 146944K, used 15441K [0x00000000eab00000, 0x00000000f5000000, 0x0000000100000000)
  eden space 131072K, 0% used [0x00000000eab00000,0x00000000eab00000,0x00000000f2b00000)
  from space 15872K, 97% used [0x00000000f3c80000,0x00000000f4b94608,0x00000000f4c00000)
  to   space 17920K, 0% used [0x00000000f2b00000,0x00000000f2b00000,0x00000000f3c80000)
 ParOldGen       total 87552K, used 24018K [0x00000000c0000000, 0x00000000c5580000, 0x00000000eab00000)
  object space 87552K, 27% used [0x00000000c0000000,0x00000000c1774948,0x00000000c5580000)
 Metaspace       used 6418K, capacity 7256K, committed 7424K, reserved 1056768K
  class space    used 613K, capacity 656K, committed 768K, reserved 1048576K
}

Deoptimization events (10 events):
Event: 9.849 Thread 0x00000000163b3000 Uncommon trap: reason=class_check action=maybe_recompile pc=0x00000000026747c8 method=java.util.Arrays.hashCode([Ljava/lang/Object;)I @ 43
Event: 9.849 Thread 0x00000000163b3000 Uncommon trap: reason=class_check action=maybe_recompile pc=0x00000000026747c8 method=java.util.Arrays.hashCode([Ljava/lang/Object;)I @ 43
Event: 9.849 Thread 0x00000000163b3000 Uncommon trap: reason=class_check action=maybe_recompile pc=0x00000000026747c8 method=java.util.Arrays.hashCode([Ljava/lang/Object;)I @ 43
Event: 9.849 Thread 0x00000000163b3000 Uncommon trap: reason=class_check action=maybe_recompile pc=0x00000000026747c8 method=java.util.Arrays.hashCode([Ljava/lang/Object;)I @ 43
Event: 9.849 Thread 0x00000000163b3000 Uncommon trap: reason=class_check action=maybe_recompile pc=0x00000000026304a8 method=java.util.Arrays.hashCode([Ljava/lang/Object;)I @ 43
Event: 10.513 Thread 0x00000000163b3000 Uncommon trap: reason=speculate_class_check action=maybe_recompile pc=0x00000000025377fc method=com.android.dx.util.FixedSizeList.equals(Ljava/lang/Object;)Z @ 25
Event: 10.514 Thread 0x00000000163b3000 Uncommon trap: reason=unstable_if action=reinterpret pc=0x000000000251fad8 method=java.util.Arrays.equals([Ljava/lang/Object;[Ljava/lang/Object;)Z @ 23
Event: 10.641 Thread 0x00000000163b3000 Uncommon trap: reason=speculate_class_check action=maybe_recompile pc=0x00000000025377fc method=com.android.dx.util.FixedSizeList.equals(Ljava/lang/Object;)Z @ 25
Event: 10.641 Thread 0x00000000163b3000 Uncommon trap: reason=speculate_class_check action=maybe_recompile pc=0x00000000025377fc method=com.android.dx.util.FixedSizeList.equals(Ljava/lang/Object;)Z @ 25
Event: 10.641 Thread 0x00000000163b3000 Uncommon trap: reason=speculate_class_check action=maybe_recompile pc=0x00000000025377fc method=com.android.dx.util.FixedSizeList.equals(Ljava/lang/Object;)Z @ 25

Internal exceptions (5 events):
Event: 4.068 Thread 0x00000000020e1000 Exception <a 'java/lang/NoSuchMethodError': Method sun.misc.Unsafe.defineClass(Ljava/lang/String;[BII)Ljava/lang/Class; name or signature does not match> (0x00000000eab0d540) thrown at [C:\re\workspace\8-2-build-windows-amd64-cygwin\jdk8u45\3627\hotspot\srî1nŸF@
Event: 4.068 Thread 0x00000000020e1000 Exception <a 'java/lang/NoSuchMethodError': Method sun.misc.Unsafe.prefetchRead(Ljava/lang/Object;J)V name or signature does not match> (0x00000000eab0d7d0) thrown at [C:\re\workspace\8-2-build-windows-amd64-cygwin\jdk8u45\3627\hotspot\src\share\vm\prims\j¼…Ð­j @
Event: 8.208 Thread 0x00000000020e1000 Exception <a 'java/lang/ArrayIndexOutOfBoundsException': 18> (0x00000000ecfd31b8) thrown at [C:\re\workspace\8-2-build-windows-amd64-cygwin\jdk8u45\3627\hotspot\src\share\vm\interpreter\interpreterRuntime.cpp, line 366]
Event: 8.209 Thread 0x00000000020e1000 Exception <a 'java/lang/ArrayIndexOutOfBoundsException': 145> (0x00000000ecfd4c88) thrown at [C:\re\workspace\8-2-build-windows-amd64-cygwin\jdk8u45\3627\hotspot\src\share\vm\interpreter\interpreterRuntime.cpp, line 366]
Event: 8.255 Thread 0x00000000020e1000 Exception <a 'java/lang/ArrayIndexOutOfBoundsException'> (0x00000000ecfd5ec0) thrown at [C:\re\workspace\8-2-build-windows-amd64-cygwin\jdk8u45\3627\hotspot\src\share\vm\runtime\sharedRuntime.cpp, line 605]

Events (10 events):
Event: 10.692 Thread 0x00000000163b3000 DEOPT PACKING pc=0x0000000002a19bd9 sp=0x000000001691e820
Event: 10.692 Thread 0x00000000163b3000 DEOPT UNPACKING pc=0x000000000222787f sp=0x000000001691e5e8 mode 0
Event: 10.692 Thread 0x00000000163b3000 DEOPT PACKING pc=0x0000000002a1d04d sp=0x000000001691e900
Event: 10.692 Thread 0x00000000163b3000 DEOPT UNPACKING pc=0x000000000222787f sp=0x000000001691e650 mode 0
Event: 10.800 Thread 0x00000000163b3000 DEOPT PACKING pc=0x0000000002a18411 sp=0x000000001691e6f0
Event: 10.800 Thread 0x00000000163b3000 DEOPT UNPACKING pc=0x000000000222787f sp=0x000000001691e468 mode 0
Event: 10.815 Thread 0x00000000163b3000 DEOPT PACKING pc=0x0000000002a0b1e2 sp=0x000000001691e6f0
Event: 10.815 Thread 0x00000000163b3000 DEOPT UNPACKING pc=0x000000000222787f sp=0x000000001691e470 mode 0
Event: 10.957 Thread 0x00000000163b3000 DEOPT PACKING pc=0x0000000002a22f80 sp=0x000000001691e760
Event: 10.957 Thread 0x00000000163b3000 DEOPT UNPACKING pc=0x000000000222787f sp=0x000000001691e488 mode 0


Dynamic libraries:
0x00007ff672b50000 - 0x00007ff672b87000 	C:\Program Files\Java\jdk1.8.0_45\bin\java.exe
0x00007fff3a030000 - 0x00007fff3a1dd000 	C:\Windows\SYSTEM32\ntdll.dll
0x00007fff38050000 - 0x00007fff3818e000 	C:\Windows\system32\KERNEL32.DLL
0x00007fff37230000 - 0x00007fff37345000 	C:\Windows\system32\KERNELBASE.dll
0x00007fff35d40000 - 0x00007fff35dce000 	C:\Windows\system32\apphelp.dll
0x00007fff18470000 - 0x00007fff184c3000 	C:\Windows\AppPatch\AppPatch64\AcGenral.DLL
0x00007fff39cc0000 - 0x00007fff39d6a000 	C:\Windows\system32\msvcrt.dll
0x00007fff37690000 - 0x00007fff376be000 	C:\Windows\system32\SspiCli.dll
0x00007fff37f20000 - 0x00007fff37f74000 	C:\Windows\system32\SHLWAPI.dll
0x00007fff37da0000 - 0x00007fff37f17000 	C:\Windows\system32\USER32.dll
0x00007fff37c00000 - 0x00007fff37d94000 	C:\Windows\system32\ole32.dll
0x00007fff38790000 - 0x00007fff39cb9000 	C:\Windows\system32\SHELL32.dll
0x00007fff367b0000 - 0x00007fff367d1000 	C:\Windows\SYSTEM32\USERENV.dll
0x00007fff38410000 - 0x00007fff384ba000 	C:\Windows\system32\ADVAPI32.dll
0x00007fff2de10000 - 0x00007fff2de2e000 	C:\Windows\SYSTEM32\MPR.dll
0x00007fff39d70000 - 0x00007fff39eb0000 	C:\Windows\system32\RPCRT4.dll
0x00007fff39ef0000 - 0x00007fff39f49000 	C:\Windows\SYSTEM32\sechost.dll
0x00007fff376c0000 - 0x00007fff378d1000 	C:\Windows\SYSTEM32\combase.dll
0x00007fff384e0000 - 0x00007fff3862f000 	C:\Windows\system32\GDI32.dll
0x00007fff37160000 - 0x00007fff37175000 	C:\Windows\SYSTEM32\profapi.dll
0x00007fff35700000 - 0x00007fff357b2000 	C:\Windows\SYSTEM32\SHCORE.dll
0x00007fff39eb0000 - 0x00007fff39ee6000 	C:\Windows\system32\IMM32.DLL
0x00007fff38630000 - 0x00007fff38782000 	C:\Windows\system32\MSCTF.dll
0x00007fff34670000 - 0x00007fff348eb000 	C:\Windows\WinSxS\amd64_microsoft.windows.common-controls_6595b64144ccf1df_6.0.9600.18006_none_623f33d3ecbe86e8\COMCTL32.dll
0x0000000071ee0000 - 0x0000000071fb2000 	C:\Program Files\Java\jdk1.8.0_45\jre\bin\msvcr100.dll
0x000000006c690000 - 0x000000006cf13000 	C:\Program Files\Java\jdk1.8.0_45\jre\bin\server\jvm.dll
0x00007fff2fb40000 - 0x00007fff2fb49000 	C:\Windows\SYSTEM32\WSOCK32.dll
0x00007fff2d2e0000 - 0x00007fff2d302000 	C:\Windows\SYSTEM32\WINMM.dll
0x00007fff2cde0000 - 0x00007fff2cdea000 	C:\Windows\SYSTEM32\VERSION.dll
0x00007fff378e0000 - 0x00007fff378e7000 	C:\Windows\system32\PSAPI.DLL
0x00007fff383a0000 - 0x00007fff383fa000 	C:\Windows\system32\WS2_32.dll
0x00007fff2d2b0000 - 0x00007fff2d2da000 	C:\Windows\SYSTEM32\WINMMBASE.dll
0x00007fff384c0000 - 0x00007fff384c9000 	C:\Windows\system32\NSI.dll
0x00007fff373b0000 - 0x00007fff373ff000 	C:\Windows\SYSTEM32\cfgmgr32.dll
0x00007fff35f90000 - 0x00007fff35fb8000 	C:\Windows\SYSTEM32\DEVOBJ.dll
0x0000000072c10000 - 0x0000000072c1f000 	C:\Program Files\Java\jdk1.8.0_45\jre\bin\verify.dll
0x0000000071eb0000 - 0x0000000071ed9000 	C:\Program Files\Java\jdk1.8.0_45\jre\bin\java.dll
0x0000000071e90000 - 0x0000000071ea6000 	C:\Program Files\Java\jdk1.8.0_45\jre\bin\zip.dll

VM Arguments:
jvm_args: -Djava.awt.headless=true -Xmx1024M -Dfile.encoding=windows-1252 -Duser.country=US -Duser.language=en -Duser.variant 
java_command: com.android.dx.command.Main --dex --force-jumbo --num-threads=4 --multi-dex --output D:\android app development\CapstoneHomeSeek\app\build\intermediates\transforms\dex\debug\folders\1000\10\com.android.support-appcompat-v7-23.4.0_cb4fa10ea9ea5ceee9727a44d7f3782b3b174f35 D:\android app development\CapstoneHomeSeek\app\build\intermediates\exploded-aar\com.android.support\appcompat-v7\23.4.0\jars\classes.jar
java_class_path (initial): C:\Users\pluckannfeel\AppData\Local\Android\sdk\build-tools\23.0.3\lib\dx.jar
Launcher Type: SUN_STANDARD

Environment Variables:
JAVA_HOME=C:\Program Files (x86)\Java\jdk1.7.0_71
PATH=C:\ProgramData\Oracle\Java\javapath;C:\Windows\system32;C:\Windows;C:\Windows\System32\Wbem;C:\Windows\System32\WindowsPowerShell\v1.0\;C:\Program Files (x86)\Microsoft SQL Server\100\Tools\Binn\;C:\Program Files\Microsoft SQL Server\100\Tools\Binn\;C:\Program Files\Microsoft SQL Server\100\DTS\Binn\;C:\Program Files (x86)\Microsoft SQL Server\100\Tools\Binn\VSShell\Common7\IDE\;C:\Program Files (x86)\Microsoft SQL Server\100\DTS\Binn\;C:\Program Files (x86)\Microsoft SQL Server\90\Tools\binn\;C:\Program Files\nodejs\;C:\Program Files (x86)\GtkSharp\2.12\bin;C:\Program Files (x86)\Skype\Phone\;C:\Users\pluckannfeel\AppData\Roaming\npm
USERNAME=pluckannfeel
OS=Windows_NT
PROCESSOR_IDENTIFIER=Intel64 Family 6 Model 60 Stepping 3, GenuineIntel



---------------  S Y S T E M  ---------------

OS: Windows 8.1 , 64 bit Build 9600 (6.3.9600.17415)

CPU:total 4 (2 cores per cpu, 2 threads per core) family 6 model 60 stepping 3, cmov, cx8, fxsr, mmx, sse, sse2, sse3, ssse3, sse4.1, sse4.2, popcnt, avx, avx2, aes, clmul, erms, lzcnt, ht, tsc, tscinvbit, bmi1, bmi2

Memory: 4k page, physical 8302956k(672292k free), swap 11448684k(5140k free)

vm_info: Java HotSpot(TM) 64-Bit Server VM (25.45-b02) for windows-amd64 JRE (1.8.0_45-b15), built on Apr 30 2015 12:40:44 by "java_re" with MS VC++ 10.0 (VS2010)

time: Thu Nov 17 06:27:46 2016
elapsed time: 11 seconds (0d 0h 0m 11s)

