#
# There is insufficient memory for the Java Runtime Environment to continue.
# Native memory allocation (malloc) failed to allocate 965216 bytes for Chunk::new
# Possible reasons:
#   The system is out of physical RAM or swap space
#   In 32 bit mode, the process size limit was hit
# Possible solutions:
#   Reduce memory load on the system
#   Increase physical memory or swap space
#   Check if swap backing store is full
#   Use 64 bit Java on a 64 bit OS
#   Decrease Java heap size (-Xmx/-Xms)
#   Decrease number of Java threads
#   Decrease Java thread stack sizes (-Xss)
#   Set larger code cache with -XX:ReservedCodeCacheSize=
# This output file may be truncated or incomplete.
#
#  Out of Memory Error (allocation.cpp:390), pid=10064, tid=8212
#
# JRE version: Java(TM) SE Runtime Environment (8.0_45-b15) (build 1.8.0_45-b15)
# Java VM: Java HotSpot(TM) 64-Bit Server VM (25.45-b02 mixed mode windows-amd64 compressed oops)
# Failed to write core dump. Minidumps are not enabled by default on client versions of Windows
#

---------------  T H R E A D  ---------------

Current thread (0x000000001463a000):  JavaThread "C2 CompilerThread1" daemon [_thread_in_native, id=8212, stack(0x0000000015cb0000,0x0000000015db0000)]

Stack: [0x0000000015cb0000,0x0000000015db0000]
Native frames: (J=compiled Java code, j=interpreted, Vv=VM code, C=native code)
V  [jvm.dll+0x32b57a]
V  [jvm.dll+0x279873]
V  [jvm.dll+0x27a509]
V  [jvm.dll+0x271825]
V  [jvm.dll+0xcb9e2]
V  [jvm.dll+0xcbeac]
V  [jvm.dll+0x476ef2]
V  [jvm.dll+0x4b955f]
V  [jvm.dll+0x46bf81]
V  [jvm.dll+0x46ccbe]
V  [jvm.dll+0x4500f2]
V  [jvm.dll+0xa4352]
V  [jvm.dll+0xa4c8f]
V  [jvm.dll+0x241984]
V  [jvm.dll+0x29853a]
C  [msvcr100.dll+0x21d9f]
C  [msvcr100.dll+0x21e3b]
C  [KERNEL32.DLL+0x13d2]
C  [ntdll.dll+0x154e4]


Current CompileTask:
C2:   4132 1465       4       com.android.dx.ssa.SsaRenamer$BlockRenamer::process (191 bytes)


---------------  P R O C E S S  ---------------

Java Threads: ( => current thread )
  0x000000001610c000 JavaThread "pool-2-thread-4" [_thread_blocked, id=8496, stack(0x00000000168b0000,0x00000000169b0000)]
  0x0000000016106800 JavaThread "pool-2-thread-3" [_thread_blocked, id=5476, stack(0x00000000167b0000,0x00000000168b0000)]
  0x0000000016109800 JavaThread "pool-2-thread-2" [_thread_blocked, id=2308, stack(0x00000000166b0000,0x00000000167b0000)]
  0x0000000016113000 JavaThread "pool-3-thread-1" [_thread_blocked, id=5296, stack(0x00000000165b0000,0x00000000166b0000)]
  0x0000000016101000 JavaThread "pool-2-thread-1" [_thread_in_Java, id=4984, stack(0x00000000164b0000,0x00000000165b0000)]
  0x0000000015eb5800 JavaThread "Service Thread" daemon [_thread_blocked, id=1228, stack(0x00000000162b0000,0x00000000163b0000)]
  0x0000000014644800 JavaThread "C1 CompilerThread2" daemon [_thread_blocked, id=7472, stack(0x0000000015db0000,0x0000000015eb0000)]
=>0x000000001463a000 JavaThread "C2 CompilerThread1" daemon [_thread_in_native, id=8212, stack(0x0000000015cb0000,0x0000000015db0000)]
  0x0000000014648800 JavaThread "C2 CompilerThread0" daemon [_thread_in_native, id=2976, stack(0x0000000015bb0000,0x0000000015cb0000)]
  0x0000000014646800 JavaThread "Attach Listener" daemon [_thread_blocked, id=6908, stack(0x0000000015ab0000,0x0000000015bb0000)]
  0x0000000014645800 JavaThread "Signal Dispatcher" daemon [_thread_blocked, id=6668, stack(0x00000000159b0000,0x0000000015ab0000)]
  0x0000000001f61000 JavaThread "Finalizer" daemon [_thread_blocked, id=3940, stack(0x00000000158b0000,0x00000000159b0000)]
  0x0000000001f5e000 JavaThread "Reference Handler" daemon [_thread_blocked, id=7072, stack(0x00000000157b0000,0x00000000158b0000)]
  0x0000000001e71000 JavaThread "main" [_thread_in_Java, id=10156, stack(0x0000000001d10000,0x0000000001e10000)]

Other Threads:
  0x0000000014607000 VMThread [stack: 0x00000000156b0000,0x00000000157b0000] [id=10228]
  0x0000000015eb6800 WatcherThread [stack: 0x00000000163b0000,0x00000000164b0000] [id=7384]

VM state:not at safepoint (normal execution)

VM Mutex/Monitor currently owned by a thread: None

Heap:
 PSYoungGen      total 38400K, used 36528K [0x00000000eab00000, 0x00000000ef600000, 0x0000000100000000)
  eden space 33280K, 94% used [0x00000000eab00000,0x00000000ec9ae2c0,0x00000000ecb80000)
  from space 5120K, 99% used [0x00000000ecb80000,0x00000000ed07e0d8,0x00000000ed080000)
  to   space 5120K, 0% used [0x00000000ef100000,0x00000000ef100000,0x00000000ef600000)
 ParOldGen       total 87552K, used 1055K [0x00000000c0000000, 0x00000000c5580000, 0x00000000eab00000)
  object space 87552K, 1% used [0x00000000c0000000,0x00000000c0107e30,0x00000000c5580000)
 Metaspace       used 6042K, capacity 7024K, committed 7296K, reserved 1056768K
  class space    used 589K, capacity 616K, committed 640K, reserved 1048576K

Card table byte_map: [0x0000000011330000,0x0000000011540000] byte_map_base: 0x0000000010d30000

Marking Bits: (ParMarkBitMap*) 0x000000006ce94040
 Begin Bits: [0x0000000011aa0000, 0x0000000012aa0000)
 End Bits:   [0x0000000012aa0000, 0x0000000013aa0000)

Polling page: 0x0000000000590000

CodeCache: size=245760Kb used=6252Kb max_used=6252Kb free=239507Kb
 bounds [0x0000000001f70000, 0x00000000025a0000, 0x0000000010f70000]
 total_blobs=1733 nmethods=1464 adapters=182
 compilation: enabled

Compilation events (10 events):
Event: 4.059 Thread 0x0000000014644800 1485       3       com.android.dx.rop.cst.StdConstantPool::get0Ok (12 bytes)
Event: 4.060 Thread 0x0000000014644800 nmethod 1485 0x000000000256f250 code [0x000000000256f500, 0x0000000002570698]
Event: 4.060 Thread 0x0000000014644800 1480       3       java.util.Collections::unmodifiableCollection (9 bytes)
Event: 4.060 Thread 0x0000000014644800 nmethod 1480 0x0000000002569210 code [0x00000000025693a0, 0x00000000025696e8]
Event: 4.060 Thread 0x0000000014644800 1490       1       com.android.dx.cf.code.ByteCatchList$Item::getStartPc (5 bytes)
Event: 4.060 Thread 0x0000000014644800 nmethod 1490 0x0000000002559b90 code [0x0000000002559ce0, 0x0000000002559df0]
Event: 4.060 Thread 0x0000000014644800 1491       1       com.android.dx.cf.code.ByteCatchList$Item::getEndPc (5 bytes)
Event: 4.060 Thread 0x0000000014644800 nmethod 1491 0x0000000002568f50 code [0x00000000025690a0, 0x00000000025691b0]
Event: 4.060 Thread 0x0000000014644800 1492       1       com.android.dx.command.dexer.Main$Arguments::access$1900 (5 bytes)
Event: 4.061 Thread 0x0000000014644800 nmethod 1492 0x0000000002568c90 code [0x0000000002568de0, 0x0000000002568ed0]

GC Heap History (2 events):
Event: 2.388 GC heap before
{Heap before GC invocations=1 (full 0):
 PSYoungGen      total 38400K, used 33280K [0x00000000eab00000, 0x00000000ed580000, 0x0000000100000000)
  eden space 33280K, 100% used [0x00000000eab00000,0x00000000ecb80000,0x00000000ecb80000)
  from space 5120K, 0% used [0x00000000ed080000,0x00000000ed080000,0x00000000ed580000)
  to   space 5120K, 0% used [0x00000000ecb80000,0x00000000ecb80000,0x00000000ed080000)
 ParOldGen       total 87552K, used 0K [0x00000000c0000000, 0x00000000c5580000, 0x00000000eab00000)
  object space 87552K, 0% used [0x00000000c0000000,0x00000000c0000000,0x00000000c5580000)
 Metaspace       used 5835K, capacity 6832K, committed 7040K, reserved 1056768K
  class space    used 580K, capacity 616K, committed 640K, reserved 1048576K
Event: 2.497 GC heap after
Heap after GC invocations=1 (full 0):
 PSYoungGen      total 38400K, used 5112K [0x00000000eab00000, 0x00000000ef600000, 0x0000000100000000)
  eden space 33280K, 0% used [0x00000000eab00000,0x00000000eab00000,0x00000000ecb80000)
  from space 5120K, 99% used [0x00000000ecb80000,0x00000000ed07e0d8,0x00000000ed080000)
  to   space 5120K, 0% used [0x00000000ef100000,0x00000000ef100000,0x00000000ef600000)
 ParOldGen       total 87552K, used 1055K [0x00000000c0000000, 0x00000000c5580000, 0x00000000eab00000)
  object space 87552K, 1% used [0x00000000c0000000,0x00000000c0107e30,0x00000000c5580000)
 Metaspace       used 5835K, capacity 6832K, committed 7040K, reserved 1056768K
  class space    used 580K, capacity 616K, committed 640K, reserved 1048576K
}

Deoptimization events (10 events):
Event: 2.986 Thread 0x000000001610c000 Uncommon trap: reason=class_check action=maybe_recompile pc=0x000000000245e4bc method=com.android.dx.ssa.NormalSsaInsn.accept(Lcom/android/dx/ssa/SsaInsn$Visitor;)V @ 9
Event: 3.035 Thread 0x0000000016101000 Uncommon trap: reason=uninitialized action=reinterpret pc=0x00000000024658bc method=com.android.dx.cf.code.BytecodeArray.parseInstruction(ILcom/android/dx/cf/code/BytecodeArray$Visitor;)I @ 999
Event: 3.298 Thread 0x0000000001e71000 Uncommon trap: reason=class_check action=maybe_recompile pc=0x000000000245e4bc method=com.android.dx.ssa.NormalSsaInsn.accept(Lcom/android/dx/ssa/SsaInsn$Visitor;)V @ 9
Event: 3.298 Thread 0x0000000001e71000 Uncommon trap: reason=class_check action=maybe_recompile pc=0x00000000021991f0 method=com.android.dx.ssa.NormalSsaInsn.accept(Lcom/android/dx/ssa/SsaInsn$Visitor;)V @ 9
Event: 3.315 Thread 0x000000001610c000 Uncommon trap: reason=class_check action=maybe_recompile pc=0x000000000245e4bc method=com.android.dx.ssa.NormalSsaInsn.accept(Lcom/android/dx/ssa/SsaInsn$Visitor;)V @ 9
Event: 3.315 Thread 0x000000001610c000 Uncommon trap: reason=class_check action=maybe_recompile pc=0x00000000021991f0 method=com.android.dx.ssa.NormalSsaInsn.accept(Lcom/android/dx/ssa/SsaInsn$Visitor;)V @ 9
Event: 3.318 Thread 0x000000001610c000 Uncommon trap: reason=class_check action=maybe_recompile pc=0x00000000021cfdd4 method=com.android.dx.ssa.NormalSsaInsn.accept(Lcom/android/dx/ssa/SsaInsn$Visitor;)V @ 9
Event: 3.323 Thread 0x000000001610c000 Uncommon trap: reason=unstable_if action=reinterpret pc=0x0000000002509138 method=com.android.dx.util.BitIntSet.has(I)Z @ 8
Event: 3.324 Thread 0x000000001610c000 Uncommon trap: reason=unstable_if action=reinterpret pc=0x00000000023ab518 method=com.android.dx.util.BitIntSet.has(I)Z @ 8
Event: 4.019 Thread 0x0000000001e71000 Uncommon trap: reason=unstable_if action=reinterpret pc=0x000000000252c990 method=com.android.dx.ssa.SCCP.simulateBranch(Lcom/android/dx/ssa/SsaInsn;)V @ 548

Internal exceptions (3 events):
Event: 0.053 Thread 0x0000000001e71000 Exception <a 'java/lang/NoSuchMethodError': Method sun.misc.Unsafe.defineClass(Ljava/lang/String;[BII)Ljava/lang/Class; name or signature does not match> (0x00000000eab0d580) thrown at [C:\re\workspace\8-2-build-windows-amd64-cygwin\jdk8u45\3627\hotspot\srÜ–yñª?
Event: 0.053 Thread 0x0000000001e71000 Exception <a 'java/lang/NoSuchMethodError': Method sun.misc.Unsafe.prefetchRead(Ljava/lang/Object;J)V name or signature does not match> (0x00000000eab0d810) thrown at [C:\re\workspace\8-2-build-windows-amd64-cygwin\jdk8u45\3627\hotspot\src\share\vm\prims\jXÀMjT@
Event: 2.916 Thread 0x0000000016106800 Implicit null exception at 0x0000000002223a22 to 0x0000000002223b15

Events (10 events):
Event: 3.323 Thread 0x000000001610c000 DEOPT PACKING pc=0x0000000002509138 sp=0x00000000169aea50
Event: 3.323 Thread 0x000000001610c000 DEOPT UNPACKING pc=0x0000000001fb582a sp=0x00000000169ae988 mode 2
Event: 3.324 Thread 0x000000001610c000 Uncommon trap: trap_request=0xffffff65 fr.pc=0x00000000023ab518
Event: 3.324 Thread 0x000000001610c000 DEOPT PACKING pc=0x00000000023ab518 sp=0x00000000169ae8f0
Event: 3.324 Thread 0x000000001610c000 DEOPT UNPACKING pc=0x0000000001fb582a sp=0x00000000169ae890 mode 2
Event: 3.333 Thread 0x000000001610c000 DEOPT PACKING pc=0x0000000002313011 sp=0x00000000169aeb70
Event: 3.333 Thread 0x000000001610c000 DEOPT UNPACKING pc=0x0000000001fb787f sp=0x00000000169ae938 mode 0
Event: 4.019 Thread 0x0000000001e71000 Uncommon trap: trap_request=0xffffff65 fr.pc=0x000000000252c990
Event: 4.019 Thread 0x0000000001e71000 DEOPT PACKING pc=0x000000000252c990 sp=0x0000000001e0e5e0
Event: 4.019 Thread 0x0000000001e71000 DEOPT UNPACKING pc=0x0000000001fb582a sp=0x0000000001e0e5c8 mode 2


Dynamic libraries:
0x00007ff672b50000 - 0x00007ff672b87000 	C:\Program Files\Java\jdk1.8.0_45\bin\java.exe
0x00007fff3a030000 - 0x00007fff3a1dd000 	C:\Windows\SYSTEM32\ntdll.dll
0x00007fff38050000 - 0x00007fff3818e000 	C:\Windows\system32\KERNEL32.DLL
0x00007fff37230000 - 0x00007fff37345000 	C:\Windows\system32\KERNELBASE.dll
0x00007fff35d40000 - 0x00007fff35dce000 	C:\Windows\system32\apphelp.dll
0x00007fff18470000 - 0x00007fff184c3000 	C:\Windows\AppPatch\AppPatch64\AcGenral.DLL
0x00007fff39cc0000 - 0x00007fff39d6a000 	C:\Windows\system32\msvcrt.dll
0x00007fff37690000 - 0x00007fff376be000 	C:\Windows\system32\SspiCli.dll
0x00007fff37f20000 - 0x00007fff37f74000 	C:\Windows\system32\SHLWAPI.dll
0x00007fff37da0000 - 0x00007fff37f17000 	C:\Windows\system32\USER32.dll
0x00007fff37c00000 - 0x00007fff37d94000 	C:\Windows\system32\ole32.dll
0x00007fff38790000 - 0x00007fff39cb9000 	C:\Windows\system32\SHELL32.dll
0x00007fff367b0000 - 0x00007fff367d1000 	C:\Windows\SYSTEM32\USERENV.dll
0x00007fff38410000 - 0x00007fff384ba000 	C:\Windows\system32\ADVAPI32.dll
0x00007fff2de10000 - 0x00007fff2de2e000 	C:\Windows\SYSTEM32\MPR.dll
0x00007fff39d70000 - 0x00007fff39eb0000 	C:\Windows\system32\RPCRT4.dll
0x00007fff39ef0000 - 0x00007fff39f49000 	C:\Windows\SYSTEM32\sechost.dll
0x00007fff376c0000 - 0x00007fff378d1000 	C:\Windows\SYSTEM32\combase.dll
0x00007fff384e0000 - 0x00007fff3862f000 	C:\Windows\system32\GDI32.dll
0x00007fff37160000 - 0x00007fff37175000 	C:\Windows\SYSTEM32\profapi.dll
0x00007fff35700000 - 0x00007fff357b2000 	C:\Windows\SYSTEM32\SHCORE.dll
0x00007fff39eb0000 - 0x00007fff39ee6000 	C:\Windows\system32\IMM32.DLL
0x00007fff38630000 - 0x00007fff38782000 	C:\Windows\system32\MSCTF.dll
0x00007fff34670000 - 0x00007fff348eb000 	C:\Windows\WinSxS\amd64_microsoft.windows.common-controls_6595b64144ccf1df_6.0.9600.18006_none_623f33d3ecbe86e8\COMCTL32.dll
0x0000000071ee0000 - 0x0000000071fb2000 	C:\Program Files\Java\jdk1.8.0_45\jre\bin\msvcr100.dll
0x000000006c690000 - 0x000000006cf13000 	C:\Program Files\Java\jdk1.8.0_45\jre\bin\server\jvm.dll
0x00007fff2fb40000 - 0x00007fff2fb49000 	C:\Windows\SYSTEM32\WSOCK32.dll
0x00007fff2d2e0000 - 0x00007fff2d302000 	C:\Windows\SYSTEM32\WINMM.dll
0x00007fff2cde0000 - 0x00007fff2cdea000 	C:\Windows\SYSTEM32\VERSION.dll
0x00007fff378e0000 - 0x00007fff378e7000 	C:\Windows\system32\PSAPI.DLL
0x00007fff383a0000 - 0x00007fff383fa000 	C:\Windows\system32\WS2_32.dll
0x00007fff2d2b0000 - 0x00007fff2d2da000 	C:\Windows\SYSTEM32\WINMMBASE.dll
0x00007fff384c0000 - 0x00007fff384c9000 	C:\Windows\system32\NSI.dll
0x00007fff373b0000 - 0x00007fff373ff000 	C:\Windows\SYSTEM32\cfgmgr32.dll
0x00007fff35f90000 - 0x00007fff35fb8000 	C:\Windows\SYSTEM32\DEVOBJ.dll
0x0000000072c10000 - 0x0000000072c1f000 	C:\Program Files\Java\jdk1.8.0_45\jre\bin\verify.dll
0x0000000071eb0000 - 0x0000000071ed9000 	C:\Program Files\Java\jdk1.8.0_45\jre\bin\java.dll
0x0000000071e90000 - 0x0000000071ea6000 	C:\Program Files\Java\jdk1.8.0_45\jre\bin\zip.dll
0x00007fff2f2c0000 - 0x00007fff2f449000 	C:\Windows\SYSTEM32\dbghelp.dll

VM Arguments:
jvm_args: -Djava.awt.headless=true -Xmx1024M -Dfile.encoding=windows-1252 -Duser.country=US -Duser.language=en -Duser.variant 
java_command: com.android.dx.command.Main --dex --force-jumbo --num-threads=4 --multi-dex --output D:\android app development\CapstoneHomeSeek\app\build\intermediates\transforms\dex\debug\folders\1000\10\com.google.android.gms-play-services-measurement-8.4.0_6272a1611272718a6425bc44f286415ec98dbc80 D:\android app development\CapstoneHomeSeek\app\build\intermediates\exploded-aar\com.google.android.gms\play-services-measurement\8.4.0\jars\classes.jar
java_class_path (initial): C:\Users\pluckannfeel\AppData\Local\Android\sdk\build-tools\23.0.3\lib\dx.jar
Launcher Type: SUN_STANDARD

Environment Variables:
JAVA_HOME=C:\Program Files (x86)\Java\jdk1.7.0_71
PATH=C:\ProgramData\Oracle\Java\javapath;C:\Windows\system32;C:\Windows;C:\Windows\System32\Wbem;C:\Windows\System32\WindowsPowerShell\v1.0\;C:\Program Files (x86)\Microsoft SQL Server\100\Tools\Binn\;C:\Program Files\Microsoft SQL Server\100\Tools\Binn\;C:\Program Files\Microsoft SQL Server\100\DTS\Binn\;C:\Program Files (x86)\Microsoft SQL Server\100\Tools\Binn\VSShell\Common7\IDE\;C:\Program Files (x86)\Microsoft SQL Server\100\DTS\Binn\;C:\Program Files (x86)\Microsoft SQL Server\90\Tools\binn\;C:\Program Files\nodejs\;C:\Program Files (x86)\GtkSharp\2.12\bin;C:\Program Files (x86)\Skype\Phone\;C:\Users\pluckannfeel\AppData\Roaming\npm
USERNAME=pluckannfeel
OS=Windows_NT
PROCESSOR_IDENTIFIER=Intel64 Family 6 Model 60 Stepping 3, GenuineIntel



---------------  S Y S T E M  ---------------

OS: Windows 8.1 , 64 bit Build 9600 (6.3.9600.17415)

CPU:total 4 (2 cores per cpu, 2 threads per core) family 6 model 60 stepping 3, cmov, cx8, fxsr, mmx, sse, sse2, sse3, ssse3, sse4.1, sse4.2, popcnt, avx, avx2, aes, clmul, erms, lzcnt, ht, tsc, tscinvbit, bmi1, bmi2

Memory: 4k page, physical 8302956k(660956k free), swap 11448684k(5844k free)

vm_info: Java HotSpot(TM) 64-Bit Server VM (25.45-b02) for windows-amd64 JRE (1.8.0_45-b15), built on Apr 30 2015 12:40:44 by "java_re" with MS VC++ 10.0 (VS2010)

time: Thu Nov 17 06:26:44 2016
elapsed time: 4 seconds (0d 0h 0m 4s)

