#
# There is insufficient memory for the Java Runtime Environment to continue.
# Native memory allocation (malloc) failed to allocate 1436176 bytes for Chunk::new
# Possible reasons:
#   The system is out of physical RAM or swap space
#   In 32 bit mode, the process size limit was hit
# Possible solutions:
#   Reduce memory load on the system
#   Increase physical memory or swap space
#   Check if swap backing store is full
#   Use 64 bit Java on a 64 bit OS
#   Decrease Java heap size (-Xmx/-Xms)
#   Decrease number of Java threads
#   Decrease Java thread stack sizes (-Xss)
#   Set larger code cache with -XX:ReservedCodeCacheSize=
# This output file may be truncated or incomplete.
#
#  Out of Memory Error (allocation.cpp:390), pid=8724, tid=6292
#
# JRE version: Java(TM) SE Runtime Environment (8.0_45-b15) (build 1.8.0_45-b15)
# Java VM: Java HotSpot(TM) 64-Bit Server VM (25.45-b02 mixed mode windows-amd64 compressed oops)
# Failed to write core dump. Minidumps are not enabled by default on client versions of Windows
#

---------------  T H R E A D  ---------------

Current thread (0x0000000015346800):  JavaThread "C2 CompilerThread1" daemon [_thread_in_native, id=6292, stack(0x0000000016960000,0x0000000016a60000)]

Stack: [0x0000000016960000,0x0000000016a60000]
Native frames: (J=compiled Java code, j=interpreted, Vv=VM code, C=native code)
V  [jvm.dll+0x32b57a]
V  [jvm.dll+0x279873]
V  [jvm.dll+0x27a509]
V  [jvm.dll+0x271825]
V  [jvm.dll+0xcb9e2]
V  [jvm.dll+0xcbeac]
V  [jvm.dll+0x476ef2]
V  [jvm.dll+0x4b955f]
V  [jvm.dll+0x46b92f]
V  [jvm.dll+0x46ccbe]
V  [jvm.dll+0x4500f2]
V  [jvm.dll+0xa4352]
V  [jvm.dll+0xa4c8f]
V  [jvm.dll+0x241984]
V  [jvm.dll+0x29853a]
C  [msvcr100.dll+0x21d9f]
C  [msvcr100.dll+0x21e3b]
C  [KERNEL32.DLL+0x13d2]
C  [ntdll.dll+0x154e4]


Current CompileTask:
C2:  24667 1367   !   4       com.android.dx.cf.cst.ConstantPoolParser::parse0 (731 bytes)


---------------  P R O C E S S  ---------------

Java Threads: ( => current thread )
  0x0000000002b21000 JavaThread "DestroyJavaVM" [_thread_blocked, id=4720, stack(0x0000000002940000,0x0000000002a40000)]
  0x0000000016b65800 JavaThread "Service Thread" daemon [_thread_blocked, id=1748, stack(0x0000000016f60000,0x0000000017060000)]
  0x000000001534c800 JavaThread "C1 CompilerThread2" daemon [_thread_blocked, id=3008, stack(0x0000000016a60000,0x0000000016b60000)]
=>0x0000000015346800 JavaThread "C2 CompilerThread1" daemon [_thread_in_native, id=6292, stack(0x0000000016960000,0x0000000016a60000)]
  0x00000000152f8800 JavaThread "C2 CompilerThread0" daemon [_thread_in_native, id=8704, stack(0x0000000016860000,0x0000000016960000)]
  0x00000000152f6800 JavaThread "Attach Listener" daemon [_thread_blocked, id=8580, stack(0x0000000016760000,0x0000000016860000)]
  0x00000000152f5800 JavaThread "Signal Dispatcher" daemon [_thread_blocked, id=8300, stack(0x0000000016660000,0x0000000016760000)]
  0x0000000002c16800 JavaThread "Finalizer" daemon [_thread_blocked, id=8660, stack(0x0000000016560000,0x0000000016660000)]
  0x0000000002c0e000 JavaThread "Reference Handler" daemon [_thread_blocked, id=9148, stack(0x0000000016460000,0x0000000016560000)]

Other Threads:
  0x00000000152b7000 VMThread [stack: 0x0000000016360000,0x0000000016460000] [id=8412]
  0x0000000016b66800 WatcherThread [stack: 0x0000000017060000,0x0000000017160000] [id=6452]

VM state:not at safepoint (normal execution)

VM Mutex/Monitor currently owned by a thread: None

Heap:
 PSYoungGen      total 38400K, used 26682K [0x00000000eab00000, 0x00000000ef600000, 0x0000000100000000)
  eden space 33280K, 64% used [0x00000000eab00000,0x00000000ec014f00,0x00000000ecb80000)
  from space 5120K, 99% used [0x00000000ecb80000,0x00000000ed079c78,0x00000000ed080000)
  to   space 5120K, 0% used [0x00000000ef100000,0x00000000ef100000,0x00000000ef600000)
 ParOldGen       total 87552K, used 1443K [0x00000000c0000000, 0x00000000c5580000, 0x00000000eab00000)
  object space 87552K, 1% used [0x00000000c0000000,0x00000000c0168dd0,0x00000000c5580000)
 Metaspace       used 6934K, capacity 7544K, committed 7680K, reserved 1056768K
  class space    used 672K, capacity 688K, committed 768K, reserved 1048576K

Card table byte_map: [0x0000000011fe0000,0x00000000121f0000] byte_map_base: 0x00000000119e0000

Marking Bits: (ParMarkBitMap*) 0x000000005abc4040
 Begin Bits: [0x0000000012750000, 0x0000000013750000)
 End Bits:   [0x0000000013750000, 0x0000000014750000)

Polling page: 0x0000000001000000

CodeCache: size=245760Kb used=7000Kb max_used=7000Kb free=238759Kb
 bounds [0x0000000002c20000, 0x0000000003300000, 0x0000000011c20000]
 total_blobs=2037 nmethods=1759 adapters=191
 compilation: enabled

Compilation events (10 events):
Event: 6.645 Thread 0x000000001534c800 1721       2       com.android.dx.dex.code.DalvInsnList::getOutsSize (105 bytes)
Event: 6.646 Thread 0x000000001534c800 nmethod 1721 0x00000000032cc5d0 code [0x00000000032cc760, 0x00000000032ccb48]
Event: 6.646 Thread 0x000000001534c800 1722   !   2       com.android.dx.dex.code.DalvInsnList::writeTo (254 bytes)
Event: 6.648 Thread 0x000000001534c800 nmethod 1722 0x00000000032cced0 code [0x00000000032cd1e0, 0x00000000032ce0f8]
Event: 6.648 Thread 0x000000001534c800 1717       2       com.android.dx.dex.code.InsnFormat::codeUnit (89 bytes)
Event: 6.648 Thread 0x000000001534c800 nmethod 1717 0x00000000032cf150 code [0x00000000032cf300, 0x00000000032cf718]
Event: 6.648 Thread 0x000000001534c800 1719       2       com.android.dx.dex.code.InsnFormat::write (15 bytes)
Event: 6.648 Thread 0x000000001534c800 nmethod 1719 0x00000000032cf910 code [0x00000000032cfa80, 0x00000000032cfc78]
Event: 6.648 Thread 0x000000001534c800 1720       2       com.android.dx.dex.code.form.Form11x::writeTo (22 bytes)
Event: 6.649 Thread 0x000000001534c800 nmethod 1720 0x00000000032cfdd0 code [0x00000000032cff60, 0x00000000032d01a8]

GC Heap History (2 events):
Event: 5.740 GC heap before
{Heap before GC invocations=1 (full 0):
 PSYoungGen      total 38400K, used 33280K [0x00000000eab00000, 0x00000000ed580000, 0x0000000100000000)
  eden space 33280K, 100% used [0x00000000eab00000,0x00000000ecb80000,0x00000000ecb80000)
  from space 5120K, 0% used [0x00000000ed080000,0x00000000ed080000,0x00000000ed580000)
  to   space 5120K, 0% used [0x00000000ecb80000,0x00000000ecb80000,0x00000000ed080000)
 ParOldGen       total 87552K, used 0K [0x00000000c0000000, 0x00000000c5580000, 0x00000000eab00000)
  object space 87552K, 0% used [0x00000000c0000000,0x00000000c0000000,0x00000000c5580000)
 Metaspace       used 6032K, capacity 7024K, committed 7296K, reserved 1056768K
  class space    used 592K, capacity 616K, committed 640K, reserved 1048576K
Event: 5.863 GC heap after
Heap after GC invocations=1 (full 0):
 PSYoungGen      total 38400K, used 5095K [0x00000000eab00000, 0x00000000ef600000, 0x0000000100000000)
  eden space 33280K, 0% used [0x00000000eab00000,0x00000000eab00000,0x00000000ecb80000)
  from space 5120K, 99% used [0x00000000ecb80000,0x00000000ed079c78,0x00000000ed080000)
  to   space 5120K, 0% used [0x00000000ef100000,0x00000000ef100000,0x00000000ef600000)
 ParOldGen       total 87552K, used 1443K [0x00000000c0000000, 0x00000000c5580000, 0x00000000eab00000)
  object space 87552K, 1% used [0x00000000c0000000,0x00000000c0168dd0,0x00000000c5580000)
 Metaspace       used 6032K, capacity 7024K, committed 7296K, reserved 1056768K
  class space    used 592K, capacity 616K, committed 640K, reserved 1048576K
}

Deoptimization events (10 events):
Event: 6.331 Thread 0x0000000002b21000 Uncommon trap: reason=class_check action=maybe_recompile pc=0x00000000030c5b84 method=java.util.HashMap.putVal(ILjava/lang/Object;Ljava/lang/Object;ZZ)Ljava/lang/Object; @ 203
Event: 6.339 Thread 0x0000000002b21000 Uncommon trap: reason=class_check action=maybe_recompile pc=0x00000000030c1790 method=java.util.HashMap.putVal(ILjava/lang/Object;Ljava/lang/Object;ZZ)Ljava/lang/Object; @ 203
Event: 6.342 Thread 0x0000000002b21000 Uncommon trap: reason=class_check action=maybe_recompile pc=0x00000000030c1790 method=java.util.HashMap.putVal(ILjava/lang/Object;Ljava/lang/Object;ZZ)Ljava/lang/Object; @ 203
Event: 6.347 Thread 0x0000000002b21000 Uncommon trap: reason=class_check action=maybe_recompile pc=0x00000000030c5b84 method=java.util.HashMap.putVal(ILjava/lang/Object;Ljava/lang/Object;ZZ)Ljava/lang/Object; @ 203
Event: 6.468 Thread 0x0000000002b21000 Uncommon trap: reason=speculate_class_check action=maybe_recompile pc=0x0000000002fbd7dc method=com.android.dx.util.FixedSizeList.equals(Ljava/lang/Object;)Z @ 25
Event: 6.468 Thread 0x0000000002b21000 Uncommon trap: reason=class_check action=maybe_recompile pc=0x0000000002fc00d0 method=java.util.Arrays.equals([Ljava/lang/Object;[Ljava/lang/Object;)Z @ 62
Event: 6.468 Thread 0x0000000002b21000 Uncommon trap: reason=speculate_class_check action=maybe_recompile pc=0x0000000002fbd7dc method=com.android.dx.util.FixedSizeList.equals(Ljava/lang/Object;)Z @ 25
Event: 6.468 Thread 0x0000000002b21000 Uncommon trap: reason=unstable_if action=reinterpret pc=0x0000000002fc00a8 method=java.util.Arrays.equals([Ljava/lang/Object;[Ljava/lang/Object;)Z @ 23
Event: 6.533 Thread 0x0000000002b21000 Uncommon trap: reason=speculate_class_check action=maybe_recompile pc=0x0000000002fbd7dc method=com.android.dx.util.FixedSizeList.equals(Ljava/lang/Object;)Z @ 25
Event: 6.534 Thread 0x0000000002b21000 Uncommon trap: reason=speculate_class_check action=maybe_recompile pc=0x0000000002fbd7dc method=com.android.dx.util.FixedSizeList.equals(Ljava/lang/Object;)Z @ 25

Internal exceptions (3 events):
Event: 0.486 Thread 0x0000000002b21000 Exception <a 'java/lang/NoSuchMethodError': Method sun.misc.Unsafe.defineClass(Ljava/lang/String;[BII)Ljava/lang/Class; name or signature does not match> (0x00000000eab0d6a8) thrown at [C:\re\workspace\8-2-build-windows-amd64-cygwin\jdk8u45\3627\hotspot\srFù<JJß?
Event: 0.486 Thread 0x0000000002b21000 Exception <a 'java/lang/NoSuchMethodError': Method sun.misc.Unsafe.prefetchRead(Ljava/lang/Object;J)V name or signature does not match> (0x00000000eab0d938) thrown at [C:\re\workspace\8-2-build-windows-amd64-cygwin\jdk8u45\3627\hotspot\src\share\vm\prims\jWïþ;ô@
Event: 5.239 Thread 0x0000000016cef000 Implicit null exception at 0x0000000002f14ec5 to 0x0000000002f18019

Events (10 events):
Event: 6.608 loading class com/android/dx/dex/file/DebugInfoEncoder$1
Event: 6.608 loading class com/android/dx/dex/file/DebugInfoEncoder$1 done
Event: 6.609 loading class com/android/dx/dex/file/DebugInfoEncoder$2
Event: 6.609 loading class com/android/dx/dex/file/DebugInfoEncoder$2 done
Event: 6.619 loading class com/android/dex/EncodedValueCodec
Event: 6.619 loading class com/android/dex/EncodedValueCodec done
Event: 6.626 loading class com/android/dx/dex/file/MapItem
Event: 6.626 loading class com/android/dx/dex/file/MapItem done
Event: 6.629 loading class com/android/dex/DexFormat
Event: 6.629 loading class com/android/dex/DexFormat done


Dynamic libraries:
0x00007ff7e9420000 - 0x00007ff7e9457000 	C:\Program Files\Java\jdk1.8.0_45\bin\java.exe
0x00007ffe48a00000 - 0x00007ffe48bad000 	C:\Windows\SYSTEM32\ntdll.dll
0x00007ffe47ea0000 - 0x00007ffe47fde000 	C:\Windows\system32\KERNEL32.DLL
0x00007ffe45c80000 - 0x00007ffe45d95000 	C:\Windows\system32\KERNELBASE.dll
0x00007ffe44700000 - 0x00007ffe4478e000 	C:\Windows\system32\apphelp.dll
0x00007ffe28990000 - 0x00007ffe289e3000 	C:\Windows\AppPatch\AppPatch64\AcGenral.DLL
0x00007ffe47fe0000 - 0x00007ffe4808a000 	C:\Windows\system32\msvcrt.dll
0x00007ffe45c50000 - 0x00007ffe45c7e000 	C:\Windows\system32\SspiCli.dll
0x00007ffe48380000 - 0x00007ffe483d4000 	C:\Windows\system32\SHLWAPI.dll
0x00007ffe487d0000 - 0x00007ffe48947000 	C:\Windows\system32\USER32.dll
0x00007ffe484b0000 - 0x00007ffe48644000 	C:\Windows\system32\ole32.dll
0x00007ffe46240000 - 0x00007ffe47769000 	C:\Windows\system32\SHELL32.dll
0x00007ffe45130000 - 0x00007ffe45151000 	C:\Windows\SYSTEM32\USERENV.dll
0x00007ffe48950000 - 0x00007ffe489fa000 	C:\Windows\system32\ADVAPI32.dll
0x00007ffe3bd00000 - 0x00007ffe3bd1e000 	C:\Windows\SYSTEM32\MPR.dll
0x00007ffe46100000 - 0x00007ffe46240000 	C:\Windows\system32\RPCRT4.dll
0x00007ffe47840000 - 0x00007ffe47899000 	C:\Windows\SYSTEM32\sechost.dll
0x00007ffe48160000 - 0x00007ffe48371000 	C:\Windows\SYSTEM32\combase.dll
0x00007ffe47c80000 - 0x00007ffe47dcf000 	C:\Windows\system32\GDI32.dll
0x00007ffe45b30000 - 0x00007ffe45b45000 	C:\Windows\SYSTEM32\profapi.dll
0x00007ffe43eb0000 - 0x00007ffe43f62000 	C:\Windows\SYSTEM32\SHCORE.dll
0x00007ffe47a90000 - 0x00007ffe47ac6000 	C:\Windows\system32\IMM32.DLL
0x00007ffe48670000 - 0x00007ffe487c2000 	C:\Windows\system32\MSCTF.dll
0x00007ffe43590000 - 0x00007ffe4380b000 	C:\Windows\WinSxS\amd64_microsoft.windows.common-controls_6595b64144ccf1df_6.0.9600.18006_none_623f33d3ecbe86e8\COMCTL32.dll
0x000000005ac50000 - 0x000000005ad22000 	C:\Program Files\Java\jdk1.8.0_45\jre\bin\msvcr100.dll
0x000000005a3c0000 - 0x000000005ac43000 	C:\Program Files\Java\jdk1.8.0_45\jre\bin\server\jvm.dll
0x00007ffe3e600000 - 0x00007ffe3e609000 	C:\Windows\SYSTEM32\WSOCK32.dll
0x00007ffe3d470000 - 0x00007ffe3d492000 	C:\Windows\SYSTEM32\WINMM.dll
0x00007ffe3b790000 - 0x00007ffe3b79a000 	C:\Windows\SYSTEM32\VERSION.dll
0x00007ffe48150000 - 0x00007ffe48157000 	C:\Windows\system32\PSAPI.DLL
0x00007ffe47e40000 - 0x00007ffe47e9a000 	C:\Windows\system32\WS2_32.dll
0x00007ffe3d440000 - 0x00007ffe3d46a000 	C:\Windows\SYSTEM32\WINMMBASE.dll
0x00007ffe484a0000 - 0x00007ffe484a9000 	C:\Windows\system32\NSI.dll
0x00007ffe45c00000 - 0x00007ffe45c4f000 	C:\Windows\SYSTEM32\cfgmgr32.dll
0x00007ffe44950000 - 0x00007ffe44978000 	C:\Windows\SYSTEM32\DEVOBJ.dll
0x000000005a3b0000 - 0x000000005a3bf000 	C:\Program Files\Java\jdk1.8.0_45\jre\bin\verify.dll
0x000000005a380000 - 0x000000005a3a9000 	C:\Program Files\Java\jdk1.8.0_45\jre\bin\java.dll
0x000000005a360000 - 0x000000005a376000 	C:\Program Files\Java\jdk1.8.0_45\jre\bin\zip.dll
0x00007ffe3e730000 - 0x00007ffe3e8b9000 	C:\Windows\SYSTEM32\dbghelp.dll

VM Arguments:
jvm_args: -Djava.awt.headless=true -Xmx1024M -Dfile.encoding=windows-1252 -Duser.country=US -Duser.language=en -Duser.variant 
java_command: com.android.dx.command.Main --dex --force-jumbo --num-threads=4 --output D:\android app development\CapstoneHomeSeek\app\build\intermediates\pre-dexed\debug\com.google.android.gms-play-services-base-8.4.0_964f8de162244d723c713ffdc37626a8da5d59a8.jar D:\android app development\CapstoneHomeSeek\app\build\intermediates\exploded-aar\com.google.android.gms\play-services-base\8.4.0\jars\classes.jar
java_class_path (initial): C:\Users\pluckannfeel\AppData\Local\Android\sdk\build-tools\23.0.3\lib\dx.jar
Launcher Type: SUN_STANDARD

Environment Variables:
JAVA_HOME=C:\Program Files (x86)\Java\jdk1.7.0_71
PATH=C:\ProgramData\Oracle\Java\javapath;C:\Windows\system32;C:\Windows;C:\Windows\System32\Wbem;C:\Windows\System32\WindowsPowerShell\v1.0\;C:\Program Files (x86)\Microsoft SQL Server\100\Tools\Binn\;C:\Program Files\Microsoft SQL Server\100\Tools\Binn\;C:\Program Files\Microsoft SQL Server\100\DTS\Binn\;C:\Program Files (x86)\Microsoft SQL Server\100\Tools\Binn\VSShell\Common7\IDE\;C:\Program Files (x86)\Microsoft SQL Server\100\DTS\Binn\;C:\Program Files (x86)\Microsoft SQL Server\90\Tools\binn\;C:\Program Files\nodejs\;C:\Program Files (x86)\GtkSharp\2.12\bin;C:\Program Files (x86)\Skype\Phone\;C:\Users\pluckannfeel\AppData\Roaming\npm
USERNAME=pluckannfeel
OS=Windows_NT
PROCESSOR_IDENTIFIER=Intel64 Family 6 Model 60 Stepping 3, GenuineIntel



---------------  S Y S T E M  ---------------

OS: Windows 8.1 , 64 bit Build 9600 (6.3.9600.17415)

CPU:total 4 (2 cores per cpu, 2 threads per core) family 6 model 60 stepping 3, cmov, cx8, fxsr, mmx, sse, sse2, sse3, ssse3, sse4.1, sse4.2, popcnt, avx, avx2, aes, clmul, erms, lzcnt, ht, tsc, tscinvbit, bmi1, bmi2

Memory: 4k page, physical 8302956k(602100k free), swap 11448684k(259216k free)

vm_info: Java HotSpot(TM) 64-Bit Server VM (25.45-b02) for windows-amd64 JRE (1.8.0_45-b15), built on Apr 30 2015 12:40:44 by "java_re" with MS VC++ 10.0 (VS2010)

time: Thu Nov 17 13:12:49 2016
elapsed time: 24 seconds (0d 0h 0m 24s)

