#
# There is insufficient memory for the Java Runtime Environment to continue.
# Native memory allocation (malloc) failed to allocate 828816 bytes for Chunk::new
# Possible reasons:
#   The system is out of physical RAM or swap space
#   In 32 bit mode, the process size limit was hit
# Possible solutions:
#   Reduce memory load on the system
#   Increase physical memory or swap space
#   Check if swap backing store is full
#   Use 64 bit Java on a 64 bit OS
#   Decrease Java heap size (-Xmx/-Xms)
#   Decrease number of Java threads
#   Decrease Java thread stack sizes (-Xss)
#   Set larger code cache with -XX:ReservedCodeCacheSize=
# This output file may be truncated or incomplete.
#
#  Out of Memory Error (allocation.cpp:390), pid=2324, tid=6196
#
# JRE version: Java(TM) SE Runtime Environment (8.0_45-b15) (build 1.8.0_45-b15)
# Java VM: Java HotSpot(TM) 64-Bit Server VM (25.45-b02 mixed mode windows-amd64 compressed oops)
# Failed to write core dump. Minidumps are not enabled by default on client versions of Windows
#

---------------  T H R E A D  ---------------

Current thread (0x000000001525f800):  JavaThread "C2 CompilerThread1" daemon [_thread_in_native, id=6196, stack(0x00000000168d0000,0x00000000169d0000)]

Stack: [0x00000000168d0000,0x00000000169d0000]
Native frames: (J=compiled Java code, j=interpreted, Vv=VM code, C=native code)
V  [jvm.dll+0x32b57a]
V  [jvm.dll+0x279873]
V  [jvm.dll+0x27a509]
V  [jvm.dll+0x271825]
V  [jvm.dll+0xcb9e2]
V  [jvm.dll+0xcbeac]
V  [jvm.dll+0x4929e7]
V  [jvm.dll+0x45f8ca]
V  [jvm.dll+0x46a73b]
V  [jvm.dll+0x46cd52]
V  [jvm.dll+0x4500f2]
V  [jvm.dll+0xa4352]
V  [jvm.dll+0xa4c8f]
V  [jvm.dll+0x241984]
V  [jvm.dll+0x29853a]
C  [msvcr100.dll+0x21d9f]
C  [msvcr100.dll+0x21e3b]
C  [KERNEL32.DLL+0x13d2]
C  [ntdll.dll+0x154e4]


Current CompileTask:
C2:   4972 1421       4       com.android.dx.dex.code.OutputFinisher::addConstants (93 bytes)


---------------  P R O C E S S  ---------------

Java Threads: ( => current thread )
  0x0000000016ae5800 JavaThread "Service Thread" daemon [_thread_blocked, id=4892, stack(0x0000000016ed0000,0x0000000016fd0000)]
  0x00000000152b0800 JavaThread "C1 CompilerThread2" daemon [_thread_blocked, id=4812, stack(0x00000000169d0000,0x0000000016ad0000)]
=>0x000000001525f800 JavaThread "C2 CompilerThread1" daemon [_thread_in_native, id=6196, stack(0x00000000168d0000,0x00000000169d0000)]
  0x000000001525c800 JavaThread "C2 CompilerThread0" daemon [_thread_blocked, id=7612, stack(0x00000000167d0000,0x00000000168d0000)]
  0x000000001525a800 JavaThread "Attach Listener" daemon [_thread_blocked, id=4392, stack(0x00000000166d0000,0x00000000167d0000)]
  0x0000000015259800 JavaThread "Signal Dispatcher" daemon [_thread_blocked, id=8512, stack(0x00000000165d0000,0x00000000166d0000)]
  0x0000000002b40800 JavaThread "Finalizer" daemon [_thread_blocked, id=1300, stack(0x00000000164d0000,0x00000000165d0000)]
  0x0000000002b3d000 JavaThread "Reference Handler" daemon [_thread_blocked, id=2640, stack(0x00000000163d0000,0x00000000164d0000)]
  0x0000000002a51000 JavaThread "main" [_thread_in_Java, id=976, stack(0x0000000002910000,0x0000000002a10000)]

Other Threads:
  0x0000000015227800 VMThread [stack: 0x00000000162d0000,0x00000000163d0000] [id=3860]
  0x0000000016ae6800 WatcherThread [stack: 0x0000000016fd0000,0x00000000170d0000] [id=8700]

VM state:not at safepoint (normal execution)

VM Mutex/Monitor currently owned by a thread: None

Heap:
 PSYoungGen      total 38400K, used 25009K [0x00000000eab00000, 0x00000000ef600000, 0x0000000100000000)
  eden space 33280K, 59% used [0x00000000eab00000,0x00000000ebe6e918,0x00000000ecb80000)
  from space 5120K, 99% used [0x00000000ecb80000,0x00000000ed07dc88,0x00000000ed080000)
  to   space 5120K, 0% used [0x00000000ef100000,0x00000000ef100000,0x00000000ef600000)
 ParOldGen       total 87552K, used 1626K [0x00000000c0000000, 0x00000000c5580000, 0x00000000eab00000)
  object space 87552K, 1% used [0x00000000c0000000,0x00000000c0196980,0x00000000c5580000)
 Metaspace       used 6259K, capacity 7152K, committed 7296K, reserved 1056768K
  class space    used 606K, capacity 616K, committed 640K, reserved 1048576K

Card table byte_map: [0x0000000011f50000,0x0000000012160000] byte_map_base: 0x0000000011950000

Marking Bits: (ParMarkBitMap*) 0x00000000755c4040
 Begin Bits: [0x00000000126c0000, 0x00000000136c0000)
 End Bits:   [0x00000000136c0000, 0x00000000146c0000)

Polling page: 0x0000000001140000

CodeCache: size=245760Kb used=5919Kb max_used=5930Kb free=239840Kb
 bounds [0x0000000002b90000, 0x0000000003170000, 0x0000000011b90000]
 total_blobs=1818 nmethods=1549 adapters=182
 compilation: enabled

Compilation events (10 events):
Event: 4.786 Thread 0x000000001525c800 nmethod 1554 0x000000000314ed10 code [0x000000000314ee60, 0x000000000314ef18]
Event: 4.786 Thread 0x00000000152b0800 nmethod 1553 0x0000000003157990 code [0x0000000003157b80, 0x00000000031583b8]
Event: 4.786 Thread 0x000000001525c800 1555       4       com.android.dx.rop.code.RegisterSpec::matchesVariable (68 bytes)
Event: 4.786 Thread 0x00000000152b0800 1556       3       com.android.dx.dex.code.StdCatchBuilder::build (262 bytes)
Event: 4.789 Thread 0x000000001525c800 nmethod 1555 0x0000000003155f50 code [0x00000000031560a0, 0x00000000031562e8]
Event: 4.790 Thread 0x00000000152b0800 nmethod 1556 0x000000000315a110 code [0x000000000315a620, 0x000000000315df28]
Event: 4.791 Thread 0x000000001525c800 1557       4       com.android.dx.dex.code.BlockAddresses::getLast (10 bytes)
Event: 4.791 Thread 0x00000000152b0800 1558       3       com.android.dx.dex.code.TargetInsn::<init> (29 bytes)
Event: 4.791 Thread 0x00000000152b0800 nmethod 1558 0x000000000314e710 code [0x000000000314e8a0, 0x000000000314ebb8]
Event: 4.792 Thread 0x000000001525c800 nmethod 1557 0x0000000003155c90 code [0x0000000003155dc0, 0x0000000003155e58]

GC Heap History (2 events):
Event: 2.546 GC heap before
{Heap before GC invocations=1 (full 0):
 PSYoungGen      total 38400K, used 33280K [0x00000000eab00000, 0x00000000ed580000, 0x0000000100000000)
  eden space 33280K, 100% used [0x00000000eab00000,0x00000000ecb80000,0x00000000ecb80000)
  from space 5120K, 0% used [0x00000000ed080000,0x00000000ed080000,0x00000000ed580000)
  to   space 5120K, 0% used [0x00000000ecb80000,0x00000000ecb80000,0x00000000ed080000)
 ParOldGen       total 87552K, used 0K [0x00000000c0000000, 0x00000000c5580000, 0x00000000eab00000)
  object space 87552K, 0% used [0x00000000c0000000,0x00000000c0000000,0x00000000c5580000)
 Metaspace       used 5896K, capacity 6896K, committed 7040K, reserved 1056768K
  class space    used 589K, capacity 616K, committed 640K, reserved 1048576K
Event: 2.714 GC heap after
Heap after GC invocations=1 (full 0):
 PSYoungGen      total 38400K, used 5111K [0x00000000eab00000, 0x00000000ef600000, 0x0000000100000000)
  eden space 33280K, 0% used [0x00000000eab00000,0x00000000eab00000,0x00000000ecb80000)
  from space 5120K, 99% used [0x00000000ecb80000,0x00000000ed07dc88,0x00000000ed080000)
  to   space 5120K, 0% used [0x00000000ef100000,0x00000000ef100000,0x00000000ef600000)
 ParOldGen       total 87552K, used 1626K [0x00000000c0000000, 0x00000000c5580000, 0x00000000eab00000)
  object space 87552K, 1% used [0x00000000c0000000,0x00000000c0196980,0x00000000c5580000)
 Metaspace       used 5896K, capacity 6896K, committed 7040K, reserved 1056768K
  class space    used 589K, capacity 616K, committed 640K, reserved 1048576K
}

Deoptimization events (10 events):
Event: 3.846 Thread 0x0000000002a51000 Uncommon trap: reason=bimorphic action=maybe_recompile pc=0x0000000002e814d8 method=java.util.HashMap.getNode(ILjava/lang/Object;)Ljava/util/HashMap$Node; @ 126
Event: 3.850 Thread 0x0000000002a51000 Uncommon trap: reason=class_check action=maybe_recompile pc=0x0000000002f964c4 method=java.util.HashMap.putVal(ILjava/lang/Object;Ljava/lang/Object;ZZ)Ljava/lang/Object; @ 203
Event: 3.850 Thread 0x0000000002a51000 Uncommon trap: reason=class_check action=maybe_recompile pc=0x0000000002f964c4 method=java.util.HashMap.putVal(ILjava/lang/Object;Ljava/lang/Object;ZZ)Ljava/lang/Object; @ 203
Event: 3.868 Thread 0x0000000002a51000 Uncommon trap: reason=class_check action=maybe_recompile pc=0x0000000002f964c4 method=java.util.HashMap.putVal(ILjava/lang/Object;Ljava/lang/Object;ZZ)Ljava/lang/Object; @ 203
Event: 4.705 Thread 0x0000000002a51000 Uncommon trap: reason=speculate_class_check action=maybe_recompile pc=0x0000000002f1319c method=com.android.dx.util.FixedSizeList.equals(Ljava/lang/Object;)Z @ 25
Event: 4.705 Thread 0x0000000002a51000 Uncommon trap: reason=speculate_class_check action=maybe_recompile pc=0x0000000002f1319c method=com.android.dx.util.FixedSizeList.equals(Ljava/lang/Object;)Z @ 25
Event: 4.705 Thread 0x0000000002a51000 Uncommon trap: reason=speculate_class_check action=maybe_recompile pc=0x0000000002f1319c method=com.android.dx.util.FixedSizeList.equals(Ljava/lang/Object;)Z @ 25
Event: 4.715 Thread 0x0000000002a51000 Uncommon trap: reason=speculate_class_check action=maybe_recompile pc=0x0000000002f1319c method=com.android.dx.util.FixedSizeList.equals(Ljava/lang/Object;)Z @ 25
Event: 4.725 Thread 0x0000000002a51000 Uncommon trap: reason=unstable_if action=reinterpret pc=0x0000000003125240 method=java.util.Arrays.equals([Ljava/lang/Object;[Ljava/lang/Object;)Z @ 23
Event: 4.726 Thread 0x0000000002a51000 Uncommon trap: reason=unstable_if action=reinterpret pc=0x000000000310164c method=java.util.TreeMap.put(Ljava/lang/Object;Ljava/lang/Object;)Ljava/lang/Object; @ 163

Internal exceptions (2 events):
Event: 0.053 Thread 0x0000000002a51000 Exception <a 'java/lang/NoSuchMethodError': Method sun.misc.Unsafe.defineClass(Ljava/lang/String;[BII)Ljava/lang/Class; name or signature does not match> (0x00000000eab0d470) thrown at [C:\re\workspace\8-2-build-windows-amd64-cygwin\jdk8u45\3627\hotspot\sru{›¯nôª?
Event: 0.053 Thread 0x0000000002a51000 Exception <a 'java/lang/NoSuchMethodError': Method sun.misc.Unsafe.prefetchRead(Ljava/lang/Object;J)V name or signature does not match> (0x00000000eab0d700) thrown at [C:\re\workspace\8-2-build-windows-amd64-cygwin\jdk8u45\3627\hotspot\src\share\vm\prims\j

Events (10 events):
Event: 4.706 loading class com/android/dx/util/ByteArrayAnnotatedOutput done
Event: 4.715 Thread 0x0000000002a51000 Uncommon trap: trap_request=0xffffff76 fr.pc=0x0000000002f1319c
Event: 4.715 Thread 0x0000000002a51000 DEOPT PACKING pc=0x0000000002f1319c sp=0x0000000002a0efe0
Event: 4.715 Thread 0x0000000002a51000 DEOPT UNPACKING pc=0x0000000002bd582a sp=0x0000000002a0efa0 mode 2
Event: 4.725 Thread 0x0000000002a51000 Uncommon trap: trap_request=0xffffff65 fr.pc=0x0000000003125240
Event: 4.725 Thread 0x0000000002a51000 DEOPT PACKING pc=0x0000000003125240 sp=0x0000000002a0efe0
Event: 4.725 Thread 0x0000000002a51000 DEOPT UNPACKING pc=0x0000000002bd582a sp=0x0000000002a0ef18 mode 2
Event: 4.726 Thread 0x0000000002a51000 Uncommon trap: trap_request=0xffffff65 fr.pc=0x000000000310164c
Event: 4.726 Thread 0x0000000002a51000 DEOPT PACKING pc=0x000000000310164c sp=0x0000000002a0f200
Event: 4.726 Thread 0x0000000002a51000 DEOPT UNPACKING pc=0x0000000002bd582a sp=0x0000000002a0f1a0 mode 2


Dynamic libraries:
0x00007ff6cea30000 - 0x00007ff6cea67000 	C:\Program Files\Java\jdk1.8.0_45\bin\java.exe
0x00007ffeeff40000 - 0x00007ffef00ed000 	C:\Windows\SYSTEM32\ntdll.dll
0x00007ffeefd90000 - 0x00007ffeefece000 	C:\Windows\system32\KERNEL32.DLL
0x00007ffeed480000 - 0x00007ffeed595000 	C:\Windows\system32\KERNELBASE.dll
0x00007ffeebc40000 - 0x00007ffeebcce000 	C:\Windows\system32\apphelp.dll
0x00007ffed2f90000 - 0x00007ffed2fe3000 	C:\Windows\AppPatch\AppPatch64\AcGenral.DLL
0x00007ffeef270000 - 0x00007ffeef31a000 	C:\Windows\system32\msvcrt.dll
0x00007ffeed5a0000 - 0x00007ffeed5ce000 	C:\Windows\system32\SspiCli.dll
0x00007ffeef700000 - 0x00007ffeef754000 	C:\Windows\system32\SHLWAPI.dll
0x00007ffeefb90000 - 0x00007ffeefd07000 	C:\Windows\system32\USER32.dll
0x00007ffeed7a0000 - 0x00007ffeed934000 	C:\Windows\system32\ole32.dll
0x00007ffeed940000 - 0x00007ffeeee69000 	C:\Windows\system32\SHELL32.dll
0x00007ffeec6c0000 - 0x00007ffeec6e1000 	C:\Windows\SYSTEM32\USERENV.dll
0x00007ffeef600000 - 0x00007ffeef6aa000 	C:\Windows\system32\ADVAPI32.dll
0x00007ffedcee0000 - 0x00007ffedcefe000 	C:\Windows\SYSTEM32\MPR.dll
0x00007ffeef130000 - 0x00007ffeef270000 	C:\Windows\system32\RPCRT4.dll
0x00007ffeefd20000 - 0x00007ffeefd79000 	C:\Windows\SYSTEM32\sechost.dll
0x00007ffeef3e0000 - 0x00007ffeef5f1000 	C:\Windows\SYSTEM32\combase.dll
0x00007ffeef830000 - 0x00007ffeef97f000 	C:\Windows\system32\GDI32.dll
0x00007ffeed070000 - 0x00007ffeed085000 	C:\Windows\SYSTEM32\profapi.dll
0x00007ffeeb710000 - 0x00007ffeeb7c2000 	C:\Windows\SYSTEM32\SHCORE.dll
0x00007ffeef6c0000 - 0x00007ffeef6f6000 	C:\Windows\system32\IMM32.DLL
0x00007ffeed640000 - 0x00007ffeed792000 	C:\Windows\system32\MSCTF.dll
0x00007ffee8b90000 - 0x00007ffee8e0b000 	C:\Windows\WinSxS\amd64_microsoft.windows.common-controls_6595b64144ccf1df_6.0.9600.18006_none_623f33d3ecbe86e8\COMCTL32.dll
0x0000000075650000 - 0x0000000075722000 	C:\Program Files\Java\jdk1.8.0_45\jre\bin\msvcr100.dll
0x0000000074dc0000 - 0x0000000075643000 	C:\Program Files\Java\jdk1.8.0_45\jre\bin\server\jvm.dll
0x00007ffed00d0000 - 0x00007ffed00d9000 	C:\Windows\SYSTEM32\WSOCK32.dll
0x00007ffee53c0000 - 0x00007ffee53e2000 	C:\Windows\SYSTEM32\WINMM.dll
0x00007ffee5250000 - 0x00007ffee525a000 	C:\Windows\SYSTEM32\VERSION.dll
0x00007ffeef6b0000 - 0x00007ffeef6b7000 	C:\Windows\system32\PSAPI.DLL
0x00007ffeed5d0000 - 0x00007ffeed62a000 	C:\Windows\system32\WS2_32.dll
0x00007ffee5390000 - 0x00007ffee53ba000 	C:\Windows\SYSTEM32\WINMMBASE.dll
0x00007ffeefd10000 - 0x00007ffeefd19000 	C:\Windows\system32\NSI.dll
0x00007ffeed140000 - 0x00007ffeed18f000 	C:\Windows\SYSTEM32\cfgmgr32.dll
0x00007ffeebe90000 - 0x00007ffeebeb8000 	C:\Windows\SYSTEM32\DEVOBJ.dll
0x0000000074db0000 - 0x0000000074dbf000 	C:\Program Files\Java\jdk1.8.0_45\jre\bin\verify.dll
0x0000000074d80000 - 0x0000000074da9000 	C:\Program Files\Java\jdk1.8.0_45\jre\bin\java.dll
0x0000000074d60000 - 0x0000000074d76000 	C:\Program Files\Java\jdk1.8.0_45\jre\bin\zip.dll
0x00007ffec8a50000 - 0x00007ffec8bd9000 	C:\Windows\SYSTEM32\dbghelp.dll

VM Arguments:
jvm_args: -Djava.awt.headless=true -Xmx1024M -Dfile.encoding=windows-1252 -Duser.country=US -Duser.language=en -Duser.variant 
java_command: com.android.dx.command.Main --dex --num-threads=4 --output D:\capstone\CapstoneHomeSeek\app\build\intermediates\pre-dexed\debug\com.android.volley-volley-1.0.0_ca1592fa4bad89622ecedbc2b8b71dbdd38c8360.jar D:\capstone\CapstoneHomeSeek\app\build\intermediates\exploded-aar\com.android.volley\volley\1.0.0\jars\classes.jar
java_class_path (initial): C:\Users\pluckannfeel\AppData\Local\Android\sdk\build-tools\23.0.3\lib\dx.jar
Launcher Type: SUN_STANDARD

Environment Variables:
JAVA_HOME=C:\Program Files (x86)\Java\jdk1.7.0_71
PATH=C:\ProgramData\Oracle\Java\javapath;C:\Windows\system32;C:\Windows;C:\Windows\System32\Wbem;C:\Windows\System32\WindowsPowerShell\v1.0\;C:\Program Files (x86)\Microsoft SQL Server\100\Tools\Binn\;C:\Program Files\Microsoft SQL Server\100\Tools\Binn\;C:\Program Files\Microsoft SQL Server\100\DTS\Binn\;C:\Program Files (x86)\Microsoft SQL Server\100\Tools\Binn\VSShell\Common7\IDE\;C:\Program Files (x86)\Microsoft SQL Server\100\DTS\Binn\;C:\Program Files (x86)\Microsoft SQL Server\90\Tools\binn\;C:\Program Files\nodejs\;C:\Program Files (x86)\GtkSharp\2.12\bin;C:\Program Files (x86)\Skype\Phone\;C:\Users\pluckannfeel\AppData\Roaming\npm
USERNAME=pluckannfeel
OS=Windows_NT
PROCESSOR_IDENTIFIER=Intel64 Family 6 Model 60 Stepping 3, GenuineIntel



---------------  S Y S T E M  ---------------

OS: Windows 8.1 , 64 bit Build 9600 (6.3.9600.17415)

CPU:total 4 (2 cores per cpu, 2 threads per core) family 6 model 60 stepping 3, cmov, cx8, fxsr, mmx, sse, sse2, sse3, ssse3, sse4.1, sse4.2, popcnt, avx, avx2, aes, clmul, erms, lzcnt, ht, tsc, tscinvbit, bmi1, bmi2

Memory: 4k page, physical 8302956k(1124516k free), swap 11448684k(5548k free)

vm_info: Java HotSpot(TM) 64-Bit Server VM (25.45-b02) for windows-amd64 JRE (1.8.0_45-b15), built on Apr 30 2015 12:40:44 by "java_re" with MS VC++ 10.0 (VS2010)

time: Tue Nov 29 13:24:25 2016
elapsed time: 4 seconds (0d 0h 0m 4s)

