#
# There is insufficient memory for the Java Runtime Environment to continue.
# Native memory allocation (malloc) failed to allocate 709696 bytes for Chunk::new
# Possible reasons:
#   The system is out of physical RAM or swap space
#   In 32 bit mode, the process size limit was hit
# Possible solutions:
#   Reduce memory load on the system
#   Increase physical memory or swap space
#   Check if swap backing store is full
#   Use 64 bit Java on a 64 bit OS
#   Decrease Java heap size (-Xmx/-Xms)
#   Decrease number of Java threads
#   Decrease Java thread stack sizes (-Xss)
#   Set larger code cache with -XX:ReservedCodeCacheSize=
# This output file may be truncated or incomplete.
#
#  Out of Memory Error (allocation.cpp:390), pid=6824, tid=5520
#
# JRE version: Java(TM) SE Runtime Environment (8.0_45-b15) (build 1.8.0_45-b15)
# Java VM: Java HotSpot(TM) 64-Bit Server VM (25.45-b02 mixed mode windows-amd64 compressed oops)
# Failed to write core dump. Minidumps are not enabled by default on client versions of Windows
#

---------------  T H R E A D  ---------------

Current thread (0x0000000014c7c000):  JavaThread "C2 CompilerThread0" daemon [_thread_in_native, id=5520, stack(0x00000000161e0000,0x00000000162e0000)]

Stack: [0x00000000161e0000,0x00000000162e0000]
Native frames: (J=compiled Java code, j=interpreted, Vv=VM code, C=native code)
V  [jvm.dll+0x32b57a]
V  [jvm.dll+0x279873]
V  [jvm.dll+0x27a509]
V  [jvm.dll+0x271825]
V  [jvm.dll+0xcb9e2]
V  [jvm.dll+0xcbeac]
V  [jvm.dll+0x476ef2]
V  [jvm.dll+0x4b955f]
V  [jvm.dll+0x46bf81]
V  [jvm.dll+0x46ccbe]
V  [jvm.dll+0x4500f2]
V  [jvm.dll+0xa4352]
V  [jvm.dll+0xa4c8f]
V  [jvm.dll+0x241984]
V  [jvm.dll+0x29853a]
C  [msvcr100.dll+0x21d9f]
C  [msvcr100.dll+0x21e3b]
C  [KERNEL32.DLL+0x13d2]
C  [ntdll.dll+0x154e4]


Current CompileTask:
C2:   6237 1476       4       com.android.dx.ssa.LocalVariableExtractor::processBlock (383 bytes)


---------------  P R O C E S S  ---------------

Java Threads: ( => current thread )
  0x0000000016741000 JavaThread "pool-1-thread-4" [_thread_in_Java, id=7008, stack(0x0000000016ee0000,0x0000000016fe0000)]
  0x0000000016731000 JavaThread "pool-1-thread-3" [_thread_in_Java, id=2772, stack(0x0000000016de0000,0x0000000016ee0000)]
  0x000000001672f800 JavaThread "pool-1-thread-2" [_thread_in_vm, id=5712, stack(0x0000000016ce0000,0x0000000016de0000)]
  0x00000000167fa000 JavaThread "pool-2-thread-1" [_thread_blocked, id=6452, stack(0x0000000016be0000,0x0000000016ce0000)]
  0x00000000167f9800 JavaThread "pool-1-thread-1" [_thread_in_Java, id=7456, stack(0x0000000016ae0000,0x0000000016be0000)]
  0x00000000164e5800 JavaThread "Service Thread" daemon [_thread_blocked, id=5328, stack(0x00000000168e0000,0x00000000169e0000)]
  0x0000000014cdc000 JavaThread "C1 CompilerThread2" daemon [_thread_blocked, id=7356, stack(0x00000000163e0000,0x00000000164e0000)]
  0x0000000014cd6000 JavaThread "C2 CompilerThread1" daemon [_thread_in_native, id=7268, stack(0x00000000162e0000,0x00000000163e0000)]
=>0x0000000014c7c000 JavaThread "C2 CompilerThread0" daemon [_thread_in_native, id=5520, stack(0x00000000161e0000,0x00000000162e0000)]
  0x0000000014c7a000 JavaThread "Attach Listener" daemon [_thread_blocked, id=8236, stack(0x00000000160e0000,0x00000000161e0000)]
  0x0000000014c79000 JavaThread "Signal Dispatcher" daemon [_thread_blocked, id=3640, stack(0x0000000015fe0000,0x00000000160e0000)]
  0x00000000025a6800 JavaThread "Finalizer" daemon [_thread_blocked, id=9096, stack(0x0000000015ee0000,0x0000000015fe0000)]
  0x000000000259e000 JavaThread "Reference Handler" daemon [_thread_blocked, id=3192, stack(0x0000000015de0000,0x0000000015ee0000)]
  0x00000000024b1000 JavaThread "main" [_thread_in_Java, id=6668, stack(0x0000000002370000,0x0000000002470000)]

Other Threads:
  0x0000000014c47000 VMThread [stack: 0x0000000015ce0000,0x0000000015de0000] [id=7408]
  0x00000000164e6800 WatcherThread [stack: 0x00000000169e0000,0x0000000016ae0000] [id=7676]

VM state:synchronizing (normal execution)

VM Mutex/Monitor currently owned by a thread:  ([mutex/lock_event])
[0x000000000236c760] Safepoint_lock - owner thread: 0x0000000014c47000
[0x000000000236c660] Threads_lock - owner thread: 0x0000000014c47000

Heap:
 PSYoungGen      total 38400K, used 14863K [0x00000000eab00000, 0x00000000ed580000, 0x0000000100000000)
  eden space 33280K, 29% used [0x00000000eab00000,0x00000000eb485798,0x00000000ecb80000)
  from space 5120K, 99% used [0x00000000ecb80000,0x00000000ed07e6f8,0x00000000ed080000)
  to   space 5120K, 0% used [0x00000000ed080000,0x00000000ed080000,0x00000000ed580000)
 ParOldGen       total 87552K, used 631K [0x00000000c0000000, 0x00000000c5580000, 0x00000000eab00000)
  object space 87552K, 0% used [0x00000000c0000000,0x00000000c009def8,0x00000000c5580000)
 Metaspace       used 6044K, capacity 6960K, committed 7040K, reserved 1056768K
  class space    used 589K, capacity 616K, committed 640K, reserved 1048576K

Card table byte_map: [0x0000000011970000,0x0000000011b80000] byte_map_base: 0x0000000011370000

Marking Bits: (ParMarkBitMap*) 0x00000000755c4040
 Begin Bits: [0x00000000120e0000, 0x00000000130e0000)
 End Bits:   [0x00000000130e0000, 0x00000000140e0000)

Polling page: 0x00000000022f0000

CodeCache: size=245760Kb used=6192Kb max_used=6220Kb free=239567Kb
 bounds [0x00000000025b0000, 0x0000000002bd0000, 0x00000000115b0000]
 total_blobs=1744 nmethods=1475 adapters=182
 compilation: enabled

Compilation events (10 events):
Event: 6.006 Thread 0x0000000014cdc000 nmethod 1471 0x0000000002b98dd0 code [0x0000000002b98f60, 0x0000000002b99318]
Event: 6.006 Thread 0x0000000014cdc000 1472       3       com.android.dx.rop.annotation.Annotation::put (32 bytes)
Event: 6.006 Thread 0x0000000014cdc000 nmethod 1472 0x0000000002b984d0 code [0x0000000002b98680, 0x0000000002b98ba8]
Event: 6.007 Thread 0x0000000014cdc000 1473       3       com.android.dx.cf.direct.DirectClassFile::getThisClass (9 bytes)
Event: 6.007 Thread 0x0000000014cdc000 nmethod 1473 0x0000000002b98050 code [0x0000000002b981c0, 0x0000000002b98408]
Event: 6.008 Thread 0x0000000014cd6000 1474       4       com.android.dx.rop.code.Rops::ropFor (771 bytes)
Event: 6.157 Thread 0x0000000014c7c000 nmethod 1463 0x0000000002bbd290 code [0x0000000002bbd800, 0x0000000002bc2640]
Event: 6.160 Thread 0x0000000014cdc000 1475       3       com.android.dx.ssa.Dominators::<init> (55 bytes)
Event: 6.160 Thread 0x0000000014cdc000 nmethod 1475 0x0000000002bbc950 code [0x0000000002bbcae0, 0x0000000002bbd030]
Event: 6.162 Thread 0x0000000014c7c000 1476       4       com.android.dx.ssa.LocalVariableExtractor::processBlock (383 bytes)

GC Heap History (2 events):
Event: 4.619 GC heap before
{Heap before GC invocations=1 (full 0):
 PSYoungGen      total 38400K, used 33280K [0x00000000eab00000, 0x00000000ed580000, 0x0000000100000000)
  eden space 33280K, 100% used [0x00000000eab00000,0x00000000ecb80000,0x00000000ecb80000)
  from space 5120K, 0% used [0x00000000ed080000,0x00000000ed080000,0x00000000ed580000)
  to   space 5120K, 0% used [0x00000000ecb80000,0x00000000ecb80000,0x00000000ed080000)
 ParOldGen       total 87552K, used 0K [0x00000000c0000000, 0x00000000c5580000, 0x00000000eab00000)
  object space 87552K, 0% used [0x00000000c0000000,0x00000000c0000000,0x00000000c5580000)
 Metaspace       used 5952K, capacity 6896K, committed 7040K, reserved 1056768K
  class space    used 587K, capacity 616K, committed 640K, reserved 1048576K
Event: 5.186 GC heap after
Heap after GC invocations=1 (full 0):
 PSYoungGen      total 38400K, used 5113K [0x00000000eab00000, 0x00000000ed580000, 0x0000000100000000)
  eden space 33280K, 0% used [0x00000000eab00000,0x00000000eab00000,0x00000000ecb80000)
  from space 5120K, 99% used [0x00000000ecb80000,0x00000000ed07e6f8,0x00000000ed080000)
  to   space 5120K, 0% used [0x00000000ed080000,0x00000000ed080000,0x00000000ed580000)
 ParOldGen       total 87552K, used 631K [0x00000000c0000000, 0x00000000c5580000, 0x00000000eab00000)
  object space 87552K, 0% used [0x00000000c0000000,0x00000000c009def8,0x00000000c5580000)
 Metaspace       used 5952K, capacity 6896K, committed 7040K, reserved 1056768K
  class space    used 587K, capacity 616K, committed 640K, reserved 1048576K
}

Deoptimization events (10 events):
Event: 2.333 Thread 0x0000000016731000 Uncommon trap: reason=unstable_if action=reinterpret pc=0x0000000002897970 method=java.util.BitSet.ensureCapacity(I)V @ 6
Event: 3.342 Thread 0x00000000024b1000 Uncommon trap: reason=class_check action=maybe_recompile pc=0x00000000028dc124 method=com.android.dx.ssa.NormalSsaInsn.accept(Lcom/android/dx/ssa/SsaInsn$Visitor;)V @ 9
Event: 3.342 Thread 0x00000000024b1000 Uncommon trap: reason=class_check action=maybe_recompile pc=0x00000000028dc124 method=com.android.dx.ssa.NormalSsaInsn.accept(Lcom/android/dx/ssa/SsaInsn$Visitor;)V @ 9
Event: 3.342 Thread 0x00000000024b1000 Uncommon trap: reason=class_check action=maybe_recompile pc=0x00000000028dc124 method=com.android.dx.ssa.NormalSsaInsn.accept(Lcom/android/dx/ssa/SsaInsn$Visitor;)V @ 9
Event: 3.342 Thread 0x00000000024b1000 Uncommon trap: reason=class_check action=maybe_recompile pc=0x00000000028dc124 method=com.android.dx.ssa.NormalSsaInsn.accept(Lcom/android/dx/ssa/SsaInsn$Visitor;)V @ 9
Event: 4.007 Thread 0x0000000016731000 Uncommon trap: reason=unstable_if action=reinterpret pc=0x0000000002a51e9c method=com.android.dx.cf.code.BytecodeArray.parseInstruction(ILcom/android/dx/cf/code/BytecodeArray$Visitor;)I @ 1198
Event: 4.067 Thread 0x0000000016731000 Uncommon trap: reason=unstable_if action=reinterpret pc=0x0000000002abe660 method=com.android.dx.ssa.SCCP.simulateBranch(Lcom/android/dx/ssa/SsaInsn;)V @ 118
Event: 4.067 Thread 0x0000000016731000 Uncommon trap: reason=class_check action=maybe_recompile pc=0x0000000002a99714 method=com.android.dx.ssa.SCCP.simulatePhi(Lcom/android/dx/ssa/PhiInsn;)V @ 124
Event: 4.596 Thread 0x0000000016731000 Uncommon trap: reason=class_check action=maybe_recompile pc=0x0000000002a99714 method=com.android.dx.ssa.SCCP.simulatePhi(Lcom/android/dx/ssa/PhiInsn;)V @ 124
Event: 5.463 Thread 0x0000000016741000 Uncommon trap: reason=unstable_if action=reinterpret pc=0x000000000294ee40 method=com.android.dx.rop.code.RegisterSpecSet.put(Lcom/android/dx/rop/code/RegisterSpec;)V @ 77

Internal exceptions (2 events):
Event: 0.131 Thread 0x00000000024b1000 Exception <a 'java/lang/NoSuchMethodError': Method sun.misc.Unsafe.defineClass(Ljava/lang/String;[BII)Ljava/lang/Class; name or signature does not match> (0x00000000eab0d4b8) thrown at [C:\re\workspace\8-2-build-windows-amd64-cygwin\jdk8u45\3627\hotspot\srCm~"XÑÀ?
Event: 0.131 Thread 0x00000000024b1000 Exception <a 'java/lang/NoSuchMethodError': Method sun.misc.Unsafe.prefetchRead(Ljava/lang/Object;J)V name or signature does not match> (0x00000000eab0d748) thrown at [C:\re\workspace\8-2-build-windows-amd64-cygwin\jdk8u45\3627\hotspot\src\share\vm\prims\j

Events (10 events):
Event: 5.235 loading class com/android/dx/cf/attrib/AttRuntimeVisibleAnnotations done
Event: 5.314 loading class com/android/dx/cf/attrib/AttLocalVariableTypeTable
Event: 5.314 loading class com/android/dx/cf/attrib/AttLocalVariableTypeTable done
Event: 5.463 Thread 0x0000000016741000 Uncommon trap: trap_request=0xffffff65 fr.pc=0x000000000294ee40
Event: 5.463 Thread 0x0000000016741000 DEOPT PACKING pc=0x000000000294ee40 sp=0x0000000016fde860
Event: 5.463 Thread 0x0000000016741000 DEOPT UNPACKING pc=0x00000000025f582a sp=0x0000000016fde780 mode 2
Event: 5.474 loading class com/android/dx/cf/attrib/AttConstantValue
Event: 5.474 loading class com/android/dx/cf/attrib/AttConstantValue done
Event: 5.491 Thread 0x00000000024b1000 DEOPT PACKING pc=0x000000000297e341 sp=0x000000000246e420
Event: 5.491 Thread 0x00000000024b1000 DEOPT UNPACKING pc=0x00000000025f787f sp=0x000000000246e1e8 mode 0


Dynamic libraries:
0x00007ff6cea30000 - 0x00007ff6cea67000 	C:\Program Files\Java\jdk1.8.0_45\bin\java.exe
0x00007ffeeff40000 - 0x00007ffef00ed000 	C:\Windows\SYSTEM32\ntdll.dll
0x00007ffeefd90000 - 0x00007ffeefece000 	C:\Windows\system32\KERNEL32.DLL
0x00007ffeed480000 - 0x00007ffeed595000 	C:\Windows\system32\KERNELBASE.dll
0x00007ffeebc40000 - 0x00007ffeebcce000 	C:\Windows\system32\apphelp.dll
0x00007ffed2f90000 - 0x00007ffed2fe3000 	C:\Windows\AppPatch\AppPatch64\AcGenral.DLL
0x00007ffeef270000 - 0x00007ffeef31a000 	C:\Windows\system32\msvcrt.dll
0x00007ffeed5a0000 - 0x00007ffeed5ce000 	C:\Windows\system32\SspiCli.dll
0x00007ffeef700000 - 0x00007ffeef754000 	C:\Windows\system32\SHLWAPI.dll
0x00007ffeefb90000 - 0x00007ffeefd07000 	C:\Windows\system32\USER32.dll
0x00007ffeed7a0000 - 0x00007ffeed934000 	C:\Windows\system32\ole32.dll
0x00007ffeed940000 - 0x00007ffeeee69000 	C:\Windows\system32\SHELL32.dll
0x00007ffeec6c0000 - 0x00007ffeec6e1000 	C:\Windows\SYSTEM32\USERENV.dll
0x00007ffeef600000 - 0x00007ffeef6aa000 	C:\Windows\system32\ADVAPI32.dll
0x00007ffedcee0000 - 0x00007ffedcefe000 	C:\Windows\SYSTEM32\MPR.dll
0x00007ffeef130000 - 0x00007ffeef270000 	C:\Windows\system32\RPCRT4.dll
0x00007ffeefd20000 - 0x00007ffeefd79000 	C:\Windows\SYSTEM32\sechost.dll
0x00007ffeef3e0000 - 0x00007ffeef5f1000 	C:\Windows\SYSTEM32\combase.dll
0x00007ffeef830000 - 0x00007ffeef97f000 	C:\Windows\system32\GDI32.dll
0x00007ffeed070000 - 0x00007ffeed085000 	C:\Windows\SYSTEM32\profapi.dll
0x00007ffeeb710000 - 0x00007ffeeb7c2000 	C:\Windows\SYSTEM32\SHCORE.dll
0x00007ffeef6c0000 - 0x00007ffeef6f6000 	C:\Windows\system32\IMM32.DLL
0x00007ffeed640000 - 0x00007ffeed792000 	C:\Windows\system32\MSCTF.dll
0x00007ffee8b90000 - 0x00007ffee8e0b000 	C:\Windows\WinSxS\amd64_microsoft.windows.common-controls_6595b64144ccf1df_6.0.9600.18006_none_623f33d3ecbe86e8\COMCTL32.dll
0x0000000075650000 - 0x0000000075722000 	C:\Program Files\Java\jdk1.8.0_45\jre\bin\msvcr100.dll
0x0000000074dc0000 - 0x0000000075643000 	C:\Program Files\Java\jdk1.8.0_45\jre\bin\server\jvm.dll
0x00007ffed00d0000 - 0x00007ffed00d9000 	C:\Windows\SYSTEM32\WSOCK32.dll
0x00007ffee53c0000 - 0x00007ffee53e2000 	C:\Windows\SYSTEM32\WINMM.dll
0x00007ffee5250000 - 0x00007ffee525a000 	C:\Windows\SYSTEM32\VERSION.dll
0x00007ffeef6b0000 - 0x00007ffeef6b7000 	C:\Windows\system32\PSAPI.DLL
0x00007ffeed5d0000 - 0x00007ffeed62a000 	C:\Windows\system32\WS2_32.dll
0x00007ffee5390000 - 0x00007ffee53ba000 	C:\Windows\SYSTEM32\WINMMBASE.dll
0x00007ffeefd10000 - 0x00007ffeefd19000 	C:\Windows\system32\NSI.dll
0x00007ffeed140000 - 0x00007ffeed18f000 	C:\Windows\SYSTEM32\cfgmgr32.dll
0x00007ffeebe90000 - 0x00007ffeebeb8000 	C:\Windows\SYSTEM32\DEVOBJ.dll
0x0000000074db0000 - 0x0000000074dbf000 	C:\Program Files\Java\jdk1.8.0_45\jre\bin\verify.dll
0x0000000074d80000 - 0x0000000074da9000 	C:\Program Files\Java\jdk1.8.0_45\jre\bin\java.dll
0x0000000074d60000 - 0x0000000074d76000 	C:\Program Files\Java\jdk1.8.0_45\jre\bin\zip.dll
0x00007ffec8a50000 - 0x00007ffec8bd9000 	C:\Windows\SYSTEM32\dbghelp.dll

VM Arguments:
jvm_args: -Djava.awt.headless=true -Xmx1024M -Dfile.encoding=windows-1252 -Duser.country=US -Duser.language=en -Duser.variant 
java_command: com.android.dx.command.Main --dex --num-threads=4 --output D:\capstone\CapstoneHomeSeek\app\build\intermediates\pre-dexed\debug\com.google.android.gms-play-services-wallet-8.4.0_64ea9fb8541fe81225da29218082f05a4ebb210b.jar D:\capstone\CapstoneHomeSeek\app\build\intermediates\exploded-aar\com.google.android.gms\play-services-wallet\8.4.0\jars\classes.jar
java_class_path (initial): C:\Users\pluckannfeel\AppData\Local\Android\sdk\build-tools\23.0.3\lib\dx.jar
Launcher Type: SUN_STANDARD

Environment Variables:
JAVA_HOME=C:\Program Files (x86)\Java\jdk1.7.0_71
PATH=C:\ProgramData\Oracle\Java\javapath;C:\Windows\system32;C:\Windows;C:\Windows\System32\Wbem;C:\Windows\System32\WindowsPowerShell\v1.0\;C:\Program Files (x86)\Microsoft SQL Server\100\Tools\Binn\;C:\Program Files\Microsoft SQL Server\100\Tools\Binn\;C:\Program Files\Microsoft SQL Server\100\DTS\Binn\;C:\Program Files (x86)\Microsoft SQL Server\100\Tools\Binn\VSShell\Common7\IDE\;C:\Program Files (x86)\Microsoft SQL Server\100\DTS\Binn\;C:\Program Files (x86)\Microsoft SQL Server\90\Tools\binn\;C:\Program Files\nodejs\;C:\Program Files (x86)\GtkSharp\2.12\bin;C:\Program Files (x86)\Skype\Phone\;C:\Users\pluckannfeel\AppData\Roaming\npm
USERNAME=pluckannfeel
OS=Windows_NT
PROCESSOR_IDENTIFIER=Intel64 Family 6 Model 60 Stepping 3, GenuineIntel



---------------  S Y S T E M  ---------------

OS: Windows 8.1 , 64 bit Build 9600 (6.3.9600.17415)

CPU:total 4 (2 cores per cpu, 2 threads per core) family 6 model 60 stepping 3, cmov, cx8, fxsr, mmx, sse, sse2, sse3, ssse3, sse4.1, sse4.2, popcnt, avx, avx2, aes, clmul, erms, lzcnt, ht, tsc, tscinvbit, bmi1, bmi2

Memory: 4k page, physical 8302956k(1044148k free), swap 11448684k(5348k free)

vm_info: Java HotSpot(TM) 64-Bit Server VM (25.45-b02) for windows-amd64 JRE (1.8.0_45-b15), built on Apr 30 2015 12:40:44 by "java_re" with MS VC++ 10.0 (VS2010)

time: Tue Nov 29 13:26:20 2016
elapsed time: 6 seconds (0d 0h 0m 6s)

