#
# There is insufficient memory for the Java Runtime Environment to continue.
# Native memory allocation (malloc) failed to allocate 1478656 bytes for Chunk::new
# Possible reasons:
#   The system is out of physical RAM or swap space
#   In 32 bit mode, the process size limit was hit
# Possible solutions:
#   Reduce memory load on the system
#   Increase physical memory or swap space
#   Check if swap backing store is full
#   Use 64 bit Java on a 64 bit OS
#   Decrease Java heap size (-Xmx/-Xms)
#   Decrease number of Java threads
#   Decrease Java thread stack sizes (-Xss)
#   Set larger code cache with -XX:ReservedCodeCacheSize=
# This output file may be truncated or incomplete.
#
#  Out of Memory Error (allocation.cpp:390), pid=6300, tid=8720
#
# JRE version: Java(TM) SE Runtime Environment (8.0_45-b15) (build 1.8.0_45-b15)
# Java VM: Java HotSpot(TM) 64-Bit Server VM (25.45-b02 mixed mode windows-amd64 compressed oops)
# Failed to write core dump. Minidumps are not enabled by default on client versions of Windows
#

---------------  T H R E A D  ---------------

Current thread (0x0000000014d7c800):  JavaThread "C2 CompilerThread0" daemon [_thread_in_native, id=8720, stack(0x00000000162e0000,0x00000000163e0000)]

Stack: [0x00000000162e0000,0x00000000163e0000]
Native frames: (J=compiled Java code, j=interpreted, Vv=VM code, C=native code)
V  [jvm.dll+0x32b57a]


Current CompileTask:
C2:  36480 2429   !   4       com.android.dx.cf.code.Ropper::processBlock (1101 bytes)


---------------  P R O C E S S  ---------------

Java Threads: ( => current thread )
  0x0000000016866800 JavaThread "pool-1-thread-4" [_thread_blocked, id=8228, stack(0x00000000187b0000,0x00000000188b0000)]
  0x0000000016865800 JavaThread "pool-1-thread-3" [_thread_blocked, id=4764, stack(0x00000000186b0000,0x00000000187b0000)]
  0x00000000169d8800 JavaThread "pool-1-thread-2" [_thread_blocked, id=8284, stack(0x00000000185b0000,0x00000000186b0000)]
  0x00000000169d7000 JavaThread "pool-2-thread-1" [_thread_blocked, id=4968, stack(0x00000000184b0000,0x00000000185b0000)]
  0x0000000016f29000 JavaThread "pool-1-thread-1" [_thread_blocked, id=8248, stack(0x00000000183b0000,0x00000000184b0000)]
  0x00000000165e5800 JavaThread "Service Thread" daemon [_thread_blocked, id=7824, stack(0x00000000169e0000,0x0000000016ae0000)]
  0x0000000014dd9000 JavaThread "C1 CompilerThread2" daemon [_thread_blocked, id=5676, stack(0x00000000164e0000,0x00000000165e0000)]
  0x0000000014dd6000 JavaThread "C2 CompilerThread1" daemon [_thread_blocked, id=8264, stack(0x00000000163e0000,0x00000000164e0000)]
=>0x0000000014d7c800 JavaThread "C2 CompilerThread0" daemon [_thread_in_native, id=8720, stack(0x00000000162e0000,0x00000000163e0000)]
  0x0000000014d7b000 JavaThread "Attach Listener" daemon [_thread_blocked, id=7412, stack(0x00000000161e0000,0x00000000162e0000)]
  0x0000000014d79800 JavaThread "Signal Dispatcher" daemon [_thread_blocked, id=8532, stack(0x00000000160e0000,0x00000000161e0000)]
  0x00000000026a6800 JavaThread "Finalizer" daemon [_thread_blocked, id=6808, stack(0x0000000015fe0000,0x00000000160e0000)]
  0x000000000269e000 JavaThread "Reference Handler" daemon [_thread_blocked, id=8976, stack(0x0000000015ee0000,0x0000000015fe0000)]
  0x00000000025b1000 JavaThread "main" [_thread_blocked, id=8560, stack(0x0000000002430000,0x0000000002530000)]

Other Threads:
  0x0000000014d47000 VMThread [stack: 0x0000000015de0000,0x0000000015ee0000] [id=7484]
  0x00000000165e6800 WatcherThread [stack: 0x0000000016ae0000,0x0000000016be0000] [id=6776]

VM state:at safepoint (normal execution)

VM Mutex/Monitor currently owned by a thread:  ([mutex/lock_event])
[0x000000000256ce30] Threads_lock - owner thread: 0x0000000014d47000
[0x000000000256c8b0] Heap_lock - owner thread: 0x0000000016865800

Heap:
 PSYoungGen      total 232960K, used 222243K [0x00000000eab00000, 0x0000000100000000, 0x0000000100000000)
  eden space 116736K, 100% used [0x00000000eab00000,0x00000000f1d00000,0x00000000f1d00000)
  from space 116224K, 90% used [0x00000000f8e80000,0x00000000ff588e70,0x0000000100000000)
  to   space 116224K, 53% used [0x00000000f1d00000,0x00000000f5a3f120,0x00000000f8e80000)
 ParOldGen       total 346624K, used 346618K [0x00000000c0000000, 0x00000000d5280000, 0x00000000eab00000)
  object space 346624K, 99% used [0x00000000c0000000,0x00000000d527e808,0x00000000d5280000)
 Metaspace       used 6464K, capacity 7256K, committed 7424K, reserved 1056768K
  class space    used 615K, capacity 656K, committed 768K, reserved 1048576K

Card table byte_map: [0x0000000011a70000,0x0000000011c80000] byte_map_base: 0x0000000011470000

Marking Bits: (ParMarkBitMap*) 0x000000005abc4040
 Begin Bits: [0x00000000121e0000, 0x00000000131e0000)
 End Bits:   [0x00000000131e0000, 0x00000000141e0000)

Polling page: 0x0000000000ae0000

CodeCache: size=245760Kb used=8852Kb max_used=10783Kb free=236907Kb
 bounds [0x00000000026b0000, 0x0000000003150000, 0x00000000116b0000]
 total_blobs=2179 nmethods=1909 adapters=182
 compilation: enabled

Compilation events (10 events):
Event: 29.375 Thread 0x0000000014dd6000 nmethod 2427 0x0000000002831690 code [0x0000000002831840, 0x0000000002831fb8]
Event: 29.375 Thread 0x0000000014dd6000 2428       4       com.android.dx.rop.code.BasicBlock::getLastInsn (8 bytes)
Event: 29.377 Thread 0x0000000014dd6000 nmethod 2428 0x000000000306ac90 code [0x000000000306ade0, 0x000000000306aed8]
Event: 29.377 Thread 0x0000000014dd6000 2426       4       com.android.dx.rop.code.BasicBlock::getFirstInsn (9 bytes)
Event: 29.378 Thread 0x0000000014dd6000 nmethod 2426 0x000000000284d810 code [0x000000000284d960, 0x000000000284da58]
Event: 29.378 Thread 0x0000000014dd6000 2420       4       com.android.dx.cf.code.Simulator$SimVisitor::visitNoArgs (2108 bytes)
Event: 29.492 Thread 0x0000000014d7c800 nmethod 2425 0x00000000030ed590 code [0x00000000030ed820, 0x00000000030f01b8]
Event: 29.686 Thread 0x0000000014dd6000 nmethod 2420 0x00000000030fbd10 code [0x00000000030fcf20, 0x0000000003103c40]
Event: 29.956 Thread 0x0000000014d7c800 2429   !   4       com.android.dx.cf.code.Ropper::processBlock (1101 bytes)
Event: 29.960 Thread 0x0000000014dd6000 2430   !   4       com.android.dx.cf.code.RopperMachine::run (1550 bytes)

GC Heap History (10 events):
Event: 10.454 GC heap before
{Heap before GC invocations=6 (full 1):
 PSYoungGen      total 138240K, used 5095K [0x00000000eab00000, 0x00000000ffa00000, 0x0000000100000000)
  eden space 133120K, 0% used [0x00000000eab00000,0x00000000eab00000,0x00000000f2d00000)
  from space 5120K, 99% used [0x00000000f2d00000,0x00000000f31f9cf0,0x00000000f3200000)
  to   space 38400K, 0% used [0x00000000fd480000,0x00000000fd480000,0x00000000ffa00000)
 ParOldGen       total 87552K, used 56646K [0x00000000c0000000, 0x00000000c5580000, 0x00000000eab00000)
  object space 87552K, 64% used [0x00000000c0000000,0x00000000c37519e8,0x00000000c5580000)
 Metaspace       used 6430K, capacity 7256K, committed 7424K, reserved 1056768K
  class space    used 613K, capacity 656K, committed 768K, reserved 1048576K
Event: 19.341 GC heap after
Heap after GC invocations=6 (full 1):
 PSYoungGen      total 138240K, used 0K [0x00000000eab00000, 0x00000000ffa00000, 0x0000000100000000)
  eden space 133120K, 0% used [0x00000000eab00000,0x00000000eab00000,0x00000000f2d00000)
  from space 5120K, 0% used [0x00000000f2d00000,0x00000000f2d00000,0x00000000f3200000)
  to   space 38400K, 0% used [0x00000000fd480000,0x00000000fd480000,0x00000000ffa00000)
 ParOldGen       total 153088K, used 60199K [0x00000000c0000000, 0x00000000c9580000, 0x00000000eab00000)
  object space 153088K, 39% used [0x00000000c0000000,0x00000000c3ac9e88,0x00000000c9580000)
 Metaspace       used 6430K, capacity 7256K, committed 7424K, reserved 1056768K
  class space    used 613K, capacity 656K, committed 768K, reserved 1048576K
}
Event: 20.609 GC heap before
{Heap before GC invocations=7 (full 1):
 PSYoungGen      total 138240K, used 133120K [0x00000000eab00000, 0x00000000ffa00000, 0x0000000100000000)
  eden space 133120K, 100% used [0x00000000eab00000,0x00000000f2d00000,0x00000000f2d00000)
  from space 5120K, 0% used [0x00000000f2d00000,0x00000000f2d00000,0x00000000f3200000)
  to   space 38400K, 0% used [0x00000000fd480000,0x00000000fd480000,0x00000000ffa00000)
 ParOldGen       total 153088K, used 60199K [0x00000000c0000000, 0x00000000c9580000, 0x00000000eab00000)
  object space 153088K, 39% used [0x00000000c0000000,0x00000000c3ac9e88,0x00000000c9580000)
 Metaspace       used 6442K, capacity 7256K, committed 7424K, reserved 1056768K
  class space    used 613K, capacity 656K, committed 768K, reserved 1048576K
Event: 21.161 GC heap after
Heap after GC invocations=7 (full 1):
 PSYoungGen      total 194048K, used 38398K [0x00000000eab00000, 0x00000000ffa00000, 0x0000000100000000)
  eden space 155648K, 0% used [0x00000000eab00000,0x00000000eab00000,0x00000000f4300000)
  from space 38400K, 99% used [0x00000000fd480000,0x00000000ff9ffbf0,0x00000000ffa00000)
  to   space 67584K, 0% used [0x00000000f7600000,0x00000000f7600000,0x00000000fb800000)
 ParOldGen       total 153088K, used 95574K [0x00000000c0000000, 0x00000000c9580000, 0x00000000eab00000)
  object space 153088K, 62% used [0x00000000c0000000,0x00000000c5d55be8,0x00000000c9580000)
 Metaspace       used 6442K, capacity 7256K, committed 7424K, reserved 1056768K
  class space    used 613K, capacity 656K, committed 768K, reserved 1048576K
}
Event: 21.836 GC heap before
{Heap before GC invocations=8 (full 1):
 PSYoungGen      total 194048K, used 194046K [0x00000000eab00000, 0x00000000ffa00000, 0x0000000100000000)
  eden space 155648K, 100% used [0x00000000eab00000,0x00000000f4300000,0x00000000f4300000)
  from space 38400K, 99% used [0x00000000fd480000,0x00000000ff9ffbf0,0x00000000ffa00000)
  to   space 67584K, 0% used [0x00000000f7600000,0x00000000f7600000,0x00000000fb800000)
 ParOldGen       total 153088K, used 95574K [0x00000000c0000000, 0x00000000c9580000, 0x00000000eab00000)
  object space 153088K, 62% used [0x00000000c0000000,0x00000000c5d55be8,0x00000000c9580000)
 Metaspace       used 6450K, capacity 7256K, committed 7424K, reserved 1056768K
  class space    used 615K, capacity 656K, committed 768K, reserved 1048576K
Event: 23.134 GC heap after
Heap after GC invocations=8 (full 1):
 PSYoungGen      total 275456K, used 67566K [0x00000000eab00000, 0x0000000100000000, 0x0000000100000000)
  eden space 207872K, 0% used [0x00000000eab00000,0x00000000eab00000,0x00000000f7600000)
  from space 67584K, 99% used [0x00000000f7600000,0x00000000fb7fb960,0x00000000fb800000)
  to   space 73728K, 0% used [0x00000000fb800000,0x00000000fb800000,0x0000000100000000)
 ParOldGen       total 153088K, used 147956K [0x00000000c0000000, 0x00000000c9580000, 0x00000000eab00000)
  object space 153088K, 96% used [0x00000000c0000000,0x00000000c907d278,0x00000000c9580000)
 Metaspace       used 6450K, capacity 7256K, committed 7424K, reserved 1056768K
  class space    used 615K, capacity 656K, committed 768K, reserved 1048576K
}
Event: 23.134 GC heap before
{Heap before GC invocations=9 (full 2):
 PSYoungGen      total 275456K, used 67566K [0x00000000eab00000, 0x0000000100000000, 0x0000000100000000)
  eden space 207872K, 0% used [0x00000000eab00000,0x00000000eab00000,0x00000000f7600000)
  from space 67584K, 99% used [0x00000000f7600000,0x00000000fb7fb960,0x00000000fb800000)
  to   space 73728K, 0% used [0x00000000fb800000,0x00000000fb800000,0x0000000100000000)
 ParOldGen       total 153088K, used 147956K [0x00000000c0000000, 0x00000000c9580000, 0x00000000eab00000)
  object space 153088K, 96% used [0x00000000c0000000,0x00000000c907d278,0x00000000c9580000)
 Metaspace       used 6450K, capacity 7256K, committed 7424K, reserved 1056768K
  class space    used 615K, capacity 656K, committed 768K, reserved 1048576K
Event: 26.052 GC heap after
Heap after GC invocations=9 (full 2):
 PSYoungGen      total 275456K, used 46776K [0x00000000eab00000, 0x0000000100000000, 0x0000000100000000)
  eden space 207872K, 0% used [0x00000000eab00000,0x00000000eab00000,0x00000000f7600000)
  from space 67584K, 69% used [0x00000000f7600000,0x00000000fa3ae0b0,0x00000000fb800000)
  to   space 73728K, 0% used [0x00000000fb800000,0x00000000fb800000,0x0000000100000000)
 ParOldGen       total 310784K, used 152974K [0x00000000c0000000, 0x00000000d2f80000, 0x00000000eab00000)
  object space 310784K, 49% used [0x00000000c0000000,0x00000000c95638c8,0x00000000d2f80000)
 Metaspace       used 6450K, capacity 7256K, committed 7424K, reserved 1056768K
  class space    used 615K, capacity 656K, committed 768K, reserved 1048576K
}
Event: 30.073 GC heap before
{Heap before GC invocations=10 (full 2):
 PSYoungGen      total 275456K, used 254648K [0x00000000eab00000, 0x0000000100000000, 0x0000000100000000)
  eden space 207872K, 100% used [0x00000000eab00000,0x00000000f7600000,0x00000000f7600000)
  from space 67584K, 69% used [0x00000000f7600000,0x00000000fa3ae0b0,0x00000000fb800000)
  to   space 73728K, 0% used [0x00000000fb800000,0x00000000fb800000,0x0000000100000000)
 ParOldGen       total 310784K, used 152974K [0x00000000c0000000, 0x00000000d2f80000, 0x00000000eab00000)
  object space 310784K, 49% used [0x00000000c0000000,0x00000000c95638c8,0x00000000d2f80000)
 Metaspace       used 6454K, capacity 7256K, committed 7424K, reserved 1056768K
  class space    used 615K, capacity 656K, committed 768K, reserved 1048576K
Event: 30.950 GC heap after
Heap after GC invocations=10 (full 2):
 PSYoungGen      total 190464K, used 73711K [0x00000000eab00000, 0x0000000100000000, 0x0000000100000000)
  eden space 116736K, 0% used [0x00000000eab00000,0x00000000eab00000,0x00000000f1d00000)
  from space 73728K, 99% used [0x00000000fb800000,0x00000000ffffbf10,0x0000000100000000)
  to   space 116224K, 0% used [0x00000000f1d00000,0x00000000f1d00000,0x00000000f8e80000)
 ParOldGen       total 310784K, used 172382K [0x00000000c0000000, 0x00000000d2f80000, 0x00000000eab00000)
  object space 310784K, 55% used [0x00000000c0000000,0x00000000ca857a08,0x00000000d2f80000)
 Metaspace       used 6454K, capacity 7256K, committed 7424K, reserved 1056768K
  class space    used 615K, capacity 656K, committed 768K, reserved 1048576K
}

Deoptimization events (10 events):
Event: 27.737 Thread 0x00000000169d8800 Uncommon trap: reason=class_check action=maybe_recompile pc=0x0000000002e45c44 method=com.android.dx.ssa.back.InterferenceGraph.mergeInterferenceSet(ILcom/android/dx/util/IntSet;)V @ 20
Event: 27.737 Thread 0x00000000169d8800 Uncommon trap: reason=class_check action=maybe_recompile pc=0x0000000002e2d188 method=com.android.dx.util.BitIntSet.merge(Lcom/android/dx/util/IntSet;)V @ 1
Event: 27.738 Thread 0x00000000169d8800 Uncommon trap: reason=class_check action=maybe_recompile pc=0x0000000002e45c44 method=com.android.dx.ssa.back.InterferenceGraph.mergeInterferenceSet(ILcom/android/dx/util/IntSet;)V @ 20
Event: 27.738 Thread 0x00000000169d8800 Uncommon trap: reason=class_check action=maybe_recompile pc=0x0000000002e2d188 method=com.android.dx.util.BitIntSet.merge(Lcom/android/dx/util/IntSet;)V @ 1
Event: 27.738 Thread 0x00000000169d8800 Uncommon trap: reason=class_check action=maybe_recompile pc=0x0000000002e45c44 method=com.android.dx.ssa.back.InterferenceGraph.mergeInterferenceSet(ILcom/android/dx/util/IntSet;)V @ 20
Event: 27.738 Thread 0x00000000169d8800 Uncommon trap: reason=class_check action=maybe_recompile pc=0x0000000002e2d188 method=com.android.dx.util.BitIntSet.merge(Lcom/android/dx/util/IntSet;)V @ 1
Event: 27.749 Thread 0x0000000016f29000 Uncommon trap: reason=class_check action=maybe_recompile pc=0x0000000002e45c44 method=com.android.dx.ssa.back.InterferenceGraph.mergeInterferenceSet(ILcom/android/dx/util/IntSet;)V @ 20
Event: 27.749 Thread 0x0000000016f29000 Uncommon trap: reason=class_check action=maybe_recompile pc=0x0000000002e2d188 method=com.android.dx.util.BitIntSet.merge(Lcom/android/dx/util/IntSet;)V @ 1
Event: 27.819 Thread 0x00000000025b1000 Uncommon trap: reason=unstable_if action=reinterpret pc=0x0000000002fbb994 method=com.android.dx.cf.code.Merger.mergeType(Lcom/android/dx/rop/type/TypeBearer;Lcom/android/dx/rop/type/TypeBearer;)Lcom/android/dx/rop/type/TypeBearer; @ 126
Event: 29.078 Thread 0x00000000025b1000 Uncommon trap: reason=speculate_class_check action=maybe_recompile pc=0x0000000002ead278 method=com.android.dx.rop.cst.TypedConstant.getBasicType()I @ 1

Internal exceptions (6 events):
Event: 0.149 Thread 0x00000000025b1000 Exception <a 'java/lang/NoSuchMethodError': Method sun.misc.Unsafe.defineClass(Ljava/lang/String;[BII)Ljava/lang/Class; name or signature does not match> (0x00000000eab0d3f0) thrown at [C:\re\workspace\8-2-build-windows-amd64-cygwin\jdk8u45\3627\hotspot\srÅ
·√?
Event: 0.149 Thread 0x00000000025b1000 Exception <a 'java/lang/NoSuchMethodError': Method sun.misc.Unsafe.prefetchRead(Ljava/lang/Object;J)V name or signature does not match> (0x00000000eab0d680) thrown at [C:\re\workspace\8-2-build-windows-amd64-cygwin\jdk8u45\3627\hotspot\src\share\vm\prims\j£ãﬂ|V@
Event: 3.501 Thread 0x00000000025b1000 Implicit null exception at 0x000000000297d8e2 to 0x000000000297d9d5
Event: 6.682 Thread 0x0000000016f29000 Exception <a 'java/lang/ArrayIndexOutOfBoundsException': 18> (0x00000000ee946260) thrown at [C:\re\workspace\8-2-build-windows-amd64-cygwin\jdk8u45\3627\hotspot\src\share\vm\interpreter\interpreterRuntime.cpp, line 366]
Event: 6.683 Thread 0x0000000016f29000 Exception <a 'java/lang/ArrayIndexOutOfBoundsException'> (0x00000000ee947d30) thrown at [C:\re\workspace\8-2-build-windows-amd64-cygwin\jdk8u45\3627\hotspot\src\share\vm\runtime\sharedRuntime.cpp, line 605]
Event: 6.684 Thread 0x0000000016f29000 Exception <a 'java/lang/ArrayIndexOutOfBoundsException'> (0x00000000ee948f68) thrown at [C:\re\workspace\8-2-build-windows-amd64-cygwin\jdk8u45\3627\hotspot\src\share\vm\runtime\sharedRuntime.cpp, line 605]

Events (10 events):
Event: 29.318 Thread 0x0000000014dd9000 flushing nmethod 0x0000000002838e50
Event: 29.318 Thread 0x0000000014dd9000 flushing nmethod 0x000000000283e6d0
Event: 29.320 Thread 0x0000000016866800 DEOPT PACKING pc=0x0000000002ba7993 sp=0x00000000188aea30
Event: 29.320 Thread 0x0000000016866800 DEOPT UNPACKING pc=0x00000000026f787f sp=0x00000000188ae7a8 mode 0
Event: 29.323 Thread 0x0000000016866800 DEOPT PACKING pc=0x0000000002b42de8 sp=0x00000000188aea00
Event: 29.323 Thread 0x0000000016866800 DEOPT UNPACKING pc=0x00000000026f787f sp=0x00000000188ae760 mode 0
Event: 29.345 Thread 0x0000000016866800 DEOPT PACKING pc=0x0000000002bdbc13 sp=0x00000000188aea20
Event: 29.345 Thread 0x0000000016866800 DEOPT UNPACKING pc=0x00000000026f787f sp=0x00000000188ae7e8 mode 0
Event: 30.021 Executing VM operation: ParallelGCFailedAllocation
Event: 30.950 Executing VM operation: ParallelGCFailedAllocation done


Dynamic libraries:
0x00007ff7e9420000 - 0x00007ff7e9457000 	C:\Program Files\Java\jdk1.8.0_45\bin\java.exe
0x00007ffe48a00000 - 0x00007ffe48bad000 	C:\Windows\SYSTEM32\ntdll.dll
0x00007ffe47ea0000 - 0x00007ffe47fde000 	C:\Windows\system32\KERNEL32.DLL
0x00007ffe45c80000 - 0x00007ffe45d95000 	C:\Windows\system32\KERNELBASE.dll
0x00007ffe44700000 - 0x00007ffe4478e000 	C:\Windows\system32\apphelp.dll
0x00007ffe28990000 - 0x00007ffe289e3000 	C:\Windows\AppPatch\AppPatch64\AcGenral.DLL
0x00007ffe47fe0000 - 0x00007ffe4808a000 	C:\Windows\system32\msvcrt.dll
0x00007ffe45c50000 - 0x00007ffe45c7e000 	C:\Windows\system32\SspiCli.dll
0x00007ffe48380000 - 0x00007ffe483d4000 	C:\Windows\system32\SHLWAPI.dll
0x00007ffe487d0000 - 0x00007ffe48947000 	C:\Windows\system32\USER32.dll
0x00007ffe484b0000 - 0x00007ffe48644000 	C:\Windows\system32\ole32.dll
0x00007ffe46240000 - 0x00007ffe47769000 	C:\Windows\system32\SHELL32.dll
0x00007ffe45130000 - 0x00007ffe45151000 	C:\Windows\SYSTEM32\USERENV.dll
0x00007ffe48950000 - 0x00007ffe489fa000 	C:\Windows\system32\ADVAPI32.dll
0x00007ffe3bd00000 - 0x00007ffe3bd1e000 	C:\Windows\SYSTEM32\MPR.dll
0x00007ffe46100000 - 0x00007ffe46240000 	C:\Windows\system32\RPCRT4.dll
0x00007ffe47840000 - 0x00007ffe47899000 	C:\Windows\SYSTEM32\sechost.dll
0x00007ffe48160000 - 0x00007ffe48371000 	C:\Windows\SYSTEM32\combase.dll
0x00007ffe47c80000 - 0x00007ffe47dcf000 	C:\Windows\system32\GDI32.dll
0x00007ffe45b30000 - 0x00007ffe45b45000 	C:\Windows\SYSTEM32\profapi.dll
0x00007ffe43eb0000 - 0x00007ffe43f62000 	C:\Windows\SYSTEM32\SHCORE.dll
0x00007ffe47a90000 - 0x00007ffe47ac6000 	C:\Windows\system32\IMM32.DLL
0x00007ffe48670000 - 0x00007ffe487c2000 	C:\Windows\system32\MSCTF.dll
0x00007ffe43590000 - 0x00007ffe4380b000 	C:\Windows\WinSxS\amd64_microsoft.windows.common-controls_6595b64144ccf1df_6.0.9600.18006_none_623f33d3ecbe86e8\COMCTL32.dll
0x000000005ac50000 - 0x000000005ad22000 	C:\Program Files\Java\jdk1.8.0_45\jre\bin\msvcr100.dll
0x000000005a3c0000 - 0x000000005ac43000 	C:\Program Files\Java\jdk1.8.0_45\jre\bin\server\jvm.dll
0x00007ffe3e600000 - 0x00007ffe3e609000 	C:\Windows\SYSTEM32\WSOCK32.dll
0x00007ffe3d470000 - 0x00007ffe3d492000 	C:\Windows\SYSTEM32\WINMM.dll
0x00007ffe3b790000 - 0x00007ffe3b79a000 	C:\Windows\SYSTEM32\VERSION.dll
0x00007ffe48150000 - 0x00007ffe48157000 	C:\Windows\system32\PSAPI.DLL
0x00007ffe47e40000 - 0x00007ffe47e9a000 	C:\Windows\system32\WS2_32.dll
0x00007ffe3d440000 - 0x00007ffe3d46a000 	C:\Windows\SYSTEM32\WINMMBASE.dll
0x00007ffe484a0000 - 0x00007ffe484a9000 	C:\Windows\system32\NSI.dll
0x00007ffe45c00000 - 0x00007ffe45c4f000 	C:\Windows\SYSTEM32\cfgmgr32.dll
0x00007ffe44950000 - 0x00007ffe44978000 	C:\Windows\SYSTEM32\DEVOBJ.dll
0x000000005a3b0000 - 0x000000005a3bf000 	C:\Program Files\Java\jdk1.8.0_45\jre\bin\verify.dll
0x000000005a380000 - 0x000000005a3a9000 	C:\Program Files\Java\jdk1.8.0_45\jre\bin\java.dll
0x000000005a360000 - 0x000000005a376000 	C:\Program Files\Java\jdk1.8.0_45\jre\bin\zip.dll

VM Arguments:
jvm_args: -Djava.awt.headless=true -Xmx1024M -Dfile.encoding=windows-1252 -Duser.country=US -Duser.language=en -Duser.variant 
java_command: com.android.dx.command.Main --dex --force-jumbo --num-threads=4 --output D:\android app development\CapstoneHomeSeek\app\build\intermediates\pre-dexed\debug\com.google.android.gms-play-services-ads-8.4.0_13ad2aded9915a24b6d10f8cfa50def071109451.jar D:\android app development\CapstoneHomeSeek\app\build\intermediates\exploded-aar\com.google.android.gms\play-services-ads\8.4.0\jars\classes.jar
java_class_path (initial): C:\Users\pluckannfeel\AppData\Local\Android\sdk\build-tools\23.0.3\lib\dx.jar
Launcher Type: SUN_STANDARD

Environment Variables:
JAVA_HOME=C:\Program Files (x86)\Java\jdk1.7.0_71
PATH=C:\ProgramData\Oracle\Java\javapath;C:\Windows\system32;C:\Windows;C:\Windows\System32\Wbem;C:\Windows\System32\WindowsPowerShell\v1.0\;C:\Program Files (x86)\Microsoft SQL Server\100\Tools\Binn\;C:\Program Files\Microsoft SQL Server\100\Tools\Binn\;C:\Program Files\Microsoft SQL Server\100\DTS\Binn\;C:\Program Files (x86)\Microsoft SQL Server\100\Tools\Binn\VSShell\Common7\IDE\;C:\Program Files (x86)\Microsoft SQL Server\100\DTS\Binn\;C:\Program Files (x86)\Microsoft SQL Server\90\Tools\binn\;C:\Program Files\nodejs\;C:\Program Files (x86)\GtkSharp\2.12\bin;C:\Program Files (x86)\Skype\Phone\;C:\Users\pluckannfeel\AppData\Roaming\npm
USERNAME=pluckannfeel
OS=Windows_NT
PROCESSOR_IDENTIFIER=Intel64 Family 6 Model 60 Stepping 3, GenuineIntel



---------------  S Y S T E M  ---------------

OS: Windows 8.1 , 64 bit Build 9600 (6.3.9600.17415)

CPU:total 4 (2 cores per cpu, 2 threads per core) family 6 model 60 stepping 3, cmov, cx8, fxsr, mmx, sse, sse2, sse3, ssse3, sse4.1, sse4.2, popcnt, avx, avx2, aes, clmul, erms, lzcnt, ht, tsc, tscinvbit, bmi1, bmi2

Memory: 4k page, physical 8302956k(303588k free), swap 11448684k(11328k free)

vm_info: Java HotSpot(TM) 64-Bit Server VM (25.45-b02) for windows-amd64 JRE (1.8.0_45-b15), built on Apr 30 2015 12:40:44 by "java_re" with MS VC++ 10.0 (VS2010)

time: Thu Nov 17 13:12:39 2016
elapsed time: 38 seconds (0d 0h 0m 38s)

