#
# There is insufficient memory for the Java Runtime Environment to continue.
# Native memory allocation (malloc) failed to allocate 1353776 bytes for Chunk::new
# Possible reasons:
#   The system is out of physical RAM or swap space
#   In 32 bit mode, the process size limit was hit
# Possible solutions:
#   Reduce memory load on the system
#   Increase physical memory or swap space
#   Check if swap backing store is full
#   Use 64 bit Java on a 64 bit OS
#   Decrease Java heap size (-Xmx/-Xms)
#   Decrease number of Java threads
#   Decrease Java thread stack sizes (-Xss)
#   Set larger code cache with -XX:ReservedCodeCacheSize=
# This output file may be truncated or incomplete.
#
#  Out of Memory Error (allocation.cpp:390), pid=2992, tid=812
#
# JRE version: Java(TM) SE Runtime Environment (8.0_45-b15) (build 1.8.0_45-b15)
# Java VM: Java HotSpot(TM) 64-Bit Server VM (25.45-b02 mixed mode windows-amd64 compressed oops)
# Failed to write core dump. Minidumps are not enabled by default on client versions of Windows
#

---------------  T H R E A D  ---------------

Current thread (0x0000000014ad9800):  JavaThread "C2 CompilerThread0" daemon [_thread_in_native, id=812, stack(0x0000000016030000,0x0000000016130000)]

Stack: [0x0000000016030000,0x0000000016130000]
Native frames: (J=compiled Java code, j=interpreted, Vv=VM code, C=native code)
V  [jvm.dll+0x32b57a]
V  [jvm.dll+0x279873]
V  [jvm.dll+0x27a509]
V  [jvm.dll+0x271825]
V  [jvm.dll+0xcb9e2]
V  [jvm.dll+0xcbeac]
V  [jvm.dll+0x476ef2]
V  [jvm.dll+0x4b955f]
V  [jvm.dll+0x46baa8]
V  [jvm.dll+0x46ccbe]
V  [jvm.dll+0x4500f2]
V  [jvm.dll+0xa4352]
V  [jvm.dll+0xa4c8f]
V  [jvm.dll+0x241984]
V  [jvm.dll+0x29853a]
C  [msvcr100.dll+0x21d9f]
C  [msvcr100.dll+0x21e3b]
C  [KERNEL32.DLL+0x13d2]
C  [ntdll.dll+0x154e4]


Current CompileTask:
C2:   2443 1424       4       com.android.dx.rop.code.Rops::ropFor (771 bytes)


---------------  P R O C E S S  ---------------

Java Threads: ( => current thread )
  0x000000001672c800 JavaThread "pool-1-thread-4" [_thread_in_Java, id=4332, stack(0x0000000018500000,0x0000000018600000)]
  0x000000001672a000 JavaThread "pool-1-thread-3" [_thread_blocked, id=4540, stack(0x0000000018400000,0x0000000018500000)]
  0x00000000169f7800 JavaThread "pool-1-thread-2" [_thread_blocked, id=148, stack(0x0000000018300000,0x0000000018400000)]
  0x00000000169f4800 JavaThread "pool-2-thread-1" [_thread_blocked, id=9032, stack(0x0000000018200000,0x0000000018300000)]
  0x0000000016e12000 JavaThread "pool-1-thread-1" [_thread_in_Java, id=8248, stack(0x0000000018100000,0x0000000018200000)]
  0x0000000016336800 JavaThread "Service Thread" daemon [_thread_blocked, id=8860, stack(0x0000000016730000,0x0000000016830000)]
  0x0000000014ad5000 JavaThread "C1 CompilerThread2" daemon [_thread_blocked, id=3096, stack(0x0000000016230000,0x0000000016330000)]
  0x0000000014adc800 JavaThread "C2 CompilerThread1" daemon [_thread_in_native, id=200, stack(0x0000000016130000,0x0000000016230000)]
=>0x0000000014ad9800 JavaThread "C2 CompilerThread0" daemon [_thread_in_native, id=812, stack(0x0000000016030000,0x0000000016130000)]
  0x0000000014ad7800 JavaThread "Attach Listener" daemon [_thread_blocked, id=8276, stack(0x0000000015f30000,0x0000000016030000)]
  0x0000000014ad6000 JavaThread "Signal Dispatcher" daemon [_thread_blocked, id=8460, stack(0x0000000015e30000,0x0000000015f30000)]
  0x0000000002392000 JavaThread "Finalizer" daemon [_thread_blocked, id=3712, stack(0x0000000015d30000,0x0000000015e30000)]
  0x000000000238f000 JavaThread "Reference Handler" daemon [_thread_blocked, id=1264, stack(0x0000000015c30000,0x0000000015d30000)]
  0x00000000022a1000 JavaThread "main" [_thread_in_Java, id=5036, stack(0x0000000002170000,0x0000000002270000)]

Other Threads:
  0x0000000014a97000 VMThread [stack: 0x0000000015b30000,0x0000000015c30000] [id=7836]
  0x0000000016337800 WatcherThread [stack: 0x0000000016830000,0x0000000016930000] [id=4280]

VM state:not at safepoint (normal execution)

VM Mutex/Monitor currently owned by a thread: None

Heap:
 PSYoungGen      total 71680K, used 14785K [0x00000000eab00000, 0x00000000ef600000, 0x0000000100000000)
  eden space 66560K, 14% used [0x00000000eab00000,0x00000000eb471b88,0x00000000eec00000)
  from space 5120K, 99% used [0x00000000ef100000,0x00000000ef5fea98,0x00000000ef600000)
  to   space 5120K, 0% used [0x00000000eec00000,0x00000000eec00000,0x00000000ef100000)
 ParOldGen       total 87552K, used 1925K [0x00000000c0000000, 0x00000000c5580000, 0x00000000eab00000)
  object space 87552K, 2% used [0x00000000c0000000,0x00000000c01e15d8,0x00000000c5580000)
 Metaspace       used 6120K, capacity 7024K, committed 7296K, reserved 1056768K
  class space    used 591K, capacity 616K, committed 640K, reserved 1048576K

Card table byte_map: [0x00000000117c0000,0x00000000119d0000] byte_map_base: 0x00000000111c0000

Marking Bits: (ParMarkBitMap*) 0x00000000755c4040
 Begin Bits: [0x0000000011f30000, 0x0000000012f30000)
 End Bits:   [0x0000000012f30000, 0x0000000013f30000)

Polling page: 0x0000000002270000

CodeCache: size=245760Kb used=5674Kb max_used=5674Kb free=240085Kb
 bounds [0x0000000002400000, 0x0000000002990000, 0x0000000011400000]
 total_blobs=1711 nmethods=1441 adapters=182
 compilation: disabled (not enough contiguous free space left)

Compilation events (10 events):
Event: 2.214 Thread 0x0000000014ad9800 nmethod 1347 0x000000000296ecd0 code [0x000000000296ee40, 0x000000000296f5d8]
Event: 2.214 Thread 0x0000000014ad9800 1346       4       com.android.dx.ssa.SsaRenamer$BlockRenamer::visitNonMoveInsn (14 bytes)
Event: 2.227 Thread 0x0000000014ad9800 nmethod 1346 0x000000000297a410 code [0x000000000297a5a0, 0x000000000297ad48]
Event: 2.227 Thread 0x0000000014ad9800 1418       4       com.android.dx.rop.type.Type::isCategory2 (36 bytes)
Event: 2.227 Thread 0x0000000014ad9800 nmethod 1418 0x00000000027c4890 code [0x00000000027c49c0, 0x00000000027c4a38]
Event: 2.229 Thread 0x0000000014adc800 nmethod 1209 0x000000000297b810 code [0x000000000297bde0, 0x000000000297f918]
Event: 2.232 Thread 0x0000000014ad9800 1422       4       com.android.dx.ssa.SsaMethod::indexListFromLabelList (47 bytes)
Event: 2.235 Thread 0x0000000014adc800 1423       4       com.android.dx.ssa.SsaBasicBlock::newFromRop (183 bytes)
Event: 2.241 Thread 0x0000000014ad9800 nmethod 1422 0x0000000002977610 code [0x0000000002977780, 0x0000000002977f38]
Event: 2.242 Thread 0x0000000014ad9800 1424       4       com.android.dx.rop.code.Rops::ropFor (771 bytes)

GC Heap History (2 events):
Event: 1.373 GC heap before
{Heap before GC invocations=1 (full 0):
 PSYoungGen      total 38400K, used 33280K [0x00000000eab00000, 0x00000000ed580000, 0x0000000100000000)
  eden space 33280K, 100% used [0x00000000eab00000,0x00000000ecb80000,0x00000000ecb80000)
  from space 5120K, 0% used [0x00000000ed080000,0x00000000ed080000,0x00000000ed580000)
  to   space 5120K, 0% used [0x00000000ecb80000,0x00000000ecb80000,0x00000000ed080000)
 ParOldGen       total 87552K, used 0K [0x00000000c0000000, 0x00000000c5580000, 0x00000000eab00000)
  object space 87552K, 0% used [0x00000000c0000000,0x00000000c0000000,0x00000000c5580000)
 Metaspace       used 5693K, capacity 6704K, committed 6784K, reserved 1056768K
  class space    used 583K, capacity 616K, committed 640K, reserved 1048576K
Event: 1.452 GC heap after
Heap after GC invocations=1 (full 0):
 PSYoungGen      total 38400K, used 3760K [0x00000000eab00000, 0x00000000ef600000, 0x0000000100000000)
  eden space 33280K, 0% used [0x00000000eab00000,0x00000000eab00000,0x00000000ecb80000)
  from space 5120K, 73% used [0x00000000ecb80000,0x00000000ecf2c340,0x00000000ed080000)
  to   space 5120K, 0% used [0x00000000ef100000,0x00000000ef100000,0x00000000ef600000)
 ParOldGen       total 87552K, used 8K [0x00000000c0000000, 0x00000000c5580000, 0x00000000eab00000)
  object space 87552K, 0% used [0x00000000c0000000,0x00000000c0002000,0x00000000c5580000)
 Metaspace       used 5693K, capacity 6704K, committed 6784K, reserved 1056768K
  class space    used 583K, capacity 616K, committed 640K, reserved 1048576K
}

Deoptimization events (10 events):
Event: 1.500 Thread 0x0000000016e12000 Uncommon trap: reason=unstable_if action=reinterpret pc=0x000000000264f730 method=java.util.BitSet.nextSetBit(I)I @ 87
Event: 1.667 Thread 0x000000001672c800 Uncommon trap: reason=unstable_if action=reinterpret pc=0x000000000271839c method=com.android.dx.rop.cst.Constant.compareTo(Lcom/android/dx/rop/cst/Constant;)I @ 12
Event: 1.912 Thread 0x0000000016e12000 Uncommon trap: reason=null_check action=make_not_entrant pc=0x0000000002717e64 method=com.android.dx.rop.type.Type.equals(Ljava/lang/Object;)Z @ 8
Event: 1.917 Thread 0x0000000016e12000 Uncommon trap: reason=class_check action=maybe_recompile pc=0x0000000002856588 method=com.android.dx.ssa.NormalSsaInsn.accept(Lcom/android/dx/ssa/SsaInsn$Visitor;)V @ 9
Event: 1.923 Thread 0x000000001672c800 Uncommon trap: reason=class_check action=maybe_recompile pc=0x0000000002856588 method=com.android.dx.ssa.NormalSsaInsn.accept(Lcom/android/dx/ssa/SsaInsn$Visitor;)V @ 9
Event: 1.923 Thread 0x000000001672c800 Uncommon trap: reason=class_check action=maybe_recompile pc=0x000000000266e830 method=com.android.dx.ssa.NormalSsaInsn.accept(Lcom/android/dx/ssa/SsaInsn$Visitor;)V @ 9
Event: 1.923 Thread 0x000000001672c800 Uncommon trap: reason=class_check action=maybe_recompile pc=0x000000000266e830 method=com.android.dx.ssa.NormalSsaInsn.accept(Lcom/android/dx/ssa/SsaInsn$Visitor;)V @ 9
Event: 1.927 Thread 0x000000001672c800 Uncommon trap: reason=class_check action=maybe_recompile pc=0x0000000002856588 method=com.android.dx.ssa.NormalSsaInsn.accept(Lcom/android/dx/ssa/SsaInsn$Visitor;)V @ 9
Event: 1.934 Thread 0x000000001672c800 Uncommon trap: reason=class_check action=maybe_recompile pc=0x00000000026bec54 method=com.android.dx.ssa.NormalSsaInsn.accept(Lcom/android/dx/ssa/SsaInsn$Visitor;)V @ 9
Event: 2.149 Thread 0x00000000169f7800 Uncommon trap: reason=unstable_if action=reinterpret pc=0x00000000027ae0b8 method=com.android.dx.rop.code.RegisterSpecSet.<init>(I)V @ 2

Internal exceptions (3 events):
Event: 0.043 Thread 0x00000000022a1000 Exception <a 'java/lang/NoSuchMethodError': Method sun.misc.Unsafe.defineClass(Ljava/lang/String;[BII)Ljava/lang/Class; name or signature does not match> (0x00000000eab0d4b0) thrown at [C:\re\workspace\8-2-build-windows-amd64-cygwin\jdk8u45\3627\hotspot\sr-!ôtÛ•?
Event: 0.043 Thread 0x00000000022a1000 Exception <a 'java/lang/NoSuchMethodError': Method sun.misc.Unsafe.prefetchRead(Ljava/lang/Object;J)V name or signature does not match> (0x00000000eab0d740) thrown at [C:\re\workspace\8-2-build-windows-amd64-cygwin\jdk8u45\3627\hotspot\src\share\vm\prims\jAZè~≥ñ˛?
Event: 1.912 Thread 0x0000000016e12000 Implicit null exception at 0x0000000002717d62 to 0x0000000002717e55

Events (10 events):
Event: 1.958 loading class com/android/dx/dex/file/AnnotationSetRefItem done
Event: 1.959 Thread 0x00000000169f7800 DEOPT PACKING pc=0x00000000027169f5 sp=0x00000000183fe580
Event: 1.959 Thread 0x00000000169f7800 DEOPT UNPACKING pc=0x000000000244787f sp=0x00000000183fe2e8 mode 0
Event: 1.972 Thread 0x000000001672c800 DEOPT PACKING pc=0x00000000027169f5 sp=0x00000000185feac0
Event: 1.973 Thread 0x000000001672c800 DEOPT UNPACKING pc=0x000000000244787f sp=0x00000000185fe828 mode 0
Event: 2.149 Thread 0x00000000169f7800 Uncommon trap: trap_request=0xffffff65 fr.pc=0x00000000027ae0b8
Event: 2.149 Thread 0x00000000169f7800 DEOPT PACKING pc=0x00000000027ae0b8 sp=0x00000000183fe8b0
Event: 2.149 Thread 0x00000000169f7800 DEOPT UNPACKING pc=0x000000000244582a sp=0x00000000183fe7e0 mode 2
Event: 2.163 Thread 0x00000000022a1000 DEOPT PACKING pc=0x00000000027b8cba sp=0x000000000226e070
Event: 2.163 Thread 0x00000000022a1000 DEOPT UNPACKING pc=0x000000000244787f sp=0x000000000226ddd8 mode 0


Dynamic libraries:
0x00007ff6cea30000 - 0x00007ff6cea67000 	C:\Program Files\Java\jdk1.8.0_45\bin\java.exe
0x00007ffeeff40000 - 0x00007ffef00ed000 	C:\Windows\SYSTEM32\ntdll.dll
0x00007ffeefd90000 - 0x00007ffeefece000 	C:\Windows\system32\KERNEL32.DLL
0x00007ffeed480000 - 0x00007ffeed595000 	C:\Windows\system32\KERNELBASE.dll
0x00007ffeebc40000 - 0x00007ffeebcce000 	C:\Windows\system32\apphelp.dll
0x00007ffed2f90000 - 0x00007ffed2fe3000 	C:\Windows\AppPatch\AppPatch64\AcGenral.DLL
0x00007ffeef270000 - 0x00007ffeef31a000 	C:\Windows\system32\msvcrt.dll
0x00007ffeed5a0000 - 0x00007ffeed5ce000 	C:\Windows\system32\SspiCli.dll
0x00007ffeef700000 - 0x00007ffeef754000 	C:\Windows\system32\SHLWAPI.dll
0x00007ffeefb90000 - 0x00007ffeefd07000 	C:\Windows\system32\USER32.dll
0x00007ffeed7a0000 - 0x00007ffeed934000 	C:\Windows\system32\ole32.dll
0x00007ffeed940000 - 0x00007ffeeee69000 	C:\Windows\system32\SHELL32.dll
0x00007ffeec6c0000 - 0x00007ffeec6e1000 	C:\Windows\SYSTEM32\USERENV.dll
0x00007ffeef600000 - 0x00007ffeef6aa000 	C:\Windows\system32\ADVAPI32.dll
0x00007ffedcee0000 - 0x00007ffedcefe000 	C:\Windows\SYSTEM32\MPR.dll
0x00007ffeef130000 - 0x00007ffeef270000 	C:\Windows\system32\RPCRT4.dll
0x00007ffeefd20000 - 0x00007ffeefd79000 	C:\Windows\SYSTEM32\sechost.dll
0x00007ffeef3e0000 - 0x00007ffeef5f1000 	C:\Windows\SYSTEM32\combase.dll
0x00007ffeef830000 - 0x00007ffeef97f000 	C:\Windows\system32\GDI32.dll
0x00007ffeed070000 - 0x00007ffeed085000 	C:\Windows\SYSTEM32\profapi.dll
0x00007ffeeb710000 - 0x00007ffeeb7c2000 	C:\Windows\SYSTEM32\SHCORE.dll
0x00007ffeef6c0000 - 0x00007ffeef6f6000 	C:\Windows\system32\IMM32.DLL
0x00007ffeed640000 - 0x00007ffeed792000 	C:\Windows\system32\MSCTF.dll
0x00007ffee8b90000 - 0x00007ffee8e0b000 	C:\Windows\WinSxS\amd64_microsoft.windows.common-controls_6595b64144ccf1df_6.0.9600.18006_none_623f33d3ecbe86e8\COMCTL32.dll
0x0000000075650000 - 0x0000000075722000 	C:\Program Files\Java\jdk1.8.0_45\jre\bin\msvcr100.dll
0x0000000074dc0000 - 0x0000000075643000 	C:\Program Files\Java\jdk1.8.0_45\jre\bin\server\jvm.dll
0x00007ffed00d0000 - 0x00007ffed00d9000 	C:\Windows\SYSTEM32\WSOCK32.dll
0x00007ffee53c0000 - 0x00007ffee53e2000 	C:\Windows\SYSTEM32\WINMM.dll
0x00007ffee5250000 - 0x00007ffee525a000 	C:\Windows\SYSTEM32\VERSION.dll
0x00007ffeef6b0000 - 0x00007ffeef6b7000 	C:\Windows\system32\PSAPI.DLL
0x00007ffeed5d0000 - 0x00007ffeed62a000 	C:\Windows\system32\WS2_32.dll
0x00007ffee5390000 - 0x00007ffee53ba000 	C:\Windows\SYSTEM32\WINMMBASE.dll
0x00007ffeefd10000 - 0x00007ffeefd19000 	C:\Windows\system32\NSI.dll
0x00007ffeed140000 - 0x00007ffeed18f000 	C:\Windows\SYSTEM32\cfgmgr32.dll
0x00007ffeebe90000 - 0x00007ffeebeb8000 	C:\Windows\SYSTEM32\DEVOBJ.dll
0x0000000074db0000 - 0x0000000074dbf000 	C:\Program Files\Java\jdk1.8.0_45\jre\bin\verify.dll
0x0000000074d80000 - 0x0000000074da9000 	C:\Program Files\Java\jdk1.8.0_45\jre\bin\java.dll
0x0000000074d60000 - 0x0000000074d76000 	C:\Program Files\Java\jdk1.8.0_45\jre\bin\zip.dll
0x00007ffec8a50000 - 0x00007ffec8bd9000 	C:\Windows\SYSTEM32\dbghelp.dll

VM Arguments:
jvm_args: -Djava.awt.headless=true -Xmx1024M -Dfile.encoding=windows-1252 -Duser.country=US -Duser.language=en -Duser.variant 
java_command: com.android.dx.command.Main --dex --num-threads=4 --output D:\capstone\CapstoneHomeSeek\app\build\intermediates\pre-dexed\debug\com.google.android.gms-play-services-ads-8.4.0_9b1d2505adfe5596b7e2850cc31124a580f6b715.jar D:\capstone\CapstoneHomeSeek\app\build\intermediates\exploded-aar\com.google.android.gms\play-services-ads\8.4.0\jars\classes.jar
java_class_path (initial): C:\Users\pluckannfeel\AppData\Local\Android\sdk\build-tools\23.0.3\lib\dx.jar
Launcher Type: SUN_STANDARD

Environment Variables:
JAVA_HOME=C:\Program Files (x86)\Java\jdk1.7.0_71
PATH=C:\ProgramData\Oracle\Java\javapath;C:\Windows\system32;C:\Windows;C:\Windows\System32\Wbem;C:\Windows\System32\WindowsPowerShell\v1.0\;C:\Program Files (x86)\Microsoft SQL Server\100\Tools\Binn\;C:\Program Files\Microsoft SQL Server\100\Tools\Binn\;C:\Program Files\Microsoft SQL Server\100\DTS\Binn\;C:\Program Files (x86)\Microsoft SQL Server\100\Tools\Binn\VSShell\Common7\IDE\;C:\Program Files (x86)\Microsoft SQL Server\100\DTS\Binn\;C:\Program Files (x86)\Microsoft SQL Server\90\Tools\binn\;C:\Program Files\nodejs\;C:\Program Files (x86)\GtkSharp\2.12\bin;C:\Program Files (x86)\Skype\Phone\;C:\Users\pluckannfeel\AppData\Roaming\npm
USERNAME=pluckannfeel
OS=Windows_NT
PROCESSOR_IDENTIFIER=Intel64 Family 6 Model 60 Stepping 3, GenuineIntel



---------------  S Y S T E M  ---------------

OS: Windows 8.1 , 64 bit Build 9600 (6.3.9600.17415)

CPU:total 4 (2 cores per cpu, 2 threads per core) family 6 model 60 stepping 3, cmov, cx8, fxsr, mmx, sse, sse2, sse3, ssse3, sse4.1, sse4.2, popcnt, avx, avx2, aes, clmul, erms, lzcnt, ht, tsc, tscinvbit, bmi1, bmi2

Memory: 4k page, physical 8302956k(1200628k free), swap 11448684k(6948k free)

vm_info: Java HotSpot(TM) 64-Bit Server VM (25.45-b02) for windows-amd64 JRE (1.8.0_45-b15), built on Apr 30 2015 12:40:44 by "java_re" with MS VC++ 10.0 (VS2010)

time: Tue Nov 29 13:24:19 2016
elapsed time: 2 seconds (0d 0h 0m 2s)

