#
# There is insufficient memory for the Java Runtime Environment to continue.
# Native memory allocation (malloc) failed to allocate 1392896 bytes for Chunk::new
# Possible reasons:
#   The system is out of physical RAM or swap space
#   In 32 bit mode, the process size limit was hit
# Possible solutions:
#   Reduce memory load on the system
#   Increase physical memory or swap space
#   Check if swap backing store is full
#   Use 64 bit Java on a 64 bit OS
#   Decrease Java heap size (-Xmx/-Xms)
#   Decrease number of Java threads
#   Decrease Java thread stack sizes (-Xss)
#   Set larger code cache with -XX:ReservedCodeCacheSize=
# This output file may be truncated or incomplete.
#
#  Out of Memory Error (allocation.cpp:390), pid=6396, tid=3856
#
# JRE version: Java(TM) SE Runtime Environment (8.0_45-b15) (build 1.8.0_45-b15)
# Java VM: Java HotSpot(TM) 64-Bit Server VM (25.45-b02 mixed mode windows-amd64 compressed oops)
# Failed to write core dump. Minidumps are not enabled by default on client versions of Windows
#

---------------  T H R E A D  ---------------

Current thread (0x00000000145c8800):  JavaThread "C2 CompilerThread0" daemon [_thread_in_native, id=3856, stack(0x0000000015b10000,0x0000000015c10000)]

Stack: [0x0000000015b10000,0x0000000015c10000]
Native frames: (J=compiled Java code, j=interpreted, Vv=VM code, C=native code)
V  [jvm.dll+0x32b57a]
V  [jvm.dll+0x279873]
V  [jvm.dll+0x27a509]
V  [jvm.dll+0x271825]
V  [jvm.dll+0xcb9e2]
V  [jvm.dll+0xcbeac]
V  [jvm.dll+0x476ef2]
V  [jvm.dll+0x4b955f]
V  [jvm.dll+0x46bf81]
V  [jvm.dll+0x46ccbe]
V  [jvm.dll+0x4500f2]
V  [jvm.dll+0xa4352]
V  [jvm.dll+0xa4c8f]
V  [jvm.dll+0x241984]
V  [jvm.dll+0x29853a]
C  [msvcr100.dll+0x21d9f]
C  [msvcr100.dll+0x21e3b]
C  [KERNEL32.DLL+0x13d2]
C  [ntdll.dll+0x154e4]


Current CompileTask:
C2:   6284 1516   !   4       com.android.dx.cf.code.Ropper::processBlock (1101 bytes)


---------------  P R O C E S S  ---------------

Java Threads: ( => current thread )
  0x0000000016100800 JavaThread "pool-2-thread-4" [_thread_in_Java, id=8100, stack(0x0000000016810000,0x0000000016910000)]
  0x00000000160fd800 JavaThread "pool-2-thread-3" [_thread_blocked, id=3720, stack(0x0000000016710000,0x0000000016810000)]
  0x00000000160d3800 JavaThread "pool-2-thread-2" [_thread_blocked, id=6536, stack(0x0000000016610000,0x0000000016710000)]
  0x00000000160d0800 JavaThread "pool-3-thread-1" [_thread_blocked, id=8744, stack(0x0000000016510000,0x0000000016610000)]
  0x00000000160d0000 JavaThread "pool-2-thread-1" [_thread_blocked, id=3156, stack(0x0000000016410000,0x0000000016510000)]
  0x0000000015e27800 JavaThread "Service Thread" daemon [_thread_blocked, id=8792, stack(0x0000000016210000,0x0000000016310000)]
  0x00000000145c3800 JavaThread "C1 CompilerThread2" daemon [_thread_blocked, id=7656, stack(0x0000000015d10000,0x0000000015e10000)]
  0x00000000145ba000 JavaThread "C2 CompilerThread1" daemon [_thread_in_native, id=8500, stack(0x0000000015c10000,0x0000000015d10000)]
=>0x00000000145c8800 JavaThread "C2 CompilerThread0" daemon [_thread_in_native, id=3856, stack(0x0000000015b10000,0x0000000015c10000)]
  0x00000000145c6800 JavaThread "Attach Listener" daemon [_thread_blocked, id=7956, stack(0x0000000015a10000,0x0000000015b10000)]
  0x00000000145c5800 JavaThread "Signal Dispatcher" daemon [_thread_blocked, id=7520, stack(0x0000000015910000,0x0000000015a10000)]
  0x0000000001e11000 JavaThread "Finalizer" daemon [_thread_blocked, id=4848, stack(0x0000000015810000,0x0000000015910000)]
  0x0000000001e0e000 JavaThread "Reference Handler" daemon [_thread_blocked, id=6616, stack(0x0000000015710000,0x0000000015810000)]
  0x0000000001d21000 JavaThread "main" [_thread_in_vm, id=8956, stack(0x0000000001c10000,0x0000000001d10000)]

Other Threads:
  0x0000000014587000 VMThread [stack: 0x0000000015610000,0x0000000015710000] [id=1028]
  0x0000000015e28000 WatcherThread [stack: 0x0000000016310000,0x0000000016410000] [id=1688]

VM state:not at safepoint (normal execution)

VM Mutex/Monitor currently owned by a thread: None

Heap:
 PSYoungGen      total 71680K, used 51127K [0x00000000eab00000, 0x00000000f3700000, 0x0000000100000000)
  eden space 66560K, 69% used [0x00000000eab00000,0x00000000ed7f4f40,0x00000000eec00000)
  from space 5120K, 99% used [0x00000000eec00000,0x00000000ef0f8d70,0x00000000ef100000)
  to   space 5120K, 0% used [0x00000000f3200000,0x00000000f3200000,0x00000000f3700000)
 ParOldGen       total 87552K, used 15428K [0x00000000c0000000, 0x00000000c5580000, 0x00000000eab00000)
  object space 87552K, 17% used [0x00000000c0000000,0x00000000c0f110e8,0x00000000c5580000)
 Metaspace       used 6272K, capacity 7152K, committed 7296K, reserved 1056768K
  class space    used 588K, capacity 616K, committed 640K, reserved 1048576K

Card table byte_map: [0x00000000112b0000,0x00000000114c0000] byte_map_base: 0x0000000010cb0000

Marking Bits: (ParMarkBitMap*) 0x0000000051dc4040
 Begin Bits: [0x0000000011a20000, 0x0000000012a20000)
 End Bits:   [0x0000000012a20000, 0x0000000013a20000)

Polling page: 0x0000000000640000

CodeCache: size=245760Kb used=7464Kb max_used=7464Kb free=238295Kb
 bounds [0x0000000001ef0000, 0x0000000002640000, 0x0000000010ef0000]
 total_blobs=2130 nmethods=1860 adapters=182
 compilation: enabled

Compilation events (10 events):
Event: 4.633 Thread 0x00000000145c3800 1543       1       com.android.dx.ssa.PhiInsn::canThrow (2 bytes)
Event: 4.633 Thread 0x00000000145c3800 nmethod 1543 0x00000000025138d0 code [0x0000000002513a20, 0x0000000002513b30]
Event: 5.100 Thread 0x00000000145c3800 1544       2       java.util.zip.ZipFile$ZipFileInputStream::finalize (5 bytes)
Event: 5.101 Thread 0x00000000145c3800 nmethod 1544 0x0000000002513550 code [0x00000000025136c0, 0x0000000002513828]
Event: 5.101 Thread 0x00000000145c3800 1545       2       java.util.zip.ZipFile$ZipFileInflaterInputStream::finalize (5 bytes)
Event: 5.101 Thread 0x00000000145c3800 nmethod 1545 0x00000000025131d0 code [0x0000000002513340, 0x00000000025134a8]
Event: 5.158 Thread 0x00000000145ba000 nmethod 1521 0x0000000002546ad0 code [0x0000000002546d20, 0x00000000025486a8]
Event: 5.158 Thread 0x00000000145ba000 1529 %     4       com.android.dx.ssa.SsaMethod::computeReachability @ 8 (131 bytes)
Event: 5.208 Thread 0x00000000145ba000 nmethod 1529% 0x000000000254a9d0 code [0x000000000254aba0, 0x000000000254ba38]
Event: 5.209 Thread 0x00000000145ba000 1526       4       com.android.dx.ssa.DeadCodeRemover::pruneDeadInstructions (246 bytes)

GC Heap History (4 events):
Event: 3.465 GC heap before
{Heap before GC invocations=1 (full 0):
 PSYoungGen      total 38400K, used 33280K [0x00000000eab00000, 0x00000000ed580000, 0x0000000100000000)
  eden space 33280K, 100% used [0x00000000eab00000,0x00000000ecb80000,0x00000000ecb80000)
  from space 5120K, 0% used [0x00000000ed080000,0x00000000ed080000,0x00000000ed580000)
  to   space 5120K, 0% used [0x00000000ecb80000,0x00000000ecb80000,0x00000000ed080000)
 ParOldGen       total 87552K, used 0K [0x00000000c0000000, 0x00000000c5580000, 0x00000000eab00000)
  object space 87552K, 0% used [0x00000000c0000000,0x00000000c0000000,0x00000000c5580000)
 Metaspace       used 5877K, capacity 6832K, committed 7040K, reserved 1056768K
  class space    used 584K, capacity 616K, committed 640K, reserved 1048576K
Event: 3.624 GC heap after
Heap after GC invocations=1 (full 0):
 PSYoungGen      total 38400K, used 5112K [0x00000000eab00000, 0x00000000ef600000, 0x0000000100000000)
  eden space 33280K, 0% used [0x00000000eab00000,0x00000000eab00000,0x00000000ecb80000)
  from space 5120K, 99% used [0x00000000ecb80000,0x00000000ed07e0b8,0x00000000ed080000)
  to   space 5120K, 0% used [0x00000000ef100000,0x00000000ef100000,0x00000000ef600000)
 ParOldGen       total 87552K, used 1137K [0x00000000c0000000, 0x00000000c5580000, 0x00000000eab00000)
  object space 87552K, 1% used [0x00000000c0000000,0x00000000c011c460,0x00000000c5580000)
 Metaspace       used 5877K, capacity 6832K, committed 7040K, reserved 1056768K
  class space    used 584K, capacity 616K, committed 640K, reserved 1048576K
}
Event: 4.726 GC heap before
{Heap before GC invocations=2 (full 0):
 PSYoungGen      total 38400K, used 38392K [0x00000000eab00000, 0x00000000ef600000, 0x0000000100000000)
  eden space 33280K, 100% used [0x00000000eab00000,0x00000000ecb80000,0x00000000ecb80000)
  from space 5120K, 99% used [0x00000000ecb80000,0x00000000ed07e0b8,0x00000000ed080000)
  to   space 5120K, 0% used [0x00000000ef100000,0x00000000ef100000,0x00000000ef600000)
 ParOldGen       total 87552K, used 1137K [0x00000000c0000000, 0x00000000c5580000, 0x00000000eab00000)
  object space 87552K, 1% used [0x00000000c0000000,0x00000000c011c460,0x00000000c5580000)
 Metaspace       used 6079K, capacity 7024K, committed 7296K, reserved 1056768K
  class space    used 587K, capacity 616K, committed 640K, reserved 1048576K
Event: 5.099 GC heap after
Heap after GC invocations=2 (full 0):
 PSYoungGen      total 71680K, used 5102K [0x00000000eab00000, 0x00000000ef600000, 0x0000000100000000)
  eden space 66560K, 0% used [0x00000000eab00000,0x00000000eab00000,0x00000000eec00000)
  from space 5120K, 99% used [0x00000000ef100000,0x00000000ef5fb810,0x00000000ef600000)
  to   space 5120K, 0% used [0x00000000eec00000,0x00000000eec00000,0x00000000ef100000)
 ParOldGen       total 87552K, used 5305K [0x00000000c0000000, 0x00000000c5580000, 0x00000000eab00000)
  object space 87552K, 6% used [0x00000000c0000000,0x00000000c052e610,0x00000000c5580000)
 Metaspace       used 6079K, capacity 7024K, committed 7296K, reserved 1056768K
  class space    used 587K, capacity 616K, committed 640K, reserved 1048576K
}

Deoptimization events (10 events):
Event: 3.793 Thread 0x0000000001d21000 Uncommon trap: reason=bimorphic action=maybe_recompile pc=0x0000000002192630 method=java.util.HashMap.getNode(ILjava/lang/Object;)Ljava/util/HashMap$Node; @ 126
Event: 3.815 Thread 0x0000000001d21000 Uncommon trap: reason=unstable_if action=reinterpret pc=0x000000000233e4f8 method=com.android.dx.cf.code.Ropper.labelToResultIndex(I)I @ 34
Event: 4.286 Thread 0x00000000160d3800 Uncommon trap: reason=uninitialized action=reinterpret pc=0x000000000246d60c method=com.android.dx.cf.code.BytecodeArray.parseInstruction(ILcom/android/dx/cf/code/BytecodeArray$Visitor;)I @ 1031
Event: 4.365 Thread 0x0000000001d21000 Uncommon trap: reason=unstable_if action=reinterpret pc=0x0000000002468f10 method=com.android.dx.util.LabeledList.set(ILcom/android/dx/util/LabeledItem;)V @ 16
Event: 4.365 Thread 0x0000000001d21000 Uncommon trap: reason=unstable_if action=reinterpret pc=0x000000000236e660 method=com.android.dx.util.LabeledList.set(ILcom/android/dx/util/LabeledItem;)V @ 16
Event: 4.611 Thread 0x00000000160d0000 Uncommon trap: reason=unstable_if action=reinterpret pc=0x000000000233ea1c method=com.android.dx.ssa.SsaMethod.updateOneDefinition(Lcom/android/dx/ssa/SsaInsn;Lcom/android/dx/rop/code/RegisterSpec;)V @ 4
Event: 4.614 Thread 0x00000000160d0000 Uncommon trap: reason=unstable_if action=reinterpret pc=0x000000000251eda0 method=com.android.dx.ssa.LocalVariableExtractor.processBlock(I)V @ 77
Event: 4.633 Thread 0x00000000160d0000 Uncommon trap: reason=class_check action=maybe_recompile pc=0x0000000002421680 method=java.util.HashMap.putVal(ILjava/lang/Object;Ljava/lang/Object;ZZ)Ljava/lang/Object; @ 203
Event: 4.633 Thread 0x00000000160d0000 Uncommon trap: reason=bimorphic action=maybe_recompile pc=0x0000000002192630 method=java.util.HashMap.getNode(ILjava/lang/Object;)Ljava/util/HashMap$Node; @ 126
Event: 4.633 Thread 0x00000000160d0000 Uncommon trap: reason=bimorphic action=maybe_recompile pc=0x0000000002192630 method=java.util.HashMap.getNode(ILjava/lang/Object;)Ljava/util/HashMap$Node; @ 126

Internal exceptions (2 events):
Event: 1.517 Thread 0x0000000001d21000 Exception <a 'java/lang/NoSuchMethodError': Method sun.misc.Unsafe.defineClass(Ljava/lang/String;[BII)Ljava/lang/Class; name or signature does not match> (0x00000000eab0d570) thrown at [C:\re\workspace\8-2-build-windows-amd64-cygwin\jdk8u45\3627\hotspot\srâç
ò\E¯?
Event: 1.517 Thread 0x0000000001d21000 Exception <a 'java/lang/NoSuchMethodError': Method sun.misc.Unsafe.prefetchRead(Ljava/lang/Object;J)V name or signature does not match> (0x00000000eab0d800) thrown at [C:\re\workspace\8-2-build-windows-amd64-cygwin\jdk8u45\3627\hotspot\src\share\vm\prims\j

Events (10 events):
Event: 4.633 Thread 0x00000000160d0000 DEOPT PACKING pc=0x0000000002421680 sp=0x000000001650ec60
Event: 4.633 Thread 0x00000000160d0000 DEOPT UNPACKING pc=0x0000000001f3582a sp=0x000000001650ebe8 mode 2
Event: 4.633 Thread 0x00000000160d0000 Uncommon trap: trap_request=0xffffffc6 fr.pc=0x0000000002192630
Event: 4.633 Thread 0x00000000160d0000 DEOPT PACKING pc=0x0000000002192630 sp=0x000000001650ebe0
Event: 4.633 Thread 0x00000000160d0000 DEOPT UNPACKING pc=0x0000000001f3582a sp=0x000000001650eaf8 mode 2
Event: 4.633 Thread 0x00000000160d0000 Uncommon trap: trap_request=0xffffffc6 fr.pc=0x0000000002192630
Event: 4.633 Thread 0x00000000160d0000 DEOPT PACKING pc=0x0000000002192630 sp=0x000000001650ebe0
Event: 4.633 Thread 0x00000000160d0000 DEOPT UNPACKING pc=0x0000000001f3582a sp=0x000000001650eaf8 mode 2
Event: 4.659 Executing VM operation: ParallelGCFailedAllocation
Event: 5.099 Executing VM operation: ParallelGCFailedAllocation done


Dynamic libraries:
0x00007ff775360000 - 0x00007ff775397000 	C:\Program Files\Java\jdk1.8.0_45\bin\java.exe
0x00007ff9ebcb0000 - 0x00007ff9ebe5d000 	C:\Windows\SYSTEM32\ntdll.dll
0x00007ff9eac90000 - 0x00007ff9eadce000 	C:\Windows\system32\KERNEL32.DLL
0x00007ff9e9220000 - 0x00007ff9e9335000 	C:\Windows\system32\KERNELBASE.dll
0x00007ff9e79b0000 - 0x00007ff9e7a3e000 	C:\Windows\system32\apphelp.dll
0x00007ff9d7f90000 - 0x00007ff9d7fe3000 	C:\Windows\AppPatch\AppPatch64\AcGenral.DLL
0x00007ff9eb8a0000 - 0x00007ff9eb94a000 	C:\Windows\system32\msvcrt.dll
0x00007ff9e91f0000 - 0x00007ff9e921e000 	C:\Windows\system32\SspiCli.dll
0x00007ff9eab70000 - 0x00007ff9eabc4000 	C:\Windows\system32\SHLWAPI.dll
0x00007ff9eb380000 - 0x00007ff9eb4f7000 	C:\Windows\system32\USER32.dll
0x00007ff9eb620000 - 0x00007ff9eb7b4000 	C:\Windows\system32\ole32.dll
0x00007ff9e9350000 - 0x00007ff9ea879000 	C:\Windows\system32\SHELL32.dll
0x00007ff9e8430000 - 0x00007ff9e8451000 	C:\Windows\SYSTEM32\USERENV.dll
0x00007ff9ebb30000 - 0x00007ff9ebbda000 	C:\Windows\system32\ADVAPI32.dll
0x00007ff9e1120000 - 0x00007ff9e113e000 	C:\Windows\SYSTEM32\MPR.dll
0x00007ff9ea880000 - 0x00007ff9ea9c0000 	C:\Windows\system32\RPCRT4.dll
0x00007ff9ebbf0000 - 0x00007ff9ebc49000 	C:\Windows\SYSTEM32\sechost.dll
0x00007ff9eaf90000 - 0x00007ff9eb1a1000 	C:\Windows\SYSTEM32\combase.dll
0x00007ff9ea9c0000 - 0x00007ff9eab0f000 	C:\Windows\system32\GDI32.dll
0x00007ff9e8de0000 - 0x00007ff9e8df5000 	C:\Windows\SYSTEM32\profapi.dll
0x00007ff9e7040000 - 0x00007ff9e70f2000 	C:\Windows\SYSTEM32\SHCORE.dll
0x00007ff9eb500000 - 0x00007ff9eb536000 	C:\Windows\system32\IMM32.DLL
0x00007ff9eb1b0000 - 0x00007ff9eb302000 	C:\Windows\system32\MSCTF.dll
0x00007ff9e65a0000 - 0x00007ff9e681b000 	C:\Windows\WinSxS\amd64_microsoft.windows.common-controls_6595b64144ccf1df_6.0.9600.18006_none_623f33d3ecbe86e8\COMCTL32.dll
0x0000000051e50000 - 0x0000000051f22000 	C:\Program Files\Java\jdk1.8.0_45\jre\bin\msvcr100.dll
0x00000000515c0000 - 0x0000000051e43000 	C:\Program Files\Java\jdk1.8.0_45\jre\bin\server\jvm.dll
0x00007ff9e1110000 - 0x00007ff9e1119000 	C:\Windows\SYSTEM32\WSOCK32.dll
0x00007ff9e0510000 - 0x00007ff9e0532000 	C:\Windows\SYSTEM32\WINMM.dll
0x00007ff9de9c0000 - 0x00007ff9de9ca000 	C:\Windows\SYSTEM32\VERSION.dll
0x00007ff9e9340000 - 0x00007ff9e9347000 	C:\Windows\system32\PSAPI.DLL
0x00007ff9eab10000 - 0x00007ff9eab6a000 	C:\Windows\system32\WS2_32.dll
0x00007ff9e04e0000 - 0x00007ff9e050a000 	C:\Windows\SYSTEM32\WINMMBASE.dll
0x00007ff9eadd0000 - 0x00007ff9eadd9000 	C:\Windows\system32\NSI.dll
0x00007ff9e8eb0000 - 0x00007ff9e8eff000 	C:\Windows\SYSTEM32\cfgmgr32.dll
0x00007ff9e7ad0000 - 0x00007ff9e7af8000 	C:\Windows\SYSTEM32\DEVOBJ.dll
0x00000000515b0000 - 0x00000000515bf000 	C:\Program Files\Java\jdk1.8.0_45\jre\bin\verify.dll
0x0000000051580000 - 0x00000000515a9000 	C:\Program Files\Java\jdk1.8.0_45\jre\bin\java.dll
0x0000000051560000 - 0x0000000051576000 	C:\Program Files\Java\jdk1.8.0_45\jre\bin\zip.dll
0x00007ff9e0a40000 - 0x00007ff9e0bc9000 	C:\Windows\SYSTEM32\dbghelp.dll

VM Arguments:
jvm_args: -Djava.awt.headless=true -Xmx1024M -Dfile.encoding=windows-1252 -Duser.country=US -Duser.language=en -Duser.variant 
java_command: com.android.dx.command.Main --dex --force-jumbo --num-threads=4 --multi-dex --output D:\android app development\CapstoneHomeSeek\app\build\intermediates\transforms\dex\debug\folders\1000\10\com.google.android.gms-play-services-fitness-8.4.0_31a7e6ca1f49c3e94d2ca0059980b348a8971d4b D:\android app development\CapstoneHomeSeek\app\build\intermediates\exploded-aar\com.google.android.gms\play-services-fitness\8.4.0\jars\classes.jar
java_class_path (initial): C:\Users\pluckannfeel\AppData\Local\Android\sdk\build-tools\23.0.3\lib\dx.jar
Launcher Type: SUN_STANDARD

Environment Variables:
JAVA_HOME=C:\Program Files (x86)\Java\jdk1.7.0_71
PATH=C:\ProgramData\Oracle\Java\javapath;C:\Windows\system32;C:\Windows;C:\Windows\System32\Wbem;C:\Windows\System32\WindowsPowerShell\v1.0\;C:\Program Files (x86)\Microsoft SQL Server\100\Tools\Binn\;C:\Program Files\Microsoft SQL Server\100\Tools\Binn\;C:\Program Files\Microsoft SQL Server\100\DTS\Binn\;C:\Program Files (x86)\Microsoft SQL Server\100\Tools\Binn\VSShell\Common7\IDE\;C:\Program Files (x86)\Microsoft SQL Server\100\DTS\Binn\;C:\Program Files (x86)\Microsoft SQL Server\90\Tools\binn\;C:\Program Files\nodejs\;C:\Program Files (x86)\GtkSharp\2.12\bin;C:\Program Files (x86)\Skype\Phone\;C:\Users\pluckannfeel\AppData\Roaming\npm
USERNAME=pluckannfeel
OS=Windows_NT
PROCESSOR_IDENTIFIER=Intel64 Family 6 Model 60 Stepping 3, GenuineIntel



---------------  S Y S T E M  ---------------

OS: Windows 8.1 , 64 bit Build 9600 (6.3.9600.17415)

CPU:total 4 (2 cores per cpu, 2 threads per core) family 6 model 60 stepping 3, cmov, cx8, fxsr, mmx, sse, sse2, sse3, ssse3, sse4.1, sse4.2, popcnt, avx, avx2, aes, clmul, erms, lzcnt, ht, tsc, tscinvbit, bmi1, bmi2

Memory: 4k page, physical 8302956k(423392k free), swap 11448684k(140536k free)

vm_info: Java HotSpot(TM) 64-Bit Server VM (25.45-b02) for windows-amd64 JRE (1.8.0_45-b15), built on Apr 30 2015 12:40:44 by "java_re" with MS VC++ 10.0 (VS2010)

time: Sat Nov 19 12:13:20 2016
elapsed time: 6 seconds (0d 0h 0m 6s)

