#
# There is insufficient memory for the Java Runtime Environment to continue.
# Native memory allocation (malloc) failed to allocate 999296 bytes for Chunk::new
# Possible reasons:
#   The system is out of physical RAM or swap space
#   In 32 bit mode, the process size limit was hit
# Possible solutions:
#   Reduce memory load on the system
#   Increase physical memory or swap space
#   Check if swap backing store is full
#   Use 64 bit Java on a 64 bit OS
#   Decrease Java heap size (-Xmx/-Xms)
#   Decrease number of Java threads
#   Decrease Java thread stack sizes (-Xss)
#   Set larger code cache with -XX:ReservedCodeCacheSize=
# This output file may be truncated or incomplete.
#
#  Out of Memory Error (allocation.cpp:390), pid=9996, tid=6552
#
# JRE version: Java(TM) SE Runtime Environment (8.0_45-b15) (build 1.8.0_45-b15)
# Java VM: Java HotSpot(TM) 64-Bit Server VM (25.45-b02 mixed mode windows-amd64 compressed oops)
# Failed to write core dump. Minidumps are not enabled by default on client versions of Windows
#

---------------  T H R E A D  ---------------

Current thread (0x0000000014c10000):  JavaThread "C2 CompilerThread1" daemon [_thread_in_native, id=6552, stack(0x0000000016280000,0x0000000016380000)]

Stack: [0x0000000016280000,0x0000000016380000]
Native frames: (J=compiled Java code, j=interpreted, Vv=VM code, C=native code)
V  [jvm.dll+0x32b57a]
V  [jvm.dll+0x279873]
V  [jvm.dll+0x27a509]
V  [jvm.dll+0x271825]
V  [jvm.dll+0xcb9e2]
V  [jvm.dll+0xcbeac]
V  [jvm.dll+0x476ef2]
V  [jvm.dll+0x4b955f]
V  [jvm.dll+0x46b6b5]
V  [jvm.dll+0x46ccbe]
V  [jvm.dll+0x4500f2]
V  [jvm.dll+0xa4352]
V  [jvm.dll+0xa4c8f]
V  [jvm.dll+0x241984]
V  [jvm.dll+0x29853a]
C  [msvcr100.dll+0x21d9f]
C  [msvcr100.dll+0x21e3b]
C  [KERNEL32.DLL+0x13d2]
C  [ntdll.dll+0x154e4]


Current CompileTask:
C2:   4072 1224   !   4       com.android.dx.cf.code.RopperMachine::run (1550 bytes)


---------------  P R O C E S S  ---------------

Java Threads: ( => current thread )
  0x00000000164c2000 JavaThread "pool-1-thread-1" [_thread_new, id=4424, stack(0x0000000000000000,0x0000000000000000)]
  0x000000001638d800 JavaThread "Service Thread" daemon [_thread_blocked, id=8848, stack(0x0000000016880000,0x0000000016980000)]
  0x0000000016388800 JavaThread "C1 CompilerThread2" daemon [_thread_blocked, id=9236, stack(0x0000000016780000,0x0000000016880000)]
=>0x0000000014c10000 JavaThread "C2 CompilerThread1" daemon [_thread_in_native, id=6552, stack(0x0000000016280000,0x0000000016380000)]
  0x0000000014c0c800 JavaThread "C2 CompilerThread0" daemon [_thread_in_native, id=6212, stack(0x0000000016180000,0x0000000016280000)]
  0x0000000014c0a800 JavaThread "Attach Listener" daemon [_thread_blocked, id=6688, stack(0x0000000016080000,0x0000000016180000)]
  0x0000000014c09800 JavaThread "Signal Dispatcher" daemon [_thread_blocked, id=4048, stack(0x0000000015f80000,0x0000000016080000)]
  0x0000000002530800 JavaThread "Finalizer" daemon [_thread_blocked, id=9248, stack(0x0000000015e80000,0x0000000015f80000)]
  0x000000000252d000 JavaThread "Reference Handler" daemon [_thread_blocked, id=9220, stack(0x0000000015d80000,0x0000000015e80000)]
  0x0000000002441000 JavaThread "main" [_thread_blocked, id=10148, stack(0x0000000002290000,0x0000000002390000)]

Other Threads:
  0x0000000014bd7800 VMThread [stack: 0x0000000015c80000,0x0000000015d80000] [id=10232]
  0x000000001638e800 WatcherThread [stack: 0x0000000016980000,0x0000000016a80000] [id=1888]

VM state:not at safepoint (normal execution)

VM Mutex/Monitor currently owned by a thread: None

Heap:
 PSYoungGen      total 38400K, used 21630K [0x00000000eab00000, 0x00000000ef600000, 0x0000000100000000)
  eden space 33280K, 49% used [0x00000000eab00000,0x00000000ebb277f8,0x00000000ecb80000)
  from space 5120K, 99% used [0x00000000ecb80000,0x00000000ed078038,0x00000000ed080000)
  to   space 5120K, 0% used [0x00000000ef100000,0x00000000ef100000,0x00000000ef600000)
 ParOldGen       total 87552K, used 1403K [0x00000000c0000000, 0x00000000c5580000, 0x00000000eab00000)
  object space 87552K, 1% used [0x00000000c0000000,0x00000000c015ed70,0x00000000c5580000)
 Metaspace       used 5812K, capacity 6832K, committed 7040K, reserved 1056768K
  class space    used 585K, capacity 616K, committed 640K, reserved 1048576K

Card table byte_map: [0x0000000011900000,0x0000000011b10000] byte_map_base: 0x0000000011300000

Marking Bits: (ParMarkBitMap*) 0x000000006ce94040
 Begin Bits: [0x0000000012070000, 0x0000000013070000)
 End Bits:   [0x0000000013070000, 0x0000000014070000)

Polling page: 0x0000000002250000

CodeCache: size=245760Kb used=4792Kb max_used=4802Kb free=240967Kb
 bounds [0x0000000002540000, 0x0000000002a00000, 0x0000000011540000]
 total_blobs=1487 nmethods=1219 adapters=181
 compilation: enabled

Compilation events (10 events):
Event: 2.839 Thread 0x0000000014c10000 nmethod 1220 0x00000000029d5650 code [0x00000000029d57a0, 0x00000000029d5848]
Event: 2.839 Thread 0x0000000014c10000 1099       4       com.android.dx.rop.code.Rop::isCommutative (60 bytes)
Event: 2.840 Thread 0x0000000014c10000 nmethod 1099 0x00000000029d3610 code [0x00000000029d3740, 0x00000000029d37d8]
Event: 2.969 Thread 0x0000000014c0c800 nmethod 1073 0x00000000029e8610 code [0x00000000029e9b60, 0x00000000029f03a8]
Event: 3.942 Thread 0x0000000014c10000 1224   !   4       com.android.dx.cf.code.RopperMachine::run (1550 bytes)
Event: 3.942 Thread 0x0000000014c0c800 1225       4       com.android.dx.cf.code.ValueAwareMachine::run (1142 bytes)
Event: 3.942 Thread 0x0000000016388800 1226       3       com.android.dx.util.MutabilityControl::<init> (10 bytes)
Event: 3.942 Thread 0x0000000016388800 nmethod 1226 0x00000000029d9dd0 code [0x00000000029d9f20, 0x00000000029da0d0]
Event: 3.959 Thread 0x0000000016388800 1235       1       java.util.concurrent.locks.AbstractQueuedSynchronizer::getState (5 bytes)
Event: 3.959 Thread 0x0000000016388800 nmethod 1235 0x00000000029d9b10 code [0x00000000029d9c60, 0x00000000029d9d70]

GC Heap History (2 events):
Event: 2.258 GC heap before
{Heap before GC invocations=1 (full 0):
 PSYoungGen      total 38400K, used 33280K [0x00000000eab00000, 0x00000000ed580000, 0x0000000100000000)
  eden space 33280K, 100% used [0x00000000eab00000,0x00000000ecb80000,0x00000000ecb80000)
  from space 5120K, 0% used [0x00000000ed080000,0x00000000ed080000,0x00000000ed580000)
  to   space 5120K, 0% used [0x00000000ecb80000,0x00000000ecb80000,0x00000000ed080000)
 ParOldGen       total 87552K, used 0K [0x00000000c0000000, 0x00000000c5580000, 0x00000000eab00000)
  object space 87552K, 0% used [0x00000000c0000000,0x00000000c0000000,0x00000000c5580000)
 Metaspace       used 5773K, capacity 6832K, committed 7040K, reserved 1056768K
  class space    used 585K, capacity 616K, committed 640K, reserved 1048576K
Event: 2.496 GC heap after
Heap after GC invocations=1 (full 0):
 PSYoungGen      total 38400K, used 5088K [0x00000000eab00000, 0x00000000ef600000, 0x0000000100000000)
  eden space 33280K, 0% used [0x00000000eab00000,0x00000000eab00000,0x00000000ecb80000)
  from space 5120K, 99% used [0x00000000ecb80000,0x00000000ed078038,0x00000000ed080000)
  to   space 5120K, 0% used [0x00000000ef100000,0x00000000ef100000,0x00000000ef600000)
 ParOldGen       total 87552K, used 1403K [0x00000000c0000000, 0x00000000c5580000, 0x00000000eab00000)
  object space 87552K, 1% used [0x00000000c0000000,0x00000000c015ed70,0x00000000c5580000)
 Metaspace       used 5773K, capacity 6832K, committed 7040K, reserved 1056768K
  class space    used 585K, capacity 616K, committed 640K, reserved 1048576K
}

Deoptimization events (5 events):
Event: 0.739 Thread 0x0000000002441000 Uncommon trap: reason=unstable_if action=reinterpret pc=0x0000000002749b1c method=java.util.HashMap.getNode(ILjava/lang/Object;)Ljava/util/HashMap$Node; @ 129
Event: 1.842 Thread 0x00000000164ba800 Uncommon trap: reason=class_check action=maybe_recompile pc=0x00000000028169e0 method=com.android.dx.ssa.NormalSsaInsn.accept(Lcom/android/dx/ssa/SsaInsn$Visitor;)V @ 9
Event: 1.846 Thread 0x00000000165f2800 Uncommon trap: reason=class_check action=maybe_recompile pc=0x00000000028169e0 method=com.android.dx.ssa.NormalSsaInsn.accept(Lcom/android/dx/ssa/SsaInsn$Visitor;)V @ 9
Event: 1.873 Thread 0x00000000165f3800 Uncommon trap: reason=class_check action=maybe_recompile pc=0x00000000028169e0 method=com.android.dx.ssa.NormalSsaInsn.accept(Lcom/android/dx/ssa/SsaInsn$Visitor;)V @ 9
Event: 1.879 Thread 0x00000000165f3800 Uncommon trap: reason=class_check action=maybe_recompile pc=0x00000000028169e0 method=com.android.dx.ssa.NormalSsaInsn.accept(Lcom/android/dx/ssa/SsaInsn$Visitor;)V @ 9

Internal exceptions (2 events):
Event: 0.055 Thread 0x0000000002441000 Exception <a 'java/lang/NoSuchMethodError': Method sun.misc.Unsafe.defineClass(Ljava/lang/String;[BII)Ljava/lang/Class; name or signature does not match> (0x00000000eab0d490) thrown at [C:\re\workspace\8-2-build-windows-amd64-cygwin\jdk8u45\3627\hotspot\srI«Ëê ¬?
Event: 0.055 Thread 0x0000000002441000 Exception <a 'java/lang/NoSuchMethodError': Method sun.misc.Unsafe.prefetchRead(Ljava/lang/Object;J)V name or signature does not match> (0x00000000eab0d720) thrown at [C:\re\workspace\8-2-build-windows-amd64-cygwin\jdk8u45\3627\hotspot\src\share\vm\prims\j

Events (10 events):
Event: 1.846 Thread 0x00000000165f2800 DEOPT UNPACKING pc=0x000000000258582a sp=0x0000000016e7eb40 mode 2
Event: 1.873 Thread 0x00000000165f3800 Uncommon trap: trap_request=0xffffffde fr.pc=0x00000000028169e0
Event: 1.873 Thread 0x00000000165f3800 DEOPT PACKING pc=0x00000000028169e0 sp=0x0000000016f7e590
Event: 1.873 Thread 0x00000000165f3800 DEOPT UNPACKING pc=0x000000000258582a sp=0x0000000016f7e4d0 mode 2
Event: 1.879 Thread 0x00000000165f3800 Uncommon trap: trap_request=0xffffffde fr.pc=0x00000000028169e0
Event: 1.879 Thread 0x00000000165f3800 DEOPT PACKING pc=0x00000000028169e0 sp=0x0000000016f7e510
Event: 1.879 Thread 0x00000000165f3800 DEOPT UNPACKING pc=0x000000000258582a sp=0x0000000016f7e450 mode 2
Event: 1.897 Executing VM operation: ParallelGCFailedAllocation
Event: 2.496 Executing VM operation: ParallelGCFailedAllocation done
Event: 3.959 Thread 0x00000000165f2800 Thread exited: 0x00000000165f2800


Dynamic libraries:
0x00007ff672b50000 - 0x00007ff672b87000 	C:\Program Files\Java\jdk1.8.0_45\bin\java.exe
0x00007fff3a030000 - 0x00007fff3a1dd000 	C:\Windows\SYSTEM32\ntdll.dll
0x00007fff38050000 - 0x00007fff3818e000 	C:\Windows\system32\KERNEL32.DLL
0x00007fff37230000 - 0x00007fff37345000 	C:\Windows\system32\KERNELBASE.dll
0x00007fff35d40000 - 0x00007fff35dce000 	C:\Windows\system32\apphelp.dll
0x00007fff18470000 - 0x00007fff184c3000 	C:\Windows\AppPatch\AppPatch64\AcGenral.DLL
0x00007fff39cc0000 - 0x00007fff39d6a000 	C:\Windows\system32\msvcrt.dll
0x00007fff37690000 - 0x00007fff376be000 	C:\Windows\system32\SspiCli.dll
0x00007fff37f20000 - 0x00007fff37f74000 	C:\Windows\system32\SHLWAPI.dll
0x00007fff37da0000 - 0x00007fff37f17000 	C:\Windows\system32\USER32.dll
0x00007fff37c00000 - 0x00007fff37d94000 	C:\Windows\system32\ole32.dll
0x00007fff38790000 - 0x00007fff39cb9000 	C:\Windows\system32\SHELL32.dll
0x00007fff367b0000 - 0x00007fff367d1000 	C:\Windows\SYSTEM32\USERENV.dll
0x00007fff38410000 - 0x00007fff384ba000 	C:\Windows\system32\ADVAPI32.dll
0x00007fff2de10000 - 0x00007fff2de2e000 	C:\Windows\SYSTEM32\MPR.dll
0x00007fff39d70000 - 0x00007fff39eb0000 	C:\Windows\system32\RPCRT4.dll
0x00007fff39ef0000 - 0x00007fff39f49000 	C:\Windows\SYSTEM32\sechost.dll
0x00007fff376c0000 - 0x00007fff378d1000 	C:\Windows\SYSTEM32\combase.dll
0x00007fff384e0000 - 0x00007fff3862f000 	C:\Windows\system32\GDI32.dll
0x00007fff37160000 - 0x00007fff37175000 	C:\Windows\SYSTEM32\profapi.dll
0x00007fff35700000 - 0x00007fff357b2000 	C:\Windows\SYSTEM32\SHCORE.dll
0x00007fff39eb0000 - 0x00007fff39ee6000 	C:\Windows\system32\IMM32.DLL
0x00007fff38630000 - 0x00007fff38782000 	C:\Windows\system32\MSCTF.dll
0x00007fff34670000 - 0x00007fff348eb000 	C:\Windows\WinSxS\amd64_microsoft.windows.common-controls_6595b64144ccf1df_6.0.9600.18006_none_623f33d3ecbe86e8\COMCTL32.dll
0x0000000071ee0000 - 0x0000000071fb2000 	C:\Program Files\Java\jdk1.8.0_45\jre\bin\msvcr100.dll
0x000000006c690000 - 0x000000006cf13000 	C:\Program Files\Java\jdk1.8.0_45\jre\bin\server\jvm.dll
0x00007fff2fb40000 - 0x00007fff2fb49000 	C:\Windows\SYSTEM32\WSOCK32.dll
0x00007fff2d2e0000 - 0x00007fff2d302000 	C:\Windows\SYSTEM32\WINMM.dll
0x00007fff2cde0000 - 0x00007fff2cdea000 	C:\Windows\SYSTEM32\VERSION.dll
0x00007fff378e0000 - 0x00007fff378e7000 	C:\Windows\system32\PSAPI.DLL
0x00007fff383a0000 - 0x00007fff383fa000 	C:\Windows\system32\WS2_32.dll
0x00007fff2d2b0000 - 0x00007fff2d2da000 	C:\Windows\SYSTEM32\WINMMBASE.dll
0x00007fff384c0000 - 0x00007fff384c9000 	C:\Windows\system32\NSI.dll
0x00007fff373b0000 - 0x00007fff373ff000 	C:\Windows\SYSTEM32\cfgmgr32.dll
0x00007fff35f90000 - 0x00007fff35fb8000 	C:\Windows\SYSTEM32\DEVOBJ.dll
0x0000000072c10000 - 0x0000000072c1f000 	C:\Program Files\Java\jdk1.8.0_45\jre\bin\verify.dll
0x0000000071eb0000 - 0x0000000071ed9000 	C:\Program Files\Java\jdk1.8.0_45\jre\bin\java.dll
0x0000000071e90000 - 0x0000000071ea6000 	C:\Program Files\Java\jdk1.8.0_45\jre\bin\zip.dll
0x00007fff2f2c0000 - 0x00007fff2f449000 	C:\Windows\SYSTEM32\dbghelp.dll

VM Arguments:
jvm_args: -Djava.awt.headless=true -Xmx1024M -Dfile.encoding=windows-1252 -Duser.country=US -Duser.language=en -Duser.variant 
java_command: com.android.dx.command.Main --dex --force-jumbo --num-threads=4 --multi-dex --output D:\android app development\CapstoneHomeSeek\app\build\intermediates\transforms\dex\debug\folders\1000\5\slice_1 D:\android app development\CapstoneHomeSeek\app\build\intermediates\transforms\instantRunSlicer\debug\folders\1\5\slice_1
java_class_path (initial): C:\Users\pluckannfeel\AppData\Local\Android\sdk\build-tools\23.0.3\lib\dx.jar
Launcher Type: SUN_STANDARD

Environment Variables:
JAVA_HOME=C:\Program Files (x86)\Java\jdk1.7.0_71
PATH=C:\ProgramData\Oracle\Java\javapath;C:\Windows\system32;C:\Windows;C:\Windows\System32\Wbem;C:\Windows\System32\WindowsPowerShell\v1.0\;C:\Program Files (x86)\Microsoft SQL Server\100\Tools\Binn\;C:\Program Files\Microsoft SQL Server\100\Tools\Binn\;C:\Program Files\Microsoft SQL Server\100\DTS\Binn\;C:\Program Files (x86)\Microsoft SQL Server\100\Tools\Binn\VSShell\Common7\IDE\;C:\Program Files (x86)\Microsoft SQL Server\100\DTS\Binn\;C:\Program Files (x86)\Microsoft SQL Server\90\Tools\binn\;C:\Program Files\nodejs\;C:\Program Files (x86)\GtkSharp\2.12\bin;C:\Program Files (x86)\Skype\Phone\;C:\Users\pluckannfeel\AppData\Roaming\npm
USERNAME=pluckannfeel
OS=Windows_NT
PROCESSOR_IDENTIFIER=Intel64 Family 6 Model 60 Stepping 3, GenuineIntel



---------------  S Y S T E M  ---------------

OS: Windows 8.1 , 64 bit Build 9600 (6.3.9600.17415)

CPU:total 4 (2 cores per cpu, 2 threads per core) family 6 model 60 stepping 3, cmov, cx8, fxsr, mmx, sse, sse2, sse3, ssse3, sse4.1, sse4.2, popcnt, avx, avx2, aes, clmul, erms, lzcnt, ht, tsc, tscinvbit, bmi1, bmi2

Memory: 4k page, physical 8302956k(663216k free), swap 11448684k(8280k free)

vm_info: Java HotSpot(TM) 64-Bit Server VM (25.45-b02) for windows-amd64 JRE (1.8.0_45-b15), built on Apr 30 2015 12:40:44 by "java_re" with MS VC++ 10.0 (VS2010)

time: Thu Nov 17 06:26:44 2016
elapsed time: 4 seconds (0d 0h 0m 4s)

