#
# There is insufficient memory for the Java Runtime Environment to continue.
# Native memory allocation (malloc) failed to allocate 290416 bytes for Chunk::new
# Possible reasons:
#   The system is out of physical RAM or swap space
#   In 32 bit mode, the process size limit was hit
# Possible solutions:
#   Reduce memory load on the system
#   Increase physical memory or swap space
#   Check if swap backing store is full
#   Use 64 bit Java on a 64 bit OS
#   Decrease Java heap size (-Xmx/-Xms)
#   Decrease number of Java threads
#   Decrease Java thread stack sizes (-Xss)
#   Set larger code cache with -XX:ReservedCodeCacheSize=
# This output file may be truncated or incomplete.
#
#  Out of Memory Error (allocation.cpp:390), pid=3452, tid=6996
#
# JRE version: Java(TM) SE Runtime Environment (8.0_45-b15) (build 1.8.0_45-b15)
# Java VM: Java HotSpot(TM) 64-Bit Server VM (25.45-b02 mixed mode windows-amd64 compressed oops)
# Failed to write core dump. Minidumps are not enabled by default on client versions of Windows
#

---------------  T H R E A D  ---------------

Current thread (0x0000000014afc800):  JavaThread "C2 CompilerThread0" daemon [_thread_in_native, id=6996, stack(0x0000000016060000,0x0000000016160000)]

Stack: [0x0000000016060000,0x0000000016160000]
Native frames: (J=compiled Java code, j=interpreted, Vv=VM code, C=native code)
V  [jvm.dll+0x32b57a]


Current CompileTask:
C2:   2370 1332       4       com.android.dx.ssa.SsaMethod::computeReachability (131 bytes)


---------------  P R O C E S S  ---------------

Java Threads: ( => current thread )
  0x0000000016620000 JavaThread "pool-1-thread-4" [_thread_in_Java, id=7472, stack(0x0000000016d60000,0x0000000016e60000)]
  0x000000001661e000 JavaThread "pool-1-thread-3" [_thread_in_vm, id=6156, stack(0x0000000016c60000,0x0000000016d60000)]
  0x000000001661d800 JavaThread "pool-1-thread-2" [_thread_in_Java, id=8644, stack(0x0000000016b60000,0x0000000016c60000)]
  0x00000000165c0000 JavaThread "pool-2-thread-1" [_thread_blocked, id=9024, stack(0x0000000016a60000,0x0000000016b60000)]
  0x0000000016603000 JavaThread "pool-1-thread-1" [_thread_in_Java, id=6588, stack(0x0000000016960000,0x0000000016a60000)]
  0x000000001636b800 JavaThread "Service Thread" daemon [_thread_blocked, id=6916, stack(0x0000000016760000,0x0000000016860000)]
  0x0000000014b5c000 JavaThread "C1 CompilerThread2" daemon [_thread_blocked, id=2772, stack(0x0000000016260000,0x0000000016360000)]
  0x0000000014b3b800 JavaThread "C2 CompilerThread1" daemon [_thread_in_native, id=7580, stack(0x0000000016160000,0x0000000016260000)]
=>0x0000000014afc800 JavaThread "C2 CompilerThread0" daemon [_thread_in_native, id=6996, stack(0x0000000016060000,0x0000000016160000)]
  0x0000000014afa800 JavaThread "Attach Listener" daemon [_thread_blocked, id=9008, stack(0x0000000015f60000,0x0000000016060000)]
  0x0000000014af9800 JavaThread "Signal Dispatcher" daemon [_thread_blocked, id=5712, stack(0x0000000015e60000,0x0000000015f60000)]
  0x0000000002420800 JavaThread "Finalizer" daemon [_thread_blocked, id=3832, stack(0x0000000015d60000,0x0000000015e60000)]
  0x000000000241d000 JavaThread "Reference Handler" daemon [_thread_blocked, id=8748, stack(0x0000000015c60000,0x0000000015d60000)]
  0x0000000002331000 JavaThread "main" [_thread_in_Java, id=9124, stack(0x0000000002140000,0x0000000002240000)]

Other Threads:
  0x0000000014ac7800 VMThread [stack: 0x0000000015b60000,0x0000000015c60000] [id=6452]
  0x000000001636c800 WatcherThread [stack: 0x0000000016860000,0x0000000016960000] [id=8112]

VM state:not at safepoint (normal execution)

VM Mutex/Monitor currently owned by a thread: None

Heap:
 PSYoungGen      total 38400K, used 12613K [0x00000000eab00000, 0x00000000ef600000, 0x0000000100000000)
  eden space 33280K, 22% used [0x00000000eab00000,0x00000000eb2578e0,0x00000000ecb80000)
  from space 5120K, 99% used [0x00000000ecb80000,0x00000000ed079c98,0x00000000ed080000)
  to   space 5120K, 0% used [0x00000000ef100000,0x00000000ef100000,0x00000000ef600000)
 ParOldGen       total 87552K, used 1267K [0x00000000c0000000, 0x00000000c5580000, 0x00000000eab00000)
  object space 87552K, 1% used [0x00000000c0000000,0x00000000c013cc68,0x00000000c5580000)
 Metaspace       used 5999K, capacity 6960K, committed 7040K, reserved 1056768K
  class space    used 591K, capacity 616K, committed 640K, reserved 1048576K

Card table byte_map: [0x00000000117f0000,0x0000000011a00000] byte_map_base: 0x00000000111f0000

Marking Bits: (ParMarkBitMap*) 0x00000000755c4040
 Begin Bits: [0x0000000011f60000, 0x0000000012f60000)
 End Bits:   [0x0000000012f60000, 0x0000000013f60000)

Polling page: 0x0000000000810000

CodeCache: size=245760Kb used=5070Kb max_used=5070Kb free=240689Kb
 bounds [0x0000000002430000, 0x0000000002930000, 0x0000000011430000]
 total_blobs=1593 nmethods=1323 adapters=182
 compilation: disabled (not enough contiguous free space left)

Compilation events (10 events):
Event: 2.344 Thread 0x0000000014afc800 1332       4       com.android.dx.ssa.SsaMethod::computeReachability (131 bytes)
Event: 2.344 Thread 0x0000000014b5c000 nmethod 1331 0x0000000002921a10 code [0x0000000002921dc0, 0x0000000002923c28]
Event: 2.344 Thread 0x0000000014b5c000 1312       3       com.android.dx.rop.code.RegisterSpecList::make (17 bytes)
Event: 2.345 Thread 0x0000000014b5c000 nmethod 1312 0x0000000002920210 code [0x00000000029203e0, 0x0000000002920ca8]
Event: 2.345 Thread 0x0000000014b5c000 1324       3       com.android.dx.ssa.SsaMethod::getGoto (26 bytes)
Event: 2.345 Thread 0x0000000014b5c000 nmethod 1324 0x000000000291f890 code [0x000000000291fa40, 0x000000000291ffb8]
Event: 2.346 Thread 0x0000000014b5c000 1321       3       com.android.dx.dex.code.RopTranslator$TranslationVisitor::visitPlainCstInsn (161 bytes)
Event: 2.348 Thread 0x0000000014b5c000 nmethod 1321 0x0000000002925150 code [0x0000000002925500, 0x00000000029279b8]
Event: 2.348 Thread 0x0000000014b5c000 1338       3       com.android.dx.cf.code.Simulator$SimVisitor::visitNoArgs (2108 bytes)
Event: 2.358 Thread 0x0000000014b5c000 


GC Heap History (2 events):
Event: 2.060 GC heap before
{Heap before GC invocations=1 (full 0):
 PSYoungGen      total 38400K, used 33280K [0x00000000eab00000, 0x00000000ed580000, 0x0000000100000000)
  eden space 33280K, 100% used [0x00000000eab00000,0x00000000ecb80000,0x00000000ecb80000)
  from space 5120K, 0% used [0x00000000ed080000,0x00000000ed080000,0x00000000ed580000)
  to   space 5120K, 0% used [0x00000000ecb80000,0x00000000ecb80000,0x00000000ed080000)
 ParOldGen       total 87552K, used 0K [0x00000000c0000000, 0x00000000c5580000, 0x00000000eab00000)
  object space 87552K, 0% used [0x00000000c0000000,0x00000000c0000000,0x00000000c5580000)
 Metaspace       used 5946K, capacity 6896K, committed 7040K, reserved 1056768K
  class space    used 591K, capacity 616K, committed 640K, reserved 1048576K
Event: 2.172 GC heap after
Heap after GC invocations=1 (full 0):
 PSYoungGen      total 38400K, used 5095K [0x00000000eab00000, 0x00000000ef600000, 0x0000000100000000)
  eden space 33280K, 0% used [0x00000000eab00000,0x00000000eab00000,0x00000000ecb80000)
  from space 5120K, 99% used [0x00000000ecb80000,0x00000000ed079c98,0x00000000ed080000)
  to   space 5120K, 0% used [0x00000000ef100000,0x00000000ef100000,0x00000000ef600000)
 ParOldGen       total 87552K, used 1267K [0x00000000c0000000, 0x00000000c5580000, 0x00000000eab00000)
  object space 87552K, 1% used [0x00000000c0000000,0x00000000c013cc68,0x00000000c5580000)
 Metaspace       used 5946K, capacity 6896K, committed 7040K, reserved 1056768K
  class space    used 591K, capacity 616K, committed 640K, reserved 1048576K
}

Deoptimization events (10 events):
Event: 1.296 Thread 0x0000000002331000 Uncommon trap: reason=unstable_if action=reinterpret pc=0x00000000026735f0 method=java.util.BitSet.nextSetBit(I)I @ 87
Event: 1.401 Thread 0x000000001661e000 Uncommon trap: reason=unstable_if action=reinterpret pc=0x00000000026f537c method=com.android.dx.rop.code.LocalItem.hashCode()I @ 25
Event: 1.520 Thread 0x0000000016603000 Uncommon trap: reason=unstable_if action=reinterpret pc=0x000000000269bff4 method=java.util.BitSet.ensureCapacity(I)V @ 6
Event: 1.627 Thread 0x0000000016603000 Uncommon trap: reason=unstable_if action=reinterpret pc=0x000000000269dfac method=java.util.HashMap.getNode(ILjava/lang/Object;)Ljava/util/HashMap$Node; @ 129
Event: 1.735 Thread 0x0000000016603000 Uncommon trap: reason=unstable_if action=reinterpret pc=0x00000000026d5434 method=com.android.dx.rop.code.RegisterSpec.equals(ILcom/android/dx/rop/type/TypeBearer;Lcom/android/dx/rop/code/LocalItem;)Z @ 16
Event: 1.874 Thread 0x0000000002331000 Uncommon trap: reason=null_check action=make_not_entrant pc=0x00000000026e5968 method=com.android.dx.ssa.SsaRenamer.getLocalForNewReg(I)Lcom/android/dx/rop/code/LocalItem; @ 19
Event: 1.885 Thread 0x000000001661d800 Uncommon trap: reason=unstable_if action=reinterpret pc=0x000000000274408c method=com.android.dx.rop.code.RegisterSpec.equals(ILcom/android/dx/rop/type/TypeBearer;Lcom/android/dx/rop/code/LocalItem;)Z @ 16
Event: 1.886 Thread 0x000000001661d800 Uncommon trap: reason=unstable_if action=reinterpret pc=0x000000000271adf4 method=com.android.dx.rop.code.RegisterSpec.equals(ILcom/android/dx/rop/type/TypeBearer;Lcom/android/dx/rop/code/LocalItem;)Z @ 16
Event: 2.317 Thread 0x0000000016620000 Uncommon trap: reason=bimorphic action=maybe_recompile pc=0x00000000028ab33c method=java.util.HashMap.putVal(ILjava/lang/Object;Ljava/lang/Object;ZZ)Ljava/lang/Object; @ 91
Event: 2.337 Thread 0x0000000016620000 Uncommon trap: reason=null_check action=make_not_entrant pc=0x00000000028e65a4 method=com.android.dx.rop.type.Type.equals(Ljava/lang/Object;)Z @ 8

Internal exceptions (4 events):
Event: 0.044 Thread 0x0000000002331000 Exception <a 'java/lang/NoSuchMethodError': Method sun.misc.Unsafe.defineClass(Ljava/lang/String;[BII)Ljava/lang/Class; name or signature does not match> (0x00000000eab0d478) thrown at [C:\re\workspace\8-2-build-windows-amd64-cygwin\jdk8u45\3627\hotspot\srÅÖŒ¬µÄ¶?
Event: 0.044 Thread 0x0000000002331000 Exception <a 'java/lang/NoSuchMethodError': Method sun.misc.Unsafe.prefetchRead(Ljava/lang/Object;J)V name or signature does not match> (0x00000000eab0d708) thrown at [C:\re\workspace\8-2-build-windows-amd64-cygwin\jdk8u45\3627\hotspot\src\share\vm\prims\jlÖ'•˝˝?
Event: 1.874 Thread 0x0000000002331000 Implicit null exception at 0x00000000026e353c to 0x00000000026e5921
Event: 2.337 Thread 0x0000000016620000 Implicit null exception at 0x00000000028e64a2 to 0x00000000028e6595

Events (10 events):
Event: 1.886 Thread 0x000000001661d800 DEOPT PACKING pc=0x000000000271adf4 sp=0x0000000016c5eb60
Event: 1.886 Thread 0x000000001661d800 DEOPT UNPACKING pc=0x000000000247582a sp=0x0000000016c5e9a0 mode 2
Event: 1.907 Executing VM operation: ParallelGCFailedAllocation
Event: 2.172 Executing VM operation: ParallelGCFailedAllocation done
Event: 2.317 Thread 0x0000000016620000 Uncommon trap: trap_request=0xffffffc6 fr.pc=0x00000000028ab33c
Event: 2.317 Thread 0x0000000016620000 DEOPT PACKING pc=0x00000000028ab33c sp=0x0000000016e5e8f0
Event: 2.317 Thread 0x0000000016620000 DEOPT UNPACKING pc=0x000000000247582a sp=0x0000000016e5e878 mode 2
Event: 2.337 Thread 0x0000000016620000 Uncommon trap: trap_request=0xfffffff4 fr.pc=0x00000000028e65a4
Event: 2.337 Thread 0x0000000016620000 DEOPT PACKING pc=0x00000000028e65a4 sp=0x0000000016e5e5e0
Event: 2.337 Thread 0x0000000016620000 DEOPT UNPACKING pc=0x000000000247582a sp=0x0000000016e5e568 mode 2


Dynamic libraries:
0x00007ff6cea30000 - 0x00007ff6cea67000 	C:\Program Files\Java\jdk1.8.0_45\bin\java.exe
0x00007ffeeff40000 - 0x00007ffef00ed000 	C:\Windows\SYSTEM32\ntdll.dll
0x00007ffeefd90000 - 0x00007ffeefece000 	C:\Windows\system32\KERNEL32.DLL
0x00007ffeed480000 - 0x00007ffeed595000 	C:\Windows\system32\KERNELBASE.dll
0x00007ffeebc40000 - 0x00007ffeebcce000 	C:\Windows\system32\apphelp.dll
0x00007ffed2f90000 - 0x00007ffed2fe3000 	C:\Windows\AppPatch\AppPatch64\AcGenral.DLL
0x00007ffeef270000 - 0x00007ffeef31a000 	C:\Windows\system32\msvcrt.dll
0x00007ffeed5a0000 - 0x00007ffeed5ce000 	C:\Windows\system32\SspiCli.dll
0x00007ffeef700000 - 0x00007ffeef754000 	C:\Windows\system32\SHLWAPI.dll
0x00007ffeefb90000 - 0x00007ffeefd07000 	C:\Windows\system32\USER32.dll
0x00007ffeed7a0000 - 0x00007ffeed934000 	C:\Windows\system32\ole32.dll
0x00007ffeed940000 - 0x00007ffeeee69000 	C:\Windows\system32\SHELL32.dll
0x00007ffeec6c0000 - 0x00007ffeec6e1000 	C:\Windows\SYSTEM32\USERENV.dll
0x00007ffeef600000 - 0x00007ffeef6aa000 	C:\Windows\system32\ADVAPI32.dll
0x00007ffedcee0000 - 0x00007ffedcefe000 	C:\Windows\SYSTEM32\MPR.dll
0x00007ffeef130000 - 0x00007ffeef270000 	C:\Windows\system32\RPCRT4.dll
0x00007ffeefd20000 - 0x00007ffeefd79000 	C:\Windows\SYSTEM32\sechost.dll
0x00007ffeef3e0000 - 0x00007ffeef5f1000 	C:\Windows\SYSTEM32\combase.dll
0x00007ffeef830000 - 0x00007ffeef97f000 	C:\Windows\system32\GDI32.dll
0x00007ffeed070000 - 0x00007ffeed085000 	C:\Windows\SYSTEM32\profapi.dll
0x00007ffeeb710000 - 0x00007ffeeb7c2000 	C:\Windows\SYSTEM32\SHCORE.dll
0x00007ffeef6c0000 - 0x00007ffeef6f6000 	C:\Windows\system32\IMM32.DLL
0x00007ffeed640000 - 0x00007ffeed792000 	C:\Windows\system32\MSCTF.dll
0x00007ffee8b90000 - 0x00007ffee8e0b000 	C:\Windows\WinSxS\amd64_microsoft.windows.common-controls_6595b64144ccf1df_6.0.9600.18006_none_623f33d3ecbe86e8\COMCTL32.dll
0x0000000075650000 - 0x0000000075722000 	C:\Program Files\Java\jdk1.8.0_45\jre\bin\msvcr100.dll
0x0000000074dc0000 - 0x0000000075643000 	C:\Program Files\Java\jdk1.8.0_45\jre\bin\server\jvm.dll
0x00007ffed00d0000 - 0x00007ffed00d9000 	C:\Windows\SYSTEM32\WSOCK32.dll
0x00007ffee53c0000 - 0x00007ffee53e2000 	C:\Windows\SYSTEM32\WINMM.dll
0x00007ffee5250000 - 0x00007ffee525a000 	C:\Windows\SYSTEM32\VERSION.dll
0x00007ffeef6b0000 - 0x00007ffeef6b7000 	C:\Windows\system32\PSAPI.DLL
0x00007ffeed5d0000 - 0x00007ffeed62a000 	C:\Windows\system32\WS2_32.dll
0x00007ffee5390000 - 0x00007ffee53ba000 	C:\Windows\SYSTEM32\WINMMBASE.dll
0x00007ffeefd10000 - 0x00007ffeefd19000 	C:\Windows\system32\NSI.dll
0x00007ffeed140000 - 0x00007ffeed18f000 	C:\Windows\SYSTEM32\cfgmgr32.dll
0x00007ffeebe90000 - 0x00007ffeebeb8000 	C:\Windows\SYSTEM32\DEVOBJ.dll
0x0000000074db0000 - 0x0000000074dbf000 	C:\Program Files\Java\jdk1.8.0_45\jre\bin\verify.dll
0x0000000074d80000 - 0x0000000074da9000 	C:\Program Files\Java\jdk1.8.0_45\jre\bin\java.dll
0x0000000074d60000 - 0x0000000074d76000 	C:\Program Files\Java\jdk1.8.0_45\jre\bin\zip.dll
0x00007ffec8a50000 - 0x00007ffec8bd9000 	C:\Windows\SYSTEM32\dbghelp.dll

VM Arguments:
jvm_args: -Djava.awt.headless=true -Xmx1024M -Dfile.encoding=windows-1252 -Duser.country=US -Duser.language=en -Duser.variant 
java_command: com.android.dx.command.Main --dex --num-threads=4 --output D:\capstone\CapstoneHomeSeek\app\build\intermediates\pre-dexed\debug\com.android.support-design-23.4.0_8ee4d165c9facc4969ae3741a21a280e885550e3.jar D:\capstone\CapstoneHomeSeek\app\build\intermediates\exploded-aar\com.android.support\design\23.4.0\jars\classes.jar
java_class_path (initial): C:\Users\pluckannfeel\AppData\Local\Android\sdk\build-tools\23.0.3\lib\dx.jar
Launcher Type: SUN_STANDARD

Environment Variables:
JAVA_HOME=C:\Program Files (x86)\Java\jdk1.7.0_71
PATH=C:\ProgramData\Oracle\Java\javapath;C:\Windows\system32;C:\Windows;C:\Windows\System32\Wbem;C:\Windows\System32\WindowsPowerShell\v1.0\;C:\Program Files (x86)\Microsoft SQL Server\100\Tools\Binn\;C:\Program Files\Microsoft SQL Server\100\Tools\Binn\;C:\Program Files\Microsoft SQL Server\100\DTS\Binn\;C:\Program Files (x86)\Microsoft SQL Server\100\Tools\Binn\VSShell\Common7\IDE\;C:\Program Files (x86)\Microsoft SQL Server\100\DTS\Binn\;C:\Program Files (x86)\Microsoft SQL Server\90\Tools\binn\;C:\Program Files\nodejs\;C:\Program Files (x86)\GtkSharp\2.12\bin;C:\Program Files (x86)\Skype\Phone\;C:\Users\pluckannfeel\AppData\Roaming\npm
USERNAME=pluckannfeel
OS=Windows_NT
PROCESSOR_IDENTIFIER=Intel64 Family 6 Model 60 Stepping 3, GenuineIntel



---------------  S Y S T E M  ---------------

OS: Windows 8.1 , 64 bit Build 9600 (6.3.9600.17415)

CPU:total 4 (2 cores per cpu, 2 threads per core) family 6 model 60 stepping 3, cmov, cx8, fxsr, mmx, sse, sse2, sse3, ssse3, sse4.1, sse4.2, popcnt, avx, avx2, aes, clmul, erms, lzcnt, ht, tsc, tscinvbit, bmi1, bmi2

Memory: 4k page, physical 8302956k(1208924k free), swap 11448684k(5112k free)

vm_info: Java HotSpot(TM) 64-Bit Server VM (25.45-b02) for windows-amd64 JRE (1.8.0_45-b15), built on Apr 30 2015 12:40:44 by "java_re" with MS VC++ 10.0 (VS2010)

time: Tue Nov 29 13:24:19 2016
elapsed time: 2 seconds (0d 0h 0m 2s)

