#
# There is insufficient memory for the Java Runtime Environment to continue.
# Native memory allocation (malloc) failed to allocate 75856 bytes for Chunk::new
# Possible reasons:
#   The system is out of physical RAM or swap space
#   In 32 bit mode, the process size limit was hit
# Possible solutions:
#   Reduce memory load on the system
#   Increase physical memory or swap space
#   Check if swap backing store is full
#   Use 64 bit Java on a 64 bit OS
#   Decrease Java heap size (-Xmx/-Xms)
#   Decrease number of Java threads
#   Decrease Java thread stack sizes (-Xss)
#   Set larger code cache with -XX:ReservedCodeCacheSize=
# This output file may be truncated or incomplete.
#
#  Out of Memory Error (allocation.cpp:390), pid=292, tid=6720
#
# JRE version: Java(TM) SE Runtime Environment (8.0_45-b15) (build 1.8.0_45-b15)
# Java VM: Java HotSpot(TM) 64-Bit Server VM (25.45-b02 mixed mode windows-amd64 compressed oops)
# Failed to write core dump. Minidumps are not enabled by default on client versions of Windows
#

---------------  T H R E A D  ---------------

Current thread (0x0000000014f3c800):  JavaThread "C2 CompilerThread0" daemon [_thread_in_native, id=6720, stack(0x0000000016490000,0x0000000016590000)]

Stack: [0x0000000016490000,0x0000000016590000]
Native frames: (J=compiled Java code, j=interpreted, Vv=VM code, C=native code)
V  [jvm.dll+0x32b57a]


Current CompileTask:
C2:   7008 1574   !   4       com.android.dx.cf.code.RopperMachine::run (1550 bytes)


---------------  P R O C E S S  ---------------

Java Threads: ( => current thread )
  0x0000000016a19000 JavaThread "pool-1-thread-4" [_thread_blocked, id=7616, stack(0x0000000017190000,0x0000000017290000)]
  0x0000000016a15800 JavaThread "pool-1-thread-3" [_thread_blocked, id=5632, stack(0x0000000017090000,0x0000000017190000)]
  0x0000000016a0c800 JavaThread "pool-1-thread-2" [_thread_in_Java, id=6488, stack(0x0000000016f90000,0x0000000017090000)]
  0x00000000169e7000 JavaThread "pool-2-thread-1" [_thread_blocked, id=300, stack(0x0000000016e90000,0x0000000016f90000)]
  0x00000000169df000 JavaThread "pool-1-thread-1" [_thread_in_Java, id=6348, stack(0x0000000016d90000,0x0000000016e90000)]
  0x000000001679d800 JavaThread "Service Thread" daemon [_thread_blocked, id=7736, stack(0x0000000016b90000,0x0000000016c90000)]
  0x0000000014f9c000 JavaThread "C1 CompilerThread2" daemon [_thread_blocked, id=4712, stack(0x0000000016690000,0x0000000016790000)]
  0x0000000014f40000 JavaThread "C2 CompilerThread1" daemon [_thread_in_native, id=8808, stack(0x0000000016590000,0x0000000016690000)]
=>0x0000000014f3c800 JavaThread "C2 CompilerThread0" daemon [_thread_in_native, id=6720, stack(0x0000000016490000,0x0000000016590000)]
  0x0000000014f3b000 JavaThread "Attach Listener" daemon [_thread_blocked, id=2412, stack(0x0000000016390000,0x0000000016490000)]
  0x0000000014f39800 JavaThread "Signal Dispatcher" daemon [_thread_blocked, id=6560, stack(0x0000000016290000,0x0000000016390000)]
  0x0000000002861000 JavaThread "Finalizer" daemon [_thread_blocked, id=908, stack(0x0000000016190000,0x0000000016290000)]
  0x000000000285e000 JavaThread "Reference Handler" daemon [_thread_blocked, id=772, stack(0x0000000016090000,0x0000000016190000)]
  0x0000000002771000 JavaThread "main" [_thread_in_Java, id=8768, stack(0x0000000002670000,0x0000000002770000)]

Other Threads:
  0x0000000014f07000 VMThread [stack: 0x0000000015f90000,0x0000000016090000] [id=7148]
  0x000000001679e800 WatcherThread [stack: 0x0000000016c90000,0x0000000016d90000] [id=8504]

VM state:not at safepoint (normal execution)

VM Mutex/Monitor currently owned by a thread: None

Heap:
 PSYoungGen      total 71680K, used 24880K [0x00000000eab00000, 0x00000000ef600000, 0x0000000100000000)
  eden space 66560K, 29% used [0x00000000eab00000,0x00000000ebe52710,0x00000000eec00000)
  from space 5120K, 99% used [0x00000000ef100000,0x00000000ef5f9c98,0x00000000ef600000)
  to   space 5120K, 0% used [0x00000000eec00000,0x00000000eec00000,0x00000000ef100000)
 ParOldGen       total 87552K, used 5410K [0x00000000c0000000, 0x00000000c5580000, 0x00000000eab00000)
  object space 87552K, 6% used [0x00000000c0000000,0x00000000c0548bc0,0x00000000c5580000)
 Metaspace       used 6120K, capacity 7088K, committed 7296K, reserved 1056768K
  class space    used 590K, capacity 616K, committed 640K, reserved 1048576K

Card table byte_map: [0x0000000011c30000,0x0000000011e40000] byte_map_base: 0x0000000011630000

Marking Bits: (ParMarkBitMap*) 0x00000000755c4040
 Begin Bits: [0x00000000123a0000, 0x00000000133a0000)
 End Bits:   [0x00000000133a0000, 0x00000000143a0000)

Polling page: 0x0000000002560000

CodeCache: size=245760Kb used=6848Kb max_used=6866Kb free=238911Kb
 bounds [0x0000000002870000, 0x0000000002f30000, 0x0000000011870000]
 total_blobs=1828 nmethods=1558 adapters=182
 compilation: disabled (not enough contiguous free space left)

Compilation events (10 events):
Event: 6.673 Thread 0x0000000014f9c000 nmethod 1588 0x0000000002eeb390 code [0x0000000002eeb4e0, 0x0000000002eeb670]
Event: 6.674 Thread 0x0000000014f9c000 1589       3       java.util.concurrent.locks.AbstractQueuedSynchronizer$ConditionObject::signal (33 bytes)
Event: 6.675 Thread 0x0000000014f9c000 nmethod 1589 0x0000000002f1a910 code [0x0000000002f1aaa0, 0x0000000002f1ae08]
Event: 6.675 Thread 0x0000000014f9c000 1590       3       java.util.concurrent.locks.ReentrantLock$Sync::isHeldExclusively (16 bytes)
Event: 6.675 Thread 0x0000000014f9c000 nmethod 1590 0x0000000002f1a4d0 code [0x0000000002f1a640, 0x0000000002f1a8b0]
Event: 6.692 Thread 0x0000000014f3c800 nmethod 1576 0x0000000002f1f950 code [0x0000000002f1fb40, 0x0000000002f205d8]
Event: 6.692 Thread 0x0000000014f3c800 1574   !   4       com.android.dx.cf.code.RopperMachine::run (1550 bytes)
Event: 6.831 Thread 0x0000000014f40000 nmethod 1571 0x0000000002f25d50 code [0x0000000002f269a0, 0x0000000002f2a338]
Event: 6.831 Thread 0x0000000014f40000 1560       4       com.android.dx.ssa.SsaBasicBlock::<init> (109 bytes)
Event: 6.840 Thread 0x0000000014f40000 nmethod 1560 0x0000000002f1d850 code [0x0000000002f1d9e0, 0x0000000002f1e078]

GC Heap History (4 events):
Event: 4.950 GC heap before
{Heap before GC invocations=1 (full 0):
 PSYoungGen      total 38400K, used 33280K [0x00000000eab00000, 0x00000000ed580000, 0x0000000100000000)
  eden space 33280K, 100% used [0x00000000eab00000,0x00000000ecb80000,0x00000000ecb80000)
  from space 5120K, 0% used [0x00000000ed080000,0x00000000ed080000,0x00000000ed580000)
  to   space 5120K, 0% used [0x00000000ecb80000,0x00000000ecb80000,0x00000000ed080000)
 ParOldGen       total 87552K, used 0K [0x00000000c0000000, 0x00000000c5580000, 0x00000000eab00000)
  object space 87552K, 0% used [0x00000000c0000000,0x00000000c0000000,0x00000000c5580000)
 Metaspace       used 5863K, capacity 6896K, committed 7040K, reserved 1056768K
  class space    used 581K, capacity 616K, committed 640K, reserved 1048576K
Event: 5.174 GC heap after
Heap after GC invocations=1 (full 0):
 PSYoungGen      total 38400K, used 5088K [0x00000000eab00000, 0x00000000ef600000, 0x0000000100000000)
  eden space 33280K, 0% used [0x00000000eab00000,0x00000000eab00000,0x00000000ecb80000)
  from space 5120K, 99% used [0x00000000ecb80000,0x00000000ed078040,0x00000000ed080000)
  to   space 5120K, 0% used [0x00000000ef100000,0x00000000ef100000,0x00000000ef600000)
 ParOldGen       total 87552K, used 1238K [0x00000000c0000000, 0x00000000c5580000, 0x00000000eab00000)
  object space 87552K, 1% used [0x00000000c0000000,0x00000000c0135810,0x00000000c5580000)
 Metaspace       used 5863K, capacity 6896K, committed 7040K, reserved 1056768K
  class space    used 581K, capacity 616K, committed 640K, reserved 1048576K
}
Event: 6.287 GC heap before
{Heap before GC invocations=2 (full 0):
 PSYoungGen      total 38400K, used 38368K [0x00000000eab00000, 0x00000000ef600000, 0x0000000100000000)
  eden space 33280K, 100% used [0x00000000eab00000,0x00000000ecb80000,0x00000000ecb80000)
  from space 5120K, 99% used [0x00000000ecb80000,0x00000000ed078040,0x00000000ed080000)
  to   space 5120K, 0% used [0x00000000ef100000,0x00000000ef100000,0x00000000ef600000)
 ParOldGen       total 87552K, used 1238K [0x00000000c0000000, 0x00000000c5580000, 0x00000000eab00000)
  object space 87552K, 1% used [0x00000000c0000000,0x00000000c0135810,0x00000000c5580000)
 Metaspace       used 6082K, capacity 7024K, committed 7296K, reserved 1056768K
  class space    used 589K, capacity 616K, committed 640K, reserved 1048576K
Event: 6.495 GC heap after
Heap after GC invocations=2 (full 0):
 PSYoungGen      total 71680K, used 5095K [0x00000000eab00000, 0x00000000ef600000, 0x0000000100000000)
  eden space 66560K, 0% used [0x00000000eab00000,0x00000000eab00000,0x00000000eec00000)
  from space 5120K, 99% used [0x00000000ef100000,0x00000000ef5f9c98,0x00000000ef600000)
  to   space 5120K, 0% used [0x00000000eec00000,0x00000000eec00000,0x00000000ef100000)
 ParOldGen       total 87552K, used 5410K [0x00000000c0000000, 0x00000000c5580000, 0x00000000eab00000)
  object space 87552K, 6% used [0x00000000c0000000,0x00000000c0548bc0,0x00000000c5580000)
 Metaspace       used 6082K, capacity 7024K, committed 7296K, reserved 1056768K
  class space    used 589K, capacity 616K, committed 640K, reserved 1048576K
}

Deoptimization events (10 events):
Event: 5.483 Thread 0x00000000169df000 Uncommon trap: reason=unstable_if action=reinterpret pc=0x0000000002d7ed54 method=com.android.dx.ssa.SCCP.simulateBranch(Lcom/android/dx/ssa/SsaInsn;)V @ 118
Event: 5.626 Thread 0x00000000169df000 Uncommon trap: reason=unstable_if action=reinterpret pc=0x0000000002cee458 method=com.android.dx.rop.code.DexTranslationAdvice.requiresSourcesInOrder(Lcom/android/dx/rop/code/Rop;Lcom/android/dx/rop/code/RegisterSpecList;)Z @ 21
Event: 5.746 Thread 0x00000000169df000 Uncommon trap: reason=class_check action=maybe_recompile pc=0x0000000002b74100 method=com.android.dx.ssa.NormalSsaInsn.accept(Lcom/android/dx/ssa/SsaInsn$Visitor;)V @ 9
Event: 5.785 Thread 0x0000000016a19000 Uncommon trap: reason=uninitialized action=reinterpret pc=0x0000000002db8330 method=com.android.dx.cf.code.BytecodeArray.parseInstruction(ILcom/android/dx/cf/code/BytecodeArray$Visitor;)I @ 999
Event: 5.802 Thread 0x0000000016a0c800 Uncommon trap: reason=class_check action=maybe_recompile pc=0x0000000002b74100 method=com.android.dx.ssa.NormalSsaInsn.accept(Lcom/android/dx/ssa/SsaInsn$Visitor;)V @ 9
Event: 5.802 Thread 0x0000000016a0c800 Uncommon trap: reason=class_check action=maybe_recompile pc=0x0000000002b52a50 method=com.android.dx.ssa.NormalSsaInsn.accept(Lcom/android/dx/ssa/SsaInsn$Visitor;)V @ 9
Event: 5.802 Thread 0x0000000016a0c800 Uncommon trap: reason=class_check action=maybe_recompile pc=0x0000000002b52a50 method=com.android.dx.ssa.NormalSsaInsn.accept(Lcom/android/dx/ssa/SsaInsn$Visitor;)V @ 9
Event: 5.803 Thread 0x0000000016a0c800 Uncommon trap: reason=class_check action=maybe_recompile pc=0x0000000002b74100 method=com.android.dx.ssa.NormalSsaInsn.accept(Lcom/android/dx/ssa/SsaInsn$Visitor;)V @ 9
Event: 6.661 Thread 0x0000000016a0c800 Uncommon trap: reason=unstable_if action=reinterpret pc=0x0000000002e67250 method=com.android.dx.ssa.SCCP.simulateStmt(Lcom/android/dx/ssa/SsaInsn;)V @ 53
Event: 6.665 Thread 0x0000000016a0c800 Uncommon trap: reason=bimorphic action=maybe_recompile pc=0x0000000002ef0f84 method=com.android.dx.ssa.SCCP.simulatePhi(Lcom/android/dx/ssa/PhiInsn;)V @ 124

Internal exceptions (3 events):
Event: 0.065 Thread 0x0000000002771000 Exception <a 'java/lang/NoSuchMethodError': Method sun.misc.Unsafe.defineClass(Ljava/lang/String;[BII)Ljava/lang/Class; name or signature does not match> (0x00000000eab0d2c8) thrown at [C:\re\workspace\8-2-build-windows-amd64-cygwin\jdk8u45\3627\hotspot\srËßƒ–°?
Event: 0.065 Thread 0x0000000002771000 Exception <a 'java/lang/NoSuchMethodError': Method sun.misc.Unsafe.prefetchRead(Ljava/lang/Object;J)V name or signature does not match> (0x00000000eab0d558) thrown at [C:\re\workspace\8-2-build-windows-amd64-cygwin\jdk8u45\3627\hotspot\src\share\vm\prims\j¯…ãHé@
Event: 5.478 Thread 0x0000000016a15800 Implicit null exception at 0x0000000002b721e2 to 0x0000000002b722d5

Events (10 events):
Event: 5.873 loading class com/android/dx/dex/file/AnnotationSetRefItem
Event: 5.873 loading class com/android/dx/dex/file/AnnotationSetRefItem done
Event: 6.287 Executing VM operation: ParallelGCFailedAllocation
Event: 6.495 Executing VM operation: ParallelGCFailedAllocation done
Event: 6.661 Thread 0x0000000016a0c800 Uncommon trap: trap_request=0xffffff65 fr.pc=0x0000000002e67250
Event: 6.661 Thread 0x0000000016a0c800 DEOPT PACKING pc=0x0000000002e67250 sp=0x000000001708e540
Event: 6.661 Thread 0x0000000016a0c800 DEOPT UNPACKING pc=0x00000000028b582a sp=0x000000001708e508 mode 2
Event: 6.665 Thread 0x0000000016a0c800 Uncommon trap: trap_request=0xffffffc6 fr.pc=0x0000000002ef0f84
Event: 6.665 Thread 0x0000000016a0c800 DEOPT PACKING pc=0x0000000002ef0f84 sp=0x000000001708e5e0
Event: 6.665 Thread 0x0000000016a0c800 DEOPT UNPACKING pc=0x00000000028b582a sp=0x000000001708e558 mode 2


Dynamic libraries:
0x00007ff6cea30000 - 0x00007ff6cea67000 	C:\Program Files\Java\jdk1.8.0_45\bin\java.exe
0x00007ffeeff40000 - 0x00007ffef00ed000 	C:\Windows\SYSTEM32\ntdll.dll
0x00007ffeefd90000 - 0x00007ffeefece000 	C:\Windows\system32\KERNEL32.DLL
0x00007ffeed480000 - 0x00007ffeed595000 	C:\Windows\system32\KERNELBASE.dll
0x00007ffeebc40000 - 0x00007ffeebcce000 	C:\Windows\system32\apphelp.dll
0x00007ffed2f90000 - 0x00007ffed2fe3000 	C:\Windows\AppPatch\AppPatch64\AcGenral.DLL
0x00007ffeef270000 - 0x00007ffeef31a000 	C:\Windows\system32\msvcrt.dll
0x00007ffeed5a0000 - 0x00007ffeed5ce000 	C:\Windows\system32\SspiCli.dll
0x00007ffeef700000 - 0x00007ffeef754000 	C:\Windows\system32\SHLWAPI.dll
0x00007ffeefb90000 - 0x00007ffeefd07000 	C:\Windows\system32\USER32.dll
0x00007ffeed7a0000 - 0x00007ffeed934000 	C:\Windows\system32\ole32.dll
0x00007ffeed940000 - 0x00007ffeeee69000 	C:\Windows\system32\SHELL32.dll
0x00007ffeec6c0000 - 0x00007ffeec6e1000 	C:\Windows\SYSTEM32\USERENV.dll
0x00007ffeef600000 - 0x00007ffeef6aa000 	C:\Windows\system32\ADVAPI32.dll
0x00007ffedcee0000 - 0x00007ffedcefe000 	C:\Windows\SYSTEM32\MPR.dll
0x00007ffeef130000 - 0x00007ffeef270000 	C:\Windows\system32\RPCRT4.dll
0x00007ffeefd20000 - 0x00007ffeefd79000 	C:\Windows\SYSTEM32\sechost.dll
0x00007ffeef3e0000 - 0x00007ffeef5f1000 	C:\Windows\SYSTEM32\combase.dll
0x00007ffeef830000 - 0x00007ffeef97f000 	C:\Windows\system32\GDI32.dll
0x00007ffeed070000 - 0x00007ffeed085000 	C:\Windows\SYSTEM32\profapi.dll
0x00007ffeeb710000 - 0x00007ffeeb7c2000 	C:\Windows\SYSTEM32\SHCORE.dll
0x00007ffeef6c0000 - 0x00007ffeef6f6000 	C:\Windows\system32\IMM32.DLL
0x00007ffeed640000 - 0x00007ffeed792000 	C:\Windows\system32\MSCTF.dll
0x00007ffee8b90000 - 0x00007ffee8e0b000 	C:\Windows\WinSxS\amd64_microsoft.windows.common-controls_6595b64144ccf1df_6.0.9600.18006_none_623f33d3ecbe86e8\COMCTL32.dll
0x0000000075650000 - 0x0000000075722000 	C:\Program Files\Java\jdk1.8.0_45\jre\bin\msvcr100.dll
0x0000000074dc0000 - 0x0000000075643000 	C:\Program Files\Java\jdk1.8.0_45\jre\bin\server\jvm.dll
0x00007ffed00d0000 - 0x00007ffed00d9000 	C:\Windows\SYSTEM32\WSOCK32.dll
0x00007ffee53c0000 - 0x00007ffee53e2000 	C:\Windows\SYSTEM32\WINMM.dll
0x00007ffee5250000 - 0x00007ffee525a000 	C:\Windows\SYSTEM32\VERSION.dll
0x00007ffeef6b0000 - 0x00007ffeef6b7000 	C:\Windows\system32\PSAPI.DLL
0x00007ffeed5d0000 - 0x00007ffeed62a000 	C:\Windows\system32\WS2_32.dll
0x00007ffee5390000 - 0x00007ffee53ba000 	C:\Windows\SYSTEM32\WINMMBASE.dll
0x00007ffeefd10000 - 0x00007ffeefd19000 	C:\Windows\system32\NSI.dll
0x00007ffeed140000 - 0x00007ffeed18f000 	C:\Windows\SYSTEM32\cfgmgr32.dll
0x00007ffeebe90000 - 0x00007ffeebeb8000 	C:\Windows\SYSTEM32\DEVOBJ.dll
0x0000000074db0000 - 0x0000000074dbf000 	C:\Program Files\Java\jdk1.8.0_45\jre\bin\verify.dll
0x0000000074d80000 - 0x0000000074da9000 	C:\Program Files\Java\jdk1.8.0_45\jre\bin\java.dll
0x0000000074d60000 - 0x0000000074d76000 	C:\Program Files\Java\jdk1.8.0_45\jre\bin\zip.dll

VM Arguments:
jvm_args: -Djava.awt.headless=true -Xmx1024M -Dfile.encoding=windows-1252 -Duser.country=US -Duser.language=en -Duser.variant 
java_command: com.android.dx.command.Main --dex --num-threads=4 --output D:\capstone\CapstoneHomeSeek\app\build\intermediates\pre-dexed\debug\com.google.android.gms-play-services-measurement-8.4.0_82a8614e97ae2e17050726f75bd3d889bfdf9391.jar D:\capstone\CapstoneHomeSeek\app\build\intermediates\exploded-aar\com.google.android.gms\play-services-measurement\8.4.0\jars\classes.jar
java_class_path (initial): C:\Users\pluckannfeel\AppData\Local\Android\sdk\build-tools\23.0.3\lib\dx.jar
Launcher Type: SUN_STANDARD

Environment Variables:
JAVA_HOME=C:\Program Files (x86)\Java\jdk1.7.0_71
PATH=C:\ProgramData\Oracle\Java\javapath;C:\Windows\system32;C:\Windows;C:\Windows\System32\Wbem;C:\Windows\System32\WindowsPowerShell\v1.0\;C:\Program Files (x86)\Microsoft SQL Server\100\Tools\Binn\;C:\Program Files\Microsoft SQL Server\100\Tools\Binn\;C:\Program Files\Microsoft SQL Server\100\DTS\Binn\;C:\Program Files (x86)\Microsoft SQL Server\100\Tools\Binn\VSShell\Common7\IDE\;C:\Program Files (x86)\Microsoft SQL Server\100\DTS\Binn\;C:\Program Files (x86)\Microsoft SQL Server\90\Tools\binn\;C:\Program Files\nodejs\;C:\Program Files (x86)\GtkSharp\2.12\bin;C:\Program Files (x86)\Skype\Phone\;C:\Users\pluckannfeel\AppData\Roaming\npm
USERNAME=pluckannfeel
OS=Windows_NT
PROCESSOR_IDENTIFIER=Intel64 Family 6 Model 60 Stepping 3, GenuineIntel



---------------  S Y S T E M  ---------------

OS: Windows 8.1 , 64 bit Build 9600 (6.3.9600.17415)

CPU:total 4 (2 cores per cpu, 2 threads per core) family 6 model 60 stepping 3, cmov, cx8, fxsr, mmx, sse, sse2, sse3, ssse3, sse4.1, sse4.2, popcnt, avx, avx2, aes, clmul, erms, lzcnt, ht, tsc, tscinvbit, bmi1, bmi2

Memory: 4k page, physical 8302956k(1138112k free), swap 11448684k(5032k free)

vm_info: Java HotSpot(TM) 64-Bit Server VM (25.45-b02) for windows-amd64 JRE (1.8.0_45-b15), built on Apr 30 2015 12:40:44 by "java_re" with MS VC++ 10.0 (VS2010)

time: Tue Nov 29 13:24:36 2016
elapsed time: 7 seconds (0d 0h 0m 7s)

