#
# There is insufficient memory for the Java Runtime Environment to continue.
# Native memory allocation (malloc) failed to allocate 401424 bytes for Chunk::new
# Possible reasons:
#   The system is out of physical RAM or swap space
#   In 32 bit mode, the process size limit was hit
# Possible solutions:
#   Reduce memory load on the system
#   Increase physical memory or swap space
#   Check if swap backing store is full
#   Use 64 bit Java on a 64 bit OS
#   Decrease Java heap size (-Xmx/-Xms)
#   Decrease number of Java threads
#   Decrease Java thread stack sizes (-Xss)
#   Set larger code cache with -XX:ReservedCodeCacheSize=
# This output file may be truncated or incomplete.
#
#  Out of Memory Error (allocation.cpp:390), pid=4860, tid=5140
#
# JRE version: Java(TM) SE Runtime Environment (8.0_45-b15) (build 1.8.0_45-b15)
# Java VM: Java HotSpot(TM) 64-Bit Server VM (25.45-b02 mixed mode windows-amd64 compressed oops)
# Failed to write core dump. Minidumps are not enabled by default on client versions of Windows
#

---------------  T H R E A D  ---------------

Current thread (0x0000000015300000):  JavaThread "C2 CompilerThread1" daemon [_thread_in_native, id=5140, stack(0x0000000016960000,0x0000000016a60000)]

Stack: [0x0000000016960000,0x0000000016a60000]
Native frames: (J=compiled Java code, j=interpreted, Vv=VM code, C=native code)
V  [jvm.dll+0x32b57a]
V  [jvm.dll+0x279873]
V  [jvm.dll+0x27a509]
V  [jvm.dll+0x271825]
V  [jvm.dll+0xcb9e2]
V  [jvm.dll+0xcbeac]
V  [jvm.dll+0x4929e7]
V  [jvm.dll+0x45f5b9]
V  [jvm.dll+0x46a73b]
V  [jvm.dll+0x46cd52]
V  [jvm.dll+0x4500f2]
V  [jvm.dll+0xa4352]
V  [jvm.dll+0xa4c8f]
V  [jvm.dll+0x241984]
V  [jvm.dll+0x29853a]
C  [msvcr100.dll+0x21d9f]
C  [msvcr100.dll+0x21e3b]
C  [KERNEL32.DLL+0x13d2]
C  [ntdll.dll+0x154e4]


Current CompileTask:
C2:   4200 1458   !   4       com.android.dx.cf.code.RopperMachine::run (1550 bytes)


---------------  P R O C E S S  ---------------

Java Threads: ( => current thread )
  0x0000000016dbb800 JavaThread "pool-1-thread-4" [_thread_blocked, id=9200, stack(0x0000000017d60000,0x0000000017e60000)]
  0x0000000016dbb000 JavaThread "pool-1-thread-3" [_thread_blocked, id=6740, stack(0x0000000017c60000,0x0000000017d60000)]
  0x0000000016dba000 JavaThread "pool-1-thread-2" [_thread_blocked, id=3840, stack(0x0000000017b60000,0x0000000017c60000)]
  0x0000000016d6c800 JavaThread "pool-2-thread-1" [_thread_blocked, id=840, stack(0x0000000017a60000,0x0000000017b60000)]
  0x0000000016d6c000 JavaThread "pool-1-thread-1" [_thread_blocked, id=5400, stack(0x0000000017960000,0x0000000017a60000)]
  0x0000000016a6d800 JavaThread "Service Thread" daemon [_thread_blocked, id=4788, stack(0x0000000016f60000,0x0000000017060000)]
  0x0000000016a68800 JavaThread "C1 CompilerThread2" daemon [_thread_blocked, id=6724, stack(0x0000000016e60000,0x0000000016f60000)]
=>0x0000000015300000 JavaThread "C2 CompilerThread1" daemon [_thread_in_native, id=5140, stack(0x0000000016960000,0x0000000016a60000)]
  0x00000000152fc800 JavaThread "C2 CompilerThread0" daemon [_thread_blocked, id=3940, stack(0x0000000016860000,0x0000000016960000)]
  0x00000000152fb000 JavaThread "Attach Listener" daemon [_thread_blocked, id=8284, stack(0x0000000016760000,0x0000000016860000)]
  0x00000000152f9800 JavaThread "Signal Dispatcher" daemon [_thread_blocked, id=7772, stack(0x0000000016660000,0x0000000016760000)]
  0x0000000002c21000 JavaThread "Finalizer" daemon [_thread_blocked, id=5892, stack(0x0000000016560000,0x0000000016660000)]
  0x0000000002c1e000 JavaThread "Reference Handler" daemon [_thread_blocked, id=4920, stack(0x0000000016460000,0x0000000016560000)]
  0x0000000002b31000 JavaThread "main" [_thread_in_vm, id=1628, stack(0x0000000002980000,0x0000000002a80000)]

Other Threads:
  0x00000000152c7000 VMThread [stack: 0x0000000016360000,0x0000000016460000] [id=4112]
  0x0000000016a6e800 WatcherThread [stack: 0x0000000017060000,0x0000000017160000] [id=6124]

VM state:not at safepoint (normal execution)

VM Mutex/Monitor currently owned by a thread: None

Heap:
 PSYoungGen      total 38400K, used 18996K [0x00000000eab00000, 0x00000000ed580000, 0x0000000100000000)
  eden space 33280K, 41% used [0x00000000eab00000,0x00000000eb892260,0x00000000ecb80000)
  from space 5120K, 99% used [0x00000000ecb80000,0x00000000ed07b128,0x00000000ed080000)
  to   space 5120K, 0% used [0x00000000ed080000,0x00000000ed080000,0x00000000ed580000)
 ParOldGen       total 87552K, used 1034K [0x00000000c0000000, 0x00000000c5580000, 0x00000000eab00000)
  object space 87552K, 1% used [0x00000000c0000000,0x00000000c01028b8,0x00000000c5580000)
 Metaspace       used 6050K, capacity 7024K, committed 7296K, reserved 1056768K
  class space    used 592K, capacity 616K, committed 640K, reserved 1048576K

Card table byte_map: [0x0000000011ff0000,0x0000000012200000] byte_map_base: 0x00000000119f0000

Marking Bits: (ParMarkBitMap*) 0x00000000755c4040
 Begin Bits: [0x0000000012760000, 0x0000000013760000)
 End Bits:   [0x0000000013760000, 0x0000000014760000)

Polling page: 0x00000000011a0000

CodeCache: size=245760Kb used=6160Kb max_used=6176Kb free=239599Kb
 bounds [0x0000000002c30000, 0x0000000003250000, 0x0000000011c30000]
 total_blobs=1713 nmethods=1444 adapters=182
 compilation: enabled

Compilation events (10 events):
Event: 4.022 Thread 0x0000000015300000 nmethod 1454 0x0000000003210110 code [0x0000000003210280, 0x00000000032104e8]
Event: 4.022 Thread 0x0000000015300000 1458   !   4       com.android.dx.cf.code.RopperMachine::run (1550 bytes)
Event: 4.042 Thread 0x00000000152fc800 nmethod 1457 0x00000000031f3610 code [0x00000000031f3800, 0x00000000031f42b8]
Event: 4.042 Thread 0x00000000152fc800 1459       4       com.android.dx.cf.code.RopperMachine::jopToRopOpcode (1103 bytes)
Event: 4.059 Thread 0x00000000152fc800 nmethod 1459 0x000000000322f310 code [0x000000000322fc80, 0x0000000003230558]
Event: 4.059 Thread 0x0000000016a68800 1460       3       com.android.dx.rop.code.Rops::pickIf (154 bytes)
Event: 4.060 Thread 0x0000000016a68800 nmethod 1460 0x000000000321bed0 code [0x000000000321c160, 0x000000000321d2d8]
Event: 4.060 Thread 0x00000000152fc800 1461       4       com.android.dx.cf.code.BaseMachine::storeResults (90 bytes)
Event: 4.071 Thread 0x00000000152fc800 nmethod 1461 0x000000000322e190 code [0x000000000322e360, 0x000000000322ea08]
Event: 4.071 Thread 0x00000000152fc800 1462       4       com.android.dx.cf.code.ValueAwareMachine::run (1142 bytes)

GC Heap History (2 events):
Event: 2.609 GC heap before
{Heap before GC invocations=1 (full 0):
 PSYoungGen      total 38400K, used 33280K [0x00000000eab00000, 0x00000000ed580000, 0x0000000100000000)
  eden space 33280K, 100% used [0x00000000eab00000,0x00000000ecb80000,0x00000000ecb80000)
  from space 5120K, 0% used [0x00000000ed080000,0x00000000ed080000,0x00000000ed580000)
  to   space 5120K, 0% used [0x00000000ecb80000,0x00000000ecb80000,0x00000000ed080000)
 ParOldGen       total 87552K, used 0K [0x00000000c0000000, 0x00000000c5580000, 0x00000000eab00000)
  object space 87552K, 0% used [0x00000000c0000000,0x00000000c0000000,0x00000000c5580000)
 Metaspace       used 5973K, capacity 6896K, committed 7040K, reserved 1056768K
  class space    used 592K, capacity 616K, committed 640K, reserved 1048576K
Event: 2.623 GC heap after
Heap after GC invocations=1 (full 0):
 PSYoungGen      total 38400K, used 5100K [0x00000000eab00000, 0x00000000ed580000, 0x0000000100000000)
  eden space 33280K, 0% used [0x00000000eab00000,0x00000000eab00000,0x00000000ecb80000)
  from space 5120K, 99% used [0x00000000ecb80000,0x00000000ed07b128,0x00000000ed080000)
  to   space 5120K, 0% used [0x00000000ed080000,0x00000000ed080000,0x00000000ed580000)
 ParOldGen       total 87552K, used 1034K [0x00000000c0000000, 0x00000000c5580000, 0x00000000eab00000)
  object space 87552K, 1% used [0x00000000c0000000,0x00000000c01028b8,0x00000000c5580000)
 Metaspace       used 5973K, capacity 6896K, committed 7040K, reserved 1056768K
  class space    used 592K, capacity 616K, committed 640K, reserved 1048576K
}

Deoptimization events (5 events):
Event: 0.612 Thread 0x0000000002b31000 Uncommon trap: reason=unstable_if action=reinterpret pc=0x0000000002d94cd4 method=java.lang.String.compareTo(Ljava/lang/String;)I @ 38
Event: 2.124 Thread 0x0000000016dba000 Uncommon trap: reason=null_check action=make_not_entrant pc=0x0000000002fd2898 method=com.android.dx.ssa.SsaRenamer.getLocalForNewReg(I)Lcom/android/dx/rop/code/LocalItem; @ 19
Event: 2.155 Thread 0x0000000016dba000 Uncommon trap: reason=null_check action=make_not_entrant pc=0x0000000002fef9e8 method=com.android.dx.ssa.SsaRenamer.getLocalForNewReg(I)Lcom/android/dx/rop/code/LocalItem; @ 19
Event: 2.163 Thread 0x0000000016dbb000 Uncommon trap: reason=unstable_if action=reinterpret pc=0x0000000003011fa0 method=com.android.dx.rop.code.RegisterSpecSet.put(Lcom/android/dx/rop/code/RegisterSpec;)V @ 77
Event: 2.420 Thread 0x0000000016d6c000 Uncommon trap: reason=unstable_if action=reinterpret pc=0x000000000300fe40 method=com.android.dx.rop.code.RegisterSpec.equals(ILcom/android/dx/rop/type/TypeBearer;Lcom/android/dx/rop/code/LocalItem;)Z @ 42

Internal exceptions (4 events):
Event: 0.093 Thread 0x0000000002b31000 Exception <a 'java/lang/NoSuchMethodError': Method sun.misc.Unsafe.defineClass(Ljava/lang/String;[BII)Ljava/lang/Class; name or signature does not match> (0x00000000eab0d288) thrown at [C:\re\workspace\8-2-build-windows-amd64-cygwin\jdk8u45\3627\hotspot\srÇÿ¹H½·?
Event: 0.093 Thread 0x0000000002b31000 Exception <a 'java/lang/NoSuchMethodError': Method sun.misc.Unsafe.prefetchRead(Ljava/lang/Object;J)V name or signature does not match> (0x00000000eab0d518) thrown at [C:\re\workspace\8-2-build-windows-amd64-cygwin\jdk8u45\3627\hotspot\src\share\vm\prims\jŠµ×Àµý
Event: 2.124 Thread 0x0000000016dba000 Implicit null exception at 0x0000000002fcf85c to 0x0000000002fd2855
Event: 2.155 Thread 0x0000000016dba000 Implicit null exception at 0x0000000002fed1d1 to 0x0000000002fef9c1

Events (10 events):
Event: 2.298 Executing VM operation: ForceSafepoint done
Event: 2.304 loading class com/android/dx/cf/code/SwitchList
Event: 2.304 loading class com/android/dx/cf/code/SwitchList done
Event: 2.393 loading class java/util/DualPivotQuicksort
Event: 2.393 loading class java/util/DualPivotQuicksort done
Event: 2.420 Thread 0x0000000016d6c000 Uncommon trap: trap_request=0xffffff65 fr.pc=0x000000000300fe40
Event: 2.420 Thread 0x0000000016d6c000 DEOPT PACKING pc=0x000000000300fe40 sp=0x0000000017a5ec10
Event: 2.420 Thread 0x0000000016d6c000 DEOPT UNPACKING pc=0x0000000002c7582a sp=0x0000000017a5eb98 mode 2
Event: 2.545 Executing VM operation: ParallelGCFailedAllocation
Event: 2.623 Executing VM operation: ParallelGCFailedAllocation done


Dynamic libraries:
0x00007ff6cea30000 - 0x00007ff6cea67000 	C:\Program Files\Java\jdk1.8.0_45\bin\java.exe
0x00007ffeeff40000 - 0x00007ffef00ed000 	C:\Windows\SYSTEM32\ntdll.dll
0x00007ffeefd90000 - 0x00007ffeefece000 	C:\Windows\system32\KERNEL32.DLL
0x00007ffeed480000 - 0x00007ffeed595000 	C:\Windows\system32\KERNELBASE.dll
0x00007ffeebc40000 - 0x00007ffeebcce000 	C:\Windows\system32\apphelp.dll
0x00007ffed2f90000 - 0x00007ffed2fe3000 	C:\Windows\AppPatch\AppPatch64\AcGenral.DLL
0x00007ffeef270000 - 0x00007ffeef31a000 	C:\Windows\system32\msvcrt.dll
0x00007ffeed5a0000 - 0x00007ffeed5ce000 	C:\Windows\system32\SspiCli.dll
0x00007ffeef700000 - 0x00007ffeef754000 	C:\Windows\system32\SHLWAPI.dll
0x00007ffeefb90000 - 0x00007ffeefd07000 	C:\Windows\system32\USER32.dll
0x00007ffeed7a0000 - 0x00007ffeed934000 	C:\Windows\system32\ole32.dll
0x00007ffeed940000 - 0x00007ffeeee69000 	C:\Windows\system32\SHELL32.dll
0x00007ffeec6c0000 - 0x00007ffeec6e1000 	C:\Windows\SYSTEM32\USERENV.dll
0x00007ffeef600000 - 0x00007ffeef6aa000 	C:\Windows\system32\ADVAPI32.dll
0x00007ffedcee0000 - 0x00007ffedcefe000 	C:\Windows\SYSTEM32\MPR.dll
0x00007ffeef130000 - 0x00007ffeef270000 	C:\Windows\system32\RPCRT4.dll
0x00007ffeefd20000 - 0x00007ffeefd79000 	C:\Windows\SYSTEM32\sechost.dll
0x00007ffeef3e0000 - 0x00007ffeef5f1000 	C:\Windows\SYSTEM32\combase.dll
0x00007ffeef830000 - 0x00007ffeef97f000 	C:\Windows\system32\GDI32.dll
0x00007ffeed070000 - 0x00007ffeed085000 	C:\Windows\SYSTEM32\profapi.dll
0x00007ffeeb710000 - 0x00007ffeeb7c2000 	C:\Windows\SYSTEM32\SHCORE.dll
0x00007ffeef6c0000 - 0x00007ffeef6f6000 	C:\Windows\system32\IMM32.DLL
0x00007ffeed640000 - 0x00007ffeed792000 	C:\Windows\system32\MSCTF.dll
0x00007ffee8b90000 - 0x00007ffee8e0b000 	C:\Windows\WinSxS\amd64_microsoft.windows.common-controls_6595b64144ccf1df_6.0.9600.18006_none_623f33d3ecbe86e8\COMCTL32.dll
0x0000000075650000 - 0x0000000075722000 	C:\Program Files\Java\jdk1.8.0_45\jre\bin\msvcr100.dll
0x0000000074dc0000 - 0x0000000075643000 	C:\Program Files\Java\jdk1.8.0_45\jre\bin\server\jvm.dll
0x00007ffed00d0000 - 0x00007ffed00d9000 	C:\Windows\SYSTEM32\WSOCK32.dll
0x00007ffee53c0000 - 0x00007ffee53e2000 	C:\Windows\SYSTEM32\WINMM.dll
0x00007ffee5250000 - 0x00007ffee525a000 	C:\Windows\SYSTEM32\VERSION.dll
0x00007ffeef6b0000 - 0x00007ffeef6b7000 	C:\Windows\system32\PSAPI.DLL
0x00007ffeed5d0000 - 0x00007ffeed62a000 	C:\Windows\system32\WS2_32.dll
0x00007ffee5390000 - 0x00007ffee53ba000 	C:\Windows\SYSTEM32\WINMMBASE.dll
0x00007ffeefd10000 - 0x00007ffeefd19000 	C:\Windows\system32\NSI.dll
0x00007ffeed140000 - 0x00007ffeed18f000 	C:\Windows\SYSTEM32\cfgmgr32.dll
0x00007ffeebe90000 - 0x00007ffeebeb8000 	C:\Windows\SYSTEM32\DEVOBJ.dll
0x0000000074db0000 - 0x0000000074dbf000 	C:\Program Files\Java\jdk1.8.0_45\jre\bin\verify.dll
0x0000000074d80000 - 0x0000000074da9000 	C:\Program Files\Java\jdk1.8.0_45\jre\bin\java.dll
0x0000000074d60000 - 0x0000000074d76000 	C:\Program Files\Java\jdk1.8.0_45\jre\bin\zip.dll
0x00007ffec8a50000 - 0x00007ffec8bd9000 	C:\Windows\SYSTEM32\dbghelp.dll

VM Arguments:
jvm_args: -Djava.awt.headless=true -Xmx1024M -Dfile.encoding=windows-1252 -Duser.country=US -Duser.language=en -Duser.variant 
java_command: com.android.dx.command.Main --dex --num-threads=4 --output D:\capstone\CapstoneHomeSeek\app\build\intermediates\pre-dexed\debug\com.android.support-appcompat-v7-23.4.0_39068639a5f619c432f1639a89f64c869ac481ec.jar D:\capstone\CapstoneHomeSeek\app\build\intermediates\exploded-aar\com.android.support\appcompat-v7\23.4.0\jars\classes.jar
java_class_path (initial): C:\Users\pluckannfeel\AppData\Local\Android\sdk\build-tools\23.0.3\lib\dx.jar
Launcher Type: SUN_STANDARD

Environment Variables:
JAVA_HOME=C:\Program Files (x86)\Java\jdk1.7.0_71
PATH=C:\ProgramData\Oracle\Java\javapath;C:\Windows\system32;C:\Windows;C:\Windows\System32\Wbem;C:\Windows\System32\WindowsPowerShell\v1.0\;C:\Program Files (x86)\Microsoft SQL Server\100\Tools\Binn\;C:\Program Files\Microsoft SQL Server\100\Tools\Binn\;C:\Program Files\Microsoft SQL Server\100\DTS\Binn\;C:\Program Files (x86)\Microsoft SQL Server\100\Tools\Binn\VSShell\Common7\IDE\;C:\Program Files (x86)\Microsoft SQL Server\100\DTS\Binn\;C:\Program Files (x86)\Microsoft SQL Server\90\Tools\binn\;C:\Program Files\nodejs\;C:\Program Files (x86)\GtkSharp\2.12\bin;C:\Program Files (x86)\Skype\Phone\;C:\Users\pluckannfeel\AppData\Roaming\npm
USERNAME=pluckannfeel
OS=Windows_NT
PROCESSOR_IDENTIFIER=Intel64 Family 6 Model 60 Stepping 3, GenuineIntel



---------------  S Y S T E M  ---------------

OS: Windows 8.1 , 64 bit Build 9600 (6.3.9600.17415)

CPU:total 4 (2 cores per cpu, 2 threads per core) family 6 model 60 stepping 3, cmov, cx8, fxsr, mmx, sse, sse2, sse3, ssse3, sse4.1, sse4.2, popcnt, avx, avx2, aes, clmul, erms, lzcnt, ht, tsc, tscinvbit, bmi1, bmi2

Memory: 4k page, physical 8302956k(1070600k free), swap 11448684k(12024k free)

vm_info: Java HotSpot(TM) 64-Bit Server VM (25.45-b02) for windows-amd64 JRE (1.8.0_45-b15), built on Apr 30 2015 12:40:44 by "java_re" with MS VC++ 10.0 (VS2010)

time: Tue Nov 29 13:25:06 2016
elapsed time: 4 seconds (0d 0h 0m 4s)

