#
# There is insufficient memory for the Java Runtime Environment to continue.
# Native memory allocation (malloc) failed to allocate 131088 bytes for Chunk::new
# Possible reasons:
#   The system is out of physical RAM or swap space
#   In 32 bit mode, the process size limit was hit
# Possible solutions:
#   Reduce memory load on the system
#   Increase physical memory or swap space
#   Check if swap backing store is full
#   Use 64 bit Java on a 64 bit OS
#   Decrease Java heap size (-Xmx/-Xms)
#   Decrease number of Java threads
#   Decrease Java thread stack sizes (-Xss)
#   Set larger code cache with -XX:ReservedCodeCacheSize=
# This output file may be truncated or incomplete.
#
#  Out of Memory Error (allocation.cpp:390), pid=8712, tid=6076
#
# JRE version: Java(TM) SE Runtime Environment (8.0_45-b15) (build 1.8.0_45-b15)
# Java VM: Java HotSpot(TM) 64-Bit Server VM (25.45-b02 mixed mode windows-amd64 compressed oops)
# Failed to write core dump. Minidumps are not enabled by default on client versions of Windows
#

---------------  T H R E A D  ---------------

Current thread (0x00000000150e7800):  JavaThread "C2 CompilerThread1" daemon [_thread_in_native, id=6076, stack(0x00000000166f0000,0x00000000167f0000)]

Stack: [0x00000000166f0000,0x00000000167f0000]
Native frames: (J=compiled Java code, j=interpreted, Vv=VM code, C=native code)
V  [jvm.dll+0x32b57a]


Current CompileTask:
C2:   3959 1395       4       com.android.dx.ssa.back.LivenessAnalyzer::run (231 bytes)


---------------  P R O C E S S  ---------------

Java Threads: ( => current thread )
  0x0000000016a5c800 JavaThread "pool-1-thread-4" [_thread_blocked, id=3728, stack(0x00000000172f0000,0x00000000173f0000)]
  0x0000000016a5b800 JavaThread "pool-1-thread-3" [_thread_blocked, id=8448, stack(0x00000000171f0000,0x00000000172f0000)]
  0x0000000016a5a800 JavaThread "pool-1-thread-2" [_thread_blocked, id=3432, stack(0x00000000170f0000,0x00000000171f0000)]
  0x0000000016a58000 JavaThread "pool-2-thread-1" [_thread_blocked, id=8628, stack(0x0000000016ff0000,0x00000000170f0000)]
  0x0000000016a57000 JavaThread "pool-1-thread-1" [_thread_blocked, id=6892, stack(0x0000000016ef0000,0x0000000016ff0000)]
  0x0000000016804000 JavaThread "Service Thread" daemon [_thread_blocked, id=3508, stack(0x0000000016cf0000,0x0000000016df0000)]
  0x0000000016800800 JavaThread "C1 CompilerThread2" daemon [_thread_blocked, id=3540, stack(0x0000000016bf0000,0x0000000016cf0000)]
=>0x00000000150e7800 JavaThread "C2 CompilerThread1" daemon [_thread_in_native, id=6076, stack(0x00000000166f0000,0x00000000167f0000)]
  0x000000001508c800 JavaThread "C2 CompilerThread0" daemon [_thread_blocked, id=3916, stack(0x00000000165f0000,0x00000000166f0000)]
  0x000000001508a800 JavaThread "Attach Listener" daemon [_thread_blocked, id=1900, stack(0x00000000164f0000,0x00000000165f0000)]
  0x0000000015089800 JavaThread "Signal Dispatcher" daemon [_thread_blocked, id=5280, stack(0x00000000163f0000,0x00000000164f0000)]
  0x00000000029b6800 JavaThread "Finalizer" daemon [_thread_blocked, id=7356, stack(0x00000000162f0000,0x00000000163f0000)]
  0x00000000029ae000 JavaThread "Reference Handler" daemon [_thread_blocked, id=4692, stack(0x00000000161f0000,0x00000000162f0000)]
  0x00000000028c1000 JavaThread "main" [_thread_blocked, id=7792, stack(0x0000000002710000,0x0000000002810000)]

Other Threads:
  0x0000000015057000 VMThread [stack: 0x00000000160f0000,0x00000000161f0000] [id=6512]
  0x0000000016805000 WatcherThread [stack: 0x0000000016df0000,0x0000000016ef0000] [id=1868]

VM state:not at safepoint (normal execution)

VM Mutex/Monitor currently owned by a thread: None

Heap:
 PSYoungGen      total 38400K, used 7806K [0x00000000eab00000, 0x00000000ed580000, 0x0000000100000000)
  eden space 33280K, 8% used [0x00000000eab00000,0x00000000eada5de0,0x00000000ecb80000)
  from space 5120K, 99% used [0x00000000ecb80000,0x00000000ed079c98,0x00000000ed080000)
  to   space 5120K, 0% used [0x00000000ed080000,0x00000000ed080000,0x00000000ed580000)
 ParOldGen       total 87552K, used 1530K [0x00000000c0000000, 0x00000000c5580000, 0x00000000eab00000)
  object space 87552K, 1% used [0x00000000c0000000,0x00000000c017e9b8,0x00000000c5580000)
 Metaspace       used 6045K, capacity 7024K, committed 7296K, reserved 1056768K
  class space    used 588K, capacity 616K, committed 640K, reserved 1048576K

Card table byte_map: [0x0000000011d80000,0x0000000011f90000] byte_map_base: 0x0000000011780000

Marking Bits: (ParMarkBitMap*) 0x00000000755c4040
 Begin Bits: [0x00000000124f0000, 0x00000000134f0000)
 End Bits:   [0x00000000134f0000, 0x00000000144f0000)

Polling page: 0x0000000000de0000

CodeCache: size=245760Kb used=5612Kb max_used=5612Kb free=240147Kb
 bounds [0x00000000029c0000, 0x0000000002f40000, 0x00000000119c0000]
 total_blobs=1662 nmethods=1393 adapters=182
 compilation: enabled

Compilation events (10 events):
Event: 3.897 Thread 0x00000000150e7800 1395       4       com.android.dx.ssa.back.LivenessAnalyzer::run (231 bytes)
Event: 3.897 Thread 0x0000000016800800 nmethod 1396 0x0000000002f36550 code [0x0000000002f36740, 0x0000000002f370e8]
Event: 3.898 Thread 0x0000000016800800 1397       3       com.android.dx.rop.cst.CstString::equals (24 bytes)
Event: 3.898 Thread 0x0000000016800800 nmethod 1397 0x0000000002f35e90 code [0x0000000002f36000, 0x0000000002f36448]
Event: 3.900 Thread 0x0000000016800800 1398       3       java.util.Collections$UnmodifiableCollection::size (10 bytes)
Event: 3.900 Thread 0x0000000016800800 nmethod 1398 0x0000000002f3e250 code [0x0000000002f3e3c0, 0x0000000002f3e5e8]
Event: 3.901 Thread 0x0000000016800800 1399       3       com.android.dx.ssa.PhiInsn::updateSourcesToDefinitions (68 bytes)
Event: 3.901 Thread 0x0000000016800800 nmethod 1399 0x0000000002f3ce90 code [0x0000000002f3d0a0, 0x0000000002f3dc38]
Event: 3.906 Thread 0x0000000016800800 1400       3       com.android.dx.ssa.back.SsaToRop::moveParametersToHighRegisters (88 bytes)
Event: 3.907 Thread 0x0000000016800800 nmethod 1400 0x0000000002f3efd0 code [0x0000000002f3f1a0, 0x0000000002f3fa78]

GC Heap History (2 events):
Event: 3.821 GC heap before
{Heap before GC invocations=1 (full 0):
 PSYoungGen      total 38400K, used 33280K [0x00000000eab00000, 0x00000000ed580000, 0x0000000100000000)
  eden space 33280K, 100% used [0x00000000eab00000,0x00000000ecb80000,0x00000000ecb80000)
  from space 5120K, 0% used [0x00000000ed080000,0x00000000ed080000,0x00000000ed580000)
  to   space 5120K, 0% used [0x00000000ecb80000,0x00000000ecb80000,0x00000000ed080000)
 ParOldGen       total 87552K, used 0K [0x00000000c0000000, 0x00000000c5580000, 0x00000000eab00000)
  object space 87552K, 0% used [0x00000000c0000000,0x00000000c0000000,0x00000000c5580000)
 Metaspace       used 6033K, capacity 6960K, committed 7040K, reserved 1056768K
  class space    used 588K, capacity 616K, committed 640K, reserved 1048576K
Event: 3.833 GC heap after
Heap after GC invocations=1 (full 0):
 PSYoungGen      total 38400K, used 5095K [0x00000000eab00000, 0x00000000ed580000, 0x0000000100000000)
  eden space 33280K, 0% used [0x00000000eab00000,0x00000000eab00000,0x00000000ecb80000)
  from space 5120K, 99% used [0x00000000ecb80000,0x00000000ed079c98,0x00000000ed080000)
  to   space 5120K, 0% used [0x00000000ed080000,0x00000000ed080000,0x00000000ed580000)
 ParOldGen       total 87552K, used 1530K [0x00000000c0000000, 0x00000000c5580000, 0x00000000eab00000)
  object space 87552K, 1% used [0x00000000c0000000,0x00000000c017e9b8,0x00000000c5580000)
 Metaspace       used 6033K, capacity 6960K, committed 7040K, reserved 1056768K
  class space    used 588K, capacity 616K, committed 640K, reserved 1048576K
}

Deoptimization events (4 events):
Event: 2.475 Thread 0x0000000016a57000 Uncommon trap: reason=unstable_if action=reinterpret pc=0x0000000002be3730 method=java.util.BitSet.nextSetBit(I)I @ 87
Event: 3.159 Thread 0x0000000016a5b800 Uncommon trap: reason=unstable_if action=reinterpret pc=0x0000000002d766dc method=com.android.dx.rop.code.RegisterSpecSet.put(Lcom/android/dx/rop/code/RegisterSpec;)V @ 77
Event: 3.508 Thread 0x0000000016a5a800 Uncommon trap: reason=unstable_if action=reinterpret pc=0x0000000002dea49c method=com.android.dx.ssa.SsaMethod.updateOneDefinition(Lcom/android/dx/ssa/SsaInsn;Lcom/android/dx/rop/code/RegisterSpec;)V @ 4
Event: 3.706 Thread 0x00000000028c1000 Uncommon trap: reason=unstable_if action=reinterpret pc=0x0000000002e6701c method=com.android.dx.rop.cst.Constant.compareTo(Lcom/android/dx/rop/cst/Constant;)I @ 12

Internal exceptions (2 events):
Event: 0.104 Thread 0x00000000028c1000 Exception <a 'java/lang/NoSuchMethodError': Method sun.misc.Unsafe.defineClass(Ljava/lang/String;[BII)Ljava/lang/Class; name or signature does not match> (0x00000000eab0d638) thrown at [C:\re\workspace\8-2-build-windows-amd64-cygwin\jdk8u45\3627\hotspot\sr«µXaŽº?
Event: 0.104 Thread 0x00000000028c1000 Exception <a 'java/lang/NoSuchMethodError': Method sun.misc.Unsafe.prefetchRead(Ljava/lang/Object;J)V name or signature does not match> (0x00000000eab0d8c8) thrown at [C:\re\workspace\8-2-build-windows-amd64-cygwin\jdk8u45\3627\hotspot\src\share\vm\prims\j

Events (10 events):
Event: 3.508 Thread 0x0000000016a5a800 Uncommon trap: trap_request=0xffffff65 fr.pc=0x0000000002dea49c
Event: 3.508 Thread 0x0000000016a5a800 DEOPT PACKING pc=0x0000000002dea49c sp=0x00000000171ee8c0
Event: 3.508 Thread 0x0000000016a5a800 DEOPT UNPACKING pc=0x0000000002a0582a sp=0x00000000171ee868 mode 2
Event: 3.514 Executing VM operation: ForceSafepoint
Event: 3.694 Executing VM operation: ForceSafepoint done
Event: 3.706 Thread 0x00000000028c1000 Uncommon trap: trap_request=0xffffff65 fr.pc=0x0000000002e6701c
Event: 3.706 Thread 0x00000000028c1000 DEOPT PACKING pc=0x0000000002e6701c sp=0x000000000280e360
Event: 3.706 Thread 0x00000000028c1000 DEOPT UNPACKING pc=0x0000000002a0582a sp=0x000000000280e300 mode 2
Event: 3.821 Executing VM operation: ParallelGCFailedAllocation
Event: 3.833 Executing VM operation: ParallelGCFailedAllocation done


Dynamic libraries:
0x00007ff6cea30000 - 0x00007ff6cea67000 	C:\Program Files\Java\jdk1.8.0_45\bin\java.exe
0x00007ffeeff40000 - 0x00007ffef00ed000 	C:\Windows\SYSTEM32\ntdll.dll
0x00007ffeefd90000 - 0x00007ffeefece000 	C:\Windows\system32\KERNEL32.DLL
0x00007ffeed480000 - 0x00007ffeed595000 	C:\Windows\system32\KERNELBASE.dll
0x00007ffeebc40000 - 0x00007ffeebcce000 	C:\Windows\system32\apphelp.dll
0x00007ffed2f90000 - 0x00007ffed2fe3000 	C:\Windows\AppPatch\AppPatch64\AcGenral.DLL
0x00007ffeef270000 - 0x00007ffeef31a000 	C:\Windows\system32\msvcrt.dll
0x00007ffeed5a0000 - 0x00007ffeed5ce000 	C:\Windows\system32\SspiCli.dll
0x00007ffeef700000 - 0x00007ffeef754000 	C:\Windows\system32\SHLWAPI.dll
0x00007ffeefb90000 - 0x00007ffeefd07000 	C:\Windows\system32\USER32.dll
0x00007ffeed7a0000 - 0x00007ffeed934000 	C:\Windows\system32\ole32.dll
0x00007ffeed940000 - 0x00007ffeeee69000 	C:\Windows\system32\SHELL32.dll
0x00007ffeec6c0000 - 0x00007ffeec6e1000 	C:\Windows\SYSTEM32\USERENV.dll
0x00007ffeef600000 - 0x00007ffeef6aa000 	C:\Windows\system32\ADVAPI32.dll
0x00007ffedcee0000 - 0x00007ffedcefe000 	C:\Windows\SYSTEM32\MPR.dll
0x00007ffeef130000 - 0x00007ffeef270000 	C:\Windows\system32\RPCRT4.dll
0x00007ffeefd20000 - 0x00007ffeefd79000 	C:\Windows\SYSTEM32\sechost.dll
0x00007ffeef3e0000 - 0x00007ffeef5f1000 	C:\Windows\SYSTEM32\combase.dll
0x00007ffeef830000 - 0x00007ffeef97f000 	C:\Windows\system32\GDI32.dll
0x00007ffeed070000 - 0x00007ffeed085000 	C:\Windows\SYSTEM32\profapi.dll
0x00007ffeeb710000 - 0x00007ffeeb7c2000 	C:\Windows\SYSTEM32\SHCORE.dll
0x00007ffeef6c0000 - 0x00007ffeef6f6000 	C:\Windows\system32\IMM32.DLL
0x00007ffeed640000 - 0x00007ffeed792000 	C:\Windows\system32\MSCTF.dll
0x00007ffee8b90000 - 0x00007ffee8e0b000 	C:\Windows\WinSxS\amd64_microsoft.windows.common-controls_6595b64144ccf1df_6.0.9600.18006_none_623f33d3ecbe86e8\COMCTL32.dll
0x0000000075650000 - 0x0000000075722000 	C:\Program Files\Java\jdk1.8.0_45\jre\bin\msvcr100.dll
0x0000000074dc0000 - 0x0000000075643000 	C:\Program Files\Java\jdk1.8.0_45\jre\bin\server\jvm.dll
0x00007ffed00d0000 - 0x00007ffed00d9000 	C:\Windows\SYSTEM32\WSOCK32.dll
0x00007ffee53c0000 - 0x00007ffee53e2000 	C:\Windows\SYSTEM32\WINMM.dll
0x00007ffee5250000 - 0x00007ffee525a000 	C:\Windows\SYSTEM32\VERSION.dll
0x00007ffeef6b0000 - 0x00007ffeef6b7000 	C:\Windows\system32\PSAPI.DLL
0x00007ffeed5d0000 - 0x00007ffeed62a000 	C:\Windows\system32\WS2_32.dll
0x00007ffee5390000 - 0x00007ffee53ba000 	C:\Windows\SYSTEM32\WINMMBASE.dll
0x00007ffeefd10000 - 0x00007ffeefd19000 	C:\Windows\system32\NSI.dll
0x00007ffeed140000 - 0x00007ffeed18f000 	C:\Windows\SYSTEM32\cfgmgr32.dll
0x00007ffeebe90000 - 0x00007ffeebeb8000 	C:\Windows\SYSTEM32\DEVOBJ.dll
0x0000000074db0000 - 0x0000000074dbf000 	C:\Program Files\Java\jdk1.8.0_45\jre\bin\verify.dll
0x0000000074d80000 - 0x0000000074da9000 	C:\Program Files\Java\jdk1.8.0_45\jre\bin\java.dll
0x0000000074d60000 - 0x0000000074d76000 	C:\Program Files\Java\jdk1.8.0_45\jre\bin\zip.dll
0x00007ffec8a50000 - 0x00007ffec8bd9000 	C:\Windows\SYSTEM32\dbghelp.dll

VM Arguments:
jvm_args: -Djava.awt.headless=true -Xmx1024M -Dfile.encoding=windows-1252 -Duser.country=US -Duser.language=en -Duser.variant 
java_command: com.android.dx.command.Main --dex --num-threads=4 --output D:\capstone\CapstoneHomeSeek\app\build\intermediates\pre-dexed\debug\com.google.android.gms-play-services-vision-8.4.0_55374a104a377e347ee72939e909572fe92ca952.jar D:\capstone\CapstoneHomeSeek\app\build\intermediates\exploded-aar\com.google.android.gms\play-services-vision\8.4.0\jars\classes.jar
java_class_path (initial): C:\Users\pluckannfeel\AppData\Local\Android\sdk\build-tools\23.0.3\lib\dx.jar
Launcher Type: SUN_STANDARD

Environment Variables:
JAVA_HOME=C:\Program Files (x86)\Java\jdk1.7.0_71
PATH=C:\ProgramData\Oracle\Java\javapath;C:\Windows\system32;C:\Windows;C:\Windows\System32\Wbem;C:\Windows\System32\WindowsPowerShell\v1.0\;C:\Program Files (x86)\Microsoft SQL Server\100\Tools\Binn\;C:\Program Files\Microsoft SQL Server\100\Tools\Binn\;C:\Program Files\Microsoft SQL Server\100\DTS\Binn\;C:\Program Files (x86)\Microsoft SQL Server\100\Tools\Binn\VSShell\Common7\IDE\;C:\Program Files (x86)\Microsoft SQL Server\100\DTS\Binn\;C:\Program Files (x86)\Microsoft SQL Server\90\Tools\binn\;C:\Program Files\nodejs\;C:\Program Files (x86)\GtkSharp\2.12\bin;C:\Program Files (x86)\Skype\Phone\;C:\Users\pluckannfeel\AppData\Roaming\npm
USERNAME=pluckannfeel
OS=Windows_NT
PROCESSOR_IDENTIFIER=Intel64 Family 6 Model 60 Stepping 3, GenuineIntel



---------------  S Y S T E M  ---------------

OS: Windows 8.1 , 64 bit Build 9600 (6.3.9600.17415)

CPU:total 4 (2 cores per cpu, 2 threads per core) family 6 model 60 stepping 3, cmov, cx8, fxsr, mmx, sse, sse2, sse3, ssse3, sse4.1, sse4.2, popcnt, avx, avx2, aes, clmul, erms, lzcnt, ht, tsc, tscinvbit, bmi1, bmi2

Memory: 4k page, physical 8302956k(1088564k free), swap 11448684k(5120k free)

vm_info: Java HotSpot(TM) 64-Bit Server VM (25.45-b02) for windows-amd64 JRE (1.8.0_45-b15), built on Apr 30 2015 12:40:44 by "java_re" with MS VC++ 10.0 (VS2010)

time: Tue Nov 29 13:25:00 2016
elapsed time: 3 seconds (0d 0h 0m 3s)

