#
# There is insufficient memory for the Java Runtime Environment to continue.
# Native memory allocation (malloc) failed to allocate 262160 bytes for Chunk::new
# Possible reasons:
#   The system is out of physical RAM or swap space
#   In 32 bit mode, the process size limit was hit
# Possible solutions:
#   Reduce memory load on the system
#   Increase physical memory or swap space
#   Check if swap backing store is full
#   Use 64 bit Java on a 64 bit OS
#   Decrease Java heap size (-Xmx/-Xms)
#   Decrease number of Java threads
#   Decrease Java thread stack sizes (-Xss)
#   Set larger code cache with -XX:ReservedCodeCacheSize=
# This output file may be truncated or incomplete.
#
#  Out of Memory Error (allocation.cpp:390), pid=5624, tid=6320
#
# JRE version: Java(TM) SE Runtime Environment (8.0_45-b15) (build 1.8.0_45-b15)
# Java VM: Java HotSpot(TM) 64-Bit Server VM (25.45-b02 mixed mode windows-amd64 compressed oops)
# Failed to write core dump. Minidumps are not enabled by default on client versions of Windows
#

---------------  T H R E A D  ---------------

Current thread (0x0000000014656000):  JavaThread "C2 CompilerThread1" daemon [_thread_in_native, id=6320, stack(0x0000000015c70000,0x0000000015d70000)]

Stack: [0x0000000015c70000,0x0000000015d70000]
Native frames: (J=compiled Java code, j=interpreted, Vv=VM code, C=native code)
V  [jvm.dll+0x32b57a]
V  [jvm.dll+0x279873]
V  [jvm.dll+0x27a509]
V  [jvm.dll+0x271825]
V  [jvm.dll+0xcb9e2]
V  [jvm.dll+0xcbeac]
V  [jvm.dll+0x500bbd]
V  [jvm.dll+0x50137e]
V  [jvm.dll+0x503896]
V  [jvm.dll+0x5031ba]
V  [jvm.dll+0x46be1f]
V  [jvm.dll+0x46ccbe]
V  [jvm.dll+0x4500f2]
V  [jvm.dll+0xa4352]
V  [jvm.dll+0xa4c8f]
V  [jvm.dll+0x241984]
V  [jvm.dll+0x29853a]
C  [msvcr100.dll+0x21d9f]
C  [msvcr100.dll+0x21e3b]
C  [KERNEL32.DLL+0x13d2]
C  [ntdll.dll+0x154e4]


Current CompileTask:
C2:  23681 1634   !   4       com.android.dx.cf.cst.ConstantPoolParser::parse0 (731 bytes)


---------------  P R O C E S S  ---------------

Java Threads: ( => current thread )
  0x0000000001e31000 JavaThread "DestroyJavaVM" [_thread_blocked, id=4588, stack(0x0000000001c30000,0x0000000001d30000)]
  0x0000000015e76800 JavaThread "Service Thread" daemon [_thread_blocked, id=7812, stack(0x0000000016270000,0x0000000016370000)]
  0x000000001465c800 JavaThread "C1 CompilerThread2" daemon [_thread_blocked, id=8804, stack(0x0000000015d70000,0x0000000015e70000)]
=>0x0000000014656000 JavaThread "C2 CompilerThread1" daemon [_thread_in_native, id=6320, stack(0x0000000015c70000,0x0000000015d70000)]
  0x00000000145fc000 JavaThread "C2 CompilerThread0" daemon [_thread_in_native, id=9020, stack(0x0000000015b70000,0x0000000015c70000)]
  0x00000000145fa000 JavaThread "Attach Listener" daemon [_thread_blocked, id=8144, stack(0x0000000015a70000,0x0000000015b70000)]
  0x00000000145f9000 JavaThread "Signal Dispatcher" daemon [_thread_blocked, id=1096, stack(0x0000000015970000,0x0000000015a70000)]
  0x0000000001f26800 JavaThread "Finalizer" daemon [_thread_blocked, id=8036, stack(0x0000000015870000,0x0000000015970000)]
  0x0000000001f1e000 JavaThread "Reference Handler" daemon [_thread_blocked, id=5040, stack(0x0000000015770000,0x0000000015870000)]

Other Threads:
  0x00000000145c7000 VMThread [stack: 0x0000000015670000,0x0000000015770000] [id=4860]
  0x0000000015e77800 WatcherThread [stack: 0x0000000016370000,0x0000000016470000] [id=7852]

VM state:not at safepoint (normal execution)

VM Mutex/Monitor currently owned by a thread: None

Heap:
 PSYoungGen      total 38400K, used 12911K [0x00000000eab00000, 0x00000000ee280000, 0x0000000100000000)
  eden space 33280K, 38% used [0x00000000eab00000,0x00000000eb79bc40,0x00000000ecb80000)
  from space 5120K, 0% used [0x00000000ecb80000,0x00000000ecb80000,0x00000000ed080000)
  to   space 5120K, 0% used [0x00000000ed080000,0x00000000ed080000,0x00000000ed580000)
 ParOldGen       total 55808K, used 43047K [0x00000000c0000000, 0x00000000c3680000, 0x00000000eab00000)
  object space 55808K, 77% used [0x00000000c0000000,0x00000000c2a09e50,0x00000000c3680000)
 Metaspace       used 7451K, capacity 7896K, committed 8192K, reserved 1060864K
  class space    used 692K, capacity 720K, committed 768K, reserved 1048576K

Card table byte_map: [0x00000000112f0000,0x0000000011500000] byte_map_base: 0x0000000010cf0000

Marking Bits: (ParMarkBitMap*) 0x000000005abc4040
 Begin Bits: [0x0000000011a60000, 0x0000000012a60000)
 End Bits:   [0x0000000012a60000, 0x0000000013a60000)

Polling page: 0x0000000000400000

CodeCache: size=245760Kb used=9599Kb max_used=9599Kb free=236160Kb
 bounds [0x0000000001f30000, 0x00000000028a0000, 0x0000000010f30000]
 total_blobs=2870 nmethods=2589 adapters=191
 compilation: enabled

Compilation events (10 events):
Event: 9.350 Thread 0x000000001465c800 nmethod 1672 0x0000000002617c50 code [0x0000000002617de0, 0x0000000002618148]
Event: 9.350 Thread 0x000000001465c800 1673       3       java.util.concurrent.locks.ReentrantLock$Sync::isHeldExclusively (16 bytes)
Event: 9.350 Thread 0x000000001465c800 nmethod 1673 0x0000000002617810 code [0x0000000002617980, 0x0000000002617bf0]
Event: 9.350 Thread 0x000000001465c800 1674       3       com.android.dx.rop.type.StdTypeList::set (7 bytes)
Event: 9.351 Thread 0x000000001465c800 nmethod 1674 0x0000000002619b10 code [0x0000000002619ce0, 0x000000000261a4c8]
Event: 9.351 Thread 0x000000001465c800 1675       3       com.android.dx.ssa.PhiTypeResolver::equalsHandlesNulls (23 bytes)
Event: 9.351 Thread 0x000000001465c800 nmethod 1675 0x0000000002617110 code [0x00000000026172a0, 0x00000000026176e8]
Event: 9.352 Thread 0x00000000145fc000 nmethod 1671 0x0000000002616b90 code [0x0000000002616ce0, 0x0000000002616f38]
Event: 9.352 Thread 0x00000000145fc000 1664   !   4       com.android.dx.cf.code.BytecodeArray::parseInstruction (2764 bytes)
Event: 9.354 Thread 0x000000001465c800 1676       3       com.android.dx.ssa.ConstCollector::run (236 bytes)

GC Heap History (8 events):
Event: 5.810 GC heap before
{Heap before GC invocations=1 (full 0):
 PSYoungGen      total 38400K, used 16025K [0x00000000eab00000, 0x00000000ed580000, 0x0000000100000000)
  eden space 33280K, 48% used [0x00000000eab00000,0x00000000ebaa65f0,0x00000000ecb80000)
  from space 5120K, 0% used [0x00000000ed080000,0x00000000ed080000,0x00000000ed580000)
  to   space 5120K, 0% used [0x00000000ecb80000,0x00000000ecb80000,0x00000000ed080000)
 ParOldGen       total 87552K, used 0K [0x00000000c0000000, 0x00000000c5580000, 0x00000000eab00000)
  object space 87552K, 0% used [0x00000000c0000000,0x00000000c0000000,0x00000000c5580000)
 Metaspace       used 3520K, capacity 4720K, committed 4864K, reserved 1060864K
  class space    used 376K, capacity 424K, committed 512K, reserved 1048576K
Event: 5.891 GC heap after
Heap after GC invocations=1 (full 0):
 PSYoungGen      total 38400K, used 1076K [0x00000000eab00000, 0x00000000ed580000, 0x0000000100000000)
  eden space 33280K, 0% used [0x00000000eab00000,0x00000000eab00000,0x00000000ecb80000)
  from space 5120K, 21% used [0x00000000ecb80000,0x00000000ecc8d2a0,0x00000000ed080000)
  to   space 5120K, 0% used [0x00000000ed080000,0x00000000ed080000,0x00000000ed580000)
 ParOldGen       total 87552K, used 8K [0x00000000c0000000, 0x00000000c5580000, 0x00000000eab00000)
  object space 87552K, 0% used [0x00000000c0000000,0x00000000c0002000,0x00000000c5580000)
 Metaspace       used 3520K, capacity 4720K, committed 4864K, reserved 1060864K
  class space    used 376K, capacity 424K, committed 512K, reserved 1048576K
}
Event: 5.891 GC heap before
{Heap before GC invocations=2 (full 1):
 PSYoungGen      total 38400K, used 1076K [0x00000000eab00000, 0x00000000ed580000, 0x0000000100000000)
  eden space 33280K, 0% used [0x00000000eab00000,0x00000000eab00000,0x00000000ecb80000)
  from space 5120K, 21% used [0x00000000ecb80000,0x00000000ecc8d2a0,0x00000000ed080000)
  to   space 5120K, 0% used [0x00000000ed080000,0x00000000ed080000,0x00000000ed580000)
 ParOldGen       total 87552K, used 8K [0x00000000c0000000, 0x00000000c5580000, 0x00000000eab00000)
  object space 87552K, 0% used [0x00000000c0000000,0x00000000c0002000,0x00000000c5580000)
 Metaspace       used 3520K, capacity 4720K, committed 4864K, reserved 1060864K
  class space    used 376K, capacity 424K, committed 512K, reserved 1048576K
Event: 6.041 GC heap after
Heap after GC invocations=2 (full 1):
 PSYoungGen      total 38400K, used 0K [0x00000000eab00000, 0x00000000ed580000, 0x0000000100000000)
  eden space 33280K, 0% used [0x00000000eab00000,0x00000000eab00000,0x00000000ecb80000)
  from space 5120K, 0% used [0x00000000ecb80000,0x00000000ecb80000,0x00000000ed080000)
  to   space 5120K, 0% used [0x00000000ed080000,0x00000000ed080000,0x00000000ed580000)
 ParOldGen       total 55808K, used 1001K [0x00000000c0000000, 0x00000000c3680000, 0x00000000eab00000)
  object space 55808K, 1% used [0x00000000c0000000,0x00000000c00fa7a8,0x00000000c3680000)
 Metaspace       used 3520K, capacity 4720K, committed 4864K, reserved 1058816K
  class space    used 376K, capacity 424K, committed 512K, reserved 1048576K
}
Event: 8.459 GC heap before
{Heap before GC invocations=3 (full 1):
 PSYoungGen      total 38400K, used 33280K [0x00000000eab00000, 0x00000000ed580000, 0x0000000100000000)
  eden space 33280K, 100% used [0x00000000eab00000,0x00000000ecb80000,0x00000000ecb80000)
  from space 5120K, 0% used [0x00000000ecb80000,0x00000000ecb80000,0x00000000ed080000)
  to   space 5120K, 0% used [0x00000000ed080000,0x00000000ed080000,0x00000000ed580000)
 ParOldGen       total 55808K, used 1001K [0x00000000c0000000, 0x00000000c3680000, 0x00000000eab00000)
  object space 55808K, 1% used [0x00000000c0000000,0x00000000c00fa7a8,0x00000000c3680000)
 Metaspace       used 6028K, capacity 6960K, committed 7040K, reserved 1058816K
  class space    used 591K, capacity 616K, committed 640K, reserved 1048576K
Event: 8.522 GC heap after
Heap after GC invocations=3 (full 1):
 PSYoungGen      total 38400K, used 5090K [0x00000000eab00000, 0x00000000ee280000, 0x0000000100000000)
  eden space 33280K, 0% used [0x00000000eab00000,0x00000000eab00000,0x00000000ecb80000)
  from space 5120K, 99% used [0x00000000ed080000,0x00000000ed578b60,0x00000000ed580000)
  to   space 5120K, 0% used [0x00000000ecb80000,0x00000000ecb80000,0x00000000ed080000)
 ParOldGen       total 55808K, used 2073K [0x00000000c0000000, 0x00000000c3680000, 0x00000000eab00000)
  object space 55808K, 3% used [0x00000000c0000000,0x00000000c0206540,0x00000000c3680000)
 Metaspace       used 6028K, capacity 6960K, committed 7040K, reserved 1058816K
  class space    used 591K, capacity 616K, committed 640K, reserved 1048576K
}
Event: 9.279 GC heap before
{Heap before GC invocations=4 (full 1):
 PSYoungGen      total 38400K, used 38370K [0x00000000eab00000, 0x00000000ee280000, 0x0000000100000000)
  eden space 33280K, 100% used [0x00000000eab00000,0x00000000ecb80000,0x00000000ecb80000)
  from space 5120K, 99% used [0x00000000ed080000,0x00000000ed578b60,0x00000000ed580000)
  to   space 5120K, 0% used [0x00000000ecb80000,0x00000000ecb80000,0x00000000ed080000)
 ParOldGen       total 55808K, used 2084K [0x00000000c0000000, 0x00000000c3680000, 0x00000000eab00000)
  object space 55808K, 3% used [0x00000000c0000000,0x00000000c0209040,0x00000000c3680000)
 Metaspace       used 6175K, capacity 7088K, committed 7296K, reserved 1060864K
  class space    used 594K, capacity 616K, committed 640K, reserved 1048576K
Event: 9.347 GC heap after
Heap after GC invocations=4 (full 1):
 PSYoungGen      total 38400K, used 5103K [0x00000000eab00000, 0x00000000ee280000, 0x0000000100000000)
  eden space 33280K, 0% used [0x00000000eab00000,0x00000000eab00000,0x00000000ecb80000)
  from space 5120K, 99% used [0x00000000ecb80000,0x00000000ed07be68,0x00000000ed080000)
  to   space 5120K, 0% used [0x00000000ed080000,0x00000000ed080000,0x00000000ed580000)
 ParOldGen       total 55808K, used 6911K [0x00000000c0000000, 0x00000000c3680000, 0x00000000eab00000)
  object space 55808K, 12% used [0x00000000c0000000,0x00000000c06bfda0,0x00000000c3680000)
 Metaspace       used 6175K, capacity 7088K, committed 7296K, reserved 1060864K
  class space    used 594K, capacity 616K, committed 640K, reserved 1048576K
}

Deoptimization events (10 events):
Event: 9.103 Thread 0x00000000161a2000 Uncommon trap: reason=bimorphic action=maybe_recompile pc=0x00000000025d5c7c method=com.android.dx.cf.code.BytecodeArray.parseInstruction(ILcom/android/dx/cf/code/BytecodeArray$Visitor;)I @ 1224
Event: 9.103 Thread 0x00000000161a2000 Uncommon trap: reason=bimorphic action=maybe_recompile pc=0x00000000025d56a8 method=com.android.dx.cf.code.BytecodeArray.parseInstruction(ILcom/android/dx/cf/code/BytecodeArray$Visitor;)I @ 923
Event: 9.103 Thread 0x00000000161a2000 Uncommon trap: reason=bimorphic action=maybe_recompile pc=0x00000000025d5c7c method=com.android.dx.cf.code.BytecodeArray.parseInstruction(ILcom/android/dx/cf/code/BytecodeArray$Visitor;)I @ 1224
Event: 9.127 Thread 0x00000000161a2000 Uncommon trap: reason=unstable_if action=reinterpret pc=0x000000000259d478 method=com.android.dx.rop.code.RegisterSpec.equals(ILcom/android/dx/rop/type/TypeBearer;Lcom/android/dx/rop/code/LocalItem;)Z @ 42
Event: 9.278 Thread 0x00000000161a1000 Uncommon trap: reason=bimorphic action=maybe_recompile pc=0x0000000002513914 method=java.util.HashMap.getNode(ILjava/lang/Object;)Ljava/util/HashMap$Node; @ 126
Event: 9.278 Thread 0x00000000161a1000 Uncommon trap: reason=class_check action=maybe_recompile pc=0x0000000002308d40 method=java.util.HashMap.putVal(ILjava/lang/Object;Ljava/lang/Object;ZZ)Ljava/lang/Object; @ 203
Event: 9.279 Thread 0x00000000161a1000 Uncommon trap: reason=bimorphic action=maybe_recompile pc=0x0000000002513914 method=java.util.HashMap.getNode(ILjava/lang/Object;)Ljava/util/HashMap$Node; @ 126
Event: 9.279 Thread 0x00000000161a1000 Uncommon trap: reason=class_check action=maybe_recompile pc=0x0000000002308d40 method=java.util.HashMap.putVal(ILjava/lang/Object;Ljava/lang/Object;ZZ)Ljava/lang/Object; @ 203
Event: 9.279 Thread 0x00000000161a1000 Uncommon trap: reason=bimorphic action=maybe_recompile pc=0x0000000002513914 method=java.util.HashMap.getNode(ILjava/lang/Object;)Ljava/util/HashMap$Node; @ 126
Event: 9.279 Thread 0x00000000161a1000 Uncommon trap: reason=bimorphic action=maybe_recompile pc=0x0000000002513914 method=java.util.HashMap.getNode(ILjava/lang/Object;)Ljava/util/HashMap$Node; @ 126

Internal exceptions (4 events):
Event: 2.850 Thread 0x0000000001e31000 Exception <a 'java/lang/NoSuchMethodError': Method sun.misc.Unsafe.defineClass(Ljava/lang/String;[BII)Ljava/lang/Class; name or signature does not match> (0x00000000eab0d500) thrown at [C:\re\workspace\8-2-build-windows-amd64-cygwin\jdk8u45\3627\hotspot\sr[?¾’¿Ì@
Event: 2.850 Thread 0x0000000001e31000 Exception <a 'java/lang/NoSuchMethodError': Method sun.misc.Unsafe.prefetchRead(Ljava/lang/Object;J)V name or signature does not match> (0x00000000eab0d790) thrown at [C:\re\workspace\8-2-build-windows-amd64-cygwin\jdk8u45\3627\hotspot\src\share\vm\prims\jƒ§¢ ** @
Event: 8.082 Thread 0x0000000001e31000 Implicit null exception at 0x000000000224ceb4 to 0x000000000224f369
Event: 8.321 Thread 0x00000000161a1000 Implicit null exception at 0x0000000002432322 to 0x0000000002432415

Events (10 events):
Event: 9.279 Thread 0x00000000161a1000 DEOPT PACKING pc=0x0000000002308d40 sp=0x000000001716ed50
Event: 9.279 Thread 0x00000000161a1000 DEOPT UNPACKING pc=0x0000000001f7582a sp=0x000000001716ecd8 mode 2
Event: 9.279 Thread 0x00000000161a1000 Uncommon trap: trap_request=0xffffffc6 fr.pc=0x0000000002513914
Event: 9.279 Thread 0x00000000161a1000 DEOPT PACKING pc=0x0000000002513914 sp=0x000000001716e9f0
Event: 9.279 Thread 0x00000000161a1000 DEOPT UNPACKING pc=0x0000000001f7582a sp=0x000000001716e970 mode 2
Event: 9.279 Thread 0x00000000161a1000 Uncommon trap: trap_request=0xffffffc6 fr.pc=0x0000000002513914
Event: 9.279 Thread 0x00000000161a1000 DEOPT PACKING pc=0x0000000002513914 sp=0x000000001716ea00
Event: 9.279 Thread 0x00000000161a1000 DEOPT UNPACKING pc=0x0000000001f7582a sp=0x000000001716e980 mode 2
Event: 9.279 Executing VM operation: ParallelGCSystemGC
Event: 9.347 Executing VM operation: ParallelGCSystemGC done


Dynamic libraries:
0x00007ff7e9420000 - 0x00007ff7e9457000 	C:\Program Files\Java\jdk1.8.0_45\bin\java.exe
0x00007ffe48a00000 - 0x00007ffe48bad000 	C:\Windows\SYSTEM32\ntdll.dll
0x00007ffe47ea0000 - 0x00007ffe47fde000 	C:\Windows\system32\KERNEL32.DLL
0x00007ffe45c80000 - 0x00007ffe45d95000 	C:\Windows\system32\KERNELBASE.dll
0x00007ffe44700000 - 0x00007ffe4478e000 	C:\Windows\system32\apphelp.dll
0x00007ffe28990000 - 0x00007ffe289e3000 	C:\Windows\AppPatch\AppPatch64\AcGenral.DLL
0x00007ffe47fe0000 - 0x00007ffe4808a000 	C:\Windows\system32\msvcrt.dll
0x00007ffe45c50000 - 0x00007ffe45c7e000 	C:\Windows\system32\SspiCli.dll
0x00007ffe48380000 - 0x00007ffe483d4000 	C:\Windows\system32\SHLWAPI.dll
0x00007ffe487d0000 - 0x00007ffe48947000 	C:\Windows\system32\USER32.dll
0x00007ffe484b0000 - 0x00007ffe48644000 	C:\Windows\system32\ole32.dll
0x00007ffe46240000 - 0x00007ffe47769000 	C:\Windows\system32\SHELL32.dll
0x00007ffe45130000 - 0x00007ffe45151000 	C:\Windows\SYSTEM32\USERENV.dll
0x00007ffe48950000 - 0x00007ffe489fa000 	C:\Windows\system32\ADVAPI32.dll
0x00007ffe3bd00000 - 0x00007ffe3bd1e000 	C:\Windows\SYSTEM32\MPR.dll
0x00007ffe46100000 - 0x00007ffe46240000 	C:\Windows\system32\RPCRT4.dll
0x00007ffe47840000 - 0x00007ffe47899000 	C:\Windows\SYSTEM32\sechost.dll
0x00007ffe48160000 - 0x00007ffe48371000 	C:\Windows\SYSTEM32\combase.dll
0x00007ffe47c80000 - 0x00007ffe47dcf000 	C:\Windows\system32\GDI32.dll
0x00007ffe45b30000 - 0x00007ffe45b45000 	C:\Windows\SYSTEM32\profapi.dll
0x00007ffe43eb0000 - 0x00007ffe43f62000 	C:\Windows\SYSTEM32\SHCORE.dll
0x00007ffe47a90000 - 0x00007ffe47ac6000 	C:\Windows\system32\IMM32.DLL
0x00007ffe48670000 - 0x00007ffe487c2000 	C:\Windows\system32\MSCTF.dll
0x00007ffe43590000 - 0x00007ffe4380b000 	C:\Windows\WinSxS\amd64_microsoft.windows.common-controls_6595b64144ccf1df_6.0.9600.18006_none_623f33d3ecbe86e8\COMCTL32.dll
0x000000005ac50000 - 0x000000005ad22000 	C:\Program Files\Java\jdk1.8.0_45\jre\bin\msvcr100.dll
0x000000005a3c0000 - 0x000000005ac43000 	C:\Program Files\Java\jdk1.8.0_45\jre\bin\server\jvm.dll
0x00007ffe3e600000 - 0x00007ffe3e609000 	C:\Windows\SYSTEM32\WSOCK32.dll
0x00007ffe3d470000 - 0x00007ffe3d492000 	C:\Windows\SYSTEM32\WINMM.dll
0x00007ffe3b790000 - 0x00007ffe3b79a000 	C:\Windows\SYSTEM32\VERSION.dll
0x00007ffe48150000 - 0x00007ffe48157000 	C:\Windows\system32\PSAPI.DLL
0x00007ffe47e40000 - 0x00007ffe47e9a000 	C:\Windows\system32\WS2_32.dll
0x00007ffe3d440000 - 0x00007ffe3d46a000 	C:\Windows\SYSTEM32\WINMMBASE.dll
0x00007ffe484a0000 - 0x00007ffe484a9000 	C:\Windows\system32\NSI.dll
0x00007ffe45c00000 - 0x00007ffe45c4f000 	C:\Windows\SYSTEM32\cfgmgr32.dll
0x00007ffe44950000 - 0x00007ffe44978000 	C:\Windows\SYSTEM32\DEVOBJ.dll
0x000000005a3b0000 - 0x000000005a3bf000 	C:\Program Files\Java\jdk1.8.0_45\jre\bin\verify.dll
0x000000005a380000 - 0x000000005a3a9000 	C:\Program Files\Java\jdk1.8.0_45\jre\bin\java.dll
0x000000005a360000 - 0x000000005a376000 	C:\Program Files\Java\jdk1.8.0_45\jre\bin\zip.dll
0x00007ffe3e730000 - 0x00007ffe3e8b9000 	C:\Windows\SYSTEM32\dbghelp.dll

VM Arguments:
jvm_args: -Djava.awt.headless=true -Xmx1024M -Dfile.encoding=windows-1252 -Duser.country=US -Duser.language=en -Duser.variant 
java_command: com.android.dx.command.Main --dex --force-jumbo --num-threads=4 --output D:\android app development\CapstoneHomeSeek\app\build\intermediates\pre-dexed\debug\com.android.support-support-v4-23.4.0_a3ab4fe8d02e8df6971aa99ce09f04f1a0782575.jar D:\android app development\CapstoneHomeSeek\app\build\intermediates\exploded-aar\com.android.support\support-v4\23.4.0\jars\classes.jar
java_class_path (initial): C:\Users\pluckannfeel\AppData\Local\Android\sdk\build-tools\23.0.3\lib\dx.jar
Launcher Type: SUN_STANDARD

Environment Variables:
JAVA_HOME=C:\Program Files (x86)\Java\jdk1.7.0_71
PATH=C:\ProgramData\Oracle\Java\javapath;C:\Windows\system32;C:\Windows;C:\Windows\System32\Wbem;C:\Windows\System32\WindowsPowerShell\v1.0\;C:\Program Files (x86)\Microsoft SQL Server\100\Tools\Binn\;C:\Program Files\Microsoft SQL Server\100\Tools\Binn\;C:\Program Files\Microsoft SQL Server\100\DTS\Binn\;C:\Program Files (x86)\Microsoft SQL Server\100\Tools\Binn\VSShell\Common7\IDE\;C:\Program Files (x86)\Microsoft SQL Server\100\DTS\Binn\;C:\Program Files (x86)\Microsoft SQL Server\90\Tools\binn\;C:\Program Files\nodejs\;C:\Program Files (x86)\GtkSharp\2.12\bin;C:\Program Files (x86)\Skype\Phone\;C:\Users\pluckannfeel\AppData\Roaming\npm
USERNAME=pluckannfeel
OS=Windows_NT
PROCESSOR_IDENTIFIER=Intel64 Family 6 Model 60 Stepping 3, GenuineIntel



---------------  S Y S T E M  ---------------

OS: Windows 8.1 , 64 bit Build 9600 (6.3.9600.17415)

CPU:total 4 (2 cores per cpu, 2 threads per core) family 6 model 60 stepping 3, cmov, cx8, fxsr, mmx, sse, sse2, sse3, ssse3, sse4.1, sse4.2, popcnt, avx, avx2, aes, clmul, erms, lzcnt, ht, tsc, tscinvbit, bmi1, bmi2

Memory: 4k page, physical 8302956k(602100k free), swap 11448684k(259208k free)

vm_info: Java HotSpot(TM) 64-Bit Server VM (25.45-b02) for windows-amd64 JRE (1.8.0_45-b15), built on Apr 30 2015 12:40:44 by "java_re" with MS VC++ 10.0 (VS2010)

time: Thu Nov 17 13:12:49 2016
elapsed time: 23 seconds (0d 0h 0m 23s)

