#
# There is insufficient memory for the Java Runtime Environment to continue.
# Native memory allocation (malloc) failed to allocate 227040 bytes for Chunk::new
# Possible reasons:
#   The system is out of physical RAM or swap space
#   In 32 bit mode, the process size limit was hit
# Possible solutions:
#   Reduce memory load on the system
#   Increase physical memory or swap space
#   Check if swap backing store is full
#   Use 64 bit Java on a 64 bit OS
#   Decrease Java heap size (-Xmx/-Xms)
#   Decrease number of Java threads
#   Decrease Java thread stack sizes (-Xss)
#   Set larger code cache with -XX:ReservedCodeCacheSize=
# This output file may be truncated or incomplete.
#
#  Out of Memory Error (allocation.cpp:390), pid=10056, tid=968
#
# JRE version: Java(TM) SE Runtime Environment (8.0_45-b15) (build 1.8.0_45-b15)
# Java VM: Java HotSpot(TM) 64-Bit Server VM (25.45-b02 mixed mode windows-amd64 compressed oops)
# Failed to write core dump. Minidumps are not enabled by default on client versions of Windows
#

---------------  T H R E A D  ---------------

Current thread (0x0000000014fe6000):  JavaThread "C2 CompilerThread1" daemon [_thread_in_native, id=968, stack(0x00000000165e0000,0x00000000166e0000)]

Stack: [0x00000000165e0000,0x00000000166e0000]
Native frames: (J=compiled Java code, j=interpreted, Vv=VM code, C=native code)
V  [jvm.dll+0x32b57a]


Current CompileTask:
C2:   3567 1522       4       com.android.dx.ssa.SCCP::simulateStmt (481 bytes)


---------------  P R O C E S S  ---------------

Java Threads: ( => current thread )
  0x0000000016a6f000 JavaThread "pool-2-thread-4" [_thread_blocked, id=10012, stack(0x00000000171e0000,0x00000000172e0000)]
  0x0000000016a63000 JavaThread "pool-2-thread-3" [_thread_in_Java, id=9988, stack(0x00000000170e0000,0x00000000171e0000)]
  0x0000000016a62000 JavaThread "pool-2-thread-2" [_thread_blocked, id=9688, stack(0x0000000016fe0000,0x00000000170e0000)]
  0x0000000016a5e800 JavaThread "pool-3-thread-1" [_thread_blocked, id=9396, stack(0x0000000016ee0000,0x0000000016fe0000)]
  0x0000000016a7f000 JavaThread "pool-2-thread-1" [_thread_in_Java, id=10136, stack(0x0000000016de0000,0x0000000016ee0000)]
  0x00000000167e6000 JavaThread "Service Thread" daemon [_thread_blocked, id=10020, stack(0x0000000016be0000,0x0000000016ce0000)]
  0x0000000014fe9000 JavaThread "C1 CompilerThread2" daemon [_thread_in_native, id=4080, stack(0x00000000166e0000,0x00000000167e0000)]
=>0x0000000014fe6000 JavaThread "C2 CompilerThread1" daemon [_thread_in_native, id=968, stack(0x00000000165e0000,0x00000000166e0000)]
  0x0000000014f8c000 JavaThread "C2 CompilerThread0" daemon [_thread_in_native, id=8804, stack(0x00000000164e0000,0x00000000165e0000)]
  0x0000000014f8a000 JavaThread "Attach Listener" daemon [_thread_blocked, id=3580, stack(0x00000000163e0000,0x00000000164e0000)]
  0x0000000014f89000 JavaThread "Signal Dispatcher" daemon [_thread_blocked, id=8064, stack(0x00000000162e0000,0x00000000163e0000)]
  0x00000000028b6800 JavaThread "Finalizer" daemon [_thread_blocked, id=10164, stack(0x00000000161e0000,0x00000000162e0000)]
  0x00000000028ae000 JavaThread "Reference Handler" daemon [_thread_blocked, id=7728, stack(0x00000000160e0000,0x00000000161e0000)]
  0x00000000027c1000 JavaThread "main" [_thread_in_native_trans, id=5244, stack(0x00000000026c0000,0x00000000027c0000)]

Other Threads:
  0x0000000014f57000 VMThread [stack: 0x0000000015fe0000,0x00000000160e0000] [id=9236]
  0x00000000167e7800 WatcherThread [stack: 0x0000000016ce0000,0x0000000016de0000] [id=10128]

VM state:not at safepoint (normal execution)

VM Mutex/Monitor currently owned by a thread: None

Heap:
 PSYoungGen      total 38400K, used 29808K [0x00000000eab00000, 0x00000000ed580000, 0x0000000100000000)
  eden space 33280K, 74% used [0x00000000eab00000,0x00000000ec31fdf8,0x00000000ecb80000)
  from space 5120K, 99% used [0x00000000ecb80000,0x00000000ed07c368,0x00000000ed080000)
  to   space 5120K, 0% used [0x00000000ed080000,0x00000000ed080000,0x00000000ed580000)
 ParOldGen       total 87552K, used 1075K [0x00000000c0000000, 0x00000000c5580000, 0x00000000eab00000)
  object space 87552K, 1% used [0x00000000c0000000,0x00000000c010cc68,0x00000000c5580000)
 Metaspace       used 6144K, capacity 7088K, committed 7296K, reserved 1056768K
  class space    used 591K, capacity 616K, committed 640K, reserved 1048576K

Card table byte_map: [0x0000000011c80000,0x0000000011e90000] byte_map_base: 0x0000000011680000

Marking Bits: (ParMarkBitMap*) 0x000000006ce94040
 Begin Bits: [0x00000000123f0000, 0x00000000133f0000)
 End Bits:   [0x00000000133f0000, 0x00000000143f0000)

Polling page: 0x0000000000e20000

CodeCache: size=245760Kb used=6550Kb max_used=6550Kb free=239209Kb
 bounds [0x00000000028c0000, 0x0000000002f30000, 0x00000000118c0000]
 total_blobs=1800 nmethods=1531 adapters=182
 compilation: enabled

Compilation events (10 events):
Event: 3.408 Thread 0x0000000014fe6000 nmethod 1517 0x0000000002f0f6d0 code [0x0000000002f0f840, 0x0000000002f0fe18]
Event: 3.408 Thread 0x0000000014fe9000 1518       3       com.android.dx.rop.code.Rops::pickIf (154 bytes)
Event: 3.409 Thread 0x0000000014fe9000 nmethod 1518 0x0000000002f101d0 code [0x0000000002f10460, 0x0000000002f115d8]
Event: 3.411 Thread 0x0000000014fe6000 1519   !   4       com.android.dx.cf.code.ExecutionStack::push (102 bytes)
Event: 3.414 Thread 0x0000000014fe6000 nmethod 1519 0x0000000002f0d710 code [0x0000000002f0d880, 0x0000000002f0daf8]
Event: 3.415 Thread 0x0000000014fe6000 1520       4       com.android.dx.rop.code.ThrowingCstInsn::withNewRegisters (25 bytes)
Event: 3.418 Thread 0x0000000014fe6000 nmethod 1520 0x0000000002f0d0d0 code [0x0000000002f0d220, 0x0000000002f0d458]
Event: 3.418 Thread 0x0000000014fe6000 1521       4       java.util.TreeMap::getEntry (84 bytes)
Event: 3.420 Thread 0x0000000014fe6000 nmethod 1521 0x0000000002f0ccd0 code [0x0000000002f0ce20, 0x0000000002f0cf78]
Event: 3.425 Thread 0x0000000014fe6000 1522       4       com.android.dx.ssa.SCCP::simulateStmt (481 bytes)

GC Heap History (2 events):
Event: 2.563 GC heap before
{Heap before GC invocations=1 (full 0):
 PSYoungGen      total 38400K, used 33280K [0x00000000eab00000, 0x00000000ed580000, 0x0000000100000000)
  eden space 33280K, 100% used [0x00000000eab00000,0x00000000ecb80000,0x00000000ecb80000)
  from space 5120K, 0% used [0x00000000ed080000,0x00000000ed080000,0x00000000ed580000)
  to   space 5120K, 0% used [0x00000000ecb80000,0x00000000ecb80000,0x00000000ed080000)
 ParOldGen       total 87552K, used 0K [0x00000000c0000000, 0x00000000c5580000, 0x00000000eab00000)
  object space 87552K, 0% used [0x00000000c0000000,0x00000000c0000000,0x00000000c5580000)
 Metaspace       used 6025K, capacity 6960K, committed 7040K, reserved 1056768K
  class space    used 590K, capacity 616K, committed 640K, reserved 1048576K
Event: 2.592 GC heap after
Heap after GC invocations=1 (full 0):
 PSYoungGen      total 38400K, used 5104K [0x00000000eab00000, 0x00000000ed580000, 0x0000000100000000)
  eden space 33280K, 0% used [0x00000000eab00000,0x00000000eab00000,0x00000000ecb80000)
  from space 5120K, 99% used [0x00000000ecb80000,0x00000000ed07c368,0x00000000ed080000)
  to   space 5120K, 0% used [0x00000000ed080000,0x00000000ed080000,0x00000000ed580000)
 ParOldGen       total 87552K, used 1075K [0x00000000c0000000, 0x00000000c5580000, 0x00000000eab00000)
  object space 87552K, 1% used [0x00000000c0000000,0x00000000c010cc68,0x00000000c5580000)
 Metaspace       used 6025K, capacity 6960K, committed 7040K, reserved 1056768K
  class space    used 590K, capacity 616K, committed 640K, reserved 1048576K
}

Deoptimization events (10 events):
Event: 1.412 Thread 0x00000000027c1000 Uncommon trap: reason=unstable_if action=reinterpret pc=0x0000000002c48170 method=com.android.dx.ssa.NormalSsaInsn.getLocalAssignment()Lcom/android/dx/rop/code/RegisterSpec; @ 12
Event: 1.674 Thread 0x0000000016a6f000 Uncommon trap: reason=bimorphic action=maybe_recompile pc=0x0000000002b90cec method=java.util.HashMap.getNode(ILjava/lang/Object;)Ljava/util/HashMap$Node; @ 126
Event: 1.779 Thread 0x0000000016a7f000 Uncommon trap: reason=bimorphic action=maybe_recompile pc=0x0000000002b90cec method=java.util.HashMap.getNode(ILjava/lang/Object;)Ljava/util/HashMap$Node; @ 126
Event: 2.608 Thread 0x0000000016a62000 Uncommon trap: reason=class_check action=maybe_recompile pc=0x0000000002de2e54 method=com.android.dx.cf.code.BytecodeArray.parseInstruction(ILcom/android/dx/cf/code/BytecodeArray$Visitor;)I @ 1573
Event: 2.608 Thread 0x0000000016a62000 Uncommon trap: reason=class_check action=maybe_recompile pc=0x0000000002de2e54 method=com.android.dx.cf.code.BytecodeArray.parseInstruction(ILcom/android/dx/cf/code/BytecodeArray$Visitor;)I @ 1573
Event: 2.608 Thread 0x0000000016a62000 Uncommon trap: reason=class_check action=maybe_recompile pc=0x0000000002de2e54 method=com.android.dx.cf.code.BytecodeArray.parseInstruction(ILcom/android/dx/cf/code/BytecodeArray$Visitor;)I @ 1573
Event: 2.608 Thread 0x0000000016a62000 Uncommon trap: reason=class_check action=maybe_recompile pc=0x0000000002de2e54 method=com.android.dx.cf.code.BytecodeArray.parseInstruction(ILcom/android/dx/cf/code/BytecodeArray$Visitor;)I @ 1573
Event: 2.616 Thread 0x0000000016a62000 Uncommon trap: reason=unstable_if action=reinterpret pc=0x0000000002db97fc method=com.android.dx.ssa.SCCP.simulateStmt(Lcom/android/dx/ssa/SsaInsn;)V @ 53
Event: 2.718 Thread 0x0000000016a62000 Uncommon trap: reason=unstable_if action=reinterpret pc=0x0000000002d81af8 method=com.android.dx.cf.code.Ropper.labelToResultIndex(I)I @ 34
Event: 2.887 Thread 0x0000000016a7f000 Uncommon trap: reason=unstable_if action=reinterpret pc=0x0000000002eb8224 method=com.android.dx.ssa.LocalVariableExtractor.processBlock(I)V @ 77

Internal exceptions (2 events):
Event: 0.058 Thread 0x00000000027c1000 Exception <a 'java/lang/NoSuchMethodError': Method sun.misc.Unsafe.defineClass(Ljava/lang/String;[BII)Ljava/lang/Class; name or signature does not match> (0x00000000eab0d570) thrown at [C:\re\workspace\8-2-build-windows-amd64-cygwin\jdk8u45\3627\hotspot\sr–gÎú<ú­?
Event: 0.059 Thread 0x00000000027c1000 Exception <a 'java/lang/NoSuchMethodError': Method sun.misc.Unsafe.prefetchRead(Ljava/lang/Object;J)V name or signature does not match> (0x00000000eab0d800) thrown at [C:\re\workspace\8-2-build-windows-amd64-cygwin\jdk8u45\3627\hotspot\src\share\vm\prims\j

Events (10 events):
Event: 2.718 Thread 0x0000000016a62000 DEOPT UNPACKING pc=0x000000000290582a sp=0x00000000170de768 mode 2
Event: 2.728 loading class com/android/dx/cf/code/Ropper$ExceptionHandlerSetup
Event: 2.728 loading class com/android/dx/cf/code/Ropper$ExceptionHandlerSetup done
Event: 2.729 loading class java/util/HashMap$Values
Event: 2.729 loading class java/util/HashMap$Values done
Event: 2.729 loading class java/util/HashMap$ValueIterator
Event: 2.729 loading class java/util/HashMap$ValueIterator done
Event: 2.887 Thread 0x0000000016a7f000 Uncommon trap: trap_request=0xffffff65 fr.pc=0x0000000002eb8224
Event: 2.887 Thread 0x0000000016a7f000 DEOPT PACKING pc=0x0000000002eb8224 sp=0x0000000016eded40
Event: 2.887 Thread 0x0000000016a7f000 DEOPT UNPACKING pc=0x000000000290582a sp=0x0000000016eded00 mode 2


Dynamic libraries:
0x00007ff672b50000 - 0x00007ff672b87000 	C:\Program Files\Java\jdk1.8.0_45\bin\java.exe
0x00007fff3a030000 - 0x00007fff3a1dd000 	C:\Windows\SYSTEM32\ntdll.dll
0x00007fff38050000 - 0x00007fff3818e000 	C:\Windows\system32\KERNEL32.DLL
0x00007fff37230000 - 0x00007fff37345000 	C:\Windows\system32\KERNELBASE.dll
0x00007fff35d40000 - 0x00007fff35dce000 	C:\Windows\system32\apphelp.dll
0x00007fff18470000 - 0x00007fff184c3000 	C:\Windows\AppPatch\AppPatch64\AcGenral.DLL
0x00007fff39cc0000 - 0x00007fff39d6a000 	C:\Windows\system32\msvcrt.dll
0x00007fff37690000 - 0x00007fff376be000 	C:\Windows\system32\SspiCli.dll
0x00007fff37f20000 - 0x00007fff37f74000 	C:\Windows\system32\SHLWAPI.dll
0x00007fff37da0000 - 0x00007fff37f17000 	C:\Windows\system32\USER32.dll
0x00007fff37c00000 - 0x00007fff37d94000 	C:\Windows\system32\ole32.dll
0x00007fff38790000 - 0x00007fff39cb9000 	C:\Windows\system32\SHELL32.dll
0x00007fff367b0000 - 0x00007fff367d1000 	C:\Windows\SYSTEM32\USERENV.dll
0x00007fff38410000 - 0x00007fff384ba000 	C:\Windows\system32\ADVAPI32.dll
0x00007fff2de10000 - 0x00007fff2de2e000 	C:\Windows\SYSTEM32\MPR.dll
0x00007fff39d70000 - 0x00007fff39eb0000 	C:\Windows\system32\RPCRT4.dll
0x00007fff39ef0000 - 0x00007fff39f49000 	C:\Windows\SYSTEM32\sechost.dll
0x00007fff376c0000 - 0x00007fff378d1000 	C:\Windows\SYSTEM32\combase.dll
0x00007fff384e0000 - 0x00007fff3862f000 	C:\Windows\system32\GDI32.dll
0x00007fff37160000 - 0x00007fff37175000 	C:\Windows\SYSTEM32\profapi.dll
0x00007fff35700000 - 0x00007fff357b2000 	C:\Windows\SYSTEM32\SHCORE.dll
0x00007fff39eb0000 - 0x00007fff39ee6000 	C:\Windows\system32\IMM32.DLL
0x00007fff38630000 - 0x00007fff38782000 	C:\Windows\system32\MSCTF.dll
0x00007fff34670000 - 0x00007fff348eb000 	C:\Windows\WinSxS\amd64_microsoft.windows.common-controls_6595b64144ccf1df_6.0.9600.18006_none_623f33d3ecbe86e8\COMCTL32.dll
0x0000000071ee0000 - 0x0000000071fb2000 	C:\Program Files\Java\jdk1.8.0_45\jre\bin\msvcr100.dll
0x000000006c690000 - 0x000000006cf13000 	C:\Program Files\Java\jdk1.8.0_45\jre\bin\server\jvm.dll
0x00007fff2fb40000 - 0x00007fff2fb49000 	C:\Windows\SYSTEM32\WSOCK32.dll
0x00007fff2d2e0000 - 0x00007fff2d302000 	C:\Windows\SYSTEM32\WINMM.dll
0x00007fff2cde0000 - 0x00007fff2cdea000 	C:\Windows\SYSTEM32\VERSION.dll
0x00007fff378e0000 - 0x00007fff378e7000 	C:\Windows\system32\PSAPI.DLL
0x00007fff383a0000 - 0x00007fff383fa000 	C:\Windows\system32\WS2_32.dll
0x00007fff2d2b0000 - 0x00007fff2d2da000 	C:\Windows\SYSTEM32\WINMMBASE.dll
0x00007fff384c0000 - 0x00007fff384c9000 	C:\Windows\system32\NSI.dll
0x00007fff373b0000 - 0x00007fff373ff000 	C:\Windows\SYSTEM32\cfgmgr32.dll
0x00007fff35f90000 - 0x00007fff35fb8000 	C:\Windows\SYSTEM32\DEVOBJ.dll
0x0000000072c10000 - 0x0000000072c1f000 	C:\Program Files\Java\jdk1.8.0_45\jre\bin\verify.dll
0x0000000071eb0000 - 0x0000000071ed9000 	C:\Program Files\Java\jdk1.8.0_45\jre\bin\java.dll
0x0000000071e90000 - 0x0000000071ea6000 	C:\Program Files\Java\jdk1.8.0_45\jre\bin\zip.dll

VM Arguments:
jvm_args: -Djava.awt.headless=true -Xmx1024M -Dfile.encoding=windows-1252 -Duser.country=US -Duser.language=en -Duser.variant 
java_command: com.android.dx.command.Main --dex --force-jumbo --num-threads=4 --multi-dex --output D:\android app development\CapstoneHomeSeek\app\build\intermediates\transforms\dex\debug\folders\1000\10\com.google.android.gms-play-services-location-8.4.0_e5a21ef6dfb2c0adfaa35a18f6cc910d9232b910 D:\android app development\CapstoneHomeSeek\app\build\intermediates\exploded-aar\com.google.android.gms\play-services-location\8.4.0\jars\classes.jar
java_class_path (initial): C:\Users\pluckannfeel\AppData\Local\Android\sdk\build-tools\23.0.3\lib\dx.jar
Launcher Type: SUN_STANDARD

Environment Variables:
JAVA_HOME=C:\Program Files (x86)\Java\jdk1.7.0_71
PATH=C:\ProgramData\Oracle\Java\javapath;C:\Windows\system32;C:\Windows;C:\Windows\System32\Wbem;C:\Windows\System32\WindowsPowerShell\v1.0\;C:\Program Files (x86)\Microsoft SQL Server\100\Tools\Binn\;C:\Program Files\Microsoft SQL Server\100\Tools\Binn\;C:\Program Files\Microsoft SQL Server\100\DTS\Binn\;C:\Program Files (x86)\Microsoft SQL Server\100\Tools\Binn\VSShell\Common7\IDE\;C:\Program Files (x86)\Microsoft SQL Server\100\DTS\Binn\;C:\Program Files (x86)\Microsoft SQL Server\90\Tools\binn\;C:\Program Files\nodejs\;C:\Program Files (x86)\GtkSharp\2.12\bin;C:\Program Files (x86)\Skype\Phone\;C:\Users\pluckannfeel\AppData\Roaming\npm
USERNAME=pluckannfeel
OS=Windows_NT
PROCESSOR_IDENTIFIER=Intel64 Family 6 Model 60 Stepping 3, GenuineIntel



---------------  S Y S T E M  ---------------

OS: Windows 8.1 , 64 bit Build 9600 (6.3.9600.17415)

CPU:total 4 (2 cores per cpu, 2 threads per core) family 6 model 60 stepping 3, cmov, cx8, fxsr, mmx, sse, sse2, sse3, ssse3, sse4.1, sse4.2, popcnt, avx, avx2, aes, clmul, erms, lzcnt, ht, tsc, tscinvbit, bmi1, bmi2

Memory: 4k page, physical 8302956k(536200k free), swap 11448684k(5076k free)

vm_info: Java HotSpot(TM) 64-Bit Server VM (25.45-b02) for windows-amd64 JRE (1.8.0_45-b15), built on Apr 30 2015 12:40:44 by "java_re" with MS VC++ 10.0 (VS2010)

time: Thu Nov 17 06:28:02 2016
elapsed time: 3 seconds (0d 0h 0m 3s)

