#
# There is insufficient memory for the Java Runtime Environment to continue.
# Native memory allocation (malloc) failed to allocate 932240 bytes for Chunk::new
# Possible reasons:
#   The system is out of physical RAM or swap space
#   In 32 bit mode, the process size limit was hit
# Possible solutions:
#   Reduce memory load on the system
#   Increase physical memory or swap space
#   Check if swap backing store is full
#   Use 64 bit Java on a 64 bit OS
#   Decrease Java heap size (-Xmx/-Xms)
#   Decrease number of Java threads
#   Decrease Java thread stack sizes (-Xss)
#   Set larger code cache with -XX:ReservedCodeCacheSize=
# This output file may be truncated or incomplete.
#
#  Out of Memory Error (allocation.cpp:390), pid=7924, tid=5648
#
# JRE version: Java(TM) SE Runtime Environment (8.0_45-b15) (build 1.8.0_45-b15)
# Java VM: Java HotSpot(TM) 64-Bit Server VM (25.45-b02 mixed mode windows-amd64 compressed oops)
# Failed to write core dump. Minidumps are not enabled by default on client versions of Windows
#

---------------  T H R E A D  ---------------

Current thread (0x0000000014fae000):  JavaThread "C2 CompilerThread1" daemon [_thread_in_native, id=5648, stack(0x00000000165b0000,0x00000000166b0000)]

Stack: [0x00000000165b0000,0x00000000166b0000]
Native frames: (J=compiled Java code, j=interpreted, Vv=VM code, C=native code)
V  [jvm.dll+0x32b57a]
V  [jvm.dll+0x279873]
V  [jvm.dll+0x27a509]
V  [jvm.dll+0x271825]
V  [jvm.dll+0xcb9e2]
V  [jvm.dll+0xcbeac]
V  [jvm.dll+0x464342]
V  [jvm.dll+0x4db685]
V  [jvm.dll+0x4dc287]
V  [jvm.dll+0x46a551]
V  [jvm.dll+0x46cd52]
V  [jvm.dll+0x4500f2]
V  [jvm.dll+0xa4352]
V  [jvm.dll+0xa4c8f]
V  [jvm.dll+0x241984]
V  [jvm.dll+0x29853a]
C  [msvcr100.dll+0x21d9f]
C  [msvcr100.dll+0x21e3b]
C  [KERNEL32.DLL+0x13d2]
C  [ntdll.dll+0x154e4]


Current CompileTask:
C2:   3588 1468       4       com.android.dx.ssa.SCCP::simulateBranch (666 bytes)


---------------  P R O C E S S  ---------------

Java Threads: ( => current thread )
  0x0000000016907800 JavaThread "pool-2-thread-4" [_thread_in_vm, id=7632, stack(0x00000000179b0000,0x0000000017ab0000)]
  0x0000000016907000 JavaThread "pool-2-thread-3" [_thread_in_vm, id=8148, stack(0x00000000178b0000,0x00000000179b0000)]
  0x0000000016996800 JavaThread "pool-2-thread-2" [_thread_blocked, id=8432, stack(0x00000000177b0000,0x00000000178b0000)]
  0x0000000016996000 JavaThread "pool-3-thread-1" [_thread_blocked, id=8628, stack(0x00000000176b0000,0x00000000177b0000)]
  0x0000000016995000 JavaThread "pool-2-thread-1" [_thread_blocked, id=5252, stack(0x00000000175b0000,0x00000000176b0000)]
  0x00000000166bd800 JavaThread "Service Thread" daemon [_thread_blocked, id=7160, stack(0x0000000016bb0000,0x0000000016cb0000)]
  0x00000000166b8800 JavaThread "C1 CompilerThread2" daemon [_thread_in_native, id=2928, stack(0x0000000016ab0000,0x0000000016bb0000)]
=>0x0000000014fae000 JavaThread "C2 CompilerThread1" daemon [_thread_in_native, id=5648, stack(0x00000000165b0000,0x00000000166b0000)]
  0x0000000014f5d000 JavaThread "C2 CompilerThread0" daemon [_thread_in_native, id=2068, stack(0x00000000164b0000,0x00000000165b0000)]
  0x0000000014f5b000 JavaThread "Attach Listener" daemon [_thread_blocked, id=616, stack(0x00000000163b0000,0x00000000164b0000)]
  0x0000000014f59800 JavaThread "Signal Dispatcher" daemon [_thread_blocked, id=6088, stack(0x00000000162b0000,0x00000000163b0000)]
  0x0000000002886800 JavaThread "Finalizer" daemon [_thread_blocked, id=6400, stack(0x00000000161b0000,0x00000000162b0000)]
  0x000000000287e000 JavaThread "Reference Handler" daemon [_thread_blocked, id=8312, stack(0x00000000160b0000,0x00000000161b0000)]
  0x0000000002791000 JavaThread "main" [_thread_blocked, id=9144, stack(0x0000000002690000,0x0000000002790000)]

Other Threads:
  0x0000000014f27000 VMThread [stack: 0x0000000015fb0000,0x00000000160b0000] [id=5696]
  0x00000000166be800 WatcherThread [stack: 0x0000000016cb0000,0x0000000016db0000] [id=9200]

VM state:synchronizing (normal execution)

VM Mutex/Monitor currently owned by a thread:  ([mutex/lock_event])
[0x000000000258c6f0] Threads_lock - owner thread: 0x0000000014f27000
[0x000000000258bff0] Heap_lock - owner thread: 0x0000000002791000

Heap:
 PSYoungGen      total 71680K, used 71658K [0x00000000eab00000, 0x00000000ef600000, 0x0000000100000000)
  eden space 66560K, 100% used [0x00000000eab00000,0x00000000eec00000,0x00000000eec00000)
  from space 5120K, 99% used [0x00000000eec00000,0x00000000ef0fab60,0x00000000ef100000)
  to   space 5120K, 0% used [0x00000000ef100000,0x00000000ef100000,0x00000000ef600000)
 ParOldGen       total 87552K, used 14505K [0x00000000c0000000, 0x00000000c5580000, 0x00000000eab00000)
  object space 87552K, 16% used [0x00000000c0000000,0x00000000c0e2a570,0x00000000c5580000)
 Metaspace       used 6119K, capacity 7024K, committed 7296K, reserved 1056768K
  class space    used 591K, capacity 616K, committed 640K, reserved 1048576K

Card table byte_map: [0x0000000011c50000,0x0000000011e60000] byte_map_base: 0x0000000011650000

Marking Bits: (ParMarkBitMap*) 0x0000000051dc4040
 Begin Bits: [0x00000000123c0000, 0x00000000133c0000)
 End Bits:   [0x00000000133c0000, 0x00000000143c0000)

Polling page: 0x0000000000c00000

CodeCache: size=245760Kb used=5817Kb max_used=5861Kb free=239942Kb
 bounds [0x0000000002890000, 0x0000000002e50000, 0x0000000011890000]
 total_blobs=1749 nmethods=1479 adapters=182
 compilation: enabled

Compilation events (10 events):
Event: 2.777 Thread 0x00000000166b8800 1497       3       com.android.dx.ssa.back.SsaToRop$PhiVisitor::visitPhiInsn (67 bytes)
Event: 2.778 Thread 0x00000000166b8800 nmethod 1497 0x0000000002e44a90 code [0x0000000002e44d00, 0x0000000002e45d08]
Event: 2.778 Thread 0x00000000166b8800 1498       3       com.android.dx.cf.attrib.BaseLocalVariables::byteLength (14 bytes)
Event: 2.779 Thread 0x00000000166b8800 nmethod 1498 0x0000000002e46910 code [0x0000000002e46a80, 0x0000000002e46cd0]
Event: 2.779 Thread 0x00000000166b8800 1499       1       com.android.dx.cf.attrib.BaseLocalVariables::getLocalVariables (5 bytes)
Event: 2.779 Thread 0x00000000166b8800 nmethod 1499 0x0000000002e46dd0 code [0x0000000002e46f20, 0x0000000002e47030]
Event: 2.781 Thread 0x00000000166b8800 1501       2       com.android.dx.rop.type.Type::isArray (19 bytes)
Event: 2.781 Thread 0x00000000166b8800 nmethod 1501 0x0000000002e47090 code [0x0000000002e47200, 0x0000000002e47408]
Event: 2.781 Thread 0x00000000166b8800 1502       2       com.android.dx.cf.code.LocalVariableList$Item::<init> (115 bytes)
Event: 2.782 Thread 0x00000000166b8800 nmethod 1502 0x0000000002e47590 code [0x0000000002e47760, 0x0000000002e47c68]

GC Heap History (2 events):
Event: 2.043 GC heap before
{Heap before GC invocations=1 (full 0):
 PSYoungGen      total 38400K, used 33280K [0x00000000eab00000, 0x00000000ed580000, 0x0000000100000000)
  eden space 33280K, 100% used [0x00000000eab00000,0x00000000ecb80000,0x00000000ecb80000)
  from space 5120K, 0% used [0x00000000ed080000,0x00000000ed080000,0x00000000ed580000)
  to   space 5120K, 0% used [0x00000000ecb80000,0x00000000ecb80000,0x00000000ed080000)
 ParOldGen       total 87552K, used 0K [0x00000000c0000000, 0x00000000c5580000, 0x00000000eab00000)
  object space 87552K, 0% used [0x00000000c0000000,0x00000000c0000000,0x00000000c5580000)
 Metaspace       used 5918K, capacity 6896K, committed 7040K, reserved 1056768K
  class space    used 590K, capacity 616K, committed 640K, reserved 1048576K
Event: 2.075 GC heap after
Heap after GC invocations=1 (full 0):
 PSYoungGen      total 38400K, used 5092K [0x00000000eab00000, 0x00000000ef600000, 0x0000000100000000)
  eden space 33280K, 0% used [0x00000000eab00000,0x00000000eab00000,0x00000000ecb80000)
  from space 5120K, 99% used [0x00000000ecb80000,0x00000000ed0792a8,0x00000000ed080000)
  to   space 5120K, 0% used [0x00000000ef100000,0x00000000ef100000,0x00000000ef600000)
 ParOldGen       total 87552K, used 445K [0x00000000c0000000, 0x00000000c5580000, 0x00000000eab00000)
  object space 87552K, 0% used [0x00000000c0000000,0x00000000c006f5b0,0x00000000c5580000)
 Metaspace       used 5918K, capacity 6896K, committed 7040K, reserved 1056768K
  class space    used 590K, capacity 616K, committed 640K, reserved 1048576K
}

Deoptimization events (6 events):
Event: 1.606 Thread 0x0000000002791000 Uncommon trap: reason=unstable_if action=reinterpret pc=0x0000000002ad9c14 method=java.util.HashMap.getNode(ILjava/lang/Object;)Ljava/util/HashMap$Node; @ 62
Event: 1.808 Thread 0x0000000016907800 Uncommon trap: reason=class_check action=maybe_recompile pc=0x0000000002b67ad4 method=com.android.dx.ssa.NormalSsaInsn.accept(Lcom/android/dx/ssa/SsaInsn$Visitor;)V @ 9
Event: 1.808 Thread 0x0000000016907800 Uncommon trap: reason=class_check action=maybe_recompile pc=0x0000000002b07030 method=com.android.dx.ssa.NormalSsaInsn.accept(Lcom/android/dx/ssa/SsaInsn$Visitor;)V @ 9
Event: 1.808 Thread 0x0000000016907800 Uncommon trap: reason=class_check action=maybe_recompile pc=0x0000000002b07030 method=com.android.dx.ssa.NormalSsaInsn.accept(Lcom/android/dx/ssa/SsaInsn$Visitor;)V @ 9
Event: 1.808 Thread 0x0000000016907800 Uncommon trap: reason=class_check action=maybe_recompile pc=0x0000000002b07030 method=com.android.dx.ssa.NormalSsaInsn.accept(Lcom/android/dx/ssa/SsaInsn$Visitor;)V @ 9
Event: 1.810 Thread 0x0000000016907800 Uncommon trap: reason=class_check action=maybe_recompile pc=0x0000000002b67ad4 method=com.android.dx.ssa.NormalSsaInsn.accept(Lcom/android/dx/ssa/SsaInsn$Visitor;)V @ 9

Internal exceptions (2 events):
Event: 0.284 Thread 0x0000000002791000 Exception <a 'java/lang/NoSuchMethodError': Method sun.misc.Unsafe.defineClass(Ljava/lang/String;[BII)Ljava/lang/Class; name or signature does not match> (0x00000000eab0d368) thrown at [C:\re\workspace\8-2-build-windows-amd64-cygwin\jdk8u45\3627\hotspot\sr«Û£“8Ò?
Event: 0.285 Thread 0x0000000002791000 Exception <a 'java/lang/NoSuchMethodError': Method sun.misc.Unsafe.prefetchRead(Ljava/lang/Object;J)V name or signature does not match> (0x00000000eab0d5f8) thrown at [C:\re\workspace\8-2-build-windows-amd64-cygwin\jdk8u45\3627\hotspot\src\share\vm\prims\j

Events (10 events):
Event: 1.808 Thread 0x0000000016907800 DEOPT UNPACKING pc=0x00000000028d582a sp=0x0000000017aae630 mode 2
Event: 1.810 Thread 0x0000000016907800 Uncommon trap: trap_request=0xffffffde fr.pc=0x0000000002b67ad4
Event: 1.810 Thread 0x0000000016907800 DEOPT PACKING pc=0x0000000002b67ad4 sp=0x0000000017aae670
Event: 1.810 Thread 0x0000000016907800 DEOPT UNPACKING pc=0x00000000028d582a sp=0x0000000017aae5b0 mode 2
Event: 2.034 Executing VM operation: ParallelGCFailedAllocation
Event: 2.075 Executing VM operation: ParallelGCFailedAllocation done
Event: 2.501 loading class com/android/dx/cf/code/BytecodeArray$ConstantParserVisitor
Event: 2.501 loading class com/android/dx/cf/code/BytecodeArray$ConstantParserVisitor done
Event: 2.780 Thread 0x0000000016995000 DEOPT PACKING pc=0x0000000002c55d13 sp=0x00000000176aea50
Event: 2.780 Thread 0x0000000016995000 DEOPT UNPACKING pc=0x00000000028d787f sp=0x00000000176ae818 mode 0


Dynamic libraries:
0x00007ff775360000 - 0x00007ff775397000 	C:\Program Files\Java\jdk1.8.0_45\bin\java.exe
0x00007ff9ebcb0000 - 0x00007ff9ebe5d000 	C:\Windows\SYSTEM32\ntdll.dll
0x00007ff9eac90000 - 0x00007ff9eadce000 	C:\Windows\system32\KERNEL32.DLL
0x00007ff9e9220000 - 0x00007ff9e9335000 	C:\Windows\system32\KERNELBASE.dll
0x00007ff9e79b0000 - 0x00007ff9e7a3e000 	C:\Windows\system32\apphelp.dll
0x00007ff9d7f90000 - 0x00007ff9d7fe3000 	C:\Windows\AppPatch\AppPatch64\AcGenral.DLL
0x00007ff9eb8a0000 - 0x00007ff9eb94a000 	C:\Windows\system32\msvcrt.dll
0x00007ff9e91f0000 - 0x00007ff9e921e000 	C:\Windows\system32\SspiCli.dll
0x00007ff9eab70000 - 0x00007ff9eabc4000 	C:\Windows\system32\SHLWAPI.dll
0x00007ff9eb380000 - 0x00007ff9eb4f7000 	C:\Windows\system32\USER32.dll
0x00007ff9eb620000 - 0x00007ff9eb7b4000 	C:\Windows\system32\ole32.dll
0x00007ff9e9350000 - 0x00007ff9ea879000 	C:\Windows\system32\SHELL32.dll
0x00007ff9e8430000 - 0x00007ff9e8451000 	C:\Windows\SYSTEM32\USERENV.dll
0x00007ff9ebb30000 - 0x00007ff9ebbda000 	C:\Windows\system32\ADVAPI32.dll
0x00007ff9e1120000 - 0x00007ff9e113e000 	C:\Windows\SYSTEM32\MPR.dll
0x00007ff9ea880000 - 0x00007ff9ea9c0000 	C:\Windows\system32\RPCRT4.dll
0x00007ff9ebbf0000 - 0x00007ff9ebc49000 	C:\Windows\SYSTEM32\sechost.dll
0x00007ff9eaf90000 - 0x00007ff9eb1a1000 	C:\Windows\SYSTEM32\combase.dll
0x00007ff9ea9c0000 - 0x00007ff9eab0f000 	C:\Windows\system32\GDI32.dll
0x00007ff9e8de0000 - 0x00007ff9e8df5000 	C:\Windows\SYSTEM32\profapi.dll
0x00007ff9e7040000 - 0x00007ff9e70f2000 	C:\Windows\SYSTEM32\SHCORE.dll
0x00007ff9eb500000 - 0x00007ff9eb536000 	C:\Windows\system32\IMM32.DLL
0x00007ff9eb1b0000 - 0x00007ff9eb302000 	C:\Windows\system32\MSCTF.dll
0x00007ff9e65a0000 - 0x00007ff9e681b000 	C:\Windows\WinSxS\amd64_microsoft.windows.common-controls_6595b64144ccf1df_6.0.9600.18006_none_623f33d3ecbe86e8\COMCTL32.dll
0x0000000051e50000 - 0x0000000051f22000 	C:\Program Files\Java\jdk1.8.0_45\jre\bin\msvcr100.dll
0x00000000515c0000 - 0x0000000051e43000 	C:\Program Files\Java\jdk1.8.0_45\jre\bin\server\jvm.dll
0x00007ff9e1110000 - 0x00007ff9e1119000 	C:\Windows\SYSTEM32\WSOCK32.dll
0x00007ff9e0510000 - 0x00007ff9e0532000 	C:\Windows\SYSTEM32\WINMM.dll
0x00007ff9de9c0000 - 0x00007ff9de9ca000 	C:\Windows\SYSTEM32\VERSION.dll
0x00007ff9e9340000 - 0x00007ff9e9347000 	C:\Windows\system32\PSAPI.DLL
0x00007ff9eab10000 - 0x00007ff9eab6a000 	C:\Windows\system32\WS2_32.dll
0x00007ff9e04e0000 - 0x00007ff9e050a000 	C:\Windows\SYSTEM32\WINMMBASE.dll
0x00007ff9eadd0000 - 0x00007ff9eadd9000 	C:\Windows\system32\NSI.dll
0x00007ff9e8eb0000 - 0x00007ff9e8eff000 	C:\Windows\SYSTEM32\cfgmgr32.dll
0x00007ff9e7ad0000 - 0x00007ff9e7af8000 	C:\Windows\SYSTEM32\DEVOBJ.dll
0x00000000515b0000 - 0x00000000515bf000 	C:\Program Files\Java\jdk1.8.0_45\jre\bin\verify.dll
0x0000000051580000 - 0x00000000515a9000 	C:\Program Files\Java\jdk1.8.0_45\jre\bin\java.dll
0x0000000051560000 - 0x0000000051576000 	C:\Program Files\Java\jdk1.8.0_45\jre\bin\zip.dll
0x00007ff9e0a40000 - 0x00007ff9e0bc9000 	C:\Windows\SYSTEM32\dbghelp.dll

VM Arguments:
jvm_args: -Djava.awt.headless=true -Xmx1024M -Dfile.encoding=windows-1252 -Duser.country=US -Duser.language=en -Duser.variant 
java_command: com.android.dx.command.Main --dex --force-jumbo --num-threads=4 --multi-dex --output D:\android app development\CapstoneHomeSeek\app\build\intermediates\transforms\dex\debug\folders\1000\10\com.google.android.gms-play-services-basement-8.4.0_d4c0445688eb22f286c33925d570ad8356ed5a56 D:\android app development\CapstoneHomeSeek\app\build\intermediates\exploded-aar\com.google.android.gms\play-services-basement\8.4.0\jars\classes.jar
java_class_path (initial): C:\Users\pluckannfeel\AppData\Local\Android\sdk\build-tools\23.0.3\lib\dx.jar
Launcher Type: SUN_STANDARD

Environment Variables:
JAVA_HOME=C:\Program Files (x86)\Java\jdk1.7.0_71
PATH=C:\ProgramData\Oracle\Java\javapath;C:\Windows\system32;C:\Windows;C:\Windows\System32\Wbem;C:\Windows\System32\WindowsPowerShell\v1.0\;C:\Program Files (x86)\Microsoft SQL Server\100\Tools\Binn\;C:\Program Files\Microsoft SQL Server\100\Tools\Binn\;C:\Program Files\Microsoft SQL Server\100\DTS\Binn\;C:\Program Files (x86)\Microsoft SQL Server\100\Tools\Binn\VSShell\Common7\IDE\;C:\Program Files (x86)\Microsoft SQL Server\100\DTS\Binn\;C:\Program Files (x86)\Microsoft SQL Server\90\Tools\binn\;C:\Program Files\nodejs\;C:\Program Files (x86)\GtkSharp\2.12\bin;C:\Program Files (x86)\Skype\Phone\;C:\Users\pluckannfeel\AppData\Roaming\npm
USERNAME=pluckannfeel
OS=Windows_NT
PROCESSOR_IDENTIFIER=Intel64 Family 6 Model 60 Stepping 3, GenuineIntel



---------------  S Y S T E M  ---------------

OS: Windows 8.1 , 64 bit Build 9600 (6.3.9600.17415)

CPU:total 4 (2 cores per cpu, 2 threads per core) family 6 model 60 stepping 3, cmov, cx8, fxsr, mmx, sse, sse2, sse3, ssse3, sse4.1, sse4.2, popcnt, avx, avx2, aes, clmul, erms, lzcnt, ht, tsc, tscinvbit, bmi1, bmi2

Memory: 4k page, physical 8302956k(457556k free), swap 11448684k(888k free)

vm_info: Java HotSpot(TM) 64-Bit Server VM (25.45-b02) for windows-amd64 JRE (1.8.0_45-b15), built on Apr 30 2015 12:40:44 by "java_re" with MS VC++ 10.0 (VS2010)

time: Sat Nov 19 12:13:43 2016
elapsed time: 3 seconds (0d 0h 0m 3s)

