#
# There is insufficient memory for the Java Runtime Environment to continue.
# Native memory allocation (malloc) failed to allocate 32784 bytes for Chunk::new
# Possible reasons:
#   The system is out of physical RAM or swap space
#   In 32 bit mode, the process size limit was hit
# Possible solutions:
#   Reduce memory load on the system
#   Increase physical memory or swap space
#   Check if swap backing store is full
#   Use 64 bit Java on a 64 bit OS
#   Decrease Java heap size (-Xmx/-Xms)
#   Decrease number of Java threads
#   Decrease Java thread stack sizes (-Xss)
#   Set larger code cache with -XX:ReservedCodeCacheSize=
# This output file may be truncated or incomplete.
#
#  Out of Memory Error (allocation.cpp:390), pid=7612, tid=7484
#
# JRE version: Java(TM) SE Runtime Environment (8.0_45-b15) (build 1.8.0_45-b15)
# Java VM: Java HotSpot(TM) 64-Bit Server VM (25.45-b02 mixed mode windows-amd64 compressed oops)
# Failed to write core dump. Minidumps are not enabled by default on client versions of Windows
#

---------------  T H R E A D  ---------------

Current thread (0x0000000014f9c800):  JavaThread "C2 CompilerThread0" daemon [_thread_in_native, id=7484, stack(0x0000000016520000,0x0000000016620000)]

Stack: [0x0000000016520000,0x0000000016620000]
Native frames: (J=compiled Java code, j=interpreted, Vv=VM code, C=native code)
V  [jvm.dll+0x32b57a]


Current CompileTask:
C2:   4384 1516       4       com.android.dx.rop.code.LocalVariableInfo::mergeStarts (75 bytes)


---------------  P R O C E S S  ---------------

Java Threads: ( => current thread )
  0x0000000016b72000 JavaThread "pool-2-thread-4" [_thread_blocked, id=3952, stack(0x0000000017a20000,0x0000000017b20000)]
  0x0000000016b73000 JavaThread "pool-2-thread-3" [_thread_blocked, id=5756, stack(0x0000000017920000,0x0000000017a20000)]
  0x0000000016aed800 JavaThread "pool-2-thread-2" [_thread_blocked, id=7320, stack(0x0000000017820000,0x0000000017920000)]
  0x0000000016ae4800 JavaThread "pool-3-thread-1" [_thread_blocked, id=280, stack(0x0000000017720000,0x0000000017820000)]
  0x0000000016ae4000 JavaThread "pool-2-thread-1" [_thread_in_Java, id=9404, stack(0x0000000017620000,0x0000000017720000)]
  0x0000000016825800 JavaThread "Service Thread" daemon [_thread_blocked, id=3136, stack(0x0000000016c20000,0x0000000016d20000)]
  0x0000000014ffc000 JavaThread "C1 CompilerThread2" daemon [_thread_blocked, id=984, stack(0x0000000016720000,0x0000000016820000)]
  0x0000000014ff6000 JavaThread "C2 CompilerThread1" daemon [_thread_in_native, id=3548, stack(0x0000000016620000,0x0000000016720000)]
=>0x0000000014f9c800 JavaThread "C2 CompilerThread0" daemon [_thread_in_native, id=7484, stack(0x0000000016520000,0x0000000016620000)]
  0x0000000014f9a800 JavaThread "Attach Listener" daemon [_thread_blocked, id=7864, stack(0x0000000016420000,0x0000000016520000)]
  0x0000000014f99800 JavaThread "Signal Dispatcher" daemon [_thread_blocked, id=1644, stack(0x0000000016320000,0x0000000016420000)]
  0x00000000028c1000 JavaThread "Finalizer" daemon [_thread_blocked, id=9360, stack(0x0000000016220000,0x0000000016320000)]
  0x00000000028be000 JavaThread "Reference Handler" daemon [_thread_blocked, id=9384, stack(0x0000000016120000,0x0000000016220000)]
  0x00000000027d1000 JavaThread "main" [_thread_in_vm, id=9288, stack(0x00000000026d0000,0x00000000027d0000)]

Other Threads:
  0x0000000014f67000 VMThread [stack: 0x0000000016020000,0x0000000016120000] [id=5008]
  0x0000000016826800 WatcherThread [stack: 0x0000000016d20000,0x0000000016e20000] [id=9056]

VM state:not at safepoint (normal execution)

VM Mutex/Monitor currently owned by a thread:  ([mutex/lock_event])
[0x00000000026ce500] CompiledIC_lock - owner thread: 0x0000000000000000

Heap:
 PSYoungGen      total 38400K, used 30327K [0x00000000eab00000, 0x00000000ef600000, 0x0000000100000000)
  eden space 33280K, 75% used [0x00000000eab00000,0x00000000ec3a5ac8,0x00000000ecb80000)
  from space 5120K, 99% used [0x00000000ecb80000,0x00000000ed078378,0x00000000ed080000)
  to   space 5120K, 0% used [0x00000000ef100000,0x00000000ef100000,0x00000000ef600000)
 ParOldGen       total 87552K, used 783K [0x00000000c0000000, 0x00000000c5580000, 0x00000000eab00000)
  object space 87552K, 0% used [0x00000000c0000000,0x00000000c00c3d68,0x00000000c5580000)
 Metaspace       used 6139K, capacity 7088K, committed 7296K, reserved 1056768K
  class space    used 589K, capacity 616K, committed 640K, reserved 1048576K

Card table byte_map: [0x0000000011c90000,0x0000000011ea0000] byte_map_base: 0x0000000011690000

Marking Bits: (ParMarkBitMap*) 0x000000006ce94040
 Begin Bits: [0x0000000012400000, 0x0000000013400000)
 End Bits:   [0x0000000013400000, 0x0000000014400000)

Polling page: 0x0000000002570000

CodeCache: size=245760Kb used=6383Kb max_used=6426Kb free=239376Kb
 bounds [0x00000000028d0000, 0x0000000002f20000, 0x00000000118d0000]
 total_blobs=1773 nmethods=1502 adapters=182
 compilation: disabled (not enough contiguous free space left)

Compilation events (10 events):
Event: 4.373 Thread 0x0000000014ffc000 1512       3       com.android.dx.rop.code.Rops::opGetField (97 bytes)
Event: 4.374 Thread 0x0000000014f9c800 nmethod 1511 0x0000000002f03910 code [0x0000000002f03a40, 0x0000000002f03b18]
Event: 4.374 Thread 0x0000000014ffc000 nmethod 1512 0x0000000002efd050 code [0x0000000002efd280, 0x0000000002efdef8]
Event: 4.374 Thread 0x0000000014ffc000 1513       3       java.util.concurrent.locks.AbstractQueuedSynchronizer::compareAndSetWaitStatus (13 bytes)
Event: 4.375 Thread 0x0000000014ffc000 nmethod 1513 0x0000000002f03610 code [0x0000000002f03760, 0x0000000002f038b0]
Event: 4.375 Thread 0x0000000014f9c800 1514       4       com.android.dx.rop.code.Insn::getLocalAssignment (48 bytes)
Event: 4.376 Thread 0x0000000014f9c800 nmethod 1514 0x0000000002ec93d0 code [0x0000000002ec9500, 0x0000000002ec9598]
Event: 4.376 Thread 0x0000000014ffc000 1515       3       com.android.dx.cf.attrib.BaseLocalVariables::byteLength (14 bytes)
Event: 4.376 Thread 0x0000000014f9c800 1516       4       com.android.dx.rop.code.LocalVariableInfo::mergeStarts (75 bytes)
Event: 4.376 Thread 0x0000000014ffc000 nmethod 1515 0x0000000002f03150 code [0x0000000002f032c0, 0x0000000002f03510]

GC Heap History (2 events):
Event: 2.650 GC heap before
{Heap before GC invocations=1 (full 0):
 PSYoungGen      total 38400K, used 33280K [0x00000000eab00000, 0x00000000ed580000, 0x0000000100000000)
  eden space 33280K, 100% used [0x00000000eab00000,0x00000000ecb80000,0x00000000ecb80000)
  from space 5120K, 0% used [0x00000000ed080000,0x00000000ed080000,0x00000000ed580000)
  to   space 5120K, 0% used [0x00000000ecb80000,0x00000000ecb80000,0x00000000ed080000)
 ParOldGen       total 87552K, used 0K [0x00000000c0000000, 0x00000000c5580000, 0x00000000eab00000)
  object space 87552K, 0% used [0x00000000c0000000,0x00000000c0000000,0x00000000c5580000)
 Metaspace       used 5910K, capacity 6896K, committed 7040K, reserved 1056768K
  class space    used 587K, capacity 616K, committed 640K, reserved 1048576K
Event: 2.908 GC heap after
Heap after GC invocations=1 (full 0):
 PSYoungGen      total 38400K, used 5088K [0x00000000eab00000, 0x00000000ef600000, 0x0000000100000000)
  eden space 33280K, 0% used [0x00000000eab00000,0x00000000eab00000,0x00000000ecb80000)
  from space 5120K, 99% used [0x00000000ecb80000,0x00000000ed078378,0x00000000ed080000)
  to   space 5120K, 0% used [0x00000000ef100000,0x00000000ef100000,0x00000000ef600000)
 ParOldGen       total 87552K, used 783K [0x00000000c0000000, 0x00000000c5580000, 0x00000000eab00000)
  object space 87552K, 0% used [0x00000000c0000000,0x00000000c00c3d68,0x00000000c5580000)
 Metaspace       used 5910K, capacity 6896K, committed 7040K, reserved 1056768K
  class space    used 587K, capacity 616K, committed 640K, reserved 1048576K
}

Deoptimization events (5 events):
Event: 1.318 Thread 0x0000000016b73000 Uncommon trap: reason=unstable_if action=reinterpret pc=0x0000000002af635c method=java.util.HashMap.getNode(ILjava/lang/Object;)Ljava/util/HashMap$Node; @ 129
Event: 1.338 Thread 0x0000000016b73000 Uncommon trap: reason=unstable_if action=reinterpret pc=0x0000000002b7cd70 method=java.util.BitSet.nextSetBit(I)I @ 87
Event: 2.645 Thread 0x0000000016b72000 Uncommon trap: reason=unstable_if action=reinterpret pc=0x0000000002d85504 method=com.android.dx.cf.code.BytecodeArray.parseInstruction(ILcom/android/dx/cf/code/BytecodeArray$Visitor;)I @ 1198
Event: 3.031 Thread 0x0000000016aed800 Uncommon trap: reason=unstable_if action=reinterpret pc=0x0000000002c5002c method=com.android.dx.rop.code.RegisterSpecSet.put(Lcom/android/dx/rop/code/RegisterSpec;)V @ 77
Event: 3.857 Thread 0x0000000016b73000 Uncommon trap: reason=null_check action=make_not_entrant pc=0x0000000002c3aba4 method=com.android.dx.rop.type.Type.equals(Ljava/lang/Object;)Z @ 8

Internal exceptions (3 events):
Event: 0.071 Thread 0x00000000027d1000 Exception <a 'java/lang/NoSuchMethodError': Method sun.misc.Unsafe.defineClass(Ljava/lang/String;[BII)Ljava/lang/Class; name or signature does not match> (0x00000000eab0d568) thrown at [C:\re\workspace\8-2-build-windows-amd64-cygwin\jdk8u45\3627\hotspot\srI•;T3²?
Event: 0.071 Thread 0x00000000027d1000 Exception <a 'java/lang/NoSuchMethodError': Method sun.misc.Unsafe.prefetchRead(Ljava/lang/Object;J)V name or signature does not match> (0x00000000eab0d7f8) thrown at [C:\re\workspace\8-2-build-windows-amd64-cygwin\jdk8u45\3627\hotspot\src\share\vm\prims\j'&\"Ú@
Event: 3.857 Thread 0x0000000016b73000 Implicit null exception at 0x0000000002c3aaa2 to 0x0000000002c3ab95

Events (10 events):
Event: 3.053 loading class com/android/dx/cf/attrib/AttConstantValue done
Event: 3.658 loading class com/android/dx/cf/code/BytecodeArray$ConstantParserVisitor
Event: 3.658 loading class com/android/dx/cf/code/BytecodeArray$ConstantParserVisitor done
Event: 3.857 Thread 0x0000000016b73000 Uncommon trap: trap_request=0xfffffff4 fr.pc=0x0000000002c3aba4
Event: 3.857 Thread 0x0000000016b73000 DEOPT PACKING pc=0x0000000002c3aba4 sp=0x0000000017a1e920
Event: 3.857 Thread 0x0000000016b73000 DEOPT UNPACKING pc=0x000000000291582a sp=0x0000000017a1e8a8 mode 2
Event: 4.217 Executing VM operation: EnableBiasedLocking
Event: 4.368 Executing VM operation: EnableBiasedLocking done
Event: 4.372 loading class com/android/dx/rop/code/RegisterSpec$1
Event: 4.372 loading class com/android/dx/rop/code/RegisterSpec$1 done


Dynamic libraries:
0x00007ff672b50000 - 0x00007ff672b87000 	C:\Program Files\Java\jdk1.8.0_45\bin\java.exe
0x00007fff3a030000 - 0x00007fff3a1dd000 	C:\Windows\SYSTEM32\ntdll.dll
0x00007fff38050000 - 0x00007fff3818e000 	C:\Windows\system32\KERNEL32.DLL
0x00007fff37230000 - 0x00007fff37345000 	C:\Windows\system32\KERNELBASE.dll
0x00007fff35d40000 - 0x00007fff35dce000 	C:\Windows\system32\apphelp.dll
0x00007fff18470000 - 0x00007fff184c3000 	C:\Windows\AppPatch\AppPatch64\AcGenral.DLL
0x00007fff39cc0000 - 0x00007fff39d6a000 	C:\Windows\system32\msvcrt.dll
0x00007fff37690000 - 0x00007fff376be000 	C:\Windows\system32\SspiCli.dll
0x00007fff37f20000 - 0x00007fff37f74000 	C:\Windows\system32\SHLWAPI.dll
0x00007fff37da0000 - 0x00007fff37f17000 	C:\Windows\system32\USER32.dll
0x00007fff37c00000 - 0x00007fff37d94000 	C:\Windows\system32\ole32.dll
0x00007fff38790000 - 0x00007fff39cb9000 	C:\Windows\system32\SHELL32.dll
0x00007fff367b0000 - 0x00007fff367d1000 	C:\Windows\SYSTEM32\USERENV.dll
0x00007fff38410000 - 0x00007fff384ba000 	C:\Windows\system32\ADVAPI32.dll
0x00007fff2de10000 - 0x00007fff2de2e000 	C:\Windows\SYSTEM32\MPR.dll
0x00007fff39d70000 - 0x00007fff39eb0000 	C:\Windows\system32\RPCRT4.dll
0x00007fff39ef0000 - 0x00007fff39f49000 	C:\Windows\SYSTEM32\sechost.dll
0x00007fff376c0000 - 0x00007fff378d1000 	C:\Windows\SYSTEM32\combase.dll
0x00007fff384e0000 - 0x00007fff3862f000 	C:\Windows\system32\GDI32.dll
0x00007fff37160000 - 0x00007fff37175000 	C:\Windows\SYSTEM32\profapi.dll
0x00007fff35700000 - 0x00007fff357b2000 	C:\Windows\SYSTEM32\SHCORE.dll
0x00007fff39eb0000 - 0x00007fff39ee6000 	C:\Windows\system32\IMM32.DLL
0x00007fff38630000 - 0x00007fff38782000 	C:\Windows\system32\MSCTF.dll
0x00007fff34670000 - 0x00007fff348eb000 	C:\Windows\WinSxS\amd64_microsoft.windows.common-controls_6595b64144ccf1df_6.0.9600.18006_none_623f33d3ecbe86e8\COMCTL32.dll
0x0000000071ee0000 - 0x0000000071fb2000 	C:\Program Files\Java\jdk1.8.0_45\jre\bin\msvcr100.dll
0x000000006c690000 - 0x000000006cf13000 	C:\Program Files\Java\jdk1.8.0_45\jre\bin\server\jvm.dll
0x00007fff2fb40000 - 0x00007fff2fb49000 	C:\Windows\SYSTEM32\WSOCK32.dll
0x00007fff2d2e0000 - 0x00007fff2d302000 	C:\Windows\SYSTEM32\WINMM.dll
0x00007fff2cde0000 - 0x00007fff2cdea000 	C:\Windows\SYSTEM32\VERSION.dll
0x00007fff378e0000 - 0x00007fff378e7000 	C:\Windows\system32\PSAPI.DLL
0x00007fff383a0000 - 0x00007fff383fa000 	C:\Windows\system32\WS2_32.dll
0x00007fff2d2b0000 - 0x00007fff2d2da000 	C:\Windows\SYSTEM32\WINMMBASE.dll
0x00007fff384c0000 - 0x00007fff384c9000 	C:\Windows\system32\NSI.dll
0x00007fff373b0000 - 0x00007fff373ff000 	C:\Windows\SYSTEM32\cfgmgr32.dll
0x00007fff35f90000 - 0x00007fff35fb8000 	C:\Windows\SYSTEM32\DEVOBJ.dll
0x0000000072c10000 - 0x0000000072c1f000 	C:\Program Files\Java\jdk1.8.0_45\jre\bin\verify.dll
0x0000000071eb0000 - 0x0000000071ed9000 	C:\Program Files\Java\jdk1.8.0_45\jre\bin\java.dll
0x0000000071e90000 - 0x0000000071ea6000 	C:\Program Files\Java\jdk1.8.0_45\jre\bin\zip.dll

VM Arguments:
jvm_args: -Djava.awt.headless=true -Xmx1024M -Dfile.encoding=windows-1252 -Duser.country=US -Duser.language=en -Duser.variant 
java_command: com.android.dx.command.Main --dex --force-jumbo --num-threads=4 --multi-dex --output D:\android app development\CapstoneHomeSeek\app\build\intermediates\transforms\dex\debug\folders\1000\10\com.google.android.gms-play-services-wallet-8.4.0_fdf3352a1b61df776cd29333ef101927cb28f1d6 D:\android app development\CapstoneHomeSeek\app\build\intermediates\exploded-aar\com.google.android.gms\play-services-wallet\8.4.0\jars\classes.jar
java_class_path (initial): C:\Users\pluckannfeel\AppData\Local\Android\sdk\build-tools\23.0.3\lib\dx.jar
Launcher Type: SUN_STANDARD

Environment Variables:
JAVA_HOME=C:\Program Files (x86)\Java\jdk1.7.0_71
PATH=C:\ProgramData\Oracle\Java\javapath;C:\Windows\system32;C:\Windows;C:\Windows\System32\Wbem;C:\Windows\System32\WindowsPowerShell\v1.0\;C:\Program Files (x86)\Microsoft SQL Server\100\Tools\Binn\;C:\Program Files\Microsoft SQL Server\100\Tools\Binn\;C:\Program Files\Microsoft SQL Server\100\DTS\Binn\;C:\Program Files (x86)\Microsoft SQL Server\100\Tools\Binn\VSShell\Common7\IDE\;C:\Program Files (x86)\Microsoft SQL Server\100\DTS\Binn\;C:\Program Files (x86)\Microsoft SQL Server\90\Tools\binn\;C:\Program Files\nodejs\;C:\Program Files (x86)\GtkSharp\2.12\bin;C:\Program Files (x86)\Skype\Phone\;C:\Users\pluckannfeel\AppData\Roaming\npm
USERNAME=pluckannfeel
OS=Windows_NT
PROCESSOR_IDENTIFIER=Intel64 Family 6 Model 60 Stepping 3, GenuineIntel



---------------  S Y S T E M  ---------------

OS: Windows 8.1 , 64 bit Build 9600 (6.3.9600.17415)

CPU:total 4 (2 cores per cpu, 2 threads per core) family 6 model 60 stepping 3, cmov, cx8, fxsr, mmx, sse, sse2, sse3, ssse3, sse4.1, sse4.2, popcnt, avx, avx2, aes, clmul, erms, lzcnt, ht, tsc, tscinvbit, bmi1, bmi2

Memory: 4k page, physical 8302956k(682264k free), swap 11448684k(5096k free)

vm_info: Java HotSpot(TM) 64-Bit Server VM (25.45-b02) for windows-amd64 JRE (1.8.0_45-b15), built on Apr 30 2015 12:40:44 by "java_re" with MS VC++ 10.0 (VS2010)

time: Thu Nov 17 06:26:50 2016
elapsed time: 4 seconds (0d 0h 0m 4s)

