#
# There is insufficient memory for the Java Runtime Environment to continue.
# Native memory allocation (malloc) failed to allocate 1388704 bytes for Chunk::new
# Possible reasons:
#   The system is out of physical RAM or swap space
#   In 32 bit mode, the process size limit was hit
# Possible solutions:
#   Reduce memory load on the system
#   Increase physical memory or swap space
#   Check if swap backing store is full
#   Use 64 bit Java on a 64 bit OS
#   Decrease Java heap size (-Xmx/-Xms)
#   Decrease number of Java threads
#   Decrease Java thread stack sizes (-Xss)
#   Set larger code cache with -XX:ReservedCodeCacheSize=
# This output file may be truncated or incomplete.
#
#  Out of Memory Error (allocation.cpp:390), pid=2392, tid=2724
#
# JRE version: Java(TM) SE Runtime Environment (8.0_45-b15) (build 1.8.0_45-b15)
# Java VM: Java HotSpot(TM) 64-Bit Server VM (25.45-b02 mixed mode windows-amd64 compressed oops)
# Failed to write core dump. Minidumps are not enabled by default on client versions of Windows
#

---------------  T H R E A D  ---------------

Current thread (0x00000000147bc800):  JavaThread "C2 CompilerThread0" daemon [_thread_in_native, id=2724, stack(0x0000000015d10000,0x0000000015e10000)]

Stack: [0x0000000015d10000,0x0000000015e10000]
Native frames: (J=compiled Java code, j=interpreted, Vv=VM code, C=native code)
V  [jvm.dll+0x32b57a]
V  [jvm.dll+0x279873]
V  [jvm.dll+0x27a509]
V  [jvm.dll+0x271825]
V  [jvm.dll+0xcb9e2]
V  [jvm.dll+0xcbeac]
V  [jvm.dll+0x4929e7]
V  [jvm.dll+0x45f8ca]
V  [jvm.dll+0x46a73b]
V  [jvm.dll+0x46cd52]
V  [jvm.dll+0x4500f2]
V  [jvm.dll+0xa4352]
V  [jvm.dll+0xa4c8f]
V  [jvm.dll+0x241984]
V  [jvm.dll+0x29853a]
C  [msvcr100.dll+0x21d9f]
C  [msvcr100.dll+0x21e3b]
C  [KERNEL32.DLL+0x13d2]
C  [ntdll.dll+0x154e4]


Current CompileTask:
C2:   8568 1859   !   4       com.android.dx.cf.code.Ropper::processBlock (1101 bytes)


---------------  P R O C E S S  ---------------

Java Threads: ( => current thread )
  0x00000000161ac000 JavaThread "pool-1-thread-1" [_thread_in_vm, id=6880, stack(0x0000000016610000,0x0000000016710000)]
  0x0000000016015800 JavaThread "Service Thread" daemon [_thread_blocked, id=2780, stack(0x0000000016410000,0x0000000016510000)]
  0x000000001481c000 JavaThread "C1 CompilerThread2" daemon [_thread_blocked, id=2672, stack(0x0000000015f10000,0x0000000016010000)]
  0x0000000014816000 JavaThread "C2 CompilerThread1" daemon [_thread_in_native, id=200, stack(0x0000000015e10000,0x0000000015f10000)]
=>0x00000000147bc800 JavaThread "C2 CompilerThread0" daemon [_thread_in_native, id=2724, stack(0x0000000015d10000,0x0000000015e10000)]
  0x00000000147bb000 JavaThread "Attach Listener" daemon [_thread_blocked, id=2812, stack(0x0000000015c10000,0x0000000015d10000)]
  0x00000000147b9800 JavaThread "Signal Dispatcher" daemon [_thread_blocked, id=4244, stack(0x0000000015b10000,0x0000000015c10000)]
  0x00000000020e6000 JavaThread "Finalizer" daemon [_thread_blocked, id=1360, stack(0x0000000015a10000,0x0000000015b10000)]
  0x00000000020dd000 JavaThread "Reference Handler" daemon [_thread_blocked, id=4732, stack(0x0000000015910000,0x0000000015a10000)]
  0x0000000001ff1000 JavaThread "main" [_thread_blocked, id=6428, stack(0x0000000001eb0000,0x0000000001fb0000)]

Other Threads:
  0x0000000014787800 VMThread [stack: 0x0000000015810000,0x0000000015910000] [id=6684]
  0x0000000016016800 WatcherThread [stack: 0x0000000016510000,0x0000000016610000] [id=4988]

VM state:not at safepoint (normal execution)

VM Mutex/Monitor currently owned by a thread: None

Heap:
 PSYoungGen      total 163328K, used 152668K [0x00000000eab00000, 0x00000000f6800000, 0x0000000100000000)
  eden space 133120K, 92% used [0x00000000eab00000,0x00000000f229d658,0x00000000f2d00000)
  from space 30208K, 99% used [0x00000000f2d00000,0x00000000f4a79a10,0x00000000f4a80000)
  to   space 29696K, 0% used [0x00000000f4b00000,0x00000000f4b00000,0x00000000f6800000)
 ParOldGen       total 87552K, used 58899K [0x00000000c0000000, 0x00000000c5580000, 0x00000000eab00000)
  object space 87552K, 67% used [0x00000000c0000000,0x00000000c3984d30,0x00000000c5580000)
 Metaspace       used 6295K, capacity 7216K, committed 7296K, reserved 1056768K
  class space    used 599K, capacity 616K, committed 640K, reserved 1048576K

Card table byte_map: [0x00000000114b0000,0x00000000116c0000] byte_map_base: 0x0000000010eb0000

Marking Bits: (ParMarkBitMap*) 0x0000000051dc4040
 Begin Bits: [0x0000000011c20000, 0x0000000012c20000)
 End Bits:   [0x0000000012c20000, 0x0000000013c20000)

Polling page: 0x00000000006b0000

CodeCache: size=245760Kb used=8616Kb max_used=8616Kb free=237143Kb
 bounds [0x00000000020f0000, 0x0000000002970000, 0x00000000110f0000]
 total_blobs=2236 nmethods=1966 adapters=182
 compilation: enabled

Compilation events (10 events):
Event: 7.185 Thread 0x000000001481c000 1984       2       com.android.dx.rop.annotation.Annotation::<init> (54 bytes)
Event: 7.185 Thread 0x000000001481c000 nmethod 1984 0x0000000002906190 code [0x0000000002906320, 0x0000000002906678]
Event: 7.185 Thread 0x000000001481c000 1985       2       com.android.dx.dex.file.AnnotationItem::<init> (41 bytes)
Event: 7.186 Thread 0x000000001481c000 nmethod 1985 0x00000000029067d0 code [0x0000000002906960, 0x0000000002906c78]
Event: 7.186 Thread 0x000000001481c000 1986       2       com.android.dx.dex.file.AnnotationItem::addContents (27 bytes)
Event: 7.186 Thread 0x000000001481c000 nmethod 1986 0x0000000002906e90 code [0x0000000002907000, 0x00000000029071d8]
Event: 7.194 Thread 0x000000001481c000 1988       2       sun.misc.Unsafe::getAndAddInt (27 bytes)
Event: 7.194 Thread 0x000000001481c000 nmethod 1988 0x00000000029076d0 code [0x0000000002907820, 0x00000000029079d0]
Event: 7.194 Thread 0x000000001481c000 1989       2       com.android.dx.ssa.back.FirstFitLocalCombiningAllocator$Alignment$2::nextClearBit (26 bytes)
Event: 7.194 Thread 0x000000001481c000 nmethod 1989 0x0000000002907a90 code [0x0000000002907c00, 0x0000000002907e18]

GC Heap History (10 events):
Event: 4.313 GC heap before
{Heap before GC invocations=2 (full 0):
 PSYoungGen      total 38400K, used 38368K [0x00000000eab00000, 0x00000000ed580000, 0x0000000100000000)
  eden space 33280K, 100% used [0x00000000eab00000,0x00000000ecb80000,0x00000000ecb80000)
  from space 5120K, 99% used [0x00000000ecb80000,0x00000000ed078038,0x00000000ed080000)
  to   space 5120K, 0% used [0x00000000ed080000,0x00000000ed080000,0x00000000ed580000)
 ParOldGen       total 87552K, used 1435K [0x00000000c0000000, 0x00000000c5580000, 0x00000000eab00000)
  object space 87552K, 1% used [0x00000000c0000000,0x00000000c0166cc8,0x00000000c5580000)
 Metaspace       used 5985K, capacity 6960K, committed 7040K, reserved 1056768K
  class space    used 586K, capacity 616K, committed 640K, reserved 1048576K
Event: 4.379 GC heap after
Heap after GC invocations=2 (full 0):
 PSYoungGen      total 38400K, used 5117K [0x00000000eab00000, 0x00000000ef600000, 0x0000000100000000)
  eden space 33280K, 0% used [0x00000000eab00000,0x00000000eab00000,0x00000000ecb80000)
  from space 5120K, 99% used [0x00000000ed080000,0x00000000ed57f4b0,0x00000000ed580000)
  to   space 5120K, 0% used [0x00000000ecb80000,0x00000000ecb80000,0x00000000ed080000)
 ParOldGen       total 87552K, used 6695K [0x00000000c0000000, 0x00000000c5580000, 0x00000000eab00000)
  object space 87552K, 7% used [0x00000000c0000000,0x00000000c0689ce8,0x00000000c5580000)
 Metaspace       used 5985K, capacity 6960K, committed 7040K, reserved 1056768K
  class space    used 586K, capacity 616K, committed 640K, reserved 1048576K
}
Event: 4.756 GC heap before
{Heap before GC invocations=3 (full 0):
 PSYoungGen      total 38400K, used 38397K [0x00000000eab00000, 0x00000000ef600000, 0x0000000100000000)
  eden space 33280K, 100% used [0x00000000eab00000,0x00000000ecb80000,0x00000000ecb80000)
  from space 5120K, 99% used [0x00000000ed080000,0x00000000ed57f4b0,0x00000000ed580000)
  to   space 5120K, 0% used [0x00000000ecb80000,0x00000000ecb80000,0x00000000ed080000)
 ParOldGen       total 87552K, used 6695K [0x00000000c0000000, 0x00000000c5580000, 0x00000000eab00000)
  object space 87552K, 7% used [0x00000000c0000000,0x00000000c0689ce8,0x00000000c5580000)
 Metaspace       used 6026K, capacity 7024K, committed 7296K, reserved 1056768K
  class space    used 586K, capacity 616K, committed 640K, reserved 1048576K
Event: 4.811 GC heap after
Heap after GC invocations=3 (full 0):
 PSYoungGen      total 38400K, used 5098K [0x00000000eab00000, 0x00000000ef600000, 0x0000000100000000)
  eden space 33280K, 0% used [0x00000000eab00000,0x00000000eab00000,0x00000000ecb80000)
  from space 5120K, 99% used [0x00000000ecb80000,0x00000000ed07aa10,0x00000000ed080000)
  to   space 5120K, 0% used [0x00000000ef100000,0x00000000ef100000,0x00000000ef600000)
 ParOldGen       total 87552K, used 14436K [0x00000000c0000000, 0x00000000c5580000, 0x00000000eab00000)
  object space 87552K, 16% used [0x00000000c0000000,0x00000000c0e19258,0x00000000c5580000)
 Metaspace       used 6026K, capacity 7024K, committed 7296K, reserved 1056768K
  class space    used 586K, capacity 616K, committed 640K, reserved 1048576K
}
Event: 5.021 GC heap before
{Heap before GC invocations=4 (full 0):
 PSYoungGen      total 38400K, used 38378K [0x00000000eab00000, 0x00000000ef600000, 0x0000000100000000)
  eden space 33280K, 100% used [0x00000000eab00000,0x00000000ecb80000,0x00000000ecb80000)
  from space 5120K, 99% used [0x00000000ecb80000,0x00000000ed07aa10,0x00000000ed080000)
  to   space 5120K, 0% used [0x00000000ef100000,0x00000000ef100000,0x00000000ef600000)
 ParOldGen       total 87552K, used 14436K [0x00000000c0000000, 0x00000000c5580000, 0x00000000eab00000)
  object space 87552K, 16% used [0x00000000c0000000,0x00000000c0e19258,0x00000000c5580000)
 Metaspace       used 6045K, capacity 7024K, committed 7296K, reserved 1056768K
  class space    used 587K, capacity 616K, committed 640K, reserved 1048576K
Event: 5.077 GC heap after
Heap after GC invocations=4 (full 0):
 PSYoungGen      total 71680K, used 5098K [0x00000000eab00000, 0x00000000ef600000, 0x0000000100000000)
  eden space 66560K, 0% used [0x00000000eab00000,0x00000000eab00000,0x00000000eec00000)
  from space 5120K, 99% used [0x00000000ef100000,0x00000000ef5faa00,0x00000000ef600000)
  to   space 5120K, 0% used [0x00000000eec00000,0x00000000eec00000,0x00000000ef100000)
 ParOldGen       total 87552K, used 27320K [0x00000000c0000000, 0x00000000c5580000, 0x00000000eab00000)
  object space 87552K, 31% used [0x00000000c0000000,0x00000000c1aae0b0,0x00000000c5580000)
 Metaspace       used 6045K, capacity 7024K, committed 7296K, reserved 1056768K
  class space    used 587K, capacity 616K, committed 640K, reserved 1048576K
}
Event: 6.109 GC heap before
{Heap before GC invocations=5 (full 0):
 PSYoungGen      total 71680K, used 71658K [0x00000000eab00000, 0x00000000ef600000, 0x0000000100000000)
  eden space 66560K, 100% used [0x00000000eab00000,0x00000000eec00000,0x00000000eec00000)
  from space 5120K, 99% used [0x00000000ef100000,0x00000000ef5faa00,0x00000000ef600000)
  to   space 5120K, 0% used [0x00000000eec00000,0x00000000eec00000,0x00000000ef100000)
 ParOldGen       total 87552K, used 27320K [0x00000000c0000000, 0x00000000c5580000, 0x00000000eab00000)
  object space 87552K, 31% used [0x00000000c0000000,0x00000000c1aae0b0,0x00000000c5580000)
 Metaspace       used 6093K, capacity 7088K, committed 7296K, reserved 1056768K
  class space    used 587K, capacity 616K, committed 640K, reserved 1048576K
Event: 6.364 GC heap after
Heap after GC invocations=5 (full 0):
 PSYoungGen      total 71680K, used 5114K [0x00000000eab00000, 0x00000000f6900000, 0x0000000100000000)
  eden space 66560K, 0% used [0x00000000eab00000,0x00000000eab00000,0x00000000eec00000)
  from space 5120K, 99% used [0x00000000eec00000,0x00000000ef0feae0,0x00000000ef100000)
  to   space 30720K, 0% used [0x00000000f4b00000,0x00000000f4b00000,0x00000000f6900000)
 ParOldGen       total 87552K, used 51582K [0x00000000c0000000, 0x00000000c5580000, 0x00000000eab00000)
  object space 87552K, 58% used [0x00000000c0000000,0x00000000c325fae0,0x00000000c5580000)
 Metaspace       used 6093K, capacity 7088K, committed 7296K, reserved 1056768K
  class space    used 587K, capacity 616K, committed 640K, reserved 1048576K
}
Event: 7.026 GC heap before
{Heap before GC invocations=6 (full 0):
 PSYoungGen      total 71680K, used 71674K [0x00000000eab00000, 0x00000000f6900000, 0x0000000100000000)
  eden space 66560K, 100% used [0x00000000eab00000,0x00000000eec00000,0x00000000eec00000)
  from space 5120K, 99% used [0x00000000eec00000,0x00000000ef0feae0,0x00000000ef100000)
  to   space 30720K, 0% used [0x00000000f4b00000,0x00000000f4b00000,0x00000000f6900000)
 ParOldGen       total 87552K, used 51582K [0x00000000c0000000, 0x00000000c5580000, 0x00000000eab00000)
  object space 87552K, 58% used [0x00000000c0000000,0x00000000c325fae0,0x00000000c5580000)
 Metaspace       used 6190K, capacity 7152K, committed 7296K, reserved 1056768K
  class space    used 593K, capacity 616K, committed 640K, reserved 1048576K
Event: 7.128 GC heap after
Heap after GC invocations=6 (full 0):
 PSYoungGen      total 162816K, used 19334K [0x00000000eab00000, 0x00000000f6800000, 0x0000000100000000)
  eden space 133120K, 0% used [0x00000000eab00000,0x00000000eab00000,0x00000000f2d00000)
  from space 29696K, 65% used [0x00000000f4b00000,0x00000000f5de1880,0x00000000f6800000)
  to   space 30208K, 0% used [0x00000000f2d00000,0x00000000f2d00000,0x00000000f4a80000)
 ParOldGen       total 87552K, used 51582K [0x00000000c0000000, 0x00000000c5580000, 0x00000000eab00000)
  object space 87552K, 58% used [0x00000000c0000000,0x00000000c325fae0,0x00000000c5580000)
 Metaspace       used 6190K, capacity 7152K, committed 7296K, reserved 1056768K
  class space    used 593K, capacity 616K, committed 640K, reserved 1048576K
}

Deoptimization events (10 events):
Event: 6.676 Thread 0x00000000161a3000 Uncommon trap: reason=bimorphic action=maybe_recompile pc=0x00000000027dbbe0 method=com.android.dx.cf.code.RopperMachine.run(Lcom/android/dx/cf/code/Frame;II)V @ 978
Event: 6.681 Thread 0x00000000161a3000 Uncommon trap: reason=unstable_if action=reinterpret pc=0x0000000002636c00 method=com.android.dx.ssa.SsaRenamer$BlockRenamer.addMapping(ILcom/android/dx/rop/code/RegisterSpec;)V @ 120
Event: 6.694 Thread 0x0000000016147000 Uncommon trap: reason=unstable_if action=reinterpret pc=0x000000000284126c method=com.android.dx.ssa.LiteralOpUpgrader$1.visitNonMoveInsn(Lcom/android/dx/ssa/NormalSsaInsn;)V @ 151
Event: 6.696 Thread 0x0000000016147000 Uncommon trap: reason=unstable_if action=reinterpret pc=0x00000000027dbfb4 method=com.android.dx.cf.code.RopperMachine.run(Lcom/android/dx/cf/code/Frame;II)V @ 1019
Event: 6.800 Thread 0x00000000161a3000 Uncommon trap: reason=unstable_if action=reinterpret pc=0x0000000002634fcc method=com.android.dx.ssa.SsaRenamer$BlockRenamer.addMapping(ILcom/android/dx/rop/code/RegisterSpec;)V @ 120
Event: 6.811 Thread 0x00000000161a3000 Uncommon trap: reason=unstable_if action=reinterpret pc=0x0000000002868fec method=com.android.dx.rop.code.RegisterSpecSet.localItemToSpec(Lcom/android/dx/rop/code/LocalItem;)Lcom/android/dx/rop/code/RegisterSpec; @ 35
Event: 6.901 Thread 0x0000000016147000 Uncommon trap: reason=class_check action=maybe_recompile pc=0x00000000028d46d4 method=com.android.dx.ssa.SCCP.simulatePhi(Lcom/android/dx/ssa/PhiInsn;)V @ 124
Event: 6.901 Thread 0x0000000016147000 Uncommon trap: reason=class_check action=maybe_recompile pc=0x00000000028d45c4 method=com.android.dx.ssa.SCCP.setLatticeValueTo(IILcom/android/dx/rop/cst/Constant;)Z @ 43
Event: 6.916 Thread 0x0000000016147000 Uncommon trap: reason=bimorphic action=maybe_recompile pc=0x00000000025b9e90 method=java.util.HashMap.putVal(ILjava/lang/Object;Ljava/lang/Object;ZZ)Ljava/lang/Object; @ 91
Event: 7.184 Thread 0x0000000016147000 Uncommon trap: reason=bimorphic action=maybe_recompile pc=0x000000000283d590 method=com.android.dx.ssa.LiteralOpUpgrader.tryReplacingWithConstant(Lcom/android/dx/ssa/NormalSsaInsn;)Z @ 52

Internal exceptions (4 events):
Event: 1.641 Thread 0x0000000001ff1000 Exception <a 'java/lang/NoSuchMethodError': Method sun.misc.Unsafe.defineClass(Ljava/lang/String;[BII)Ljava/lang/Class; name or signature does not match> (0x00000000eab0d408) thrown at [C:\re\workspace\8-2-build-windows-amd64-cygwin\jdk8u45\3627\hotspot\srbc’%Cú?
Event: 1.641 Thread 0x0000000001ff1000 Exception <a 'java/lang/NoSuchMethodError': Method sun.misc.Unsafe.prefetchRead(Ljava/lang/Object;J)V name or signature does not match> (0x00000000eab0d698) thrown at [C:\re\workspace\8-2-build-windows-amd64-cygwin\jdk8u45\3627\hotspot\src\share\vm\prims\j¶^ÿ|@
Event: 4.121 Thread 0x00000000161ac000 Implicit null exception at 0x00000000024452e2 to 0x00000000024453e5
Event: 4.672 Thread 0x000000001626e800 Implicit null exception at 0x00000000027367f8 to 0x00000000027379d5

Events (10 events):
Event: 7.176 Executing VM operation: RevokeBias done
Event: 7.176 Executing VM operation: RevokeBias
Event: 7.176 Executing VM operation: RevokeBias done
Event: 7.176 Executing VM operation: BulkRevokeBias
Event: 7.176 Executing VM operation: BulkRevokeBias done
Event: 7.184 Thread 0x0000000016147000 Uncommon trap: trap_request=0xffffffc6 fr.pc=0x000000000283d590
Event: 7.184 Thread 0x0000000016147000 DEOPT PACKING pc=0x000000000283d590 sp=0x000000001670e270
Event: 7.184 Thread 0x0000000016147000 DEOPT UNPACKING pc=0x000000000213582a sp=0x000000001670e240 mode 2
Event: 7.191 Thread 0x0000000001ff1000 DEOPT PACKING pc=0x000000000259c351 sp=0x0000000001fae190
Event: 7.191 Thread 0x0000000001ff1000 DEOPT UNPACKING pc=0x000000000213787f sp=0x0000000001fadef0 mode 0


Dynamic libraries:
0x00007ff775360000 - 0x00007ff775397000 	C:\Program Files\Java\jdk1.8.0_45\bin\java.exe
0x00007ff9ebcb0000 - 0x00007ff9ebe5d000 	C:\Windows\SYSTEM32\ntdll.dll
0x00007ff9eac90000 - 0x00007ff9eadce000 	C:\Windows\system32\KERNEL32.DLL
0x00007ff9e9220000 - 0x00007ff9e9335000 	C:\Windows\system32\KERNELBASE.dll
0x00007ff9e79b0000 - 0x00007ff9e7a3e000 	C:\Windows\system32\apphelp.dll
0x00007ff9cb9b0000 - 0x00007ff9cba03000 	C:\Windows\AppPatch\AppPatch64\AcGenral.DLL
0x00007ff9eb8a0000 - 0x00007ff9eb94a000 	C:\Windows\system32\msvcrt.dll
0x00007ff9e91f0000 - 0x00007ff9e921e000 	C:\Windows\system32\SspiCli.dll
0x00007ff9eab70000 - 0x00007ff9eabc4000 	C:\Windows\system32\SHLWAPI.dll
0x00007ff9eb380000 - 0x00007ff9eb4f7000 	C:\Windows\system32\USER32.dll
0x00007ff9eb620000 - 0x00007ff9eb7b4000 	C:\Windows\system32\ole32.dll
0x00007ff9e9350000 - 0x00007ff9ea879000 	C:\Windows\system32\SHELL32.dll
0x00007ff9e8430000 - 0x00007ff9e8451000 	C:\Windows\SYSTEM32\USERENV.dll
0x00007ff9ebb30000 - 0x00007ff9ebbda000 	C:\Windows\system32\ADVAPI32.dll
0x00007ff9e1120000 - 0x00007ff9e113e000 	C:\Windows\SYSTEM32\MPR.dll
0x00007ff9ea880000 - 0x00007ff9ea9c0000 	C:\Windows\system32\RPCRT4.dll
0x00007ff9ebbf0000 - 0x00007ff9ebc49000 	C:\Windows\SYSTEM32\sechost.dll
0x00007ff9eaf90000 - 0x00007ff9eb1a1000 	C:\Windows\SYSTEM32\combase.dll
0x00007ff9ea9c0000 - 0x00007ff9eab0f000 	C:\Windows\system32\GDI32.dll
0x00007ff9e8de0000 - 0x00007ff9e8df5000 	C:\Windows\SYSTEM32\profapi.dll
0x00007ff9e7040000 - 0x00007ff9e70f2000 	C:\Windows\SYSTEM32\SHCORE.dll
0x00007ff9eb500000 - 0x00007ff9eb536000 	C:\Windows\system32\IMM32.DLL
0x00007ff9eb1b0000 - 0x00007ff9eb302000 	C:\Windows\system32\MSCTF.dll
0x00007ff9e65a0000 - 0x00007ff9e681b000 	C:\Windows\WinSxS\amd64_microsoft.windows.common-controls_6595b64144ccf1df_6.0.9600.18006_none_623f33d3ecbe86e8\COMCTL32.dll
0x0000000051e50000 - 0x0000000051f22000 	C:\Program Files\Java\jdk1.8.0_45\jre\bin\msvcr100.dll
0x00000000515c0000 - 0x0000000051e43000 	C:\Program Files\Java\jdk1.8.0_45\jre\bin\server\jvm.dll
0x00007ff9e1110000 - 0x00007ff9e1119000 	C:\Windows\SYSTEM32\WSOCK32.dll
0x00007ff9e0510000 - 0x00007ff9e0532000 	C:\Windows\SYSTEM32\WINMM.dll
0x00007ff9de9c0000 - 0x00007ff9de9ca000 	C:\Windows\SYSTEM32\VERSION.dll
0x00007ff9e9340000 - 0x00007ff9e9347000 	C:\Windows\system32\PSAPI.DLL
0x00007ff9eab10000 - 0x00007ff9eab6a000 	C:\Windows\system32\WS2_32.dll
0x00007ff9e04e0000 - 0x00007ff9e050a000 	C:\Windows\SYSTEM32\WINMMBASE.dll
0x00007ff9eadd0000 - 0x00007ff9eadd9000 	C:\Windows\system32\NSI.dll
0x00007ff9e8eb0000 - 0x00007ff9e8eff000 	C:\Windows\SYSTEM32\cfgmgr32.dll
0x00007ff9e7ad0000 - 0x00007ff9e7af8000 	C:\Windows\SYSTEM32\DEVOBJ.dll
0x00000000515b0000 - 0x00000000515bf000 	C:\Program Files\Java\jdk1.8.0_45\jre\bin\verify.dll
0x0000000051580000 - 0x00000000515a9000 	C:\Program Files\Java\jdk1.8.0_45\jre\bin\java.dll
0x0000000051560000 - 0x0000000051576000 	C:\Program Files\Java\jdk1.8.0_45\jre\bin\zip.dll
0x00007ff9e0a40000 - 0x00007ff9e0bc9000 	C:\Windows\SYSTEM32\dbghelp.dll

VM Arguments:
jvm_args: -Djava.awt.headless=true -Xmx1024M -Dfile.encoding=windows-1252 -Duser.country=US -Duser.language=en -Duser.variant 
java_command: com.android.dx.command.Main --dex --force-jumbo --num-threads=4 --multi-dex --output D:\android app development\CapstoneHomeSeek\app\build\intermediates\transforms\dex\debug\folders\1000\5\slice_3 D:\android app development\CapstoneHomeSeek\app\build\intermediates\transforms\instantRunSlicer\debug\folders\1\5\slice_3
java_class_path (initial): C:\Users\pluckannfeel\AppData\Local\Android\sdk\build-tools\23.0.3\lib\dx.jar
Launcher Type: SUN_STANDARD

Environment Variables:
JAVA_HOME=C:\Program Files (x86)\Java\jdk1.7.0_71
PATH=C:\ProgramData\Oracle\Java\javapath;C:\Windows\system32;C:\Windows;C:\Windows\System32\Wbem;C:\Windows\System32\WindowsPowerShell\v1.0\;C:\Program Files (x86)\Microsoft SQL Server\100\Tools\Binn\;C:\Program Files\Microsoft SQL Server\100\Tools\Binn\;C:\Program Files\Microsoft SQL Server\100\DTS\Binn\;C:\Program Files (x86)\Microsoft SQL Server\100\Tools\Binn\VSShell\Common7\IDE\;C:\Program Files (x86)\Microsoft SQL Server\100\DTS\Binn\;C:\Program Files (x86)\Microsoft SQL Server\90\Tools\binn\;C:\Program Files\nodejs\;C:\Program Files (x86)\GtkSharp\2.12\bin;C:\Program Files (x86)\Skype\Phone\;C:\Users\pluckannfeel\AppData\Roaming\npm
USERNAME=pluckannfeel
OS=Windows_NT
PROCESSOR_IDENTIFIER=Intel64 Family 6 Model 60 Stepping 3, GenuineIntel



---------------  S Y S T E M  ---------------

OS: Windows 8.1 , 64 bit Build 9600 (6.3.9600.17415)

CPU:total 4 (2 cores per cpu, 2 threads per core) family 6 model 60 stepping 3, cmov, cx8, fxsr, mmx, sse, sse2, sse3, ssse3, sse4.1, sse4.2, popcnt, avx, avx2, aes, clmul, erms, lzcnt, ht, tsc, tscinvbit, bmi1, bmi2

Memory: 4k page, physical 8302956k(593772k free), swap 11448684k(204836k free)

vm_info: Java HotSpot(TM) 64-Bit Server VM (25.45-b02) for windows-amd64 JRE (1.8.0_45-b15), built on Apr 30 2015 12:40:44 by "java_re" with MS VC++ 10.0 (VS2010)

time: Sat Nov 19 09:48:11 2016
elapsed time: 8 seconds (0d 0h 0m 8s)

