#
# There is insufficient memory for the Java Runtime Environment to continue.
# Native memory allocation (malloc) failed to allocate 32744 bytes for ChunkPool::allocate
# Possible reasons:
#   The system is out of physical RAM or swap space
#   In 32 bit mode, the process size limit was hit
# Possible solutions:
#   Reduce memory load on the system
#   Increase physical memory or swap space
#   Check if swap backing store is full
#   Use 64 bit Java on a 64 bit OS
#   Decrease Java heap size (-Xmx/-Xms)
#   Decrease number of Java threads
#   Decrease Java thread stack sizes (-Xss)
#   Set larger code cache with -XX:ReservedCodeCacheSize=
# This output file may be truncated or incomplete.
#
#  Out of Memory Error (allocation.cpp:273), pid=32, tid=9984
#
# JRE version: Java(TM) SE Runtime Environment (8.0_45-b15) (build 1.8.0_45-b15)
# Java VM: Java HotSpot(TM) 64-Bit Server VM (25.45-b02 mixed mode windows-amd64 compressed oops)
# Failed to write core dump. Minidumps are not enabled by default on client versions of Windows
#

---------------  T H R E A D  ---------------

Current thread (0x00000000154a1000):  JavaThread "C2 CompilerThread1" daemon [_thread_in_native, id=9984, stack(0x0000000016af0000,0x0000000016bf0000)]

Stack: [0x0000000016af0000,0x0000000016bf0000]
Native frames: (J=compiled Java code, j=interpreted, Vv=VM code, C=native code)
V  [jvm.dll+0x32b57a]
V  [jvm.dll+0x279873]
V  [jvm.dll+0x27a509]
V  [jvm.dll+0x271825]
V  [jvm.dll+0xcb804]
V  [jvm.dll+0xcba27]
V  [jvm.dll+0xcbeac]
V  [jvm.dll+0x50795b]
V  [jvm.dll+0x45f646]
V  [jvm.dll+0x46a73b]
V  [jvm.dll+0x46cd52]
V  [jvm.dll+0x4500f2]
V  [jvm.dll+0xa4352]
V  [jvm.dll+0xa4c8f]
V  [jvm.dll+0x241984]
V  [jvm.dll+0x29853a]
C  [msvcr100.dll+0x21d9f]
C  [msvcr100.dll+0x21e3b]
C  [KERNEL32.DLL+0x13d2]
C  [ntdll.dll+0x154e4]


Current CompileTask:
C2:   2720 1688   !   4       com.android.dx.cf.cst.ConstantPoolParser::parse0 (731 bytes)


---------------  P R O C E S S  ---------------

Java Threads: ( => current thread )
  0x0000000017080800 JavaThread "pool-2-thread-4" [_thread_blocked, id=9388, stack(0x0000000017ef0000,0x0000000017ff0000)]
  0x0000000017080000 JavaThread "pool-2-thread-3" [_thread_blocked, id=4640, stack(0x0000000017df0000,0x0000000017ef0000)]
  0x0000000017077800 JavaThread "pool-2-thread-2" [_thread_in_vm, id=840, stack(0x0000000017cf0000,0x0000000017df0000)]
  0x0000000016f41800 JavaThread "pool-3-thread-1" [_thread_blocked, id=9872, stack(0x0000000017bf0000,0x0000000017cf0000)]
  0x0000000016f3f000 JavaThread "pool-2-thread-1" [_thread_blocked, id=9456, stack(0x0000000017af0000,0x0000000017bf0000)]
  0x0000000016d1b800 JavaThread "Service Thread" daemon [_thread_blocked, id=2056, stack(0x00000000170f0000,0x00000000171f0000)]
  0x00000000154a6800 JavaThread "C1 CompilerThread2" daemon [_thread_in_native, id=8632, stack(0x0000000016bf0000,0x0000000016cf0000)]
=>0x00000000154a1000 JavaThread "C2 CompilerThread1" daemon [_thread_in_native, id=9984, stack(0x0000000016af0000,0x0000000016bf0000)]
  0x000000001549e000 JavaThread "C2 CompilerThread0" daemon [_thread_in_native, id=1804, stack(0x00000000169f0000,0x0000000016af0000)]
  0x000000001549b800 JavaThread "Attach Listener" daemon [_thread_blocked, id=8484, stack(0x00000000168f0000,0x00000000169f0000)]
  0x000000001549a800 JavaThread "Signal Dispatcher" daemon [_thread_blocked, id=7756, stack(0x00000000167f0000,0x00000000168f0000)]
  0x0000000002cc7800 JavaThread "Finalizer" daemon [_thread_blocked, id=3144, stack(0x00000000166f0000,0x00000000167f0000)]
  0x0000000002cbe000 JavaThread "Reference Handler" daemon [_thread_blocked, id=8360, stack(0x00000000165f0000,0x00000000166f0000)]
  0x0000000002bd1000 JavaThread "main" [_thread_blocked, id=7752, stack(0x0000000002ac0000,0x0000000002bc0000)]

Other Threads:
  0x0000000015467000 VMThread [stack: 0x00000000164f0000,0x00000000165f0000] [id=9356]
  0x0000000016d1c000 WatcherThread [stack: 0x00000000171f0000,0x00000000172f0000] [id=5268]

VM state:synchronizing (normal execution)

VM Mutex/Monitor currently owned by a thread:  ([mutex/lock_event])
[0x0000000002dcc770] Threads_lock - owner thread: 0x0000000015467000
[0x0000000002dcc8f0] Heap_lock - owner thread: 0x0000000017080800

Heap:
 PSYoungGen      total 71680K, used 71652K [0x00000000eab00000, 0x00000000ef600000, 0x0000000100000000)
  eden space 66560K, 100% used [0x00000000eab00000,0x00000000eec00000,0x00000000eec00000)
  from space 5120K, 99% used [0x00000000eec00000,0x00000000ef0f9240,0x00000000ef100000)
  to   space 5120K, 0% used [0x00000000ef100000,0x00000000ef100000,0x00000000ef600000)
 ParOldGen       total 87552K, used 14493K [0x00000000c0000000, 0x00000000c5580000, 0x00000000eab00000)
  object space 87552K, 16% used [0x00000000c0000000,0x00000000c0e277e8,0x00000000c5580000)
 Metaspace       used 6278K, capacity 7152K, committed 7296K, reserved 1056768K
  class space    used 592K, capacity 616K, committed 640K, reserved 1048576K

Card table byte_map: [0x0000000012190000,0x00000000123a0000] byte_map_base: 0x0000000011b90000

Marking Bits: (ParMarkBitMap*) 0x000000006ce94040
 Begin Bits: [0x0000000012900000, 0x0000000013900000)
 End Bits:   [0x0000000013900000, 0x0000000014900000)

Polling page: 0x0000000001210000

CodeCache: size=245760Kb used=7064Kb max_used=7064Kb free=238695Kb
 bounds [0x0000000002dd0000, 0x00000000034c0000, 0x0000000011dd0000]
 total_blobs=2098 nmethods=1828 adapters=182
 compilation: enabled

Compilation events (10 events):
Event: 2.313 Thread 0x000000001549e000 nmethod 1808 0x00000000034a9590 code [0x00000000034a9820, 0x00000000034aaed0]
Event: 2.313 Thread 0x000000001549e000 1834       4       com.android.dx.ssa.NormalSsaInsn::accept (25 bytes)
Event: 2.331 Thread 0x00000000154a6800 1853       1       java.util.ArrayList::elementData (7 bytes)
Event: 2.332 Thread 0x00000000154a6800 nmethod 1853 0x00000000034a9250 code [0x00000000034a93a0, 0x00000000034a94d0]
Event: 2.360 Thread 0x000000001549e000 nmethod 1834 0x00000000034ad990 code [0x00000000034adc00, 0x00000000034aeef0]
Event: 2.361 Thread 0x000000001549e000 1833       4       com.android.dx.util.IntList::mutableCopy (39 bytes)
Event: 2.372 Thread 0x000000001549e000 nmethod 1833 0x00000000034a55d0 code [0x00000000034a5740, 0x00000000034a5cf8]
Event: 2.372 Thread 0x000000001549e000 1771       4       com.android.dx.cf.iface.StdAttributeList::findFirst (44 bytes)
Event: 2.376 Thread 0x000000001549e000 nmethod 1771 0x00000000034b1190 code [0x00000000034b12e0, 0x00000000034b15d8]
Event: 2.376 Thread 0x000000001549e000 1852   !   4       com.android.dx.cf.code.RopperMachine::run (1550 bytes)

GC Heap History (6 events):
Event: 0.707 GC heap before
{Heap before GC invocations=1 (full 0):
 PSYoungGen      total 38400K, used 33280K [0x00000000eab00000, 0x00000000ed580000, 0x0000000100000000)
  eden space 33280K, 100% used [0x00000000eab00000,0x00000000ecb80000,0x00000000ecb80000)
  from space 5120K, 0% used [0x00000000ed080000,0x00000000ed080000,0x00000000ed580000)
  to   space 5120K, 0% used [0x00000000ecb80000,0x00000000ecb80000,0x00000000ed080000)
 ParOldGen       total 87552K, used 0K [0x00000000c0000000, 0x00000000c5580000, 0x00000000eab00000)
  object space 87552K, 0% used [0x00000000c0000000,0x00000000c0000000,0x00000000c5580000)
 Metaspace       used 5740K, capacity 6704K, committed 6784K, reserved 1056768K
  class space    used 586K, capacity 616K, committed 640K, reserved 1048576K
Event: 0.716 GC heap after
Heap after GC invocations=1 (full 0):
 PSYoungGen      total 38400K, used 4818K [0x00000000eab00000, 0x00000000ef600000, 0x0000000100000000)
  eden space 33280K, 0% used [0x00000000eab00000,0x00000000eab00000,0x00000000ecb80000)
  from space 5120K, 94% used [0x00000000ecb80000,0x00000000ed034860,0x00000000ed080000)
  to   space 5120K, 0% used [0x00000000ef100000,0x00000000ef100000,0x00000000ef600000)
 ParOldGen       total 87552K, used 16K [0x00000000c0000000, 0x00000000c5580000, 0x00000000eab00000)
  object space 87552K, 0% used [0x00000000c0000000,0x00000000c0004000,0x00000000c5580000)
 Metaspace       used 5740K, capacity 6704K, committed 6784K, reserved 1056768K
  class space    used 586K, capacity 616K, committed 640K, reserved 1048576K
}
Event: 1.365 GC heap before
{Heap before GC invocations=2 (full 0):
 PSYoungGen      total 38400K, used 38098K [0x00000000eab00000, 0x00000000ef600000, 0x0000000100000000)
  eden space 33280K, 100% used [0x00000000eab00000,0x00000000ecb80000,0x00000000ecb80000)
  from space 5120K, 94% used [0x00000000ecb80000,0x00000000ed034860,0x00000000ed080000)
  to   space 5120K, 0% used [0x00000000ef100000,0x00000000ef100000,0x00000000ef600000)
 ParOldGen       total 87552K, used 16K [0x00000000c0000000, 0x00000000c5580000, 0x00000000eab00000)
  object space 87552K, 0% used [0x00000000c0000000,0x00000000c0004000,0x00000000c5580000)
 Metaspace       used 6082K, capacity 7024K, committed 7296K, reserved 1056768K
  class space    used 586K, capacity 616K, committed 640K, reserved 1048576K
Event: 1.393 GC heap after
Heap after GC invocations=2 (full 0):
 PSYoungGen      total 71680K, used 5098K [0x00000000eab00000, 0x00000000ef600000, 0x0000000100000000)
  eden space 66560K, 0% used [0x00000000eab00000,0x00000000eab00000,0x00000000eec00000)
  from space 5120K, 99% used [0x00000000ef100000,0x00000000ef5faab8,0x00000000ef600000)
  to   space 5120K, 0% used [0x00000000eec00000,0x00000000eec00000,0x00000000ef100000)
 ParOldGen       total 87552K, used 2439K [0x00000000c0000000, 0x00000000c5580000, 0x00000000eab00000)
  object space 87552K, 2% used [0x00000000c0000000,0x00000000c0261e00,0x00000000c5580000)
 Metaspace       used 6082K, capacity 7024K, committed 7296K, reserved 1056768K
  class space    used 586K, capacity 616K, committed 640K, reserved 1048576K
}
Event: 2.219 GC heap before
{Heap before GC invocations=3 (full 0):
 PSYoungGen      total 71680K, used 71658K [0x00000000eab00000, 0x00000000ef600000, 0x0000000100000000)
  eden space 66560K, 100% used [0x00000000eab00000,0x00000000eec00000,0x00000000eec00000)
  from space 5120K, 99% used [0x00000000ef100000,0x00000000ef5faab8,0x00000000ef600000)
  to   space 5120K, 0% used [0x00000000eec00000,0x00000000eec00000,0x00000000ef100000)
 ParOldGen       total 87552K, used 2439K [0x00000000c0000000, 0x00000000c5580000, 0x00000000eab00000)
  object space 87552K, 2% used [0x00000000c0000000,0x00000000c0261e00,0x00000000c5580000)
 Metaspace       used 6257K, capacity 7152K, committed 7296K, reserved 1056768K
  class space    used 591K, capacity 616K, committed 640K, reserved 1048576K
Event: 2.256 GC heap after
Heap after GC invocations=3 (full 0):
 PSYoungGen      total 71680K, used 5092K [0x00000000eab00000, 0x00000000ef600000, 0x0000000100000000)
  eden space 66560K, 0% used [0x00000000eab00000,0x00000000eab00000,0x00000000eec00000)
  from space 5120K, 99% used [0x00000000eec00000,0x00000000ef0f9240,0x00000000ef100000)
  to   space 5120K, 0% used [0x00000000ef100000,0x00000000ef100000,0x00000000ef600000)
 ParOldGen       total 87552K, used 14493K [0x00000000c0000000, 0x00000000c5580000, 0x00000000eab00000)
  object space 87552K, 16% used [0x00000000c0000000,0x00000000c0e277e8,0x00000000c5580000)
 Metaspace       used 6257K, capacity 7152K, committed 7296K, reserved 1056768K
  class space    used 591K, capacity 616K, committed 640K, reserved 1048576K
}

Deoptimization events (10 events):
Event: 0.966 Thread 0x0000000016f3f000 Uncommon trap: reason=bimorphic action=maybe_recompile pc=0x000000000304c5e4 method=java.util.HashMap.getNode(ILjava/lang/Object;)Ljava/util/HashMap$Node; @ 126
Event: 1.032 Thread 0x0000000016f3f000 Uncommon trap: reason=null_check action=make_not_entrant pc=0x00000000030083e4 method=com.android.dx.rop.type.Type.equals(Ljava/lang/Object;)Z @ 8
Event: 1.032 Thread 0x0000000016f3f000 Uncommon trap: reason=unstable_if action=reinterpret pc=0x00000000031b49d4 method=com.android.dx.cf.code.Merger.mergeType(Lcom/android/dx/rop/type/TypeBearer;Lcom/android/dx/rop/type/TypeBearer;)Lcom/android/dx/rop/type/TypeBearer; @ 15
Event: 1.067 Thread 0x0000000017080000 Uncommon trap: reason=bimorphic action=maybe_recompile pc=0x0000000003057460 method=java.util.HashMap.getNode(ILjava/lang/Object;)Ljava/util/HashMap$Node; @ 126
Event: 1.613 Thread 0x0000000017080800 Uncommon trap: reason=unstable_if action=reinterpret pc=0x00000000031b5cd8 method=com.android.dx.util.LabeledList.set(ILcom/android/dx/util/LabeledItem;)V @ 16
Event: 1.887 Thread 0x0000000016f3f000 Uncommon trap: reason=class_check action=maybe_recompile pc=0x0000000003424574 method=com.android.dx.ssa.SCCP.simulateBranch(Lcom/android/dx/ssa/SsaInsn;)V @ 145
Event: 1.923 Thread 0x0000000017077800 Uncommon trap: reason=class_check action=maybe_recompile pc=0x0000000003424574 method=com.android.dx.ssa.SCCP.simulateBranch(Lcom/android/dx/ssa/SsaInsn;)V @ 145
Event: 2.154 Thread 0x0000000017077800 Uncommon trap: reason=unstable_if action=reinterpret pc=0x00000000031a909c method=com.android.dx.ssa.SsaMethod.updateOneDefinition(Lcom/android/dx/ssa/SsaInsn;Lcom/android/dx/rop/code/RegisterSpec;)V @ 4
Event: 2.162 Thread 0x0000000002bd1000 Uncommon trap: reason=null_check action=make_not_entrant pc=0x00000000030d980c method=com.android.dx.ssa.SsaRenamer.getLocalForNewReg(I)Lcom/android/dx/rop/code/LocalItem; @ 19
Event: 2.218 Thread 0x0000000002bd1000 Uncommon trap: reason=null_check action=make_not_entrant pc=0x00000000030bf76c method=com.android.dx.ssa.SsaRenamer.getLocalForNewReg(I)Lcom/android/dx/rop/code/LocalItem; @ 19

Internal exceptions (5 events):
Event: 0.058 Thread 0x0000000002bd1000 Exception <a 'java/lang/NoSuchMethodError': Method sun.misc.Unsafe.defineClass(Ljava/lang/String;[BII)Ljava/lang/Class; name or signature does not match> (0x00000000eab0d568) thrown at [C:\re\workspace\8-2-build-windows-amd64-cygwin\jdk8u45\3627\hotspot\sr™ª›÷ré­?
Event: 0.058 Thread 0x0000000002bd1000 Exception <a 'java/lang/NoSuchMethodError': Method sun.misc.Unsafe.prefetchRead(Ljava/lang/Object;J)V name or signature does not match> (0x00000000eab0d7f8) thrown at [C:\re\workspace\8-2-build-windows-amd64-cygwin\jdk8u45\3627\hotspot\src\share\vm\prims\j¯Û~zƒð?
Event: 1.032 Thread 0x0000000016f3f000 Implicit null exception at 0x00000000030082e2 to 0x00000000030083d5
Event: 2.162 Thread 0x0000000002bd1000 Implicit null exception at 0x00000000030d887e to 0x00000000030d97d5
Event: 2.218 Thread 0x0000000002bd1000 Implicit null exception at 0x00000000030bdd21 to 0x00000000030bf741

Events (10 events):
Event: 2.162 Thread 0x0000000002bd1000 Uncommon trap: trap_request=0xfffffff4 fr.pc=0x00000000030d980c
Event: 2.162 Thread 0x0000000002bd1000 DEOPT PACKING pc=0x00000000030d980c sp=0x0000000002bbe380
Event: 2.162 Thread 0x0000000002bd1000 DEOPT UNPACKING pc=0x0000000002e1582a sp=0x0000000002bbe178 mode 2
Event: 2.170 Thread 0x0000000017080800 DEOPT PACKING pc=0x00000000033d4a72 sp=0x0000000017feee00
Event: 2.170 Thread 0x0000000017080800 DEOPT UNPACKING pc=0x0000000002e1787f sp=0x0000000017feec30 mode 0
Event: 2.218 Thread 0x0000000002bd1000 Uncommon trap: trap_request=0xfffffff4 fr.pc=0x00000000030bf76c
Event: 2.218 Thread 0x0000000002bd1000 DEOPT PACKING pc=0x00000000030bf76c sp=0x0000000002bbe2a0
Event: 2.218 Thread 0x0000000002bd1000 DEOPT UNPACKING pc=0x0000000002e1582a sp=0x0000000002bbe148 mode 2
Event: 2.219 Executing VM operation: ParallelGCFailedAllocation
Event: 2.257 Executing VM operation: ParallelGCFailedAllocation done


Dynamic libraries:
0x00007ff672b50000 - 0x00007ff672b87000 	C:\Program Files\Java\jdk1.8.0_45\bin\java.exe
0x00007fff3a030000 - 0x00007fff3a1dd000 	C:\Windows\SYSTEM32\ntdll.dll
0x00007fff38050000 - 0x00007fff3818e000 	C:\Windows\system32\KERNEL32.DLL
0x00007fff37230000 - 0x00007fff37345000 	C:\Windows\system32\KERNELBASE.dll
0x00007fff35d40000 - 0x00007fff35dce000 	C:\Windows\system32\apphelp.dll
0x00007fff18470000 - 0x00007fff184c3000 	C:\Windows\AppPatch\AppPatch64\AcGenral.DLL
0x00007fff39cc0000 - 0x00007fff39d6a000 	C:\Windows\system32\msvcrt.dll
0x00007fff37690000 - 0x00007fff376be000 	C:\Windows\system32\SspiCli.dll
0x00007fff37f20000 - 0x00007fff37f74000 	C:\Windows\system32\SHLWAPI.dll
0x00007fff37da0000 - 0x00007fff37f17000 	C:\Windows\system32\USER32.dll
0x00007fff37c00000 - 0x00007fff37d94000 	C:\Windows\system32\ole32.dll
0x00007fff38790000 - 0x00007fff39cb9000 	C:\Windows\system32\SHELL32.dll
0x00007fff367b0000 - 0x00007fff367d1000 	C:\Windows\SYSTEM32\USERENV.dll
0x00007fff38410000 - 0x00007fff384ba000 	C:\Windows\system32\ADVAPI32.dll
0x00007fff2de10000 - 0x00007fff2de2e000 	C:\Windows\SYSTEM32\MPR.dll
0x00007fff39d70000 - 0x00007fff39eb0000 	C:\Windows\system32\RPCRT4.dll
0x00007fff39ef0000 - 0x00007fff39f49000 	C:\Windows\SYSTEM32\sechost.dll
0x00007fff376c0000 - 0x00007fff378d1000 	C:\Windows\SYSTEM32\combase.dll
0x00007fff384e0000 - 0x00007fff3862f000 	C:\Windows\system32\GDI32.dll
0x00007fff37160000 - 0x00007fff37175000 	C:\Windows\SYSTEM32\profapi.dll
0x00007fff35700000 - 0x00007fff357b2000 	C:\Windows\SYSTEM32\SHCORE.dll
0x00007fff39eb0000 - 0x00007fff39ee6000 	C:\Windows\system32\IMM32.DLL
0x00007fff38630000 - 0x00007fff38782000 	C:\Windows\system32\MSCTF.dll
0x00007fff34670000 - 0x00007fff348eb000 	C:\Windows\WinSxS\amd64_microsoft.windows.common-controls_6595b64144ccf1df_6.0.9600.18006_none_623f33d3ecbe86e8\COMCTL32.dll
0x0000000071ee0000 - 0x0000000071fb2000 	C:\Program Files\Java\jdk1.8.0_45\jre\bin\msvcr100.dll
0x000000006c690000 - 0x000000006cf13000 	C:\Program Files\Java\jdk1.8.0_45\jre\bin\server\jvm.dll
0x00007fff2fb40000 - 0x00007fff2fb49000 	C:\Windows\SYSTEM32\WSOCK32.dll
0x00007fff2d2e0000 - 0x00007fff2d302000 	C:\Windows\SYSTEM32\WINMM.dll
0x00007fff2cde0000 - 0x00007fff2cdea000 	C:\Windows\SYSTEM32\VERSION.dll
0x00007fff378e0000 - 0x00007fff378e7000 	C:\Windows\system32\PSAPI.DLL
0x00007fff383a0000 - 0x00007fff383fa000 	C:\Windows\system32\WS2_32.dll
0x00007fff2d2b0000 - 0x00007fff2d2da000 	C:\Windows\SYSTEM32\WINMMBASE.dll
0x00007fff384c0000 - 0x00007fff384c9000 	C:\Windows\system32\NSI.dll
0x00007fff373b0000 - 0x00007fff373ff000 	C:\Windows\SYSTEM32\cfgmgr32.dll
0x00007fff35f90000 - 0x00007fff35fb8000 	C:\Windows\SYSTEM32\DEVOBJ.dll
0x0000000072c10000 - 0x0000000072c1f000 	C:\Program Files\Java\jdk1.8.0_45\jre\bin\verify.dll
0x0000000071eb0000 - 0x0000000071ed9000 	C:\Program Files\Java\jdk1.8.0_45\jre\bin\java.dll
0x0000000071e90000 - 0x0000000071ea6000 	C:\Program Files\Java\jdk1.8.0_45\jre\bin\zip.dll
0x00007fff2f2c0000 - 0x00007fff2f449000 	C:\Windows\SYSTEM32\dbghelp.dll

VM Arguments:
jvm_args: -Djava.awt.headless=true -Xmx1024M -Dfile.encoding=windows-1252 -Duser.country=US -Duser.language=en -Duser.variant 
java_command: com.android.dx.command.Main --dex --force-jumbo --num-threads=4 --multi-dex --output D:\android app development\CapstoneHomeSeek\app\build\intermediates\transforms\dex\debug\folders\1000\10\com.google.android.gms-play-services-games-8.4.0_1c94b9023c53b1ca70175eb751b21b43a0ae2add D:\android app development\CapstoneHomeSeek\app\build\intermediates\exploded-aar\com.google.android.gms\play-services-games\8.4.0\jars\classes.jar
java_class_path (initial): C:\Users\pluckannfeel\AppData\Local\Android\sdk\build-tools\23.0.3\lib\dx.jar
Launcher Type: SUN_STANDARD

Environment Variables:
JAVA_HOME=C:\Program Files (x86)\Java\jdk1.7.0_71
PATH=C:\ProgramData\Oracle\Java\javapath;C:\Windows\system32;C:\Windows;C:\Windows\System32\Wbem;C:\Windows\System32\WindowsPowerShell\v1.0\;C:\Program Files (x86)\Microsoft SQL Server\100\Tools\Binn\;C:\Program Files\Microsoft SQL Server\100\Tools\Binn\;C:\Program Files\Microsoft SQL Server\100\DTS\Binn\;C:\Program Files (x86)\Microsoft SQL Server\100\Tools\Binn\VSShell\Common7\IDE\;C:\Program Files (x86)\Microsoft SQL Server\100\DTS\Binn\;C:\Program Files (x86)\Microsoft SQL Server\90\Tools\binn\;C:\Program Files\nodejs\;C:\Program Files (x86)\GtkSharp\2.12\bin;C:\Program Files (x86)\Skype\Phone\;C:\Users\pluckannfeel\AppData\Roaming\npm
USERNAME=pluckannfeel
OS=Windows_NT
PROCESSOR_IDENTIFIER=Intel64 Family 6 Model 60 Stepping 3, GenuineIntel



---------------  S Y S T E M  ---------------

OS: Windows 8.1 , 64 bit Build 9600 (6.3.9600.17415)

CPU:total 4 (2 cores per cpu, 2 threads per core) family 6 model 60 stepping 3, cmov, cx8, fxsr, mmx, sse, sse2, sse3, ssse3, sse4.1, sse4.2, popcnt, avx, avx2, aes, clmul, erms, lzcnt, ht, tsc, tscinvbit, bmi1, bmi2

Memory: 4k page, physical 8302956k(620456k free), swap 11448684k(4280k free)

vm_info: Java HotSpot(TM) 64-Bit Server VM (25.45-b02) for windows-amd64 JRE (1.8.0_45-b15), built on Apr 30 2015 12:40:44 by "java_re" with MS VC++ 10.0 (VS2010)

time: Thu Nov 17 06:28:16 2016
elapsed time: 2 seconds (0d 0h 0m 2s)

