#
# There is insufficient memory for the Java Runtime Environment to continue.
# Native memory allocation (malloc) failed to allocate 567056 bytes for Chunk::new
# Possible reasons:
#   The system is out of physical RAM or swap space
#   In 32 bit mode, the process size limit was hit
# Possible solutions:
#   Reduce memory load on the system
#   Increase physical memory or swap space
#   Check if swap backing store is full
#   Use 64 bit Java on a 64 bit OS
#   Decrease Java heap size (-Xmx/-Xms)
#   Decrease number of Java threads
#   Decrease Java thread stack sizes (-Xss)
#   Set larger code cache with -XX:ReservedCodeCacheSize=
# This output file may be truncated or incomplete.
#
#  Out of Memory Error (allocation.cpp:390), pid=6720, tid=1360
#
# JRE version: Java(TM) SE Runtime Environment (8.0_45-b15) (build 1.8.0_45-b15)
# Java VM: Java HotSpot(TM) 64-Bit Server VM (25.45-b02 mixed mode windows-amd64 compressed oops)
# Failed to write core dump. Minidumps are not enabled by default on client versions of Windows
#

---------------  T H R E A D  ---------------

Current thread (0x0000000014ab6000):  JavaThread "C2 CompilerThread1" daemon [_thread_in_native, id=1360, stack(0x00000000160b0000,0x00000000161b0000)]

Stack: [0x00000000160b0000,0x00000000161b0000]
Native frames: (J=compiled Java code, j=interpreted, Vv=VM code, C=native code)
V  [jvm.dll+0x32b57a]
V  [jvm.dll+0x279873]
V  [jvm.dll+0x27a509]
V  [jvm.dll+0x271825]
V  [jvm.dll+0xcb9e2]
V  [jvm.dll+0xcbeac]
V  [jvm.dll+0x49298c]
V  [jvm.dll+0x45f8ca]
V  [jvm.dll+0x46a73b]
V  [jvm.dll+0x46cd52]
V  [jvm.dll+0x4500f2]
V  [jvm.dll+0xa4352]
V  [jvm.dll+0xa4c8f]
V  [jvm.dll+0x241984]
V  [jvm.dll+0x29853a]
C  [msvcr100.dll+0x21d9f]
C  [msvcr100.dll+0x21e3b]
C  [KERNEL32.DLL+0x13d2]
C  [ntdll.dll+0x154e4]


Current CompileTask:
C2:   6722 1528 %     4       com.android.dx.ssa.SsaMethod::mapRegisters @ 8 (87 bytes)


---------------  P R O C E S S  ---------------

Java Threads: ( => current thread )
  0x000000001651c000 JavaThread "pool-1-thread-4" [_thread_in_vm, id=7444, stack(0x0000000016cb0000,0x0000000016db0000)]
  0x000000001651b800 JavaThread "pool-1-thread-3" [_thread_in_Java, id=1040, stack(0x0000000016bb0000,0x0000000016cb0000)]
  0x000000001651a800 JavaThread "pool-1-thread-2" [_thread_blocked, id=7792, stack(0x0000000016ab0000,0x0000000016bb0000)]
  0x000000001650b800 JavaThread "pool-2-thread-1" [_thread_blocked, id=7948, stack(0x00000000169b0000,0x0000000016ab0000)]
  0x000000001650d800 JavaThread "pool-1-thread-1" [_thread_in_Java, id=3796, stack(0x00000000168b0000,0x00000000169b0000)]
  0x00000000162b6800 JavaThread "Service Thread" daemon [_thread_blocked, id=6732, stack(0x00000000166b0000,0x00000000167b0000)]
  0x0000000014abc000 JavaThread "C1 CompilerThread2" daemon [_thread_blocked, id=8292, stack(0x00000000161b0000,0x00000000162b0000)]
=>0x0000000014ab6000 JavaThread "C2 CompilerThread1" daemon [_thread_in_native, id=1360, stack(0x00000000160b0000,0x00000000161b0000)]
  0x0000000014a5c000 JavaThread "C2 CompilerThread0" daemon [_thread_blocked, id=8248, stack(0x0000000015fb0000,0x00000000160b0000)]
  0x0000000014a5a000 JavaThread "Attach Listener" daemon [_thread_blocked, id=5332, stack(0x0000000015eb0000,0x0000000015fb0000)]
  0x0000000014a59000 JavaThread "Signal Dispatcher" daemon [_thread_blocked, id=8244, stack(0x0000000015db0000,0x0000000015eb0000)]
  0x0000000002386800 JavaThread "Finalizer" daemon [_thread_blocked, id=4124, stack(0x0000000015cb0000,0x0000000015db0000)]
  0x000000000237e000 JavaThread "Reference Handler" daemon [_thread_blocked, id=8012, stack(0x0000000015bb0000,0x0000000015cb0000)]
  0x0000000002291000 JavaThread "main" [_thread_blocked, id=7316, stack(0x0000000002190000,0x0000000002290000)]

Other Threads:
  0x0000000014a27000 VMThread [stack: 0x0000000015ab0000,0x0000000015bb0000] [id=5320]
  0x00000000162b7800 WatcherThread [stack: 0x00000000167b0000,0x00000000168b0000] [id=8368]

VM state:not at safepoint (normal execution)

VM Mutex/Monitor currently owned by a thread:  ([mutex/lock_event])
[0x0000000000a2e870] CompiledIC_lock - owner thread: 0x000000001651c000

Heap:
 PSYoungGen      total 38400K, used 36129K [0x00000000eab00000, 0x00000000ed580000, 0x0000000100000000)
  eden space 33280K, 93% used [0x00000000eab00000,0x00000000ec94e5d8,0x00000000ecb80000)
  from space 5120K, 99% used [0x00000000ecb80000,0x00000000ed07a0c8,0x00000000ed080000)
  to   space 5120K, 0% used [0x00000000ed080000,0x00000000ed080000,0x00000000ed580000)
 ParOldGen       total 87552K, used 850K [0x00000000c0000000, 0x00000000c5580000, 0x00000000eab00000)
  object space 87552K, 0% used [0x00000000c0000000,0x00000000c00d49f0,0x00000000c5580000)
 Metaspace       used 6112K, capacity 7088K, committed 7296K, reserved 1056768K
  class space    used 589K, capacity 616K, committed 640K, reserved 1048576K

Card table byte_map: [0x0000000011750000,0x0000000011960000] byte_map_base: 0x0000000011150000

Marking Bits: (ParMarkBitMap*) 0x0000000051dc4040
 Begin Bits: [0x0000000011ec0000, 0x0000000012ec0000)
 End Bits:   [0x0000000012ec0000, 0x0000000013ec0000)

Polling page: 0x0000000000880000

CodeCache: size=245760Kb used=6494Kb max_used=6518Kb free=239265Kb
 bounds [0x0000000002390000, 0x0000000002a00000, 0x0000000011390000]
 total_blobs=1778 nmethods=1509 adapters=182
 compilation: enabled

Compilation events (10 events):
Event: 6.272 Thread 0x0000000014ab6000 1468       4       com.android.dx.util.LabeledList::indexOfLabel (22 bytes)
Event: 6.273 Thread 0x0000000014ab6000 nmethod 1468 0x00000000029d8790 code [0x00000000029d88e0, 0x00000000029d8998]
Event: 6.273 Thread 0x0000000014ab6000 1440       4       com.android.dx.ssa.MoveParamCombiner$1::visitNonMoveInsn (213 bytes)
Event: 6.276 Thread 0x0000000014ab6000 nmethod 1440 0x00000000029dad50 code [0x00000000029daea0, 0x00000000029db038]
Event: 6.276 Thread 0x0000000014ab6000 1458       4       com.android.dx.ssa.LiteralOpUpgrader$1::visitNonMoveInsn (203 bytes)
Event: 6.297 Thread 0x0000000014ab6000 nmethod 1458 0x00000000029e6a50 code [0x00000000029e6dc0, 0x00000000029e7868]
Event: 6.297 Thread 0x0000000014ab6000 1424       4       java.util.ArrayList$SubList::removeRange (47 bytes)
Event: 6.302 Thread 0x0000000014ab6000 nmethod 1424 0x00000000029dc610 code [0x00000000029dc760, 0x00000000029dc9d8]
Event: 6.312 Thread 0x0000000014a5c000 nmethod 1433 0x00000000029eea90 code [0x00000000029eedc0, 0x00000000029f1d40]
Event: 6.562 Thread 0x0000000014ab6000 1528 %     4       com.android.dx.ssa.SsaMethod::mapRegisters @ 8 (87 bytes)

GC Heap History (2 events):
Event: 4.205 GC heap before
{Heap before GC invocations=1 (full 0):
 PSYoungGen      total 38400K, used 33280K [0x00000000eab00000, 0x00000000ed580000, 0x0000000100000000)
  eden space 33280K, 100% used [0x00000000eab00000,0x00000000ecb80000,0x00000000ecb80000)
  from space 5120K, 0% used [0x00000000ed080000,0x00000000ed080000,0x00000000ed580000)
  to   space 5120K, 0% used [0x00000000ecb80000,0x00000000ecb80000,0x00000000ed080000)
 ParOldGen       total 87552K, used 0K [0x00000000c0000000, 0x00000000c5580000, 0x00000000eab00000)
  object space 87552K, 0% used [0x00000000c0000000,0x00000000c0000000,0x00000000c5580000)
 Metaspace       used 5879K, capacity 6896K, committed 7040K, reserved 1056768K
  class space    used 581K, capacity 616K, committed 640K, reserved 1048576K
Event: 4.755 GC heap after
Heap after GC invocations=1 (full 0):
 PSYoungGen      total 38400K, used 5096K [0x00000000eab00000, 0x00000000ed580000, 0x0000000100000000)
  eden space 33280K, 0% used [0x00000000eab00000,0x00000000eab00000,0x00000000ecb80000)
  from space 5120K, 99% used [0x00000000ecb80000,0x00000000ed07a0c8,0x00000000ed080000)
  to   space 5120K, 0% used [0x00000000ed080000,0x00000000ed080000,0x00000000ed580000)
 ParOldGen       total 87552K, used 850K [0x00000000c0000000, 0x00000000c5580000, 0x00000000eab00000)
  object space 87552K, 0% used [0x00000000c0000000,0x00000000c00d49f0,0x00000000c5580000)
 Metaspace       used 5879K, capacity 6896K, committed 7040K, reserved 1056768K
  class space    used 581K, capacity 616K, committed 640K, reserved 1048576K
}

Deoptimization events (10 events):
Event: 5.736 Thread 0x000000001651a800 Uncommon trap: reason=unstable_if action=reinterpret pc=0x0000000002751cfc method=com.android.dx.util.IntList.binarysearch(I)I @ 105
Event: 5.736 Thread 0x000000001651a800 Uncommon trap: reason=null_check action=make_not_entrant pc=0x00000000026c2b64 method=com.android.dx.rop.type.Type.equals(Ljava/lang/Object;)Z @ 8
Event: 5.751 Thread 0x000000001650d800 Uncommon trap: reason=unstable_if action=reinterpret pc=0x000000000275071c method=com.android.dx.rop.code.RegisterSpecSet.put(Lcom/android/dx/rop/code/RegisterSpec;)V @ 77
Event: 5.754 Thread 0x000000001650d800 Uncommon trap: reason=unstable_if action=reinterpret pc=0x00000000028eb124 method=com.android.dx.ssa.SCCP.simulateBranch(Lcom/android/dx/ssa/SsaInsn;)V @ 118
Event: 5.791 Thread 0x000000001650d800 Uncommon trap: reason=unstable_if action=reinterpret pc=0x00000000028e8f68 method=com.android.dx.rop.code.DexTranslationAdvice.requiresSourcesInOrder(Lcom/android/dx/rop/code/Rop;Lcom/android/dx/rop/code/RegisterSpecList;)Z @ 21
Event: 5.796 Thread 0x000000001650d800 Uncommon trap: reason=class_check action=maybe_recompile pc=0x000000000269037c method=com.android.dx.ssa.NormalSsaInsn.accept(Lcom/android/dx/ssa/SsaInsn$Visitor;)V @ 9
Event: 5.884 Thread 0x000000001651c000 Uncommon trap: reason=class_check action=maybe_recompile pc=0x000000000269037c method=com.android.dx.ssa.NormalSsaInsn.accept(Lcom/android/dx/ssa/SsaInsn$Visitor;)V @ 9
Event: 5.884 Thread 0x000000001651c000 Uncommon trap: reason=class_check action=maybe_recompile pc=0x0000000002604770 method=com.android.dx.ssa.NormalSsaInsn.accept(Lcom/android/dx/ssa/SsaInsn$Visitor;)V @ 9
Event: 5.884 Thread 0x000000001651c000 Uncommon trap: reason=class_check action=maybe_recompile pc=0x0000000002604770 method=com.android.dx.ssa.NormalSsaInsn.accept(Lcom/android/dx/ssa/SsaInsn$Visitor;)V @ 9
Event: 5.885 Thread 0x000000001651c000 Uncommon trap: reason=class_check action=maybe_recompile pc=0x000000000269037c method=com.android.dx.ssa.NormalSsaInsn.accept(Lcom/android/dx/ssa/SsaInsn$Visitor;)V @ 9

Internal exceptions (3 events):
Event: 0.337 Thread 0x0000000002291000 Exception <a 'java/lang/NoSuchMethodError': Method sun.misc.Unsafe.defineClass(Ljava/lang/String;[BII)Ljava/lang/Class; name or signature does not match> (0x00000000eab0d548) thrown at [C:\re\workspace\8-2-build-windows-amd64-cygwin\jdk8u45\3627\hotspot\srŒTﬁIÌê’?
Event: 0.337 Thread 0x0000000002291000 Exception <a 'java/lang/NoSuchMethodError': Method sun.misc.Unsafe.prefetchRead(Ljava/lang/Object;J)V name or signature does not match> (0x00000000eab0d7d8) thrown at [C:\re\workspace\8-2-build-windows-amd64-cygwin\jdk8u45\3627\hotspot\src\share\vm\prims\j˙≠¢õÒ@
Event: 5.736 Thread 0x000000001651a800 Implicit null exception at 0x00000000026c2a62 to 0x00000000026c2b55

Events (10 events):
Event: 6.089 loading class com/android/dx/cf/attrib/AttRuntimeInvisibleParameterAnnotations
Event: 6.089 loading class com/android/dx/cf/attrib/AttRuntimeInvisibleParameterAnnotations done
Event: 6.090 loading class com/android/dx/cf/attrib/BaseParameterAnnotations
Event: 6.090 loading class com/android/dx/cf/attrib/BaseParameterAnnotations done
Event: 6.117 loading class com/android/dx/dex/file/ParameterAnnotationStruct
Event: 6.117 loading class com/android/dx/dex/file/ParameterAnnotationStruct done
Event: 6.118 loading class com/android/dx/dex/file/UniformListItem
Event: 6.118 loading class com/android/dx/dex/file/UniformListItem done
Event: 6.119 loading class com/android/dx/dex/file/AnnotationSetRefItem
Event: 6.119 loading class com/android/dx/dex/file/AnnotationSetRefItem done


Dynamic libraries:
0x00007ff775360000 - 0x00007ff775397000 	C:\Program Files\Java\jdk1.8.0_45\bin\java.exe
0x00007ff9ebcb0000 - 0x00007ff9ebe5d000 	C:\Windows\SYSTEM32\ntdll.dll
0x00007ff9eac90000 - 0x00007ff9eadce000 	C:\Windows\system32\KERNEL32.DLL
0x00007ff9e9220000 - 0x00007ff9e9335000 	C:\Windows\system32\KERNELBASE.dll
0x00007ff9e79b0000 - 0x00007ff9e7a3e000 	C:\Windows\system32\apphelp.dll
0x00007ff9cb9b0000 - 0x00007ff9cba03000 	C:\Windows\AppPatch\AppPatch64\AcGenral.DLL
0x00007ff9eb8a0000 - 0x00007ff9eb94a000 	C:\Windows\system32\msvcrt.dll
0x00007ff9e91f0000 - 0x00007ff9e921e000 	C:\Windows\system32\SspiCli.dll
0x00007ff9eab70000 - 0x00007ff9eabc4000 	C:\Windows\system32\SHLWAPI.dll
0x00007ff9eb380000 - 0x00007ff9eb4f7000 	C:\Windows\system32\USER32.dll
0x00007ff9eb620000 - 0x00007ff9eb7b4000 	C:\Windows\system32\ole32.dll
0x00007ff9e9350000 - 0x00007ff9ea879000 	C:\Windows\system32\SHELL32.dll
0x00007ff9e8430000 - 0x00007ff9e8451000 	C:\Windows\SYSTEM32\USERENV.dll
0x00007ff9ebb30000 - 0x00007ff9ebbda000 	C:\Windows\system32\ADVAPI32.dll
0x00007ff9e1120000 - 0x00007ff9e113e000 	C:\Windows\SYSTEM32\MPR.dll
0x00007ff9ea880000 - 0x00007ff9ea9c0000 	C:\Windows\system32\RPCRT4.dll
0x00007ff9ebbf0000 - 0x00007ff9ebc49000 	C:\Windows\SYSTEM32\sechost.dll
0x00007ff9eaf90000 - 0x00007ff9eb1a1000 	C:\Windows\SYSTEM32\combase.dll
0x00007ff9ea9c0000 - 0x00007ff9eab0f000 	C:\Windows\system32\GDI32.dll
0x00007ff9e8de0000 - 0x00007ff9e8df5000 	C:\Windows\SYSTEM32\profapi.dll
0x00007ff9e7040000 - 0x00007ff9e70f2000 	C:\Windows\SYSTEM32\SHCORE.dll
0x00007ff9eb500000 - 0x00007ff9eb536000 	C:\Windows\system32\IMM32.DLL
0x00007ff9eb1b0000 - 0x00007ff9eb302000 	C:\Windows\system32\MSCTF.dll
0x00007ff9e65a0000 - 0x00007ff9e681b000 	C:\Windows\WinSxS\amd64_microsoft.windows.common-controls_6595b64144ccf1df_6.0.9600.18006_none_623f33d3ecbe86e8\COMCTL32.dll
0x0000000051e50000 - 0x0000000051f22000 	C:\Program Files\Java\jdk1.8.0_45\jre\bin\msvcr100.dll
0x00000000515c0000 - 0x0000000051e43000 	C:\Program Files\Java\jdk1.8.0_45\jre\bin\server\jvm.dll
0x00007ff9e1110000 - 0x00007ff9e1119000 	C:\Windows\SYSTEM32\WSOCK32.dll
0x00007ff9e0510000 - 0x00007ff9e0532000 	C:\Windows\SYSTEM32\WINMM.dll
0x00007ff9de9c0000 - 0x00007ff9de9ca000 	C:\Windows\SYSTEM32\VERSION.dll
0x00007ff9e9340000 - 0x00007ff9e9347000 	C:\Windows\system32\PSAPI.DLL
0x00007ff9eab10000 - 0x00007ff9eab6a000 	C:\Windows\system32\WS2_32.dll
0x00007ff9e04e0000 - 0x00007ff9e050a000 	C:\Windows\SYSTEM32\WINMMBASE.dll
0x00007ff9eadd0000 - 0x00007ff9eadd9000 	C:\Windows\system32\NSI.dll
0x00007ff9e8eb0000 - 0x00007ff9e8eff000 	C:\Windows\SYSTEM32\cfgmgr32.dll
0x00007ff9e7ad0000 - 0x00007ff9e7af8000 	C:\Windows\SYSTEM32\DEVOBJ.dll
0x00000000515b0000 - 0x00000000515bf000 	C:\Program Files\Java\jdk1.8.0_45\jre\bin\verify.dll
0x0000000051580000 - 0x00000000515a9000 	C:\Program Files\Java\jdk1.8.0_45\jre\bin\java.dll
0x0000000051560000 - 0x0000000051576000 	C:\Program Files\Java\jdk1.8.0_45\jre\bin\zip.dll
0x00007ff9e0a40000 - 0x00007ff9e0bc9000 	C:\Windows\SYSTEM32\dbghelp.dll

VM Arguments:
jvm_args: -Djava.awt.headless=true -Xmx1024M -Dfile.encoding=windows-1252 -Duser.country=US -Duser.language=en -Duser.variant 
java_command: com.android.dx.command.Main --dex --force-jumbo --num-threads=4 --output D:\android app development\CapstoneHomeSeek\app\build\intermediates\pre-dexed\debug\com.google.android.gms-play-services-measurement-8.4.0_6272a1611272718a6425bc44f286415ec98dbc80.jar D:\android app development\CapstoneHomeSeek\app\build\intermediates\exploded-aar\com.google.android.gms\play-services-measurement\8.4.0\jars\classes.jar
java_class_path (initial): C:\Users\pluckannfeel\AppData\Local\Android\sdk\build-tools\23.0.3\lib\dx.jar
Launcher Type: SUN_STANDARD

Environment Variables:
JAVA_HOME=C:\Program Files (x86)\Java\jdk1.7.0_71
PATH=C:\ProgramData\Oracle\Java\javapath;C:\Windows\system32;C:\Windows;C:\Windows\System32\Wbem;C:\Windows\System32\WindowsPowerShell\v1.0\;C:\Program Files (x86)\Microsoft SQL Server\100\Tools\Binn\;C:\Program Files\Microsoft SQL Server\100\Tools\Binn\;C:\Program Files\Microsoft SQL Server\100\DTS\Binn\;C:\Program Files (x86)\Microsoft SQL Server\100\Tools\Binn\VSShell\Common7\IDE\;C:\Program Files (x86)\Microsoft SQL Server\100\DTS\Binn\;C:\Program Files (x86)\Microsoft SQL Server\90\Tools\binn\;C:\Program Files\nodejs\;C:\Program Files (x86)\GtkSharp\2.12\bin;C:\Program Files (x86)\Skype\Phone\;C:\Users\pluckannfeel\AppData\Roaming\npm
USERNAME=pluckannfeel
OS=Windows_NT
PROCESSOR_IDENTIFIER=Intel64 Family 6 Model 60 Stepping 3, GenuineIntel



---------------  S Y S T E M  ---------------

OS: Windows 8.1 , 64 bit Build 9600 (6.3.9600.17415)

CPU:total 4 (2 cores per cpu, 2 threads per core) family 6 model 60 stepping 3, cmov, cx8, fxsr, mmx, sse, sse2, sse3, ssse3, sse4.1, sse4.2, popcnt, avx, avx2, aes, clmul, erms, lzcnt, ht, tsc, tscinvbit, bmi1, bmi2

Memory: 4k page, physical 8302956k(357256k free), swap 11448684k(10752k free)

vm_info: Java HotSpot(TM) 64-Bit Server VM (25.45-b02) for windows-amd64 JRE (1.8.0_45-b15), built on Apr 30 2015 12:40:44 by "java_re" with MS VC++ 10.0 (VS2010)

time: Sat Nov 19 10:37:16 2016
elapsed time: 6 seconds (0d 0h 0m 6s)

