#
# There is insufficient memory for the Java Runtime Environment to continue.
# Native memory allocation (malloc) failed to allocate 1123056 bytes for Chunk::new
# Possible reasons:
#   The system is out of physical RAM or swap space
#   In 32 bit mode, the process size limit was hit
# Possible solutions:
#   Reduce memory load on the system
#   Increase physical memory or swap space
#   Check if swap backing store is full
#   Use 64 bit Java on a 64 bit OS
#   Decrease Java heap size (-Xmx/-Xms)
#   Decrease number of Java threads
#   Decrease Java thread stack sizes (-Xss)
#   Set larger code cache with -XX:ReservedCodeCacheSize=
# This output file may be truncated or incomplete.
#
#  Out of Memory Error (allocation.cpp:390), pid=10112, tid=5432
#
# JRE version: Java(TM) SE Runtime Environment (8.0_45-b15) (build 1.8.0_45-b15)
# Java VM: Java HotSpot(TM) 64-Bit Server VM (25.45-b02 mixed mode windows-amd64 compressed oops)
# Failed to write core dump. Minidumps are not enabled by default on client versions of Windows
#

---------------  T H R E A D  ---------------

Current thread (0x000000001462e000):  JavaThread "C2 CompilerThread1" daemon [_thread_in_native, id=5432, stack(0x0000000015c40000,0x0000000015d40000)]

Stack: [0x0000000015c40000,0x0000000015d40000]
Native frames: (J=compiled Java code, j=interpreted, Vv=VM code, C=native code)
V  [jvm.dll+0x32b57a]


Current CompileTask:
C2:   4004 1298       4       com.android.dx.ssa.SCCP::simulatePhi (169 bytes)


---------------  P R O C E S S  ---------------

Java Threads: ( => current thread )
  0x00000000160df800 JavaThread "pool-2-thread-4" [_thread_in_Java, id=3848, stack(0x0000000016840000,0x0000000016940000)]
  0x00000000160d7800 JavaThread "pool-2-thread-3" [_thread_in_vm, id=8356, stack(0x0000000016740000,0x0000000016840000)]
  0x00000000160c2800 JavaThread "pool-2-thread-2" [_thread_in_Java, id=8324, stack(0x0000000016640000,0x0000000016740000)]
  0x00000000160b3000 JavaThread "pool-3-thread-1" [_thread_blocked, id=4912, stack(0x0000000016540000,0x0000000016640000)]
  0x00000000160b2000 JavaThread "pool-2-thread-1" [_thread_in_Java, id=6044, stack(0x0000000016440000,0x0000000016540000)]
  0x0000000015e45800 JavaThread "Service Thread" daemon [_thread_blocked, id=7492, stack(0x0000000016240000,0x0000000016340000)]
  0x0000000014631000 JavaThread "C1 CompilerThread2" daemon [_thread_blocked, id=8064, stack(0x0000000015d40000,0x0000000015e40000)]
=>0x000000001462e000 JavaThread "C2 CompilerThread1" daemon [_thread_in_native, id=5432, stack(0x0000000015c40000,0x0000000015d40000)]
  0x00000000145dc800 JavaThread "C2 CompilerThread0" daemon [_thread_in_native, id=4580, stack(0x0000000015b40000,0x0000000015c40000)]
  0x00000000145db000 JavaThread "Attach Listener" daemon [_thread_blocked, id=5656, stack(0x0000000015a40000,0x0000000015b40000)]
  0x00000000145d9800 JavaThread "Signal Dispatcher" daemon [_thread_blocked, id=5776, stack(0x0000000015940000,0x0000000015a40000)]
  0x0000000001e26800 JavaThread "Finalizer" daemon [_thread_blocked, id=9228, stack(0x0000000015840000,0x0000000015940000)]
  0x0000000001e1e000 JavaThread "Reference Handler" daemon [_thread_blocked, id=8332, stack(0x0000000015740000,0x0000000015840000)]
  0x0000000001d31000 JavaThread "main" [_thread_in_Java, id=10152, stack(0x0000000001ba0000,0x0000000001ca0000)]

Other Threads:
  0x00000000145a7000 VMThread [stack: 0x0000000015640000,0x0000000015740000] [id=10236]
  0x0000000015e46800 WatcherThread [stack: 0x0000000016340000,0x0000000016440000] [id=7928]

VM state:not at safepoint (normal execution)

VM Mutex/Monitor currently owned by a thread: None

Heap:
 PSYoungGen      total 38400K, used 24812K [0x00000000eab00000, 0x00000000ef600000, 0x0000000100000000)
  eden space 33280K, 59% used [0x00000000eab00000,0x00000000ebe40690,0x00000000ecb80000)
  from space 5120K, 99% used [0x00000000ecb80000,0x00000000ed07aaa8,0x00000000ed080000)
  to   space 5120K, 0% used [0x00000000ef100000,0x00000000ef100000,0x00000000ef600000)
 ParOldGen       total 87552K, used 1110K [0x00000000c0000000, 0x00000000c5580000, 0x00000000eab00000)
  object space 87552K, 1% used [0x00000000c0000000,0x00000000c01159b8,0x00000000c5580000)
 Metaspace       used 6016K, capacity 6960K, committed 7040K, reserved 1056768K
  class space    used 588K, capacity 616K, committed 640K, reserved 1048576K

Card table byte_map: [0x00000000112d0000,0x00000000114e0000] byte_map_base: 0x0000000010cd0000

Marking Bits: (ParMarkBitMap*) 0x000000006ce94040
 Begin Bits: [0x0000000011a40000, 0x0000000012a40000)
 End Bits:   [0x0000000012a40000, 0x0000000013a40000)

Polling page: 0x0000000000440000

CodeCache: size=245760Kb used=5906Kb max_used=5906Kb free=239853Kb
 bounds [0x0000000001f10000, 0x00000000024e0000, 0x0000000010f10000]
 total_blobs=1685 nmethods=1416 adapters=182
 compilation: enabled

Compilation events (10 events):
Event: 3.861 Thread 0x0000000014631000 nmethod 1350 0x000000000240cf10 code [0x000000000240d060, 0x000000000240d1f0]
Event: 3.862 Thread 0x0000000014631000 1351       3       com.android.dx.dex.file.EncodedMember::<init> (10 bytes)
Event: 3.862 Thread 0x0000000014631000 nmethod 1351 0x000000000246b7d0 code [0x000000000246b920, 0x000000000246bad0]
Event: 3.862 Thread 0x0000000014631000 1352       3       com.android.dx.cf.code.Simulator$SimVisitor::checkReturnType (64 bytes)
Event: 3.863 Thread 0x0000000014631000 nmethod 1352 0x000000000246bb90 code [0x000000000246bde0, 0x000000000246cb68]
Event: 3.865 Thread 0x0000000014631000 1353       3       com.android.dx.cf.code.LocalVariableList$Item::<init> (115 bytes)
Event: 3.866 Thread 0x0000000014631000 nmethod 1353 0x000000000246d190 code [0x000000000246d380, 0x000000000246da68]
Event: 3.866 Thread 0x0000000014631000 1354   !   3       com.android.dx.cf.code.Ropper::doit (126 bytes)
Event: 3.868 Thread 0x0000000014631000 nmethod 1354 0x000000000246dd90 code [0x000000000246e080, 0x000000000246f4d8]
Event: 3.872 Thread 0x0000000014631000 1355       3       com.android.dx.rop.type.Type::internClassName (56 bytes)

GC Heap History (2 events):
Event: 2.257 GC heap before
{Heap before GC invocations=1 (full 0):
 PSYoungGen      total 38400K, used 33280K [0x00000000eab00000, 0x00000000ed580000, 0x0000000100000000)
  eden space 33280K, 100% used [0x00000000eab00000,0x00000000ecb80000,0x00000000ecb80000)
  from space 5120K, 0% used [0x00000000ed080000,0x00000000ed080000,0x00000000ed580000)
  to   space 5120K, 0% used [0x00000000ecb80000,0x00000000ecb80000,0x00000000ed080000)
 ParOldGen       total 87552K, used 0K [0x00000000c0000000, 0x00000000c5580000, 0x00000000eab00000)
  object space 87552K, 0% used [0x00000000c0000000,0x00000000c0000000,0x00000000c5580000)
 Metaspace       used 5847K, capacity 6832K, committed 7040K, reserved 1056768K
  class space    used 586K, capacity 616K, committed 640K, reserved 1048576K
Event: 2.390 GC heap after
Heap after GC invocations=1 (full 0):
 PSYoungGen      total 38400K, used 5098K [0x00000000eab00000, 0x00000000ef600000, 0x0000000100000000)
  eden space 33280K, 0% used [0x00000000eab00000,0x00000000eab00000,0x00000000ecb80000)
  from space 5120K, 99% used [0x00000000ecb80000,0x00000000ed07aaa8,0x00000000ed080000)
  to   space 5120K, 0% used [0x00000000ef100000,0x00000000ef100000,0x00000000ef600000)
 ParOldGen       total 87552K, used 1110K [0x00000000c0000000, 0x00000000c5580000, 0x00000000eab00000)
  object space 87552K, 1% used [0x00000000c0000000,0x00000000c01159b8,0x00000000c5580000)
 Metaspace       used 5847K, capacity 6832K, committed 7040K, reserved 1056768K
  class space    used 586K, capacity 616K, committed 640K, reserved 1048576K
}

Deoptimization events (10 events):
Event: 1.619 Thread 0x00000000160c2800 Uncommon trap: reason=bimorphic action=maybe_recompile pc=0x0000000002243b84 method=java.util.HashMap.getNode(ILjava/lang/Object;)Ljava/util/HashMap$Node; @ 126
Event: 1.619 Thread 0x00000000160c2800 Uncommon trap: reason=bimorphic action=maybe_recompile pc=0x0000000002243b84 method=java.util.HashMap.getNode(ILjava/lang/Object;)Ljava/util/HashMap$Node; @ 126
Event: 1.619 Thread 0x00000000160c2800 Uncommon trap: reason=bimorphic action=maybe_recompile pc=0x0000000002243b84 method=java.util.HashMap.getNode(ILjava/lang/Object;)Ljava/util/HashMap$Node; @ 126
Event: 1.619 Thread 0x00000000160c2800 Uncommon trap: reason=bimorphic action=maybe_recompile pc=0x0000000002243b84 method=java.util.HashMap.getNode(ILjava/lang/Object;)Ljava/util/HashMap$Node; @ 126
Event: 1.645 Thread 0x00000000160c2800 Uncommon trap: reason=unstable_if action=reinterpret pc=0x0000000002220eb0 method=java.util.HashMap.getNode(ILjava/lang/Object;)Ljava/util/HashMap$Node; @ 129
Event: 1.684 Thread 0x0000000001d31000 Uncommon trap: reason=unstable_if action=reinterpret pc=0x00000000022a1c9c method=com.android.dx.rop.code.RegisterSpecSet.put(Lcom/android/dx/rop/code/RegisterSpec;)V @ 77
Event: 2.458 Thread 0x00000000160c2800 Uncommon trap: reason=bimorphic action=maybe_recompile pc=0x000000000239ad88 method=com.android.dx.cf.code.BytecodeArray.parseInstruction(ILcom/android/dx/cf/code/BytecodeArray$Visitor;)I @ 2135
Event: 2.459 Thread 0x00000000160c2800 Uncommon trap: reason=bimorphic action=maybe_recompile pc=0x000000000239ad88 method=com.android.dx.cf.code.BytecodeArray.parseInstruction(ILcom/android/dx/cf/code/BytecodeArray$Visitor;)I @ 2135
Event: 2.459 Thread 0x00000000160c2800 Uncommon trap: reason=bimorphic action=maybe_recompile pc=0x000000000239ad88 method=com.android.dx.cf.code.BytecodeArray.parseInstruction(ILcom/android/dx/cf/code/BytecodeArray$Visitor;)I @ 2135
Event: 2.459 Thread 0x00000000160c2800 Uncommon trap: reason=bimorphic action=maybe_recompile pc=0x000000000239ad88 method=com.android.dx.cf.code.BytecodeArray.parseInstruction(ILcom/android/dx/cf/code/BytecodeArray$Visitor;)I @ 2135

Internal exceptions (2 events):
Event: 0.052 Thread 0x0000000001d31000 Exception <a 'java/lang/NoSuchMethodError': Method sun.misc.Unsafe.defineClass(Ljava/lang/String;[BII)Ljava/lang/Class; name or signature does not match> (0x00000000eab0d570) thrown at [C:\re\workspace\8-2-build-windows-amd64-cygwin\jdk8u45\3627\hotspot\sr‡ÛÏúÎª?
Event: 0.052 Thread 0x0000000001d31000 Exception <a 'java/lang/NoSuchMethodError': Method sun.misc.Unsafe.prefetchRead(Ljava/lang/Object;J)V name or signature does not match> (0x00000000eab0d800) thrown at [C:\re\workspace\8-2-build-windows-amd64-cygwin\jdk8u45\3627\hotspot\src\share\vm\prims\j

Events (10 events):
Event: 2.459 Thread 0x00000000160c2800 DEOPT UNPACKING pc=0x0000000001f5582a sp=0x000000001673eee0 mode 2
Event: 2.459 Thread 0x00000000160c2800 Uncommon trap: trap_request=0xffffffc6 fr.pc=0x000000000239ad88
Event: 2.459 Thread 0x00000000160c2800 DEOPT PACKING pc=0x000000000239ad88 sp=0x000000001673ef50
Event: 2.459 Thread 0x00000000160c2800 DEOPT UNPACKING pc=0x0000000001f5582a sp=0x000000001673eee0 mode 2
Event: 2.459 Thread 0x00000000160c2800 Uncommon trap: trap_request=0xffffffc6 fr.pc=0x000000000239ad88
Event: 2.459 Thread 0x00000000160c2800 DEOPT PACKING pc=0x000000000239ad88 sp=0x000000001673ef50
Event: 2.459 Thread 0x00000000160c2800 DEOPT UNPACKING pc=0x0000000001f5582a sp=0x000000001673eee0 mode 2
Event: 2.459 Thread 0x00000000160c2800 Uncommon trap: trap_request=0xffffffc6 fr.pc=0x000000000239ad88
Event: 2.459 Thread 0x00000000160c2800 DEOPT PACKING pc=0x000000000239ad88 sp=0x000000001673ef50
Event: 2.460 Thread 0x00000000160c2800 DEOPT UNPACKING pc=0x0000000001f5582a sp=0x000000001673eee0 mode 2


Dynamic libraries:
0x00007ff672b50000 - 0x00007ff672b87000 	C:\Program Files\Java\jdk1.8.0_45\bin\java.exe
0x00007fff3a030000 - 0x00007fff3a1dd000 	C:\Windows\SYSTEM32\ntdll.dll
0x00007fff38050000 - 0x00007fff3818e000 	C:\Windows\system32\KERNEL32.DLL
0x00007fff37230000 - 0x00007fff37345000 	C:\Windows\system32\KERNELBASE.dll
0x00007fff35d40000 - 0x00007fff35dce000 	C:\Windows\system32\apphelp.dll
0x00007fff18470000 - 0x00007fff184c3000 	C:\Windows\AppPatch\AppPatch64\AcGenral.DLL
0x00007fff39cc0000 - 0x00007fff39d6a000 	C:\Windows\system32\msvcrt.dll
0x00007fff37690000 - 0x00007fff376be000 	C:\Windows\system32\SspiCli.dll
0x00007fff37f20000 - 0x00007fff37f74000 	C:\Windows\system32\SHLWAPI.dll
0x00007fff37da0000 - 0x00007fff37f17000 	C:\Windows\system32\USER32.dll
0x00007fff37c00000 - 0x00007fff37d94000 	C:\Windows\system32\ole32.dll
0x00007fff38790000 - 0x00007fff39cb9000 	C:\Windows\system32\SHELL32.dll
0x00007fff367b0000 - 0x00007fff367d1000 	C:\Windows\SYSTEM32\USERENV.dll
0x00007fff38410000 - 0x00007fff384ba000 	C:\Windows\system32\ADVAPI32.dll
0x00007fff2de10000 - 0x00007fff2de2e000 	C:\Windows\SYSTEM32\MPR.dll
0x00007fff39d70000 - 0x00007fff39eb0000 	C:\Windows\system32\RPCRT4.dll
0x00007fff39ef0000 - 0x00007fff39f49000 	C:\Windows\SYSTEM32\sechost.dll
0x00007fff376c0000 - 0x00007fff378d1000 	C:\Windows\SYSTEM32\combase.dll
0x00007fff384e0000 - 0x00007fff3862f000 	C:\Windows\system32\GDI32.dll
0x00007fff37160000 - 0x00007fff37175000 	C:\Windows\SYSTEM32\profapi.dll
0x00007fff35700000 - 0x00007fff357b2000 	C:\Windows\SYSTEM32\SHCORE.dll
0x00007fff39eb0000 - 0x00007fff39ee6000 	C:\Windows\system32\IMM32.DLL
0x00007fff38630000 - 0x00007fff38782000 	C:\Windows\system32\MSCTF.dll
0x00007fff34670000 - 0x00007fff348eb000 	C:\Windows\WinSxS\amd64_microsoft.windows.common-controls_6595b64144ccf1df_6.0.9600.18006_none_623f33d3ecbe86e8\COMCTL32.dll
0x0000000071ee0000 - 0x0000000071fb2000 	C:\Program Files\Java\jdk1.8.0_45\jre\bin\msvcr100.dll
0x000000006c690000 - 0x000000006cf13000 	C:\Program Files\Java\jdk1.8.0_45\jre\bin\server\jvm.dll
0x00007fff2fb40000 - 0x00007fff2fb49000 	C:\Windows\SYSTEM32\WSOCK32.dll
0x00007fff2d2e0000 - 0x00007fff2d302000 	C:\Windows\SYSTEM32\WINMM.dll
0x00007fff2cde0000 - 0x00007fff2cdea000 	C:\Windows\SYSTEM32\VERSION.dll
0x00007fff378e0000 - 0x00007fff378e7000 	C:\Windows\system32\PSAPI.DLL
0x00007fff383a0000 - 0x00007fff383fa000 	C:\Windows\system32\WS2_32.dll
0x00007fff2d2b0000 - 0x00007fff2d2da000 	C:\Windows\SYSTEM32\WINMMBASE.dll
0x00007fff384c0000 - 0x00007fff384c9000 	C:\Windows\system32\NSI.dll
0x00007fff373b0000 - 0x00007fff373ff000 	C:\Windows\SYSTEM32\cfgmgr32.dll
0x00007fff35f90000 - 0x00007fff35fb8000 	C:\Windows\SYSTEM32\DEVOBJ.dll
0x0000000072c10000 - 0x0000000072c1f000 	C:\Program Files\Java\jdk1.8.0_45\jre\bin\verify.dll
0x0000000071eb0000 - 0x0000000071ed9000 	C:\Program Files\Java\jdk1.8.0_45\jre\bin\java.dll
0x0000000071e90000 - 0x0000000071ea6000 	C:\Program Files\Java\jdk1.8.0_45\jre\bin\zip.dll
0x00007fff2f2c0000 - 0x00007fff2f449000 	C:\Windows\SYSTEM32\dbghelp.dll

VM Arguments:
jvm_args: -Djava.awt.headless=true -Xmx1024M -Dfile.encoding=windows-1252 -Duser.country=US -Duser.language=en -Duser.variant 
java_command: com.android.dx.command.Main --dex --force-jumbo --num-threads=4 --multi-dex --output D:\android app development\CapstoneHomeSeek\app\build\intermediates\transforms\dex\debug\folders\1000\10\com.google.android.gms-play-services-wearable-8.4.0_b545f708fb89cc01de67d772fbd084d1a45e62e7 D:\android app development\CapstoneHomeSeek\app\build\intermediates\exploded-aar\com.google.android.gms\play-services-wearable\8.4.0\jars\classes.jar
java_class_path (initial): C:\Users\pluckannfeel\AppData\Local\Android\sdk\build-tools\23.0.3\lib\dx.jar
Launcher Type: SUN_STANDARD

Environment Variables:
JAVA_HOME=C:\Program Files (x86)\Java\jdk1.7.0_71
PATH=C:\ProgramData\Oracle\Java\javapath;C:\Windows\system32;C:\Windows;C:\Windows\System32\Wbem;C:\Windows\System32\WindowsPowerShell\v1.0\;C:\Program Files (x86)\Microsoft SQL Server\100\Tools\Binn\;C:\Program Files\Microsoft SQL Server\100\Tools\Binn\;C:\Program Files\Microsoft SQL Server\100\DTS\Binn\;C:\Program Files (x86)\Microsoft SQL Server\100\Tools\Binn\VSShell\Common7\IDE\;C:\Program Files (x86)\Microsoft SQL Server\100\DTS\Binn\;C:\Program Files (x86)\Microsoft SQL Server\90\Tools\binn\;C:\Program Files\nodejs\;C:\Program Files (x86)\GtkSharp\2.12\bin;C:\Program Files (x86)\Skype\Phone\;C:\Users\pluckannfeel\AppData\Roaming\npm
USERNAME=pluckannfeel
OS=Windows_NT
PROCESSOR_IDENTIFIER=Intel64 Family 6 Model 60 Stepping 3, GenuineIntel



---------------  S Y S T E M  ---------------

OS: Windows 8.1 , 64 bit Build 9600 (6.3.9600.17415)

CPU:total 4 (2 cores per cpu, 2 threads per core) family 6 model 60 stepping 3, cmov, cx8, fxsr, mmx, sse, sse2, sse3, ssse3, sse4.1, sse4.2, popcnt, avx, avx2, aes, clmul, erms, lzcnt, ht, tsc, tscinvbit, bmi1, bmi2

Memory: 4k page, physical 8302956k(664960k free), swap 11448684k(9680k free)

vm_info: Java HotSpot(TM) 64-Bit Server VM (25.45-b02) for windows-amd64 JRE (1.8.0_45-b15), built on Apr 30 2015 12:40:44 by "java_re" with MS VC++ 10.0 (VS2010)

time: Thu Nov 17 06:26:44 2016
elapsed time: 4 seconds (0d 0h 0m 4s)

