#
# A fatal error has been detected by the Java Runtime Environment:
#
#  EXCEPTION_STACK_OVERFLOW (0xc00000fd) at pc=0x00000000517cffb7, pid=8660, tid=7992
#
# JRE version: Java(TM) SE Runtime Environment (8.0_45-b15) (build 1.8.0_45-b15)
# Java VM: Java HotSpot(TM) 64-Bit Server VM (25.45-b02 mixed mode windows-amd64 compressed oops)
# Problematic frame:
# V  [jvm.dll+0x20ffb7]
#
# Failed to write core dump. Minidumps are not enabled by default on client versions of Windows
#
# If you would like to submit a bug report, please visit:
#   http://bugreport.java.com/bugreport/crash.jsp
#

---------------  T H R E A D  ---------------

Current thread (0x0000000016e58000):  JavaThread "pool-2-thread-1" [_thread_in_vm, id=7992, stack(0x00000000172b0000,0x00000000173b0000)]

siginfo: ExceptionCode=0xc00000fd, ExceptionInformation=0x0000000000000001 0x00000000173ad6b0 

Registers:
RAX=0x00000000173ad6b0, RBX=0x0000000000000003, RCX=0x0000000000002000, RDX=0x0000000000000006
RSP=0x00000000173af6b0, RBP=0x0000000000000000, RSI=0x00000000173af6b0, RDI=0x0000000000000003
R8 =0x0000000000000006, R9 =0x0000000016e5a420, R10=0x0000000014acd358, R11=0x00000000172ba148
R12=0x0000000016e5a420, R13=0x0000000016e58000, R14=0x00000000173af778, R15=0x0000000014acd358
RIP=0x00000000517cffb7, EFLAGS=0x0000000000010202

Top of Stack: (sp=0x00000000173af6b0)
0x00000000173af6b0:   0000000016cd05a0 0000000051ea4e7e
0x00000000173af6c0:   0000000016e58000 0000000016e5a420
0x00000000173af6d0:   00000000ffffffff 00000000517d0ee7
0x00000000173af6e0:   00000000173af7e0 0000000014acd358
0x00000000173af6f0:   0000000016e58000 000000005167ea13
0x00000000173af700:   00000000173af740 0000000016e58000
0x00000000173af710:   00000000173af7d0 0000000016e58000
0x00000000173af720:   0000000014acd358 0000000016e58000
0x00000000173af730:   0000000002d810e0 0000000016e58000
0x00000000173af740:   0000000014acd358 0000000016e58000
0x00000000173af750:   0000000014acd358 0000000016e58000
0x00000000173af760:   0000000000000001 0000000014acd358
0x00000000173af770:   0000000016e58000 0000000016ccf0e0
0x00000000173af780:   0000000016e58000 000000005167fefd
0x00000000173af790:   00000000173afa98 00000001000069a0
0x00000000173af7a0:   00000001000069a0 0000000000000000 

Instructions: (pc=0x00000000517cffb7)
0x00000000517cff97:   48 89 6c 24 30 33 ed 66 90 e8 4b 35 08 00 ff c3
0x00000000517cffa7:   48 63 c8 48 8b c6 48 0f af cf 48 ff c7 48 2b c1
0x00000000517cffb7:   89 28 48 63 c3 48 3b 05 4d 66 58 00 7e db 48 8b
0x00000000517cffc7:   6c 24 30 48 8b 5c 24 38 48 8b 74 24 40 48 83 c4 


Register to memory mapping:

RAX=0x00000000173ad6b0 is pointing into the stack for thread: 0x0000000016e58000
RBX=0x0000000000000003 is an unknown value
RCX=0x0000000000002000 is an unknown value
RDX=0x0000000000000006 is an unknown value
RSP=0x00000000173af6b0 is pointing into the stack for thread: 0x0000000016e58000
RBP=0x0000000000000000 is an unknown value
RSI=0x00000000173af6b0 is pointing into the stack for thread: 0x0000000016e58000
RDI=0x0000000000000003 is an unknown value
R8 =0x0000000000000006 is an unknown value
R9 =0x0000000016e5a420 is an unknown value
R10={method} {0x0000000014acd360} 'run' '()V' in 'java/lang/Thread'
R11=0x00000000172ba148 is pointing into the stack for thread: 0x0000000016e58000
R12=0x0000000016e5a420 is an unknown value
R13=0x0000000016e58000 is a thread
R14=0x00000000173af778 is pointing into the stack for thread: 0x0000000016e58000
R15={method} {0x0000000014acd360} 'run' '()V' in 'java/lang/Thread'


Stack: [0x00000000172b0000,0x00000000173b0000],  sp=0x00000000173af6b0,  free space=1021k
Native frames: (J=compiled Java code, j=interpreted, Vv=VM code, C=native code)


---------------  P R O C E S S  ---------------

Java Threads: ( => current thread )
  0x0000000016e5b000 JavaThread "pool-3-thread-1" [_thread_blocked, id=2112, stack(0x00000000173b0000,0x00000000174b0000)]
=>0x0000000016e58000 JavaThread "pool-2-thread-1" [_thread_in_vm, id=7992, stack(0x00000000172b0000,0x00000000173b0000)]
  0x0000000016ccc000 JavaThread "Service Thread" daemon [_thread_blocked, id=6668, stack(0x00000000170b0000,0x00000000171b0000)]
  0x0000000015498800 JavaThread "C1 CompilerThread2" daemon [_thread_blocked, id=4816, stack(0x0000000016bb0000,0x0000000016cb0000)]
  0x0000000015440000 JavaThread "C2 CompilerThread1" daemon [_thread_blocked, id=8712, stack(0x0000000016ab0000,0x0000000016bb0000)]
  0x000000001543c800 JavaThread "C2 CompilerThread0" daemon [_thread_blocked, id=3772, stack(0x00000000169b0000,0x0000000016ab0000)]
  0x000000001543a800 JavaThread "Attach Listener" daemon [_thread_blocked, id=3880, stack(0x00000000168b0000,0x00000000169b0000)]
  0x0000000015439800 JavaThread "Signal Dispatcher" daemon [_thread_blocked, id=4056, stack(0x00000000167b0000,0x00000000168b0000)]
  0x0000000002d60800 JavaThread "Finalizer" daemon [_thread_blocked, id=7336, stack(0x00000000166b0000,0x00000000167b0000)]
  0x0000000002d5d000 JavaThread "Reference Handler" daemon [_thread_blocked, id=8732, stack(0x00000000165b0000,0x00000000166b0000)]
  0x0000000002c71000 JavaThread "main" [_thread_blocked, id=8608, stack(0x0000000002b70000,0x0000000002c70000)]

Other Threads:
  0x0000000015407800 VMThread [stack: 0x00000000164b0000,0x00000000165b0000] [id=2092]
  0x0000000016ccd800 WatcherThread [stack: 0x00000000171b0000,0x00000000172b0000] [id=2104]

VM state:synchronizing (normal execution)

VM Mutex/Monitor currently owned by a thread:  ([mutex/lock_event])
[0x0000000002a7cce0] Threads_lock - owner thread: 0x0000000015407800
[0x0000000002a7ecf0] Compile_lock - owner thread: 0x0000000002c71000

Heap:
 PSYoungGen      total 38400K, used 4039K [0x00000000eab00000, 0x00000000ed580000, 0x0000000100000000)
  eden space 33280K, 12% used [0x00000000eab00000,0x00000000eaef1d58,0x00000000ecb80000)
  from space 5120K, 0% used [0x00000000ed080000,0x00000000ed080000,0x00000000ed580000)
  to   space 5120K, 0% used [0x00000000ecb80000,0x00000000ecb80000,0x00000000ed080000)
 ParOldGen       total 87552K, used 0K [0x00000000c0000000, 0x00000000c5580000, 0x00000000eab00000)
  object space 87552K, 0% used [0x00000000c0000000,0x00000000c0000000,0x00000000c5580000)
 Metaspace       used 3713K, capacity 5008K, committed 5120K, reserved 1056768K
  class space    used 417K, capacity 456K, committed 512K, reserved 1048576K

Card table byte_map: [0x0000000012130000,0x0000000012340000] byte_map_base: 0x0000000011b30000

Marking Bits: (ParMarkBitMap*) 0x0000000051dc4040
 Begin Bits: [0x00000000128a0000, 0x00000000138a0000)
 End Bits:   [0x00000000138a0000, 0x00000000148a0000)

Polling page: 0x00000000029f0000

CodeCache: size=245760Kb used=1354Kb max_used=1355Kb free=244405Kb
 bounds [0x0000000002d70000, 0x0000000002fe0000, 0x0000000011d70000]
 total_blobs=406 nmethods=153 adapters=166
 compilation: enabled

Compilation events (10 events):
Event: 0.426 Thread 0x0000000015498800  148   !   3       com.android.dx.rop.cst.StdConstantPool::getOrNull (13 bytes)
Event: 0.426 Thread 0x0000000015440000  151       4       com.android.dx.util.ByteArray::getUnsignedByte0 (16 bytes)
Event: 0.427 Thread 0x0000000015498800 nmethod 148 0x0000000002ebf490 code [0x0000000002ebf680, 0x0000000002ebff88]
Event: 0.427 Thread 0x0000000015498800  150       3       com.android.dx.util.ByteArray::getUnsignedShort (25 bytes)
Event: 0.427 Thread 0x0000000015440000 nmethod 151 0x0000000002eb75d0 code [0x0000000002eb7700, 0x0000000002eb7798]
Event: 0.427 Thread 0x0000000015498800 nmethod 150 0x0000000002ec2bd0 code [0x0000000002ec2d40, 0x0000000002ec3028]
Event: 0.427 Thread 0x0000000015498800  149       1       com.android.dx.rop.cst.CstString::isCategory2 (2 bytes)
Event: 0.427 Thread 0x0000000015498800 nmethod 149 0x0000000002ec2910 code [0x0000000002ec2a60, 0x0000000002ec2b70]
Event: 0.429 Thread 0x0000000015498800  152       3       sun.net.www.ParseUtil::encodePath (336 bytes)
Event: 0.431 Thread 0x0000000015498800 nmethod 152 0x0000000002ec0f10 code [0x0000000002ec1180, 0x0000000002ec2178]

GC Heap History (0 events):
No events

Deoptimization events (0 events):
No events

Internal exceptions (2 events):
Event: 0.049 Thread 0x0000000002c71000 Exception <a 'java/lang/NoSuchMethodError': Method sun.misc.Unsafe.defineClass(Ljava/lang/String;[BII)Ljava/lang/Class; name or signature does not match> (0x00000000eab0d490) thrown at [C:\re\workspace\8-2-build-windows-amd64-cygwin\jdk8u45\3627\hotspot\sr‡’ø_©?
Event: 0.050 Thread 0x0000000002c71000 Exception <a 'java/lang/NoSuchMethodError': Method sun.misc.Unsafe.prefetchRead(Ljava/lang/Object;J)V name or signature does not match> (0x00000000eab0d720) thrown at [C:\re\workspace\8-2-build-windows-amd64-cygwin\jdk8u45\3627\hotspot\src\share\vm\prims\j

Events (10 events):
Event: 0.429 loading class com/android/dx/cf/code/BytecodeArray
Event: 0.429 loading class com/android/dx/cf/code/BytecodeArray done
Event: 0.430 loading class com/android/dx/cf/code/SimException
Event: 0.430 loading class com/android/dx/cf/code/SimException done
Event: 0.431 loading class com/android/dx/rop/cst/CstKnownNull
Event: 0.431 loading class com/android/dx/rop/cst/CstKnownNull done
Event: 0.439 loading class com/android/dx/cf/code/BytecodeArray$BaseVisitor
Event: 0.439 loading class com/android/dx/cf/code/BytecodeArray$BaseVisitor done
Event: 0.440 loading class com/android/dx/cf/code/ByteCatchList
Event: 0.440 loading class com/android/dx/cf/code/ByteCatchList done


Dynamic libraries:
0x00007ff775360000 - 0x00007ff775397000 	C:\Program Files\Java\jdk1.8.0_45\bin\java.exe
0x00007ff9ebcb0000 - 0x00007ff9ebe5d000 	C:\Windows\SYSTEM32\ntdll.dll
0x00007ff9eac90000 - 0x00007ff9eadce000 	C:\Windows\system32\KERNEL32.DLL
0x00007ff9e9220000 - 0x00007ff9e9335000 	C:\Windows\system32\KERNELBASE.dll
0x00007ff9e79b0000 - 0x00007ff9e7a3e000 	C:\Windows\system32\apphelp.dll
0x00007ff9d7f90000 - 0x00007ff9d7fe3000 	C:\Windows\AppPatch\AppPatch64\AcGenral.DLL
0x00007ff9eb8a0000 - 0x00007ff9eb94a000 	C:\Windows\system32\msvcrt.dll
0x00007ff9e91f0000 - 0x00007ff9e921e000 	C:\Windows\system32\SspiCli.dll
0x00007ff9eab70000 - 0x00007ff9eabc4000 	C:\Windows\system32\SHLWAPI.dll
0x00007ff9eb380000 - 0x00007ff9eb4f7000 	C:\Windows\system32\USER32.dll
0x00007ff9eb620000 - 0x00007ff9eb7b4000 	C:\Windows\system32\ole32.dll
0x00007ff9e9350000 - 0x00007ff9ea879000 	C:\Windows\system32\SHELL32.dll
0x00007ff9e8430000 - 0x00007ff9e8451000 	C:\Windows\SYSTEM32\USERENV.dll
0x00007ff9ebb30000 - 0x00007ff9ebbda000 	C:\Windows\system32\ADVAPI32.dll
0x00007ff9e1120000 - 0x00007ff9e113e000 	C:\Windows\SYSTEM32\MPR.dll
0x00007ff9ea880000 - 0x00007ff9ea9c0000 	C:\Windows\system32\RPCRT4.dll
0x00007ff9ebbf0000 - 0x00007ff9ebc49000 	C:\Windows\SYSTEM32\sechost.dll
0x00007ff9eaf90000 - 0x00007ff9eb1a1000 	C:\Windows\SYSTEM32\combase.dll
0x00007ff9ea9c0000 - 0x00007ff9eab0f000 	C:\Windows\system32\GDI32.dll
0x00007ff9e8de0000 - 0x00007ff9e8df5000 	C:\Windows\SYSTEM32\profapi.dll
0x00007ff9e7040000 - 0x00007ff9e70f2000 	C:\Windows\SYSTEM32\SHCORE.dll
0x00007ff9eb500000 - 0x00007ff9eb536000 	C:\Windows\system32\IMM32.DLL
0x00007ff9eb1b0000 - 0x00007ff9eb302000 	C:\Windows\system32\MSCTF.dll
0x00007ff9e65a0000 - 0x00007ff9e681b000 	C:\Windows\WinSxS\amd64_microsoft.windows.common-controls_6595b64144ccf1df_6.0.9600.18006_none_623f33d3ecbe86e8\COMCTL32.dll
0x0000000051e50000 - 0x0000000051f22000 	C:\Program Files\Java\jdk1.8.0_45\jre\bin\msvcr100.dll
0x00000000515c0000 - 0x0000000051e43000 	C:\Program Files\Java\jdk1.8.0_45\jre\bin\server\jvm.dll
0x00007ff9e1110000 - 0x00007ff9e1119000 	C:\Windows\SYSTEM32\WSOCK32.dll
0x00007ff9e0510000 - 0x00007ff9e0532000 	C:\Windows\SYSTEM32\WINMM.dll
0x00007ff9de9c0000 - 0x00007ff9de9ca000 	C:\Windows\SYSTEM32\VERSION.dll
0x00007ff9e9340000 - 0x00007ff9e9347000 	C:\Windows\system32\PSAPI.DLL
0x00007ff9eab10000 - 0x00007ff9eab6a000 	C:\Windows\system32\WS2_32.dll
0x00007ff9e04e0000 - 0x00007ff9e050a000 	C:\Windows\SYSTEM32\WINMMBASE.dll
0x00007ff9eadd0000 - 0x00007ff9eadd9000 	C:\Windows\system32\NSI.dll
0x00007ff9e8eb0000 - 0x00007ff9e8eff000 	C:\Windows\SYSTEM32\cfgmgr32.dll
0x00007ff9e7ad0000 - 0x00007ff9e7af8000 	C:\Windows\SYSTEM32\DEVOBJ.dll
0x00000000515b0000 - 0x00000000515bf000 	C:\Program Files\Java\jdk1.8.0_45\jre\bin\verify.dll
0x0000000051580000 - 0x00000000515a9000 	C:\Program Files\Java\jdk1.8.0_45\jre\bin\java.dll
0x0000000051560000 - 0x0000000051576000 	C:\Program Files\Java\jdk1.8.0_45\jre\bin\zip.dll

VM Arguments:
jvm_args: -Djava.awt.headless=true -Xmx1024M -Dfile.encoding=windows-1252 -Duser.country=US -Duser.language=en -Duser.variant 
java_command: com.android.dx.command.Main --dex --force-jumbo --num-threads=4 --multi-dex --output D:\android app development\CapstoneHomeSeek\app\build\intermediates\transforms\dex\debug\folders\1000\5\slice_3 D:\android app development\CapstoneHomeSeek\app\build\intermediates\transforms\instantRunSlicer\debug\folders\1\5\slice_3
java_class_path (initial): C:\Users\pluckannfeel\AppData\Local\Android\sdk\build-tools\23.0.3\lib\dx.jar
Launcher Type: SUN_STANDARD

Environment Variables:
JAVA_HOME=C:\Program Files (x86)\Java\jdk1.7.0_71
PATH=C:\ProgramData\Oracle\Java\javapath;C:\Windows\system32;C:\Windows;C:\Windows\System32\Wbem;C:\Windows\System32\WindowsPowerShell\v1.0\;C:\Program Files (x86)\Microsoft SQL Server\100\Tools\Binn\;C:\Program Files\Microsoft SQL Server\100\Tools\Binn\;C:\Program Files\Microsoft SQL Server\100\DTS\Binn\;C:\Program Files (x86)\Microsoft SQL Server\100\Tools\Binn\VSShell\Common7\IDE\;C:\Program Files (x86)\Microsoft SQL Server\100\DTS\Binn\;C:\Program Files (x86)\Microsoft SQL Server\90\Tools\binn\;C:\Program Files\nodejs\;C:\Program Files (x86)\GtkSharp\2.12\bin;C:\Program Files (x86)\Skype\Phone\;C:\Users\pluckannfeel\AppData\Roaming\npm
USERNAME=pluckannfeel
OS=Windows_NT
PROCESSOR_IDENTIFIER=Intel64 Family 6 Model 60 Stepping 3, GenuineIntel



---------------  S Y S T E M  ---------------

OS: Windows 8.1 , 64 bit Build 9600 (6.3.9600.17415)

CPU:total 4 (2 cores per cpu, 2 threads per core) family 6 model 60 stepping 3, cmov, cx8, fxsr, mmx, sse, sse2, sse3, ssse3, sse4.1, sse4.2, popcnt, avx, avx2, aes, clmul, erms, lzcnt, ht, tsc, tscinvbit, bmi1, bmi2

Memory: 4k page, physical 8302956k(604336k free), swap 11448684k(5060k free)

vm_info: Java HotSpot(TM) 64-Bit Server VM (25.45-b02) for windows-amd64 JRE (1.8.0_45-b15), built on Apr 30 2015 12:40:44 by "java_re" with MS VC++ 10.0 (VS2010)

time: Sat Nov 19 12:13:36 2016
elapsed time: 0 seconds (0d 0h 0m 0s)

