#
# There is insufficient memory for the Java Runtime Environment to continue.
# Native memory allocation (malloc) failed to allocate 391632 bytes for Chunk::new
# Possible reasons:
#   The system is out of physical RAM or swap space
#   In 32 bit mode, the process size limit was hit
# Possible solutions:
#   Reduce memory load on the system
#   Increase physical memory or swap space
#   Check if swap backing store is full
#   Use 64 bit Java on a 64 bit OS
#   Decrease Java heap size (-Xmx/-Xms)
#   Decrease number of Java threads
#   Decrease Java thread stack sizes (-Xss)
#   Set larger code cache with -XX:ReservedCodeCacheSize=
# This output file may be truncated or incomplete.
#
#  Out of Memory Error (allocation.cpp:390), pid=7348, tid=3796
#
# JRE version: Java(TM) SE Runtime Environment (8.0_45-b15) (build 1.8.0_45-b15)
# Java VM: Java HotSpot(TM) 64-Bit Server VM (25.45-b02 mixed mode windows-amd64 compressed oops)
# Failed to write core dump. Minidumps are not enabled by default on client versions of Windows
#

---------------  T H R E A D  ---------------

Current thread (0x000000001472c800):  JavaThread "C2 CompilerThread0" daemon [_thread_in_native, id=3796, stack(0x0000000015c90000,0x0000000015d90000)]

Stack: [0x0000000015c90000,0x0000000015d90000]
Native frames: (J=compiled Java code, j=interpreted, Vv=VM code, C=native code)
V  [jvm.dll+0x32b57a]


Current CompileTask:
C2:   4956 1384       4       com.android.dx.ssa.SsaBasicBlock::newFromRop (183 bytes)


---------------  P R O C E S S  ---------------

Java Threads: ( => current thread )
  0x0000000016128800 JavaThread "pool-1-thread-4" [_thread_in_Java, id=4692, stack(0x0000000016990000,0x0000000016a90000)]
  0x00000000160f2000 JavaThread "pool-1-thread-3" [_thread_in_vm, id=2668, stack(0x0000000016890000,0x0000000016990000)]
  0x000000001618a000 JavaThread "pool-1-thread-2" [_thread_blocked, id=7428, stack(0x0000000016790000,0x0000000016890000)]
  0x0000000016115000 JavaThread "pool-2-thread-1" [_thread_blocked, id=6512, stack(0x0000000016690000,0x0000000016790000)]
  0x00000000160d6000 JavaThread "pool-1-thread-1" [_thread_in_vm, id=5548, stack(0x0000000016590000,0x0000000016690000)]
  0x0000000015e9d800 JavaThread "Service Thread" daemon [_thread_blocked, id=8932, stack(0x0000000016390000,0x0000000016490000)]
  0x0000000015e98800 JavaThread "C1 CompilerThread2" daemon [_thread_blocked, id=5512, stack(0x0000000016290000,0x0000000016390000)]
  0x0000000014730000 JavaThread "C2 CompilerThread1" daemon [_thread_in_native, id=7964, stack(0x0000000015d90000,0x0000000015e90000)]
=>0x000000001472c800 JavaThread "C2 CompilerThread0" daemon [_thread_in_native, id=3796, stack(0x0000000015c90000,0x0000000015d90000)]
  0x000000001472a800 JavaThread "Attach Listener" daemon [_thread_blocked, id=7672, stack(0x0000000015b90000,0x0000000015c90000)]
  0x0000000014729800 JavaThread "Signal Dispatcher" daemon [_thread_blocked, id=8856, stack(0x0000000015a90000,0x0000000015b90000)]
  0x0000000002051000 JavaThread "Finalizer" daemon [_thread_blocked, id=4680, stack(0x0000000015990000,0x0000000015a90000)]
  0x000000000204e000 JavaThread "Reference Handler" daemon [_thread_blocked, id=7424, stack(0x0000000015890000,0x0000000015990000)]
  0x0000000001f61000 JavaThread "main" [_thread_blocked, id=7248, stack(0x0000000001e60000,0x0000000001f60000)]

Other Threads:
  0x00000000146f7000 VMThread [stack: 0x0000000015790000,0x0000000015890000] [id=8800]
  0x0000000015e9e800 WatcherThread [stack: 0x0000000016490000,0x0000000016590000] [id=4968]

VM state:not at safepoint (normal execution)

VM Mutex/Monitor currently owned by a thread: None

Heap:
 PSYoungGen      total 38400K, used 19319K [0x00000000eab00000, 0x00000000ed580000, 0x0000000100000000)
  eden space 33280K, 42% used [0x00000000eab00000,0x00000000eb8e0f48,0x00000000ecb80000)
  from space 5120K, 99% used [0x00000000ecb80000,0x00000000ed07ce70,0x00000000ed080000)
  to   space 5120K, 0% used [0x00000000ed080000,0x00000000ed080000,0x00000000ed580000)
 ParOldGen       total 87552K, used 1064K [0x00000000c0000000, 0x00000000c5580000, 0x00000000eab00000)
  object space 87552K, 1% used [0x00000000c0000000,0x00000000c010a048,0x00000000c5580000)
 Metaspace       used 5979K, capacity 6960K, committed 7040K, reserved 1056768K
  class space    used 586K, capacity 616K, committed 640K, reserved 1048576K

Card table byte_map: [0x0000000011420000,0x0000000011630000] byte_map_base: 0x0000000010e20000

Marking Bits: (ParMarkBitMap*) 0x00000000755c4040
 Begin Bits: [0x0000000011b90000, 0x0000000012b90000)
 End Bits:   [0x0000000012b90000, 0x0000000013b90000)

Polling page: 0x00000000004e0000

CodeCache: size=245760Kb used=5368Kb max_used=5381Kb free=240391Kb
 bounds [0x0000000002060000, 0x00000000025b0000, 0x0000000011060000]
 total_blobs=1643 nmethods=1374 adapters=182
 compilation: enabled

Compilation events (10 events):
Event: 4.897 Thread 0x000000001472c800 nmethod 1382 0x0000000002596910 code [0x0000000002596a60, 0x0000000002596b58]
Event: 4.898 Thread 0x0000000015e98800 1383       3       com.android.dx.cf.code.Ropper::getRopMethod (64 bytes)
Event: 4.899 Thread 0x0000000015e98800 nmethod 1383 0x0000000002599750 code [0x00000000025999a0, 0x000000000259a718]
Event: 4.901 Thread 0x000000001472c800 1384       4       com.android.dx.ssa.SsaBasicBlock::newFromRop (183 bytes)
Event: 4.907 Thread 0x0000000014730000 nmethod 1381 0x00000000025a6110 code [0x00000000025a6380, 0x00000000025a7e30]
Event: 4.907 Thread 0x0000000014730000 1385       4       com.android.dx.ssa.SsaMethod::indexListFromLabelList (47 bytes)
Event: 4.917 Thread 0x0000000014730000 nmethod 1385 0x0000000002586650 code [0x00000000025867c0, 0x0000000002586f78]
Event: 4.917 Thread 0x0000000014730000 1386       4       com.android.dx.ssa.SsaBasicBlock::<init> (109 bytes)
Event: 4.925 Thread 0x0000000014730000 nmethod 1386 0x000000000259d0d0 code [0x000000000259d260, 0x000000000259d8f8]
Event: 4.928 Thread 0x0000000014730000 1387       4       com.android.dx.rop.code.RopMethod::labelToPredecessors (54 bytes)

GC Heap History (2 events):
Event: 3.279 GC heap before
{Heap before GC invocations=1 (full 0):
 PSYoungGen      total 38400K, used 33280K [0x00000000eab00000, 0x00000000ed580000, 0x0000000100000000)
  eden space 33280K, 100% used [0x00000000eab00000,0x00000000ecb80000,0x00000000ecb80000)
  from space 5120K, 0% used [0x00000000ed080000,0x00000000ed080000,0x00000000ed580000)
  to   space 5120K, 0% used [0x00000000ecb80000,0x00000000ecb80000,0x00000000ed080000)
 ParOldGen       total 87552K, used 0K [0x00000000c0000000, 0x00000000c5580000, 0x00000000eab00000)
  object space 87552K, 0% used [0x00000000c0000000,0x00000000c0000000,0x00000000c5580000)
 Metaspace       used 5833K, capacity 6832K, committed 7040K, reserved 1056768K
  class space    used 586K, capacity 616K, committed 640K, reserved 1048576K
Event: 3.943 GC heap after
Heap after GC invocations=1 (full 0):
 PSYoungGen      total 38400K, used 5107K [0x00000000eab00000, 0x00000000ed580000, 0x0000000100000000)
  eden space 33280K, 0% used [0x00000000eab00000,0x00000000eab00000,0x00000000ecb80000)
  from space 5120K, 99% used [0x00000000ecb80000,0x00000000ed07ce70,0x00000000ed080000)
  to   space 5120K, 0% used [0x00000000ed080000,0x00000000ed080000,0x00000000ed580000)
 ParOldGen       total 87552K, used 1064K [0x00000000c0000000, 0x00000000c5580000, 0x00000000eab00000)
  object space 87552K, 1% used [0x00000000c0000000,0x00000000c010a048,0x00000000c5580000)
 Metaspace       used 5833K, capacity 6832K, committed 7040K, reserved 1056768K
  class space    used 586K, capacity 616K, committed 640K, reserved 1048576K
}

Deoptimization events (7 events):
Event: 2.137 Thread 0x00000000160f2000 Uncommon trap: reason=unstable_if action=reinterpret pc=0x00000000022aa7f4 method=java.util.HashMap.getNode(ILjava/lang/Object;)Ljava/util/HashMap$Node; @ 129
Event: 2.655 Thread 0x000000001618a000 Uncommon trap: reason=class_check action=maybe_recompile pc=0x00000000023b91a0 method=com.android.dx.ssa.NormalSsaInsn.accept(Lcom/android/dx/ssa/SsaInsn$Visitor;)V @ 9
Event: 2.828 Thread 0x00000000160d6000 Uncommon trap: reason=class_check action=maybe_recompile pc=0x00000000023b91a0 method=com.android.dx.ssa.NormalSsaInsn.accept(Lcom/android/dx/ssa/SsaInsn$Visitor;)V @ 9
Event: 2.828 Thread 0x00000000160d6000 Uncommon trap: reason=class_check action=maybe_recompile pc=0x00000000023ca8a4 method=com.android.dx.ssa.NormalSsaInsn.accept(Lcom/android/dx/ssa/SsaInsn$Visitor;)V @ 9
Event: 2.828 Thread 0x00000000160d6000 Uncommon trap: reason=class_check action=maybe_recompile pc=0x00000000023ca8a4 method=com.android.dx.ssa.NormalSsaInsn.accept(Lcom/android/dx/ssa/SsaInsn$Visitor;)V @ 9
Event: 2.830 Thread 0x00000000160d6000 Uncommon trap: reason=class_check action=maybe_recompile pc=0x00000000023b91a0 method=com.android.dx.ssa.NormalSsaInsn.accept(Lcom/android/dx/ssa/SsaInsn$Visitor;)V @ 9
Event: 4.237 Thread 0x0000000001f61000 Uncommon trap: reason=unstable_if action=reinterpret pc=0x000000000250f9f8 method=com.android.dx.cf.code.Ropper.labelToResultIndex(I)I @ 34

Internal exceptions (2 events):
Event: 0.055 Thread 0x0000000001f61000 Exception <a 'java/lang/NoSuchMethodError': Method sun.misc.Unsafe.defineClass(Ljava/lang/String;[BII)Ljava/lang/Class; name or signature does not match> (0x00000000eab0d4c0) thrown at [C:\re\workspace\8-2-build-windows-amd64-cygwin\jdk8u45\3627\hotspot\sr%¢¦+µZ¬?
Event: 0.055 Thread 0x0000000001f61000 Exception <a 'java/lang/NoSuchMethodError': Method sun.misc.Unsafe.prefetchRead(Ljava/lang/Object;J)V name or signature does not match> (0x00000000eab0d750) thrown at [C:\re\workspace\8-2-build-windows-amd64-cygwin\jdk8u45\3627\hotspot\src\share\vm\prims\j

Events (10 events):
Event: 4.263 Thread 0x00000000160f2000 DEOPT PACKING pc=0x00000000024fbf02 sp=0x000000001698ea00
Event: 4.263 Thread 0x00000000160f2000 DEOPT UNPACKING pc=0x00000000020a787f sp=0x000000001698e768 mode 0
Event: 4.264 Thread 0x00000000160f2000 DEOPT PACKING pc=0x00000000024fbf02 sp=0x000000001698ea00
Event: 4.264 Thread 0x00000000160f2000 DEOPT UNPACKING pc=0x00000000020a787f sp=0x000000001698e768 mode 0
Event: 4.264 Thread 0x00000000160f2000 DEOPT PACKING pc=0x00000000022a7bfa sp=0x000000001698eae0
Event: 4.264 Thread 0x00000000160f2000 DEOPT UNPACKING pc=0x00000000020a787f sp=0x000000001698e848 mode 0
Event: 4.265 Thread 0x00000000160f2000 DEOPT PACKING pc=0x00000000024fbf02 sp=0x000000001698ea00
Event: 4.265 Thread 0x00000000160f2000 DEOPT UNPACKING pc=0x00000000020a787f sp=0x000000001698e768 mode 0
Event: 4.265 Thread 0x00000000160f2000 DEOPT PACKING pc=0x00000000022a7bfa sp=0x000000001698eae0
Event: 4.265 Thread 0x00000000160f2000 DEOPT UNPACKING pc=0x00000000020a787f sp=0x000000001698e848 mode 0


Dynamic libraries:
0x00007ff6cea30000 - 0x00007ff6cea67000 	C:\Program Files\Java\jdk1.8.0_45\bin\java.exe
0x00007ffeeff40000 - 0x00007ffef00ed000 	C:\Windows\SYSTEM32\ntdll.dll
0x00007ffeefd90000 - 0x00007ffeefece000 	C:\Windows\system32\KERNEL32.DLL
0x00007ffeed480000 - 0x00007ffeed595000 	C:\Windows\system32\KERNELBASE.dll
0x00007ffeebc40000 - 0x00007ffeebcce000 	C:\Windows\system32\apphelp.dll
0x00007ffed2f90000 - 0x00007ffed2fe3000 	C:\Windows\AppPatch\AppPatch64\AcGenral.DLL
0x00007ffeef270000 - 0x00007ffeef31a000 	C:\Windows\system32\msvcrt.dll
0x00007ffeed5a0000 - 0x00007ffeed5ce000 	C:\Windows\system32\SspiCli.dll
0x00007ffeef700000 - 0x00007ffeef754000 	C:\Windows\system32\SHLWAPI.dll
0x00007ffeefb90000 - 0x00007ffeefd07000 	C:\Windows\system32\USER32.dll
0x00007ffeed7a0000 - 0x00007ffeed934000 	C:\Windows\system32\ole32.dll
0x00007ffeed940000 - 0x00007ffeeee69000 	C:\Windows\system32\SHELL32.dll
0x00007ffeec6c0000 - 0x00007ffeec6e1000 	C:\Windows\SYSTEM32\USERENV.dll
0x00007ffeef600000 - 0x00007ffeef6aa000 	C:\Windows\system32\ADVAPI32.dll
0x00007ffedcee0000 - 0x00007ffedcefe000 	C:\Windows\SYSTEM32\MPR.dll
0x00007ffeef130000 - 0x00007ffeef270000 	C:\Windows\system32\RPCRT4.dll
0x00007ffeefd20000 - 0x00007ffeefd79000 	C:\Windows\SYSTEM32\sechost.dll
0x00007ffeef3e0000 - 0x00007ffeef5f1000 	C:\Windows\SYSTEM32\combase.dll
0x00007ffeef830000 - 0x00007ffeef97f000 	C:\Windows\system32\GDI32.dll
0x00007ffeed070000 - 0x00007ffeed085000 	C:\Windows\SYSTEM32\profapi.dll
0x00007ffeeb710000 - 0x00007ffeeb7c2000 	C:\Windows\SYSTEM32\SHCORE.dll
0x00007ffeef6c0000 - 0x00007ffeef6f6000 	C:\Windows\system32\IMM32.DLL
0x00007ffeed640000 - 0x00007ffeed792000 	C:\Windows\system32\MSCTF.dll
0x00007ffee8b90000 - 0x00007ffee8e0b000 	C:\Windows\WinSxS\amd64_microsoft.windows.common-controls_6595b64144ccf1df_6.0.9600.18006_none_623f33d3ecbe86e8\COMCTL32.dll
0x0000000075650000 - 0x0000000075722000 	C:\Program Files\Java\jdk1.8.0_45\jre\bin\msvcr100.dll
0x0000000074dc0000 - 0x0000000075643000 	C:\Program Files\Java\jdk1.8.0_45\jre\bin\server\jvm.dll
0x00007ffed00d0000 - 0x00007ffed00d9000 	C:\Windows\SYSTEM32\WSOCK32.dll
0x00007ffee53c0000 - 0x00007ffee53e2000 	C:\Windows\SYSTEM32\WINMM.dll
0x00007ffee5250000 - 0x00007ffee525a000 	C:\Windows\SYSTEM32\VERSION.dll
0x00007ffeef6b0000 - 0x00007ffeef6b7000 	C:\Windows\system32\PSAPI.DLL
0x00007ffeed5d0000 - 0x00007ffeed62a000 	C:\Windows\system32\WS2_32.dll
0x00007ffee5390000 - 0x00007ffee53ba000 	C:\Windows\SYSTEM32\WINMMBASE.dll
0x00007ffeefd10000 - 0x00007ffeefd19000 	C:\Windows\system32\NSI.dll
0x00007ffeed140000 - 0x00007ffeed18f000 	C:\Windows\SYSTEM32\cfgmgr32.dll
0x00007ffeebe90000 - 0x00007ffeebeb8000 	C:\Windows\SYSTEM32\DEVOBJ.dll
0x0000000074db0000 - 0x0000000074dbf000 	C:\Program Files\Java\jdk1.8.0_45\jre\bin\verify.dll
0x0000000074d80000 - 0x0000000074da9000 	C:\Program Files\Java\jdk1.8.0_45\jre\bin\java.dll
0x0000000074d60000 - 0x0000000074d76000 	C:\Program Files\Java\jdk1.8.0_45\jre\bin\zip.dll

VM Arguments:
jvm_args: -Djava.awt.headless=true -Xmx1024M -Dfile.encoding=windows-1252 -Duser.country=US -Duser.language=en -Duser.variant 
java_command: com.android.dx.command.Main --dex --num-threads=4 --output D:\capstone\CapstoneHomeSeek\app\build\intermediates\pre-dexed\debug\com.google.android.gms-play-services-fitness-8.4.0_3119828ee5d3c1f888663deef70601161842a816.jar D:\capstone\CapstoneHomeSeek\app\build\intermediates\exploded-aar\com.google.android.gms\play-services-fitness\8.4.0\jars\classes.jar
java_class_path (initial): C:\Users\pluckannfeel\AppData\Local\Android\sdk\build-tools\23.0.3\lib\dx.jar
Launcher Type: SUN_STANDARD

Environment Variables:
JAVA_HOME=C:\Program Files (x86)\Java\jdk1.7.0_71
PATH=C:\ProgramData\Oracle\Java\javapath;C:\Windows\system32;C:\Windows;C:\Windows\System32\Wbem;C:\Windows\System32\WindowsPowerShell\v1.0\;C:\Program Files (x86)\Microsoft SQL Server\100\Tools\Binn\;C:\Program Files\Microsoft SQL Server\100\Tools\Binn\;C:\Program Files\Microsoft SQL Server\100\DTS\Binn\;C:\Program Files (x86)\Microsoft SQL Server\100\Tools\Binn\VSShell\Common7\IDE\;C:\Program Files (x86)\Microsoft SQL Server\100\DTS\Binn\;C:\Program Files (x86)\Microsoft SQL Server\90\Tools\binn\;C:\Program Files\nodejs\;C:\Program Files (x86)\GtkSharp\2.12\bin;C:\Program Files (x86)\Skype\Phone\;C:\Users\pluckannfeel\AppData\Roaming\npm
USERNAME=pluckannfeel
OS=Windows_NT
PROCESSOR_IDENTIFIER=Intel64 Family 6 Model 60 Stepping 3, GenuineIntel



---------------  S Y S T E M  ---------------

OS: Windows 8.1 , 64 bit Build 9600 (6.3.9600.17415)

CPU:total 4 (2 cores per cpu, 2 threads per core) family 6 model 60 stepping 3, cmov, cx8, fxsr, mmx, sse, sse2, sse3, ssse3, sse4.1, sse4.2, popcnt, avx, avx2, aes, clmul, erms, lzcnt, ht, tsc, tscinvbit, bmi1, bmi2

Memory: 4k page, physical 8302956k(1124256k free), swap 11448684k(5204k free)

vm_info: Java HotSpot(TM) 64-Bit Server VM (25.45-b02) for windows-amd64 JRE (1.8.0_45-b15), built on Apr 30 2015 12:40:44 by "java_re" with MS VC++ 10.0 (VS2010)

time: Tue Nov 29 13:24:25 2016
elapsed time: 4 seconds (0d 0h 0m 4s)

