#
# There is insufficient memory for the Java Runtime Environment to continue.
# Native memory allocation (malloc) failed to allocate 936576 bytes for Chunk::new
# Possible reasons:
#   The system is out of physical RAM or swap space
#   In 32 bit mode, the process size limit was hit
# Possible solutions:
#   Reduce memory load on the system
#   Increase physical memory or swap space
#   Check if swap backing store is full
#   Use 64 bit Java on a 64 bit OS
#   Decrease Java heap size (-Xmx/-Xms)
#   Decrease number of Java threads
#   Decrease Java thread stack sizes (-Xss)
#   Set larger code cache with -XX:ReservedCodeCacheSize=
# This output file may be truncated or incomplete.
#
#  Out of Memory Error (allocation.cpp:390), pid=6608, tid=7192
#
# JRE version: Java(TM) SE Runtime Environment (8.0_45-b15) (build 1.8.0_45-b15)
# Java VM: Java HotSpot(TM) 64-Bit Server VM (25.45-b02 mixed mode windows-amd64 compressed oops)
# Failed to write core dump. Minidumps are not enabled by default on client versions of Windows
#

---------------  T H R E A D  ---------------

Current thread (0x0000000015284000):  JavaThread "C2 CompilerThread1" daemon [_thread_in_native, id=7192, stack(0x00000000168d0000,0x00000000169d0000)]

Stack: [0x00000000168d0000,0x00000000169d0000]
Native frames: (J=compiled Java code, j=interpreted, Vv=VM code, C=native code)
V  [jvm.dll+0x32b57a]


Current CompileTask:
C2:   4934 1234       4       com.android.dx.ssa.SCCP::simulateBranch (666 bytes)


---------------  P R O C E S S  ---------------

Java Threads: ( => current thread )
  0x0000000016d50800 JavaThread "pool-1-thread-4" [_thread_blocked, id=3872, stack(0x00000000174d0000,0x00000000175d0000)]
  0x0000000016d44800 JavaThread "pool-1-thread-3" [_thread_blocked, id=5968, stack(0x00000000173d0000,0x00000000174d0000)]
  0x0000000016c3f800 JavaThread "pool-1-thread-2" [_thread_in_Java, id=3996, stack(0x00000000172d0000,0x00000000173d0000)]
  0x0000000016c3c800 JavaThread "pool-2-thread-1" [_thread_blocked, id=7180, stack(0x00000000171d0000,0x00000000172d0000)]
  0x0000000016c21000 JavaThread "pool-1-thread-1" [_thread_in_Java, id=7628, stack(0x00000000170d0000,0x00000000171d0000)]
  0x0000000016ade000 JavaThread "Service Thread" daemon [_thread_blocked, id=1080, stack(0x0000000016ed0000,0x0000000016fd0000)]
  0x0000000015285800 JavaThread "C1 CompilerThread2" daemon [_thread_blocked, id=8316, stack(0x00000000169d0000,0x0000000016ad0000)]
=>0x0000000015284000 JavaThread "C2 CompilerThread1" daemon [_thread_in_native, id=7192, stack(0x00000000168d0000,0x00000000169d0000)]
  0x0000000015289800 JavaThread "C2 CompilerThread0" daemon [_thread_blocked, id=6684, stack(0x00000000167d0000,0x00000000168d0000)]
  0x0000000015287800 JavaThread "Attach Listener" daemon [_thread_blocked, id=7076, stack(0x00000000166d0000,0x00000000167d0000)]
  0x0000000015286000 JavaThread "Signal Dispatcher" daemon [_thread_blocked, id=756, stack(0x00000000165d0000,0x00000000166d0000)]
  0x0000000002ba1000 JavaThread "Finalizer" daemon [_thread_blocked, id=7064, stack(0x00000000164d0000,0x00000000165d0000)]
  0x0000000002b9e000 JavaThread "Reference Handler" daemon [_thread_blocked, id=8712, stack(0x00000000163d0000,0x00000000164d0000)]
  0x0000000002ab1000 JavaThread "main" [_thread_blocked, id=2740, stack(0x00000000029b0000,0x0000000002ab0000)]

Other Threads:
  0x0000000015247000 VMThread [stack: 0x00000000162d0000,0x00000000163d0000] [id=1528]
  0x0000000016adf000 WatcherThread [stack: 0x0000000016fd0000,0x00000000170d0000] [id=4444]

VM state:not at safepoint (normal execution)

VM Mutex/Monitor currently owned by a thread: None

Heap:
 PSYoungGen      total 38400K, used 32323K [0x00000000eab00000, 0x00000000ed580000, 0x0000000100000000)
  eden space 33280K, 97% used [0x00000000eab00000,0x00000000eca90fe8,0x00000000ecb80000)
  from space 5120K, 0% used [0x00000000ed080000,0x00000000ed080000,0x00000000ed580000)
  to   space 5120K, 0% used [0x00000000ecb80000,0x00000000ecb80000,0x00000000ed080000)
 ParOldGen       total 87552K, used 0K [0x00000000c0000000, 0x00000000c5580000, 0x00000000eab00000)
  object space 87552K, 0% used [0x00000000c0000000,0x00000000c0000000,0x00000000c5580000)
 Metaspace       used 5947K, capacity 6960K, committed 7040K, reserved 1056768K
  class space    used 594K, capacity 616K, committed 640K, reserved 1048576K

Card table byte_map: [0x0000000011f70000,0x0000000012180000] byte_map_base: 0x0000000011970000

Marking Bits: (ParMarkBitMap*) 0x00000000755c4040
 Begin Bits: [0x00000000126e0000, 0x00000000136e0000)
 End Bits:   [0x00000000136e0000, 0x00000000146e0000)

Polling page: 0x00000000028b0000

CodeCache: size=245760Kb used=5266Kb max_used=5278Kb free=240493Kb
 bounds [0x0000000002bb0000, 0x00000000030e0000, 0x0000000011bb0000]
 total_blobs=1541 nmethods=1272 adapters=182
 compilation: enabled

Compilation events (10 events):
Event: 4.685 Thread 0x0000000015285800 1269       3       java.util.Vector::<init> (49 bytes)
Event: 4.686 Thread 0x0000000015285800 nmethod 1269 0x00000000030d7b10 code [0x00000000030d7d00, 0x00000000030d86f8]
Event: 4.686 Thread 0x0000000015285800 1270       3       com.android.dx.rop.cst.CstBaseMethodRef::isClassInit (8 bytes)
Event: 4.686 Thread 0x0000000015285800 nmethod 1270 0x00000000030d7410 code [0x00000000030d7580, 0x00000000030d79a8]
Event: 4.686 Thread 0x0000000015285800 1271       3       com.android.dx.rop.cst.CstNat::isClassInit (13 bytes)
Event: 4.686 Thread 0x0000000015285800 nmethod 1271 0x00000000030d6f10 code [0x00000000030d7080, 0x00000000030d7348]
Event: 4.782 Thread 0x0000000015289800 1272       4       com.android.dx.rop.code.Insn::hashCode (5 bytes)
Event: 4.783 Thread 0x0000000015289800 nmethod 1272 0x00000000030a1bd0 code [0x00000000030a1d20, 0x00000000030a1dc8]
Event: 4.792 Thread 0x0000000015289800 1273   !   4       java.util.BitSet::clone (49 bytes)
Event: 4.795 Thread 0x0000000015289800 nmethod 1273 0x00000000030d6950 code [0x00000000030d6ac0, 0x00000000030d6ce8]

GC Heap History (0 events):
No events

Deoptimization events (7 events):
Event: 1.209 Thread 0x0000000002ab1000 Uncommon trap: reason=unstable_if action=reinterpret pc=0x0000000002dddb60 method=java.util.HashMap.getNode(ILjava/lang/Object;)Ljava/util/HashMap$Node; @ 129
Event: 2.990 Thread 0x0000000016c21000 Uncommon trap: reason=unstable_if action=reinterpret pc=0x0000000002fb297c method=com.android.dx.util.IntList.binarysearch(I)I @ 105
Event: 3.090 Thread 0x0000000016c3f800 Uncommon trap: reason=unstable_if action=reinterpret pc=0x0000000002f506ec method=com.android.dx.rop.code.RegisterSpecSet.put(Lcom/android/dx/rop/code/RegisterSpec;)V @ 77
Event: 3.091 Thread 0x0000000016c3f800 Uncommon trap: reason=unstable_if action=reinterpret pc=0x0000000002fa62ec method=com.android.dx.rop.code.RegisterSpecSet.put(Lcom/android/dx/rop/code/RegisterSpec;)V @ 77
Event: 3.093 Thread 0x0000000016c3f800 Uncommon trap: reason=bimorphic action=maybe_recompile pc=0x0000000002e21668 method=java.util.HashMap.getNode(ILjava/lang/Object;)Ljava/util/HashMap$Node; @ 126
Event: 3.093 Thread 0x0000000016c3f800 Uncommon trap: reason=class_check action=maybe_recompile pc=0x0000000002fdbe4c method=java.util.HashMap.putVal(ILjava/lang/Object;Ljava/lang/Object;ZZ)Ljava/lang/Object; @ 203
Event: 3.738 Thread 0x0000000016d44800 Uncommon trap: reason=null_check action=make_not_entrant pc=0x0000000002f03064 method=com.android.dx.rop.type.Type.equals(Ljava/lang/Object;)Z @ 8

Internal exceptions (3 events):
Event: 0.051 Thread 0x0000000002ab1000 Exception <a 'java/lang/NoSuchMethodError': Method sun.misc.Unsafe.defineClass(Ljava/lang/String;[BII)Ljava/lang/Class; name or signature does not match> (0x00000000eab0d4c0) thrown at [C:\re\workspace\8-2-build-windows-amd64-cygwin\jdk8u45\3627\hotspot\sr\dí¡È"ª?
Event: 0.051 Thread 0x0000000002ab1000 Exception <a 'java/lang/NoSuchMethodError': Method sun.misc.Unsafe.prefetchRead(Ljava/lang/Object;J)V name or signature does not match> (0x00000000eab0d750) thrown at [C:\re\workspace\8-2-build-windows-amd64-cygwin\jdk8u45\3627\hotspot\src\share\vm\prims\jµ2y04è@
Event: 3.738 Thread 0x0000000016d44800 Implicit null exception at 0x0000000002f02f62 to 0x0000000002f03055

Events (10 events):
Event: 3.093 Thread 0x0000000016c3f800 Uncommon trap: trap_request=0xffffffde fr.pc=0x0000000002fdbe4c
Event: 3.093 Thread 0x0000000016c3f800 DEOPT PACKING pc=0x0000000002fdbe4c sp=0x00000000173cead0
Event: 3.093 Thread 0x0000000016c3f800 DEOPT UNPACKING pc=0x0000000002bf582a sp=0x00000000173cea58 mode 2
Event: 3.738 Thread 0x0000000016d44800 Uncommon trap: trap_request=0xfffffff4 fr.pc=0x0000000002f03064
Event: 3.738 Thread 0x0000000016d44800 DEOPT PACKING pc=0x0000000002f03064 sp=0x00000000174ceb90
Event: 3.738 Thread 0x0000000016d44800 DEOPT UNPACKING pc=0x0000000002bf582a sp=0x00000000174ceb18 mode 2
Event: 4.425 Executing VM operation: EnableBiasedLocking
Event: 4.425 Executing VM operation: EnableBiasedLocking done
Event: 4.683 Thread 0x0000000016c3f800 DEOPT PACKING pc=0x0000000002ebb3a5 sp=0x00000000173ceb20
Event: 4.683 Thread 0x0000000016c3f800 DEOPT UNPACKING pc=0x0000000002bf787f sp=0x00000000173ce900 mode 0


Dynamic libraries:
0x00007ff6cea30000 - 0x00007ff6cea67000 	C:\Program Files\Java\jdk1.8.0_45\bin\java.exe
0x00007ffeeff40000 - 0x00007ffef00ed000 	C:\Windows\SYSTEM32\ntdll.dll
0x00007ffeefd90000 - 0x00007ffeefece000 	C:\Windows\system32\KERNEL32.DLL
0x00007ffeed480000 - 0x00007ffeed595000 	C:\Windows\system32\KERNELBASE.dll
0x00007ffeebc40000 - 0x00007ffeebcce000 	C:\Windows\system32\apphelp.dll
0x00007ffed2f90000 - 0x00007ffed2fe3000 	C:\Windows\AppPatch\AppPatch64\AcGenral.DLL
0x00007ffeef270000 - 0x00007ffeef31a000 	C:\Windows\system32\msvcrt.dll
0x00007ffeed5a0000 - 0x00007ffeed5ce000 	C:\Windows\system32\SspiCli.dll
0x00007ffeef700000 - 0x00007ffeef754000 	C:\Windows\system32\SHLWAPI.dll
0x00007ffeefb90000 - 0x00007ffeefd07000 	C:\Windows\system32\USER32.dll
0x00007ffeed7a0000 - 0x00007ffeed934000 	C:\Windows\system32\ole32.dll
0x00007ffeed940000 - 0x00007ffeeee69000 	C:\Windows\system32\SHELL32.dll
0x00007ffeec6c0000 - 0x00007ffeec6e1000 	C:\Windows\SYSTEM32\USERENV.dll
0x00007ffeef600000 - 0x00007ffeef6aa000 	C:\Windows\system32\ADVAPI32.dll
0x00007ffedcee0000 - 0x00007ffedcefe000 	C:\Windows\SYSTEM32\MPR.dll
0x00007ffeef130000 - 0x00007ffeef270000 	C:\Windows\system32\RPCRT4.dll
0x00007ffeefd20000 - 0x00007ffeefd79000 	C:\Windows\SYSTEM32\sechost.dll
0x00007ffeef3e0000 - 0x00007ffeef5f1000 	C:\Windows\SYSTEM32\combase.dll
0x00007ffeef830000 - 0x00007ffeef97f000 	C:\Windows\system32\GDI32.dll
0x00007ffeed070000 - 0x00007ffeed085000 	C:\Windows\SYSTEM32\profapi.dll
0x00007ffeeb710000 - 0x00007ffeeb7c2000 	C:\Windows\SYSTEM32\SHCORE.dll
0x00007ffeef6c0000 - 0x00007ffeef6f6000 	C:\Windows\system32\IMM32.DLL
0x00007ffeed640000 - 0x00007ffeed792000 	C:\Windows\system32\MSCTF.dll
0x00007ffee8b90000 - 0x00007ffee8e0b000 	C:\Windows\WinSxS\amd64_microsoft.windows.common-controls_6595b64144ccf1df_6.0.9600.18006_none_623f33d3ecbe86e8\COMCTL32.dll
0x0000000075650000 - 0x0000000075722000 	C:\Program Files\Java\jdk1.8.0_45\jre\bin\msvcr100.dll
0x0000000074dc0000 - 0x0000000075643000 	C:\Program Files\Java\jdk1.8.0_45\jre\bin\server\jvm.dll
0x00007ffed00d0000 - 0x00007ffed00d9000 	C:\Windows\SYSTEM32\WSOCK32.dll
0x00007ffee53c0000 - 0x00007ffee53e2000 	C:\Windows\SYSTEM32\WINMM.dll
0x00007ffee5250000 - 0x00007ffee525a000 	C:\Windows\SYSTEM32\VERSION.dll
0x00007ffeef6b0000 - 0x00007ffeef6b7000 	C:\Windows\system32\PSAPI.DLL
0x00007ffeed5d0000 - 0x00007ffeed62a000 	C:\Windows\system32\WS2_32.dll
0x00007ffee5390000 - 0x00007ffee53ba000 	C:\Windows\SYSTEM32\WINMMBASE.dll
0x00007ffeefd10000 - 0x00007ffeefd19000 	C:\Windows\system32\NSI.dll
0x00007ffeed140000 - 0x00007ffeed18f000 	C:\Windows\SYSTEM32\cfgmgr32.dll
0x00007ffeebe90000 - 0x00007ffeebeb8000 	C:\Windows\SYSTEM32\DEVOBJ.dll
0x0000000074db0000 - 0x0000000074dbf000 	C:\Program Files\Java\jdk1.8.0_45\jre\bin\verify.dll
0x0000000074d80000 - 0x0000000074da9000 	C:\Program Files\Java\jdk1.8.0_45\jre\bin\java.dll
0x0000000074d60000 - 0x0000000074d76000 	C:\Program Files\Java\jdk1.8.0_45\jre\bin\zip.dll
0x00007ffec8a50000 - 0x00007ffec8bd9000 	C:\Windows\SYSTEM32\dbghelp.dll

VM Arguments:
jvm_args: -Djava.awt.headless=true -Xmx1024M -Dfile.encoding=windows-1252 -Duser.country=US -Duser.language=en -Duser.variant 
java_command: com.android.dx.command.Main --dex --num-threads=4 --output D:\capstone\CapstoneHomeSeek\app\build\intermediates\pre-dexed\debug\com.android.support-support-vector-drawable-23.4.0_21396a14e6350c16b588bfc86d700671c5ff06f7.jar D:\capstone\CapstoneHomeSeek\app\build\intermediates\exploded-aar\com.android.support\support-vector-drawable\23.4.0\jars\classes.jar
java_class_path (initial): C:\Users\pluckannfeel\AppData\Local\Android\sdk\build-tools\23.0.3\lib\dx.jar
Launcher Type: SUN_STANDARD

Environment Variables:
JAVA_HOME=C:\Program Files (x86)\Java\jdk1.7.0_71
PATH=C:\ProgramData\Oracle\Java\javapath;C:\Windows\system32;C:\Windows;C:\Windows\System32\Wbem;C:\Windows\System32\WindowsPowerShell\v1.0\;C:\Program Files (x86)\Microsoft SQL Server\100\Tools\Binn\;C:\Program Files\Microsoft SQL Server\100\Tools\Binn\;C:\Program Files\Microsoft SQL Server\100\DTS\Binn\;C:\Program Files (x86)\Microsoft SQL Server\100\Tools\Binn\VSShell\Common7\IDE\;C:\Program Files (x86)\Microsoft SQL Server\100\DTS\Binn\;C:\Program Files (x86)\Microsoft SQL Server\90\Tools\binn\;C:\Program Files\nodejs\;C:\Program Files (x86)\GtkSharp\2.12\bin;C:\Program Files (x86)\Skype\Phone\;C:\Users\pluckannfeel\AppData\Roaming\npm
USERNAME=pluckannfeel
OS=Windows_NT
PROCESSOR_IDENTIFIER=Intel64 Family 6 Model 60 Stepping 3, GenuineIntel



---------------  S Y S T E M  ---------------

OS: Windows 8.1 , 64 bit Build 9600 (6.3.9600.17415)

CPU:total 4 (2 cores per cpu, 2 threads per core) family 6 model 60 stepping 3, cmov, cx8, fxsr, mmx, sse, sse2, sse3, ssse3, sse4.1, sse4.2, popcnt, avx, avx2, aes, clmul, erms, lzcnt, ht, tsc, tscinvbit, bmi1, bmi2

Memory: 4k page, physical 8302956k(1123344k free), swap 11448684k(6208k free)

vm_info: Java HotSpot(TM) 64-Bit Server VM (25.45-b02) for windows-amd64 JRE (1.8.0_45-b15), built on Apr 30 2015 12:40:44 by "java_re" with MS VC++ 10.0 (VS2010)

time: Tue Nov 29 13:24:25 2016
elapsed time: 4 seconds (0d 0h 0m 4s)

