#
# There is insufficient memory for the Java Runtime Environment to continue.
# Native memory allocation (malloc) failed to allocate 657136 bytes for Chunk::new
# Possible reasons:
#   The system is out of physical RAM or swap space
#   In 32 bit mode, the process size limit was hit
# Possible solutions:
#   Reduce memory load on the system
#   Increase physical memory or swap space
#   Check if swap backing store is full
#   Use 64 bit Java on a 64 bit OS
#   Decrease Java heap size (-Xmx/-Xms)
#   Decrease number of Java threads
#   Decrease Java thread stack sizes (-Xss)
#   Set larger code cache with -XX:ReservedCodeCacheSize=
# This output file may be truncated or incomplete.
#
#  Out of Memory Error (allocation.cpp:390), pid=9044, tid=1732
#
# JRE version: Java(TM) SE Runtime Environment (8.0_45-b15) (build 1.8.0_45-b15)
# Java VM: Java HotSpot(TM) 64-Bit Server VM (25.45-b02 mixed mode windows-amd64 compressed oops)
# Failed to write core dump. Minidumps are not enabled by default on client versions of Windows
#

---------------  T H R E A D  ---------------

Current thread (0x0000000014d50800):  JavaThread "C2 CompilerThread0" daemon [_thread_in_native, id=1732, stack(0x00000000162a0000,0x00000000163a0000)]

Stack: [0x00000000162a0000,0x00000000163a0000]
Native frames: (J=compiled Java code, j=interpreted, Vv=VM code, C=native code)
V  [jvm.dll+0x32b57a]


Current CompileTask:
C2:   4108 1326       4       com.android.dx.ssa.SCCP::simulateStmt (481 bytes)


---------------  P R O C E S S  ---------------

Java Threads: ( => current thread )
  0x000000001681b000 JavaThread "pool-1-thread-4" [_thread_blocked, id=2740, stack(0x0000000016fa0000,0x00000000170a0000)]
  0x0000000016818800 JavaThread "pool-1-thread-3" [_thread_blocked, id=6600, stack(0x0000000016ea0000,0x0000000016fa0000)]
  0x0000000016838000 JavaThread "pool-1-thread-2" [_thread_blocked, id=7716, stack(0x0000000016da0000,0x0000000016ea0000)]
  0x0000000016834800 JavaThread "pool-2-thread-1" [_thread_blocked, id=8624, stack(0x0000000016ca0000,0x0000000016da0000)]
  0x00000000167ea800 JavaThread "pool-1-thread-1" [_thread_in_vm, id=8724, stack(0x0000000016ba0000,0x0000000016ca0000)]
  0x00000000165be000 JavaThread "Service Thread" daemon [_thread_blocked, id=6328, stack(0x00000000169a0000,0x0000000016aa0000)]
  0x0000000014d57000 JavaThread "C1 CompilerThread2" daemon [_thread_blocked, id=8836, stack(0x00000000164a0000,0x00000000165a0000)]
  0x0000000014d53800 JavaThread "C2 CompilerThread1" daemon [_thread_in_native, id=6160, stack(0x00000000163a0000,0x00000000164a0000)]
=>0x0000000014d50800 JavaThread "C2 CompilerThread0" daemon [_thread_in_native, id=1732, stack(0x00000000162a0000,0x00000000163a0000)]
  0x0000000014d4a000 JavaThread "Attach Listener" daemon [_thread_blocked, id=6760, stack(0x00000000161a0000,0x00000000162a0000)]
  0x0000000014d49000 JavaThread "Signal Dispatcher" daemon [_thread_blocked, id=4916, stack(0x00000000160a0000,0x00000000161a0000)]
  0x0000000002676800 JavaThread "Finalizer" daemon [_thread_blocked, id=7708, stack(0x0000000015fa0000,0x00000000160a0000)]
  0x000000000266e000 JavaThread "Reference Handler" daemon [_thread_blocked, id=8936, stack(0x0000000015ea0000,0x0000000015fa0000)]
  0x0000000002581000 JavaThread "main" [_thread_blocked, id=7508, stack(0x0000000002480000,0x0000000002580000)]

Other Threads:
  0x0000000014d17000 VMThread [stack: 0x0000000015da0000,0x0000000015ea0000] [id=8972]
  0x00000000165c8800 WatcherThread [stack: 0x0000000016aa0000,0x0000000016ba0000] [id=3752]

VM state:not at safepoint (normal execution)

VM Mutex/Monitor currently owned by a thread: None

Heap:
 PSYoungGen      total 38400K, used 8786K [0x00000000eab00000, 0x00000000ed580000, 0x0000000100000000)
  eden space 33280K, 11% used [0x00000000eab00000,0x00000000eae986b8,0x00000000ecb80000)
  from space 5120K, 99% used [0x00000000ecb80000,0x00000000ed07c368,0x00000000ed080000)
  to   space 5120K, 0% used [0x00000000ed080000,0x00000000ed080000,0x00000000ed580000)
 ParOldGen       total 87552K, used 1151K [0x00000000c0000000, 0x00000000c5580000, 0x00000000eab00000)
  object space 87552K, 1% used [0x00000000c0000000,0x00000000c011ff48,0x00000000c5580000)
 Metaspace       used 6067K, capacity 7024K, committed 7296K, reserved 1056768K
  class space    used 592K, capacity 616K, committed 640K, reserved 1048576K

Card table byte_map: [0x0000000011a40000,0x0000000011c50000] byte_map_base: 0x0000000011440000

Marking Bits: (ParMarkBitMap*) 0x00000000755c4040
 Begin Bits: [0x00000000121b0000, 0x00000000131b0000)
 End Bits:   [0x00000000131b0000, 0x00000000141b0000)

Polling page: 0x0000000002390000

CodeCache: size=245760Kb used=5575Kb max_used=5575Kb free=240184Kb
 bounds [0x0000000002680000, 0x0000000002c00000, 0x0000000011680000]
 total_blobs=1651 nmethods=1382 adapters=182
 compilation: enabled

Compilation events (10 events):
Event: 4.093 Thread 0x0000000014d57000 1383       3       java.util.Arrays::rangeCheck (74 bytes)
Event: 4.094 Thread 0x0000000014d57000 nmethod 1383 0x0000000002bf3250 code [0x0000000002bf34a0, 0x0000000002bf4208]
Event: 4.097 Thread 0x0000000014d57000 1384       3       java.util.concurrent.locks.AbstractOwnableSynchronizer::setExclusiveOwnerThread (6 bytes)
Event: 4.097 Thread 0x0000000014d57000 nmethod 1384 0x0000000002bf4850 code [0x0000000002bf49a0, 0x0000000002bf4b10]
Event: 4.101 Thread 0x0000000014d57000 1385       3       com.android.dx.cf.code.Simulator$SimVisitor::checkReturnType (64 bytes)
Event: 4.102 Thread 0x0000000014d57000 nmethod 1385 0x0000000002bf4b90 code [0x0000000002bf4de0, 0x0000000002bf5b68]
Event: 4.103 Thread 0x0000000014d57000 1386       1       com.android.dx.rop.code.Insn$BaseVisitor::visitThrowingCstInsn (1 bytes)
Event: 4.103 Thread 0x0000000014d57000 nmethod 1386 0x0000000002bf6190 code [0x0000000002bf62e0, 0x0000000002bf63f0]
Event: 4.104 Thread 0x0000000014d57000 1387       3       com.android.dx.ssa.SsaInsn::getLocalAssignment (24 bytes)
Event: 4.105 Thread 0x0000000014d57000 nmethod 1387 0x0000000002bf6450 code [0x0000000002bf65c0, 0x0000000002bf6850]

GC Heap History (2 events):
Event: 3.998 GC heap before
{Heap before GC invocations=1 (full 0):
 PSYoungGen      total 38400K, used 33280K [0x00000000eab00000, 0x00000000ed580000, 0x0000000100000000)
  eden space 33280K, 100% used [0x00000000eab00000,0x00000000ecb80000,0x00000000ecb80000)
  from space 5120K, 0% used [0x00000000ed080000,0x00000000ed080000,0x00000000ed580000)
  to   space 5120K, 0% used [0x00000000ecb80000,0x00000000ecb80000,0x00000000ed080000)
 ParOldGen       total 87552K, used 0K [0x00000000c0000000, 0x00000000c5580000, 0x00000000eab00000)
  object space 87552K, 0% used [0x00000000c0000000,0x00000000c0000000,0x00000000c5580000)
 Metaspace       used 6010K, capacity 6960K, committed 7040K, reserved 1056768K
  class space    used 592K, capacity 616K, committed 640K, reserved 1048576K
Event: 4.014 GC heap after
Heap after GC invocations=1 (full 0):
 PSYoungGen      total 38400K, used 5104K [0x00000000eab00000, 0x00000000ed580000, 0x0000000100000000)
  eden space 33280K, 0% used [0x00000000eab00000,0x00000000eab00000,0x00000000ecb80000)
  from space 5120K, 99% used [0x00000000ecb80000,0x00000000ed07c368,0x00000000ed080000)
  to   space 5120K, 0% used [0x00000000ed080000,0x00000000ed080000,0x00000000ed580000)
 ParOldGen       total 87552K, used 1151K [0x00000000c0000000, 0x00000000c5580000, 0x00000000eab00000)
  object space 87552K, 1% used [0x00000000c0000000,0x00000000c011ff48,0x00000000c5580000)
 Metaspace       used 6010K, capacity 6960K, committed 7040K, reserved 1056768K
  class space    used 592K, capacity 616K, committed 640K, reserved 1048576K
}

Deoptimization events (10 events):
Event: 3.031 Thread 0x0000000002581000 Uncommon trap: reason=unstable_if action=reinterpret pc=0x00000000028d8130 method=java.util.BitSet.nextSetBit(I)I @ 87
Event: 3.098 Thread 0x000000001681b000 Uncommon trap: reason=class_check action=maybe_recompile pc=0x0000000002939e94 method=com.android.dx.ssa.NormalSsaInsn.accept(Lcom/android/dx/ssa/SsaInsn$Visitor;)V @ 9
Event: 3.098 Thread 0x000000001681b000 Uncommon trap: reason=class_check action=maybe_recompile pc=0x0000000002939e94 method=com.android.dx.ssa.NormalSsaInsn.accept(Lcom/android/dx/ssa/SsaInsn$Visitor;)V @ 9
Event: 3.098 Thread 0x000000001681b000 Uncommon trap: reason=class_check action=maybe_recompile pc=0x0000000002939e94 method=com.android.dx.ssa.NormalSsaInsn.accept(Lcom/android/dx/ssa/SsaInsn$Visitor;)V @ 9
Event: 3.098 Thread 0x000000001681b000 Uncommon trap: reason=class_check action=maybe_recompile pc=0x0000000002939e94 method=com.android.dx.ssa.NormalSsaInsn.accept(Lcom/android/dx/ssa/SsaInsn$Visitor;)V @ 9
Event: 3.098 Thread 0x000000001681b000 Uncommon trap: reason=class_check action=maybe_recompile pc=0x00000000028da6f0 method=com.android.dx.ssa.NormalSsaInsn.accept(Lcom/android/dx/ssa/SsaInsn$Visitor;)V @ 9
Event: 3.271 Thread 0x00000000167ea800 Uncommon trap: reason=unstable_if action=reinterpret pc=0x00000000029118f4 method=java.util.HashMap.getNode(ILjava/lang/Object;)Ljava/util/HashMap$Node; @ 129
Event: 3.271 Thread 0x00000000167ea800 Uncommon trap: reason=unstable_if action=reinterpret pc=0x00000000029fabc0 method=java.util.HashMap.putVal(ILjava/lang/Object;Ljava/lang/Object;ZZ)Ljava/lang/Object; @ 193
Event: 3.299 Thread 0x0000000016818800 Uncommon trap: reason=unstable_if action=reinterpret pc=0x000000000292dd60 method=java.util.HashMap.getNode(ILjava/lang/Object;)Ljava/util/HashMap$Node; @ 129
Event: 3.814 Thread 0x000000001681b000 Uncommon trap: reason=unstable_if action=reinterpret pc=0x0000000002911074 method=java.util.BitSet.ensureCapacity(I)V @ 6

Internal exceptions (2 events):
Event: 0.035 Thread 0x0000000002581000 Exception <a 'java/lang/NoSuchMethodError': Method sun.misc.Unsafe.defineClass(Ljava/lang/String;[BII)Ljava/lang/Class; name or signature does not match> (0x00000000eab0d498) thrown at [C:\re\workspace\8-2-build-windows-amd64-cygwin\jdk8u45\3627\hotspot\sr/÷¿Â–Û¡?
Event: 0.035 Thread 0x0000000002581000 Exception <a 'java/lang/NoSuchMethodError': Method sun.misc.Unsafe.prefetchRead(Ljava/lang/Object;J)V name or signature does not match> (0x00000000eab0d728) thrown at [C:\re\workspace\8-2-build-windows-amd64-cygwin\jdk8u45\3627\hotspot\src\share\vm\prims\j

Events (10 events):
Event: 3.299 Thread 0x0000000016818800 DEOPT UNPACKING pc=0x00000000026c582a sp=0x0000000016f9e938 mode 2
Event: 3.814 Thread 0x000000001681b000 Uncommon trap: trap_request=0xffffff65 fr.pc=0x0000000002911074
Event: 3.814 Thread 0x000000001681b000 DEOPT PACKING pc=0x0000000002911074 sp=0x000000001709ea10
Event: 3.814 Thread 0x000000001681b000 DEOPT UNPACKING pc=0x00000000026c582a sp=0x000000001709e8e8 mode 2
Event: 3.838 loading class com/android/dx/cf/code/SwitchList
Event: 3.838 loading class com/android/dx/cf/code/SwitchList done
Event: 3.894 Executing VM operation: ForceSafepoint
Event: 3.954 Executing VM operation: ForceSafepoint done
Event: 3.998 Executing VM operation: ParallelGCFailedAllocation
Event: 4.014 Executing VM operation: ParallelGCFailedAllocation done


Dynamic libraries:
0x00007ff6cea30000 - 0x00007ff6cea67000 	C:\Program Files\Java\jdk1.8.0_45\bin\java.exe
0x00007ffeeff40000 - 0x00007ffef00ed000 	C:\Windows\SYSTEM32\ntdll.dll
0x00007ffeefd90000 - 0x00007ffeefece000 	C:\Windows\system32\KERNEL32.DLL
0x00007ffeed480000 - 0x00007ffeed595000 	C:\Windows\system32\KERNELBASE.dll
0x00007ffeebc40000 - 0x00007ffeebcce000 	C:\Windows\system32\apphelp.dll
0x00007ffed2f90000 - 0x00007ffed2fe3000 	C:\Windows\AppPatch\AppPatch64\AcGenral.DLL
0x00007ffeef270000 - 0x00007ffeef31a000 	C:\Windows\system32\msvcrt.dll
0x00007ffeed5a0000 - 0x00007ffeed5ce000 	C:\Windows\system32\SspiCli.dll
0x00007ffeef700000 - 0x00007ffeef754000 	C:\Windows\system32\SHLWAPI.dll
0x00007ffeefb90000 - 0x00007ffeefd07000 	C:\Windows\system32\USER32.dll
0x00007ffeed7a0000 - 0x00007ffeed934000 	C:\Windows\system32\ole32.dll
0x00007ffeed940000 - 0x00007ffeeee69000 	C:\Windows\system32\SHELL32.dll
0x00007ffeec6c0000 - 0x00007ffeec6e1000 	C:\Windows\SYSTEM32\USERENV.dll
0x00007ffeef600000 - 0x00007ffeef6aa000 	C:\Windows\system32\ADVAPI32.dll
0x00007ffedcee0000 - 0x00007ffedcefe000 	C:\Windows\SYSTEM32\MPR.dll
0x00007ffeef130000 - 0x00007ffeef270000 	C:\Windows\system32\RPCRT4.dll
0x00007ffeefd20000 - 0x00007ffeefd79000 	C:\Windows\SYSTEM32\sechost.dll
0x00007ffeef3e0000 - 0x00007ffeef5f1000 	C:\Windows\SYSTEM32\combase.dll
0x00007ffeef830000 - 0x00007ffeef97f000 	C:\Windows\system32\GDI32.dll
0x00007ffeed070000 - 0x00007ffeed085000 	C:\Windows\SYSTEM32\profapi.dll
0x00007ffeeb710000 - 0x00007ffeeb7c2000 	C:\Windows\SYSTEM32\SHCORE.dll
0x00007ffeef6c0000 - 0x00007ffeef6f6000 	C:\Windows\system32\IMM32.DLL
0x00007ffeed640000 - 0x00007ffeed792000 	C:\Windows\system32\MSCTF.dll
0x00007ffee8b90000 - 0x00007ffee8e0b000 	C:\Windows\WinSxS\amd64_microsoft.windows.common-controls_6595b64144ccf1df_6.0.9600.18006_none_623f33d3ecbe86e8\COMCTL32.dll
0x0000000075650000 - 0x0000000075722000 	C:\Program Files\Java\jdk1.8.0_45\jre\bin\msvcr100.dll
0x0000000074dc0000 - 0x0000000075643000 	C:\Program Files\Java\jdk1.8.0_45\jre\bin\server\jvm.dll
0x00007ffed00d0000 - 0x00007ffed00d9000 	C:\Windows\SYSTEM32\WSOCK32.dll
0x00007ffee53c0000 - 0x00007ffee53e2000 	C:\Windows\SYSTEM32\WINMM.dll
0x00007ffee5250000 - 0x00007ffee525a000 	C:\Windows\SYSTEM32\VERSION.dll
0x00007ffeef6b0000 - 0x00007ffeef6b7000 	C:\Windows\system32\PSAPI.DLL
0x00007ffeed5d0000 - 0x00007ffeed62a000 	C:\Windows\system32\WS2_32.dll
0x00007ffee5390000 - 0x00007ffee53ba000 	C:\Windows\SYSTEM32\WINMMBASE.dll
0x00007ffeefd10000 - 0x00007ffeefd19000 	C:\Windows\system32\NSI.dll
0x00007ffeed140000 - 0x00007ffeed18f000 	C:\Windows\SYSTEM32\cfgmgr32.dll
0x00007ffeebe90000 - 0x00007ffeebeb8000 	C:\Windows\SYSTEM32\DEVOBJ.dll
0x0000000074db0000 - 0x0000000074dbf000 	C:\Program Files\Java\jdk1.8.0_45\jre\bin\verify.dll
0x0000000074d80000 - 0x0000000074da9000 	C:\Program Files\Java\jdk1.8.0_45\jre\bin\java.dll
0x0000000074d60000 - 0x0000000074d76000 	C:\Program Files\Java\jdk1.8.0_45\jre\bin\zip.dll

VM Arguments:
jvm_args: -Djava.awt.headless=true -Xmx1024M -Dfile.encoding=windows-1252 -Duser.country=US -Duser.language=en -Duser.variant 
java_command: com.android.dx.command.Main --dex --num-threads=4 --output D:\capstone\CapstoneHomeSeek\app\build\intermediates\pre-dexed\debug\com.android.support-mediarouter-v7-23.0.0_1ef6213fde6e29c3b42359f8a1f5320543138753.jar D:\capstone\CapstoneHomeSeek\app\build\intermediates\exploded-aar\com.android.support\mediarouter-v7\23.0.0\jars\classes.jar
java_class_path (initial): C:\Users\pluckannfeel\AppData\Local\Android\sdk\build-tools\23.0.3\lib\dx.jar
Launcher Type: SUN_STANDARD

Environment Variables:
JAVA_HOME=C:\Program Files (x86)\Java\jdk1.7.0_71
PATH=C:\ProgramData\Oracle\Java\javapath;C:\Windows\system32;C:\Windows;C:\Windows\System32\Wbem;C:\Windows\System32\WindowsPowerShell\v1.0\;C:\Program Files (x86)\Microsoft SQL Server\100\Tools\Binn\;C:\Program Files\Microsoft SQL Server\100\Tools\Binn\;C:\Program Files\Microsoft SQL Server\100\DTS\Binn\;C:\Program Files (x86)\Microsoft SQL Server\100\Tools\Binn\VSShell\Common7\IDE\;C:\Program Files (x86)\Microsoft SQL Server\100\DTS\Binn\;C:\Program Files (x86)\Microsoft SQL Server\90\Tools\binn\;C:\Program Files\nodejs\;C:\Program Files (x86)\GtkSharp\2.12\bin;C:\Program Files (x86)\Skype\Phone\;C:\Users\pluckannfeel\AppData\Roaming\npm
USERNAME=pluckannfeel
OS=Windows_NT
PROCESSOR_IDENTIFIER=Intel64 Family 6 Model 60 Stepping 3, GenuineIntel



---------------  S Y S T E M  ---------------

OS: Windows 8.1 , 64 bit Build 9600 (6.3.9600.17415)

CPU:total 4 (2 cores per cpu, 2 threads per core) family 6 model 60 stepping 3, cmov, cx8, fxsr, mmx, sse, sse2, sse3, ssse3, sse4.1, sse4.2, popcnt, avx, avx2, aes, clmul, erms, lzcnt, ht, tsc, tscinvbit, bmi1, bmi2

Memory: 4k page, physical 8302956k(1098792k free), swap 11448684k(5140k free)

vm_info: Java HotSpot(TM) 64-Bit Server VM (25.45-b02) for windows-amd64 JRE (1.8.0_45-b15), built on Apr 30 2015 12:40:44 by "java_re" with MS VC++ 10.0 (VS2010)

time: Tue Nov 29 13:24:52 2016
elapsed time: 4 seconds (0d 0h 0m 4s)

